I (16730) rx_wavsim:   stage 1 (incremental):   59796 us  (184× FFT, 1043 freq bins)
[coarse_sync prof] n_freq=496 n_lag=27  allsum=254 score=108939 dedupe+sort=28106  total=137299 us
[coarse_sync prof] n_freq=496 n_lag=27  allsum=228 score=110144 dedupe+sort=27579  total=137951 us
I (17020) rx_wavsim:   stage 2 (sync):  283957 us  (30 cand)
I (17140) rx_wavsim:   pass 2:          121606 us  → top 15
I (17770) rx_wavsim:   stage 3:         625429 us  (3 result(s))
I (17770) rx_wavsim:   ─── slot total: 1093940 us = 1.094 s
I (17770) rx_wavsim:   Phase-E PoC: stage1_inc 92 / 92 pairs done, 960991 us total in advance (6% of capture)
I (17780) rx_wavsim:     [0]  1292 Hz  SNR= -7.7 dB  e=0  'CQ R7IW LN35'
I (17790) rx_wavsim:     [1]  2095 Hz  SNR=-10.5 dB  e=6  'CQ DX R6WA LN32'
I (17790) rx_wavsim:     [2]   683 Hz  SNR=-12.6 dB  e=7  'CQ TA6CQ KN70'
I (17800) rx_wavsim::wav_sim: wav_sim: starting WAV[1] (360202 bytes)
I (32910) rx_wavsim:   stage 1 (incremental):   59806 us  (184× FFT, 1043 freq bins)
[coarse_sync prof] n_freq=496 n_lag=27  allsum=242 score=110486 dedupe+sort=28101  total=138829 us
[coarse_sync prof] n_freq=496 n_lag=27  allsum=221 score=110665 dedupe+sort=28034  total=138920 us
I (33200) rx_wavsim:   stage 2 (sync):  286373 us  (30 cand)
I (33330) rx_wavsim:   pass 2:          123112 us  → top 15
I (33670) rx_wavsim:   stage 3:         340744 us  (5 result(s))
I (33670) rx_wavsim:   ─── slot total:  813227 us = 0.813 s
I (33670) rx_wavsim:   Phase-E PoC: stage1_inc 92 / 92 pairs done, 963050 us total in advance (6% of capture)
I (33680) rx_wavsim:     [0]   990 Hz  SNR=-17.9 dB  e=14  'OH3NIV ZS6S RR73'
I (33690) rx_wavsim:     [1]  1292 Hz  SNR=-10.4 dB  e=3  'CQ R7IW LN35'
I (33690) rx_wavsim:     [2]  2098 Hz  SNR=-14.0 dB  e=6  'CQ DX R6WA LN32'
I (33700) rx_wavsim:     [3]   683 Hz  SNR=-14.4 dB  e=1  'CQ TA6CQ KN70'
I (33710) rx_wavsim:     [4]  1031 Hz  SNR=-18.0 dB  e=16  'CQ LZ1JZ KN22'
I (33710) rx_wavsim::wav_sim: wav_sim: starting WAV[2] (360246 bytes)
I (48820) rx_wavsim:   stage 1 (incremental):   59811 us  (184× FFT, 1043 freq bins)
[coarse_sync prof] n_freq=496 n_lag=27  allsum=249 score=108971 dedupe+sort=28877  total=138097 us
[coarse_sync prof] n_freq=496 n_lag=27  allsum=234 score=110186 dedupe+sort=34471  total=144891 us
I (49120) rx_wavsim:   stage 2 (sync):  291372 us  (30 cand)
I (49240) rx_wavsim::wav_sim: wav_sim: starting WAV[0] (360202 bytes)
I (49240) rx_wavsim:   pass 2:          122299 us  → top 15
I (50010) rx_wavsim:   stage 3:         769039 us  (7 result(s))
I (50010) rx_wavsim:   ─── slot total: 1246345 us = 1.246 s
I (50010) rx_wavsim:   Phase-E PoC: stage1_inc 92 / 92 pairs done, 961413 us total in advance (6% of capture)
I (50020) rx_wavsim:     [0]  2572 Hz  SNR=-11.7 dB  e=0  'W1FC F5BZB -8'
I (50030) rx_wavsim:     [1]  2156 Hz  SNR=-11.5 dB  e=0  'WM3PEN EA6VQ -9'
I (50040) rx_wavsim:     [2]   589 Hz  SNR=-16.6 dB  e=16  'K1JT HA0DU KN07'
I (50040) rx_wavsim:     [3]   724 Hz  SNR=-12.4 dB  e=6  'A92EE F5PSR -14'
I (50050) rx_wavsim:     [4]  1198 Hz  SNR=-11.1 dB  e=3  'CQ F5RXL IN94'
I (50060) rx_wavsim:     [5]  2733 Hz  SNR=-15.5 dB  e=15  'W1DIG SV9CVY -14'
I (50060) rx_wavsim:     [6]   466 Hz  SNR=-18.0 dB  e=18  'N1PJT HB9CQK -10'
I (65180) rx_wavsim:   stage 1 (incremental):   59806 us  (184× FFT, 1043 freq bins)
[coarse_sync prof] n_freq=496 n_lag=27  allsum=244 score=110485 dedupe+sort=28110  total=138839 us
[coarse_sync prof] n_freq=496 n_lag=27  allsum=220 score=110670 dedupe+sort=28045  total=138935 us
I (65460) rx_wavsim:   stage 2 (sync):  286370 us  (30 cand)
I (65590) rx_wavsim:   pass 2:          121643 us  → top 15
I (66210) rx_wavsim:   stage 3:         625339 us  (3 result(s))
I (66210) rx_wavsim:   ─── slot total: 1096344 us = 1.096 s
I (66210) rx_wavsim:   Phase-E PoC: stage1_inc 92 / 92 pairs done, 963081 us total in advance (6% of capture)
I (66220) rx_wavsim:     [0]  1292 Hz  SNR= -7.7 dB  e=0  'CQ R7IW LN35'
I (66230) rx_wavsim:     [1]  2095 Hz  SNR=-10.5 dB  e=6  'CQ DX R6WA LN32'
I (66240) rx_wavsim:     [2]   683 Hz  SNR=-12.6 dB  e=7  'CQ TA6CQ KN70'
I (66240) rx_wavsim::wav_sim: wav_sim: starting WAV[1] (360202 bytes)
