I (16740) rx_wavsim:   stage 1 (incremental):   59788 us  (184× FFT, 1043 freq bins)
[coarse_sync prof] n_freq=496 n_lag=27  allsum=262 score=108941 dedupe+sort=27605  total=136808 us
[coarse_sync prof] n_freq=496 n_lag=27  allsum=226 score=110149 dedupe+sort=27563  total=137938 us
I (17030) rx_wavsim:   stage 2 (sync):  283369 us  (30 cand)
I (17150) rx_wavsim:   pass 2:          121531 us  → top 15
I (17780) rx_wavsim:   stage 3:         624275 us  (3 result(s))
I (17780) rx_wavsim:   ─── slot total: 1092360 us = 1.092 s
I (17780) rx_wavsim:   Phase-E PoC: stage1_inc 92 / 92 pairs done, 960997 us total in advance (6% of capture)
I (17790) rx_wavsim:     [0]  1292 Hz  SNR= -7.7 dB  e=0  'CQ R7IW LN35'
I (17800) rx_wavsim:     [1]  2095 Hz  SNR=-10.5 dB  e=6  'CQ DX R6WA LN32'
I (17800) rx_wavsim:     [2]   683 Hz  SNR=-12.6 dB  e=7  'CQ TA6CQ KN70'
I (17810) embedded_shared::wav_sim: wav_sim: starting WAV[1] (360202 bytes)
I (32920) rx_wavsim:   stage 1 (incremental):   59806 us  (184× FFT, 1043 freq bins)
[coarse_sync prof] n_freq=496 n_lag=27  allsum=246 score=110488 dedupe+sort=28097  total=138831 us
[coarse_sync prof] n_freq=496 n_lag=27  allsum=227 score=110666 dedupe+sort=28010  total=138903 us
I (33210) rx_wavsim:   stage 2 (sync):  285951 us  (30 cand)
I (33340) rx_wavsim:   pass 2:          123092 us  → top 15
I (33680) rx_wavsim:   stage 3:         339957 us  (5 result(s))
I (33680) rx_wavsim:   ─── slot total:  812473 us = 0.812 s
I (33680) rx_wavsim:   Phase-E PoC: stage1_inc 92 / 92 pairs done, 963558 us total in advance (6% of capture)
I (33690) rx_wavsim:     [0]   990 Hz  SNR=-17.9 dB  e=14  'OH3NIV ZS6S RR73'
I (33700) rx_wavsim:     [1]  1292 Hz  SNR=-10.4 dB  e=3  'CQ R7IW LN35'
I (33700) rx_wavsim:     [2]  2098 Hz  SNR=-14.0 dB  e=6  'CQ DX R6WA LN32'
I (33710) rx_wavsim:     [3]   683 Hz  SNR=-14.4 dB  e=1  'CQ TA6CQ KN70'
I (33720) rx_wavsim:     [4]  1031 Hz  SNR=-18.0 dB  e=16  'CQ LZ1JZ KN22'
I (33720) embedded_shared::wav_sim: wav_sim: starting WAV[2] (360246 bytes)
I (48840) rx_wavsim:   stage 1 (incremental):   59809 us  (184× FFT, 1043 freq bins)
[coarse_sync prof] n_freq=496 n_lag=27  allsum=240 score=108978 dedupe+sort=28889  total=138107 us
[coarse_sync prof] n_freq=496 n_lag=27  allsum=221 score=110181 dedupe+sort=34796  total=145198 us
I (49130) rx_wavsim:   stage 2 (sync):  291796 us  (30 cand)
I (49250) embedded_shared::wav_sim: wav_sim: starting WAV[0] (360202 bytes)
I (49250) rx_wavsim:   pass 2:          121764 us  → top 15
I (50020) rx_wavsim:   stage 3:         766053 us  (7 result(s))
I (50020) rx_wavsim:   ─── slot total: 1243363 us = 1.243 s
I (50020) rx_wavsim:   Phase-E PoC: stage1_inc 92 / 92 pairs done, 961884 us total in advance (6% of capture)
I (50030) rx_wavsim:     [0]  2572 Hz  SNR=-11.7 dB  e=0  'W1FC F5BZB -8'
I (50040) rx_wavsim:     [1]  2156 Hz  SNR=-11.5 dB  e=0  'WM3PEN EA6VQ -9'
I (50040) rx_wavsim:     [2]   589 Hz  SNR=-16.6 dB  e=16  'K1JT HA0DU KN07'
I (50050) rx_wavsim:     [3]   724 Hz  SNR=-12.4 dB  e=6  'A92EE F5PSR -14'
I (50060) rx_wavsim:     [4]  1198 Hz  SNR=-11.1 dB  e=3  'CQ F5RXL IN94'
I (50060) rx_wavsim:     [5]  2733 Hz  SNR=-15.5 dB  e=15  'W1DIG SV9CVY -14'
I (50070) rx_wavsim:     [6]   466 Hz  SNR=-18.0 dB  e=18  'N1PJT HB9CQK -10'
I (65190) rx_wavsim:   stage 1 (incremental):   59806 us  (184× FFT, 1043 freq bins)
[coarse_sync prof] n_freq=496 n_lag=27  allsum=243 score=110490 dedupe+sort=28096  total=138829 us
[coarse_sync prof] n_freq=496 n_lag=27  allsum=229 score=110667 dedupe+sort=28017  total=138913 us
I (65470) rx_wavsim:   stage 2 (sync):  285953 us  (30 cand)
I (65600) rx_wavsim:   pass 2:          121663 us  → top 15
I (66220) rx_wavsim:   stage 3:         624361 us  (3 result(s))
I (66220) rx_wavsim:   ─── slot total: 1095439 us = 1.095 s
I (66220) rx_wavsim:   Phase-E PoC: stage1_inc 92 / 92 pairs done, 963409 us total in advance (6% of capture)
I (66230) rx_wavsim:     [0]  1292 Hz  SNR= -7.7 dB  e=0  'CQ R7IW LN35'
I (66240) rx_wavsim:     [1]  2095 Hz  SNR=-10.5 dB  e=6  'CQ DX R6WA LN32'
I (66240) rx_wavsim:     [2]   683 Hz  SNR=-12.6 dB  e=7  'CQ TA6CQ KN70'
I (66250) embedded_shared::wav_sim: wav_sim: starting WAV[1] (360202 bytes)
