I (16730) rx_wavsim:   stage 1 (incremental):   59787 us  (184× FFT, 1043 freq bins)
[coarse_sync prof] n_freq=496 n_lag=27  allsum=279 score=137386 dedupe+sort=31250  total=168915 us
[coarse_sync prof] n_freq=496 n_lag=27  allsum=I (16910) embedded_shared::wav_sim: wav_sim: starting WAV[1] (360202 bytes)
279 score=138765 dedupe+sort=30357  total=169401 us
I (16920) rx_wavsim:   stage 2 (sync):  188555 us  (30 cand)
I (17050) rx_wavsim:   pass 2:          121758 us  → top 15
I (17680) rx_wavsim:   stage 3:         625156 us  (3 result(s))
I (17680) rx_wavsim:   ─── slot total: 1002218 us = 1.002 s
I (17680) rx_wavsim:   Phase-E PoC: stage1_inc 92 / 92 pairs done, 961024 us total in advance (6% of capture)
I (17690) rx_wavsim:     [0]  1292 Hz  SNR= -7.7 dB  e=0  'CQ R7IW LN35'
I (17700) rx_wavsim:     [1]  2095 Hz  SNR=-10.5 dB  e=6  'CQ DX R6WA LN32'
I (17700) rx_wavsim:     [2]   683 Hz  SNR=-12.6 dB  e=7  'CQ TA6CQ KN70'
I (32720) rx_wavsim:   stage 1 (incremental):   59802 us  (184× FFT, 1043 freq bins)
[coarse_sync prof] n_freq=496 n_lag=27  allsum=I (32890) embedded_shared::wav_sim: wav_sim: starting WAV[2] (360246 bytes)
269 score=140003 dedupe+sort=31145  total=171417 us
[coarse_sync prof] n_freq=496 n_lag=27  allsum=269 score=139437 dedupe+sort=31724  total=171430 us
I (32910) rx_wavsim:   stage 2 (sync):  190959 us  (30 cand)
I (33030) rx_wavsim:   pass 2:          122290 us  → top 15
I (33140) rx_wavsim:   stage 3:         101427 us  (0 result(s))
I (33140) rx_wavsim:   ─── slot total:  481365 us = 0.481 s
I (33140) rx_wavsim:   Phase-E PoC: stage1_inc 92 / 92 pairs done, 964032 us total in advance (6% of capture)
I (48140) rx_wavsim:   stage 1 (incremental):   59798 us  (184× FFT, 1043 freq bins)
[coarse_sync prof] n_freq=496 n_lag=27  allsum=283 score=137429 dedupe+sort=33229  total=170941 us
I (48310) embedded_shared::wav_sim: wav_sim: starting WAV[0] (360202 bytes)
[coarse_sync prof] n_freq=496 n_lag=27  allsum=283 score=138854 dedupe+sort=36513  total=175650 us
I (48330) rx_wavsim:   stage 2 (sync):  190537 us  (30 cand)
I (48450) rx_wavsim:   pass 2:          121736 us  → top 15
I (48560) rx_wavsim:   stage 3:         102095 us  (0 result(s))
I (48560) rx_wavsim:   ─── slot total:  480912 us = 0.481 s
I (48560) rx_wavsim:   Phase-E PoC: stage1_inc 92 / 92 pairs done, 961443 us total in advance (6% of capture)
I (63560) rx_wavsim:   stage 1 (incremental):   59794 us  (184× FFT, 1043 freq bins)
[coarse_sync prof] n_freq=496 n_lag=27  allsum=I (63730) embedded_shared::wav_sim: wav_sim: starting WAV[1] (360202 bytes)
283 score=139878 dedupe+sort=31079  total=171240 us
[coarse_sync prof] n_freq=496 n_lag=27  allsum=283 score=139351 dedupe+sort=31606  total=171240 us
I (63750) rx_wavsim:   stage 2 (sync):  190770 us  (30 cand)
I (63870) rx_wavsim:   pass 2:          121602 us  → top 15
I (63980) rx_wavsim:   stage 3:         102246 us  (0 result(s))
I (63980) rx_wavsim:   ─── slot total:  481189 us = 0.481 s
I (63980) rx_wavsim:   Phase-E PoC: stage1_inc 92 / 92 pairs done, 962961 us total in advance (6% of capture)
