I (16740) rx_wavsim:   stage 1 (incremental):   59794 us  (184× FFT, 1043 freq bins)
[coarse_sync prof] n_freq=496 n_lag=27  allsum=246 score=108940 dedupe+sort=27611  total=136797 us
[coarse_sync prof] n_freq=496 n_lag=27  allsum=235 score=110155 dedupe+sort=27567  total=137957 us
I (17030) rx_wavsim:   stage 2 (sync):  283390 us  (30 cand)
I (17150) rx_wavsim:   pass 2:          121601 us  → top 15
I (17780) rx_wavsim:   stage 3:         622681 us  (3 result(s))
I (17780) rx_wavsim:   ─── slot total: 1090837 us = 1.091 s
I (17780) rx_wavsim:   Phase-E PoC: stage1_inc 92 / 92 pairs done, 960987 us total in advance (6% of capture)
I (17790) rx_wavsim:     [0]  1292 Hz  SNR= -7.7 dB  e=0  'CQ R7IW LN35'
I (17790) rx_wavsim:     [1]  2095 Hz  SNR=-10.5 dB  e=6  'CQ DX R6WA LN32'
I (17800) rx_wavsim:     [2]   683 Hz  SNR=-12.6 dB  e=7  'CQ TA6CQ KN70'
I (17810) embedded_shared::wav_sim: wav_sim: starting WAV[1] (360202 bytes)
I (32910) rx_wavsim:   stage 1 (incremental):   59804 us  (184× FFT, 1043 freq bins)
[coarse_sync prof] n_freq=496 n_lag=27  allsum=245 score=110487 dedupe+sort=28091  total=138823 us
[coarse_sync prof] n_freq=496 n_lag=27  allsum=224 score=110661 dedupe+sort=28003  total=138888 us
I (33200) rx_wavsim:   stage 2 (sync):  285963 us  (30 cand)
I (33330) rx_wavsim:   pass 2:          123184 us  → top 15
I (33670) rx_wavsim:   stage 3:         338568 us  (5 result(s))
I (33670) rx_wavsim:   ─── slot total:  811153 us = 0.811 s
I (33670) rx_wavsim:   Phase-E PoC: stage1_inc 92 / 92 pairs done, 963558 us total in advance (6% of capture)
I (33680) rx_wavsim:     [0]   990 Hz  SNR=-17.9 dB  e=14  'OH3NIV ZS6S RR73'
I (33680) rx_wavsim:     [1]  1292 Hz  SNR=-10.4 dB  e=3  'CQ R7IW LN35'
I (33690) rx_wavsim:     [2]  2098 Hz  SNR=-14.0 dB  e=6  'CQ DX R6WA LN32'
I (33700) rx_wavsim:     [3]   683 Hz  SNR=-14.4 dB  e=1  'CQ TA6CQ KN70'
I (33700) rx_wavsim:     [4]  1031 Hz  SNR=-18.0 dB  e=16  'CQ LZ1JZ KN22'
I (33710) embedded_shared::wav_sim: wav_sim: starting WAV[2] (360246 bytes)
I (48820) rx_wavsim:   stage 1 (incremental):   59808 us  (184× FFT, 1043 freq bins)
[coarse_sync prof] n_freq=496 n_lag=27  allsum=247 score=108980 dedupe+sort=28879  total=138106 us
[coarse_sync prof] n_freq=496 n_lag=27  allsum=230 score=110181 dedupe+sort=34804  total=145215 us
I (49120) rx_wavsim:   stage 2 (sync):  291814 us  (30 cand)
I (49240) embedded_shared::wav_sim: wav_sim: starting WAV[0] (360202 bytes)
I (49240) rx_wavsim:   pass 2:          121703 us  → top 15
I (50010) rx_wavsim:   stage 3:         765837 us  (7 result(s))
I (50010) rx_wavsim:   ─── slot total: 1243165 us = 1.243 s
I (50010) rx_wavsim:   Phase-E PoC: stage1_inc 92 / 92 pairs done, 961900 us total in advance (6% of capture)
I (50020) rx_wavsim:     [0]  2572 Hz  SNR=-11.7 dB  e=0  'W1FC F5BZB -8'
I (50030) rx_wavsim:     [1]  2156 Hz  SNR=-11.5 dB  e=0  'WM3PEN EA6VQ -9'
I (50030) rx_wavsim:     [2]   589 Hz  SNR=-16.6 dB  e=16  'K1JT HA0DU KN07'
I (50040) rx_wavsim:     [3]   724 Hz  SNR=-12.4 dB  e=6  'A92EE F5PSR -14'
I (50050) rx_wavsim:     [4]  1198 Hz  SNR=-11.1 dB  e=3  'CQ F5RXL IN94'
I (50050) rx_wavsim:     [5]  2733 Hz  SNR=-15.5 dB  e=15  'W1DIG SV9CVY -14'
I (50060) rx_wavsim:     [6]   466 Hz  SNR=-18.0 dB  e=18  'N1PJT HB9CQK -10'
I (65170) rx_wavsim:   stage 1 (incremental):   59804 us  (184× FFT, 1043 freq bins)
[coarse_sync prof] n_freq=496 n_lag=27  allsum=246 score=110488 dedupe+sort=28103  total=138837 us
[coarse_sync prof] n_freq=496 n_lag=27  allsum=226 score=110665 dedupe+sort=28007  total=138898 us
I (65460) rx_wavsim:   stage 2 (sync):  285965 us  (30 cand)
I (65590) rx_wavsim:   pass 2:          121668 us  → top 15
I (66210) rx_wavsim:   stage 3:         623183 us  (3 result(s))
I (66210) rx_wavsim:   ─── slot total: 1094243 us = 1.094 s
I (66210) rx_wavsim:   Phase-E PoC: stage1_inc 92 / 92 pairs done, 963399 us total in advance (6% of capture)
I (66220) rx_wavsim:     [0]  1292 Hz  SNR= -7.7 dB  e=0  'CQ R7IW LN35'
I (66230) rx_wavsim:     [1]  2095 Hz  SNR=-10.5 dB  e=6  'CQ DX R6WA LN32'
I (66230) rx_wavsim:     [2]   683 Hz  SNR=-12.6 dB  e=7  'CQ TA6CQ KN70'
I (66240) embedded_shared::wav_sim: wav_sim: starting WAV[1] (360202 bytes)
