I (6701) mfsk_core_m5stack_core2:   stage 1 (spec):        1217747 us  (184× FFT, 1043 freq bins)
[coarse_sync prof] n_freq=496 n_lag=27  allsum=266874 score=316861 dedupe+sort=68877  total=652612 us
[coarse_sync prof] n_freq=496 n_lag=27  allsum=282858 score=374774 dedupe+sort=57498  total=715130 us
I (7431) mfsk_core_m5stack_core2:   stage 2 (sync):         730839 us  (30 cand)
I (7611) mfsk_core_m5stack_core2:   pass 2 (re-rank):       176591 us  → top 15 by sync_quality_block0
I (8161) mfsk_core_m5stack_core2:   stage 3 (refine+BP):    546692 us  (5 result(s))
I (8161) mfsk_core_m5stack_core2:   ─── total decode:     2678457 us = 2.678 s
I (8171) mfsk_core_m5stack_core2:     [0]   990 Hz  SNR=-17.9 dB  e=15  'OH3NIV ZS6S RR73'
I (8181) mfsk_core_m5stack_core2:     [1]  1292 Hz  SNR=-10.4 dB  e=5  'CQ R7IW LN35'
I (8181) mfsk_core_m5stack_core2:     [2]  2098 Hz  SNR=-14.0 dB  e=6  'CQ DX R6WA LN32'
I (8191) mfsk_core_m5stack_core2:     [3]   683 Hz  SNR=-14.4 dB  e=2  'CQ TA6CQ KN70'
I (8201) mfsk_core_m5stack_core2:     [4]  1031 Hz  SNR=-18.0 dB  e=17  'CQ LZ1JZ KN22'
I (8211) mfsk_core_m5stack_core2: 
WAV: qso3 busy band (210703)
I (9431) mfsk_core_m5stack_core2:   stage 1 (spec):        1217757 us  (184× FFT, 1043 freq bins)
[coarse_sync prof] n_freq=496 n_lag=27  allsum=266579 score=307522 dedupe+sort=73154  total=647255 us
[coarse_sync prof] n_freq=496 n_lag=27  allsum=282415 score=352312 dedupe+sort=53023  total=687750 us
I (10131) mfsk_core_m5stack_core2:   stage 2 (sync):         703180 us  (30 cand)
I (10321) mfsk_core_m5stack_core2:   pass 2 (re-rank):       177401 us  → top 15 by sync_quality_block0
I (11431) mfsk_core_m5stack_core2:   stage 3 (refine+BP):   1115938 us  (7 result(s))
I (11431) mfsk_core_m5stack_core2:   ─── total decode:     3221009 us = 3.221 s
I (11441) mfsk_core_m5stack_core2:     [0]  2572 Hz  SNR=-11.7 dB  e=0  'W1FC F5BZB -8'
I (11451) mfsk_core_m5stack_core2:     [1]  2156 Hz  SNR=-11.5 dB  e=0  'WM3PEN EA6VQ -9'
I (11451) mfsk_core_m5stack_core2:     [2]   589 Hz  SNR=-16.6 dB  e=17  'K1JT HA0DU KN07'
I (11461) mfsk_core_m5stack_core2:     [3]   724 Hz  SNR=-12.4 dB  e=3  'A92EE F5PSR -14'
I (11471) mfsk_core_m5stack_core2:     [4]  1198 Hz  SNR=-10.5 dB  e=2  'CQ F5RXL IN94'
I (11481) mfsk_core_m5stack_core2:     [5]  2733 Hz  SNR=-15.5 dB  e=15  'W1DIG SV9CVY -14'
I (11491) mfsk_core_m5stack_core2:     [6]   466 Hz  SNR=-18.2 dB  e=18  'N1PJT HB9CQK -10'
I (11491) mfsk_core_m5stack_core2: 
════════════════════════════════════════════
I (11511) mfsk_core_m5stack_core2: RUN: max_cand=20  dt_grid=0  df_grid=0  q>12
I (11521) mfsk_core_m5stack_core2: ════════════════════════════════════════════
I (11531) mfsk_core_m5stack_core2: 
WAV: qso1 (191111_110130)
I (12751) mfsk_core_m5stack_core2:   stage 1 (spec):        1217739 us  (184× FFT, 1043 freq bins)
[coarse_sync prof] n_freq=496 n_lag=27  allsum=267882 score=318143 dedupe+sort=69514  total=655539 us
[coarse_sync prof] n_freq=496 n_lag=27  allsum=283850 score=375507 dedupe+sort=57529  total=716886 us
I (13491) mfsk_core_m5stack_core2:   stage 2 (sync):         732668 us  (30 cand)
I (13671) mfsk_core_m5stack_core2:   pass 2 (re-rank):       179531 us  → top 20 by sync_quality_block0
I (14651) mfsk_core_m5stack_core2:   stage 3 (refine+BP):    976976 us  (3 result(s))
I (14651) mfsk_core_m5stack_core2:   ─── total decode:     3113575 us = 3.114 s
I (14651) mfsk_core_m5stack_core2:     [0]  1292 Hz  SNR= -7.7 dB  e=0  'CQ R7IW LN35'
I (14661) mfsk_core_m5stack_core2:     [1]  2095 Hz  SNR=-10.5 dB  e=3  'CQ DX R6WA LN32'
I (14671) mfsk_core_m5stack_core2:     [2]   683 Hz  SNR=-12.6 dB  e=7  'CQ TA6CQ KN70'
I (14681) mfsk_core_m5stack_core2: 
WAV: qso2 (191111_110200)
I (15901) mfsk_core_m5stack_core2:   stage 1 (spec):        1217748 us  (184× FFT, 1043 freq bins)
[coarse_sync prof] n_freq=496 n_lag=27  allsum=266313 score=317511 dedupe+sort=73858  total=657682 us
[coarse_sync prof] n_freq=496 n_lag=27  allsum=282265 score=380651 dedupe+sort=57514  total=720430 us
I (16641) mfsk_core_m5stack_core2:   stage 2 (sync):         736139 us  (30 cand)
I (16821) mfsk_core_m5stack_core2:   pass 2 (re-rank):       176540 us  → top 20 by sync_quality_block0
I (17431) mfsk_core_m5stack_core2:   stage 3 (refine+BP):    611191 us  (5 result(s))
I (17431) mfsk_core_m5stack_core2:   ─── total decode:     2748285 us = 2.748 s
I (17441) mfsk_core_m5stack_core2:     [0]   990 Hz  SNR=-17.9 dB  e=15  'OH3NIV ZS6S RR73'
I (17441) mfsk_core_m5stack_core2:     [1]  1292 Hz  SNR=-10.4 dB  e=5  'CQ R7IW LN35'
I (17451) mfsk_core_m5stack_core2:     [2]  2098 Hz  SNR=-14.0 dB  e=6  'CQ DX R6WA LN32'
I (17461) mfsk_core_m5stack_core2:     [3]   683 Hz  SNR=-14.4 dB  e=2  'CQ TA6CQ KN70'
I (17471) mfsk_core_m5stack_core2:     [4]  1031 Hz  SNR=-18.0 dB  e=17  'CQ LZ1JZ KN22'
I (17481) mfsk_core_m5stack_core2: 
WAV: qso3 busy band (210703)
I (18701) mfsk_core_m5stack_core2:   stage 1 (spec):        1217679 us  (184× FFT, 1043 freq bins)
[coarse_sync prof] n_freq=496 n_lag=27  allsum=267068 score=308402 dedupe+sort=73020  total=648490 us
[coarse_sync prof] n_freq=496 n_lag=27  allsum=282776 score=352684 dedupe+sort=53095  total=688555 us
I (19401) mfsk_core_m5stack_core2:   stage 2 (sync):         703974 us  (30 cand)
I (19591) mfsk_core_m5stack_core2:   pass 2 (re-rank):       177359 us  → top 20 by sync_quality_block0
I (20901) mfsk_core_m5stack_core2:   stage 3 (refine+BP):   1308459 us  (7 result(s))
I (20901) mfsk_core_m5stack_core2:   ─── total decode:     3414200 us = 3.414 s
I (20901) mfsk_core_m5stack_core2:     [0]  2572 Hz  SNR=-11.7 dB  e=0  'W1FC F5BZB -8'
I (20911) mfsk_core_m5stack_core2:     [1]  2156 Hz  SNR=-11.5 dB  e=0  'WM3PEN EA6VQ -9'
I (20921) mfsk_core_m5stack_core2:     [2]   589 Hz  SNR=-16.6 dB  e=17  'K1JT HA0DU KN07'
I (20921) mfsk_core_m5stack_core2:     [3]   724 Hz  SNR=-12.4 dB  e=3  'A92EE F5PSR -14'
I (20931) mfsk_core_m5stack_core2:     [4]  1198 Hz  SNR=-10.5 dB  e=2  'CQ F5RXL IN94'
I (20941) mfsk_core_m5stack_core2:     [5]  2733 Hz  SNR=-15.5 dB  e=15  'W1DIG SV9CVY -14'
I (20951) mfsk_core_m5stack_core2:     [6]   466 Hz  SNR=-18.2 dB  e=18  'N1PJT HB9CQK -10'
I (20961) mfsk_core_m5stack_core2: 
════════════════════════════════════════════
I (20971) mfsk_core_m5stack_core2: RUN: max_cand=30  dt_grid=0  df_grid=0  q>12
I (20981) mfsk_core_m5stack_core2: ════════════════════════════════════════════
I (20991) mfsk_core_m5stack_core2: 
WAV: qso1 (191111_110130)
I (22221) mfsk_core_m5stack_core2:   stage 1 (spec):        1217736 us  (184× FFT, 1043 freq bins)
[coarse_sync prof] n_freq=496 n_lag=27  allsum=266296 score=318017 dedupe+sort=69387  total=653700 us
[coarse_sync prof] n_freq=496 n_lag=27  allsum=282434 score=375434 dedupe+sort=57521  total=715389 us
I (22951) mfsk_core_m5stack_core2:   stage 2 (sync):         731057 us  (30 cand)
I (23131) mfsk_core_m5stack_core2:   pass 2 (re-rank):       179325 us  → top 30 by sync_quality_block0
I (24241) mfsk_core_m5stack_core2:   stage 3 (refine+BP):   1106362 us  (3 result(s))
I (24241) mfsk_core_m5stack_core2:   ─── total decode:     3241132 us = 3.241 s
I (24251) mfsk_core_m5stack_core2:     [0]  1292 Hz  SNR= -7.7 dB  e=0  'CQ R7IW LN35'
I (24251) mfsk_core_m5stack_core2:     [1]  2095 Hz  SNR=-10.5 dB  e=3  'CQ DX R6WA LN32'
I (24261) mfsk_core_m5stack_core2:     [2]   683 Hz  SNR=-12.6 dB  e=7  'CQ TA6CQ KN70'
I (24271) mfsk_core_m5stack_core2: 
WAV: qso2 (191111_110200)
I (25491) mfsk_core_m5stack_core2:   stage 1 (spec):        1217760 us  (184× FFT, 1043 freq bins)
[coarse_sync prof] n_freq=496 n_lag=27  allsum=266084 score=320491 dedupe+sort=71002  total=657577 us
[coarse_sync prof] n_freq=496 n_lag=27  allsum=282133 score=380627 dedupe+sort=57508  total=720268 us
I (26231) mfsk_core_m5stack_core2:   stage 2 (sync):         735995 us  (30 cand)
I (26411) mfsk_core_m5stack_core2:   pass 2 (re-rank):       176364 us  → top 30 by sync_quality_block0
I (27121) mfsk_core_m5stack_core2:   stage 3 (refine+BP):    711302 us  (5 result(s))
I (27121) mfsk_core_m5stack_core2:   ─── total decode:     2848099 us = 2.848 s
I (27131) mfsk_core_m5stack_core2:     [0]   990 Hz  SNR=-17.9 dB  e=15  'OH3NIV ZS6S RR73'
I (27131) mfsk_core_m5stack_core2:     [1]  1292 Hz  SNR=-10.4 dB  e=5  'CQ R7IW LN35'
I (27141) mfsk_core_m5stack_core2:     [2]  2098 Hz  SNR=-14.0 dB  e=6  'CQ DX R6WA LN32'
I (27151) mfsk_core_m5stack_core2:     [3]   683 Hz  SNR=-14.4 dB  e=2  'CQ TA6CQ KN70'
I (27161) mfsk_core_m5stack_core2:     [4]  1031 Hz  SNR=-18.0 dB  e=17  'CQ LZ1JZ KN22'
I (27171) mfsk_core_m5stack_core2: 
WAV: qso3 busy band (210703)
I (28391) mfsk_core_m5stack_core2:   stage 1 (spec):        1217739 us  (184× FFT, 1043 freq bins)
[coarse_sync prof] n_freq=496 n_lag=27  allsum=266308 score=306826 dedupe+sort=72975  total=646109 us
[coarse_sync prof] n_freq=496 n_lag=27  allsum=282227 score=351483 dedupe+sort=53002  total=686712 us
I (29091) mfsk_core_m5stack_core2:   stage 2 (sync):         702132 us  (30 cand)
I (29271) mfsk_core_m5stack_core2:   pass 2 (re-rank):       177119 us  → top 30 by sync_quality_block0
I (30831) mfsk_core_m5stack_core2:   stage 3 (refine+BP):   1550498 us  (7 result(s))
I (30831) mfsk_core_m5stack_core2:   ─── total decode:     3654237 us = 3.654 s
I (30831) mfsk_core_m5stack_core2:     [0]  2572 Hz  SNR=-11.7 dB  e=0  'W1FC F5BZB -8'
I (30841) mfsk_core_m5stack_core2:     [1]  2156 Hz  SNR=-11.5 dB  e=0  'WM3PEN EA6VQ -9'
I (30851) mfsk_core_m5stack_core2:     [2]   589 Hz  SNR=-16.6 dB  e=17  'K1JT HA0DU KN07'
I (30851) mfsk_core_m5stack_core2:     [3]   724 Hz  SNR=-12.4 dB  e=3  'A92EE F5PSR -14'
I (30861) mfsk_core_m5stack_core2:     [4]  1198 Hz  SNR=-10.5 dB  e=2  'CQ F5RXL IN94'
I (30871) mfsk_core_m5stack_core2:     [5]  2733 Hz  SNR=-15.5 dB  e=15  'W1DIG SV9CVY -14'
I (30881) mfsk_core_m5stack_core2:     [6]   466 Hz  SNR=-18.2 dB  e=18  'N1PJT HB9CQK -10'
I (30891) mfsk_core_m5stack_core2: 
════════════════════════════════════════════
I (30901) mfsk_core_m5stack_core2: FFI smoke: mfsk_ft8_decode_i16 (C ABI) on each WAV
I (30911) mfsk_core_m5stack_core2: ════════════════════════════════════════════
I (30921) mfsk_core_m5stack_core2: 
WAV: qso1 (191111_110130) (via FFI)
[coarse_sync prof] n_freq=991 n_lag=27  allsum=238330 score=448240 dedupe+sort=112027  total=798597 us
I (33981) mfsk_core_m5stack_core2:   ffi status=Ok    3 result(s)   3050879 us
I (33981) mfsk_core_m5stack_core2:     [0]  1292 Hz  SNR= -7.7 dB  e=0  'CQ R7IW LN35'
I (33981) mfsk_core_m5stack_core2:     [1]  2095 Hz  SNR=-10.5 dB  e=3  'CQ DX R6WA LN32'
I (33991) mfsk_core_m5stack_core2:     [2]   683 Hz  SNR=-12.6 dB  e=7  'CQ TA6CQ KN70'
I (34001) mfsk_core_m5stack_core2: 
WAV: qso2 (191111_110200) (via FFI)
[coarse_sync prof] n_freq=991 n_lag=27  allsum=239038 score=447371 dedupe+sort=111230  total=797639 us
I (37231) mfsk_core_m5stack_core2:   ffi status=Ok    5 result(s)   3221581 us
I (37231) mfsk_core_m5stack_core2:     [0]   990 Hz  SNR=-17.9 dB  e=15  'OH3NIV ZS6S RR73'
I (37231) mfsk_core_m5stack_core2:     [1]  1292 Hz  SNR=-10.4 dB  e=5  'CQ R7IW LN35'
I (37241) mfsk_core_m5stack_core2:     [2]  2098 Hz  SNR=-14.0 dB  e=6  'CQ DX R6WA LN32'
I (37251) mfsk_core_m5stack_core2:     [3]   683 Hz  SNR=-14.4 dB  e=2  'CQ TA6CQ KN70'
I (37261) mfsk_core_m5stack_core2:     [4]  1031 Hz  SNR=-18.0 dB  e=17  'CQ LZ1JZ KN22'
I (37261) mfsk_core_m5stack_core2: 
WAV: qso3 busy band (210703) (via FFI)
[coarse_sync prof] n_freq=991 n_lag=27  allsum=239007 score=413639 dedupe+sort=106176  total=758822 us
I (41261) mfsk_core_m5stack_core2:   ffi status=Ok    7 result(s)   3985222 us
I (41261) mfsk_core_m5stack_core2:     [0]  2572 Hz  SNR=-11.7 dB  e=0  'W1FC F5BZB -8'
I (41261) mfsk_core_m5stack_core2:     [1]  2156 Hz  SNR=-11.5 dB  e=0  'WM3PEN EA6VQ -9'
I (41271) mfsk_core_m5stack_core2:     [2]   589 Hz  SNR=-16.6 dB  e=17  'K1JT HA0DU KN07'
I (41281) mfsk_core_m5stack_core2:     [3]   724 Hz  SNR=-12.4 dB  e=3  'A92EE F5PSR -14'
I (41281) mfsk_core_m5stack_core2:     [4]  2733 Hz  SNR=-15.5 dB  e=15  'W1DIG SV9CVY -14'
I (41291) mfsk_core_m5stack_core2:     [5]  1198 Hz  SNR=-10.5 dB  e=2  'CQ F5RXL IN94'
I (41301) mfsk_core_m5stack_core2:     [6]   466 Hz  SNR=-18.2 dB  e=18  'N1PJT HB9CQK -10'
I (41311) mfsk_core_m5stack_core2: 
=== Sweep complete. Idling. ===
