I (6229) mfsk_core_m5stack_core2:   stage 1 (spec):        1214944 us  (184× FFT, 1043 freq bins)
[coarse_sync prof] n_freq=991 n_lag=27  allsum=239904 score=439287 dedupe+sort=105059  total=784250 us
I (7019) mfsk_core_m5stack_core2:   stage 2 (sync):         798062 us  (30 cand)
I (7209) mfsk_core_m5stack_core2:   pass 2 (re-rank):       178902 us  → top 15 by sync_quality_block0
I (7759) mfsk_core_m5stack_core2:   stage 3 (refine+BP):    551327 us  (5 result(s))
I (7759) mfsk_core_m5stack_core2:   ─── total decode:     2750412 us = 2.750 s
I (7769) mfsk_core_m5stack_core2:     [0]   990 Hz  SNR=-17.9 dB  e=15  'OH3NIV ZS6S RR73'
I (7769) mfsk_core_m5stack_core2:     [1]  1292 Hz  SNR=-10.4 dB  e=5  'CQ R7IW LN35'
I (7779) mfsk_core_m5stack_core2:     [2]  2098 Hz  SNR=-14.0 dB  e=6  'CQ DX R6WA LN32'
I (7789) mfsk_core_m5stack_core2:     [3]   683 Hz  SNR=-14.4 dB  e=2  'CQ TA6CQ KN70'
I (7799) mfsk_core_m5stack_core2:     [4]  1031 Hz  SNR=-18.0 dB  e=17  'CQ LZ1JZ KN22'
I (7799) mfsk_core_m5stack_core2: 
WAV: qso3 busy band (210703)
I (9029) mfsk_core_m5stack_core2:   stage 1 (spec):        1214923 us  (184× FFT, 1043 freq bins)
[coarse_sync prof] n_freq=991 n_lag=27  allsum=239896 score=406480 dedupe+sort=112916  total=759292 us
I (9799) mfsk_core_m5stack_core2:   stage 2 (sync):         773107 us  (30 cand)
I (9979) mfsk_core_m5stack_core2:   pass 2 (re-rank):       177148 us  → top 15 by sync_quality_block0
I (11109) mfsk_core_m5stack_core2:   stage 3 (refine+BP):   1128849 us  (7 result(s))
I (11109) mfsk_core_m5stack_core2:   ─── total decode:     3301234 us = 3.301 s
I (11119) mfsk_core_m5stack_core2:     [0]  2572 Hz  SNR=-11.7 dB  e=0  'W1FC F5BZB -8'
I (11119) mfsk_core_m5stack_core2:     [1]  2156 Hz  SNR=-11.5 dB  e=0  'WM3PEN EA6VQ -9'
I (11129) mfsk_core_m5stack_core2:     [2]   589 Hz  SNR=-16.6 dB  e=17  'K1JT HA0DU KN07'
I (11139) mfsk_core_m5stack_core2:     [3]   724 Hz  SNR=-12.4 dB  e=3  'A92EE F5PSR -14'
I (11149) mfsk_core_m5stack_core2:     [4]  1198 Hz  SNR=-10.5 dB  e=2  'CQ F5RXL IN94'
I (11159) mfsk_core_m5stack_core2:     [5]  2733 Hz  SNR=-15.5 dB  e=15  'W1DIG SV9CVY -14'
I (11159) mfsk_core_m5stack_core2:     [6]   466 Hz  SNR=-18.2 dB  e=18  'N1PJT HB9CQK -10'
I (11169) mfsk_core_m5stack_core2: 
════════════════════════════════════════════
I (11189) mfsk_core_m5stack_core2: RUN: max_cand=20  dt_grid=0  df_grid=0  q>12
I (11189) mfsk_core_m5stack_core2: ════════════════════════════════════════════
I (11209) mfsk_core_m5stack_core2: 
WAV: qso1 (191111_110130)
I (12429) mfsk_core_m5stack_core2:   stage 1 (spec):        1214957 us  (184× FFT, 1043 freq bins)
[coarse_sync prof] n_freq=991 n_lag=27  allsum=239170 score=440036 dedupe+sort=105359  total=784565 us
I (13229) mfsk_core_m5stack_core2:   stage 2 (sync):         798380 us  (30 cand)
I (13409) mfsk_core_m5stack_core2:   pass 2 (re-rank):       176942 us  → top 20 by sync_quality_block0
I (13849) mfsk_core_m5stack_core2:   stage 3 (refine+BP):    440750 us  (3 result(s))
I (13849) mfsk_core_m5stack_core2:   ─── total decode:     2638282 us = 2.638 s
I (13859) mfsk_core_m5stack_core2:     [0]  1292 Hz  SNR= -7.7 dB  e=0  'CQ R7IW LN35'
I (13869) mfsk_core_m5stack_core2:     [1]  2095 Hz  SNR=-10.5 dB  e=3  'CQ DX R6WA LN32'
I (13869) mfsk_core_m5stack_core2:     [2]   683 Hz  SNR=-12.6 dB  e=7  'CQ TA6CQ KN70'
I (13879) mfsk_core_m5stack_core2: 
WAV: qso2 (191111_110200)
I (15099) mfsk_core_m5stack_core2:   stage 1 (spec):        1214955 us  (184× FFT, 1043 freq bins)
[coarse_sync prof] n_freq=991 n_lag=27  allsum=239894 score=439318 dedupe+sort=105067  total=784279 us
I (15899) mfsk_core_m5stack_core2:   stage 2 (sync):         798091 us  (30 cand)
I (16079) mfsk_core_m5stack_core2:   pass 2 (re-rank):       178951 us  → top 20 by sync_quality_block0
I (16699) mfsk_core_m5stack_core2:   stage 3 (refine+BP):    611299 us  (5 result(s))
I (16699) mfsk_core_m5stack_core2:   ─── total decode:     2810571 us = 2.811 s
I (16699) mfsk_core_m5stack_core2:     [0]   990 Hz  SNR=-17.9 dB  e=15  'OH3NIV ZS6S RR73'
I (16709) mfsk_core_m5stack_core2:     [1]  1292 Hz  SNR=-10.4 dB  e=5  'CQ R7IW LN35'
I (16719) mfsk_core_m5stack_core2:     [2]  2098 Hz  SNR=-14.0 dB  e=6  'CQ DX R6WA LN32'
I (16729) mfsk_core_m5stack_core2:     [3]   683 Hz  SNR=-14.4 dB  e=2  'CQ TA6CQ KN70'
I (16729) mfsk_core_m5stack_core2:     [4]  1031 Hz  SNR=-18.0 dB  e=17  'CQ LZ1JZ KN22'
I (16739) mfsk_core_m5stack_core2: 
WAV: qso3 busy band (210703)
I (17959) mfsk_core_m5stack_core2:   stage 1 (spec):        1214934 us  (184× FFT, 1043 freq bins)
[coarse_sync prof] n_freq=991 n_lag=27  allsum=239880 score=406470 dedupe+sort=112896  total=759246 us
I (18739) mfsk_core_m5stack_core2:   stage 2 (sync):         773093 us  (30 cand)
I (18919) mfsk_core_m5stack_core2:   pass 2 (re-rank):       177180 us  → top 20 by sync_quality_block0
I (20239) mfsk_core_m5stack_core2:   stage 3 (refine+BP):   1318511 us  (7 result(s))
I (20239) mfsk_core_m5stack_core2:   ─── total decode:     3490997 us = 3.491 s
I (20239) mfsk_core_m5stack_core2:     [0]  2572 Hz  SNR=-11.7 dB  e=0  'W1FC F5BZB -8'
I (20249) mfsk_core_m5stack_core2:     [1]  2156 Hz  SNR=-11.5 dB  e=0  'WM3PEN EA6VQ -9'
I (20259) mfsk_core_m5stack_core2:     [2]   589 Hz  SNR=-16.6 dB  e=17  'K1JT HA0DU KN07'
I (20269) mfsk_core_m5stack_core2:     [3]   724 Hz  SNR=-12.4 dB  e=3  'A92EE F5PSR -14'
I (20269) mfsk_core_m5stack_core2:     [4]  1198 Hz  SNR=-10.5 dB  e=2  'CQ F5RXL IN94'
I (20279) mfsk_core_m5stack_core2:     [5]  2733 Hz  SNR=-15.5 dB  e=15  'W1DIG SV9CVY -14'
I (20289) mfsk_core_m5stack_core2:     [6]   466 Hz  SNR=-18.2 dB  e=18  'N1PJT HB9CQK -10'
I (20299) mfsk_core_m5stack_core2: 
════════════════════════════════════════════
I (20309) mfsk_core_m5stack_core2: RUN: max_cand=30  dt_grid=0  df_grid=0  q>12
I (20319) mfsk_core_m5stack_core2: ════════════════════════════════════════════
I (20329) mfsk_core_m5stack_core2: 
WAV: qso1 (191111_110130)
I (21559) mfsk_core_m5stack_core2:   stage 1 (spec):        1214941 us  (184× FFT, 1043 freq bins)
[coarse_sync prof] n_freq=991 n_lag=27  allsum=239188 score=439996 dedupe+sort=105323  total=784507 us
I (22359) mfsk_core_m5stack_core2:   stage 2 (sync):         798315 us  (30 cand)
I (22539) mfsk_core_m5stack_core2:   pass 2 (re-rank):       176776 us  → top 30 by sync_quality_block0
I (23089) mfsk_core_m5stack_core2:   stage 3 (refine+BP):    550306 us  (3 result(s))
I (23089) mfsk_core_m5stack_core2:   ─── total decode:     2747608 us = 2.748 s
I (23089) mfsk_core_m5stack_core2:     [0]  1292 Hz  SNR= -7.7 dB  e=0  'CQ R7IW LN35'
I (23099) mfsk_core_m5stack_core2:     [1]  2095 Hz  SNR=-10.5 dB  e=3  'CQ DX R6WA LN32'
I (23109) mfsk_core_m5stack_core2:     [2]   683 Hz  SNR=-12.6 dB  e=7  'CQ TA6CQ KN70'
I (23119) mfsk_core_m5stack_core2: 
WAV: qso2 (191111_110200)
I (24339) mfsk_core_m5stack_core2:   stage 1 (spec):        1214895 us  (184× FFT, 1043 freq bins)
[coarse_sync prof] n_freq=991 n_lag=27  allsum=239898 score=439316 dedupe+sort=105061  total=784275 us
I (25139) mfsk_core_m5stack_core2:   stage 2 (sync):         798099 us  (30 cand)
I (25319) mfsk_core_m5stack_core2:   pass 2 (re-rank):       178680 us  → top 30 by sync_quality_block0
I (26029) mfsk_core_m5stack_core2:   stage 3 (refine+BP):    710300 us  (5 result(s))
I (26029) mfsk_core_m5stack_core2:   ─── total decode:     2909242 us = 2.909 s
I (26039) mfsk_core_m5stack_core2:     [0]   990 Hz  SNR=-17.9 dB  e=15  'OH3NIV ZS6S RR73'
I (26039) mfsk_core_m5stack_core2:     [1]  1292 Hz  SNR=-10.4 dB  e=5  'CQ R7IW LN35'
I (26049) mfsk_core_m5stack_core2:     [2]  2098 Hz  SNR=-14.0 dB  e=6  'CQ DX R6WA LN32'
I (26059) mfsk_core_m5stack_core2:     [3]   683 Hz  SNR=-14.4 dB  e=2  'CQ TA6CQ KN70'
I (26069) mfsk_core_m5stack_core2:     [4]  1031 Hz  SNR=-18.0 dB  e=17  'CQ LZ1JZ KN22'
I (26079) mfsk_core_m5stack_core2: 
WAV: qso3 busy band (210703)
I (27299) mfsk_core_m5stack_core2:   stage 1 (spec):        1214917 us  (184× FFT, 1043 freq bins)
[coarse_sync prof] n_freq=991 n_lag=27  allsum=239891 score=406477 dedupe+sort=112908  total=759276 us
I (28069) mfsk_core_m5stack_core2:   stage 2 (sync):         773086 us  (30 cand)
I (28249) mfsk_core_m5stack_core2:   pass 2 (re-rank):       176968 us  → top 30 by sync_quality_block0
I (29779) mfsk_core_m5stack_core2:   stage 3 (refine+BP):   1522102 us  (7 result(s))
I (29779) mfsk_core_m5stack_core2:   ─── total decode:     3694390 us = 3.694 s
I (29779) mfsk_core_m5stack_core2:     [0]  2572 Hz  SNR=-11.7 dB  e=0  'W1FC F5BZB -8'
I (29789) mfsk_core_m5stack_core2:     [1]  2156 Hz  SNR=-11.5 dB  e=0  'WM3PEN EA6VQ -9'
I (29799) mfsk_core_m5stack_core2:     [2]   589 Hz  SNR=-16.6 dB  e=17  'K1JT HA0DU KN07'
I (29799) mfsk_core_m5stack_core2:     [3]   724 Hz  SNR=-12.4 dB  e=3  'A92EE F5PSR -14'
I (29809) mfsk_core_m5stack_core2:     [4]  1198 Hz  SNR=-10.5 dB  e=2  'CQ F5RXL IN94'
I (29819) mfsk_core_m5stack_core2:     [5]  2733 Hz  SNR=-15.5 dB  e=15  'W1DIG SV9CVY -14'
I (29829) mfsk_core_m5stack_core2:     [6]   466 Hz  SNR=-18.2 dB  e=18  'N1PJT HB9CQK -10'
I (29839) mfsk_core_m5stack_core2: 
════════════════════════════════════════════
I (29849) mfsk_core_m5stack_core2: FFI smoke: mfsk_ft8_decode_i16 (C ABI) on each WAV
I (29859) mfsk_core_m5stack_core2: ════════════════════════════════════════════
I (29869) mfsk_core_m5stack_core2: 
WAV: qso1 (191111_110130) (via FFI)
[coarse_sync prof] n_freq=991 n_lag=27  allsum=239873 score=440003 dedupe+sort=105313  total=785189 us
I (32919) mfsk_core_m5stack_core2:   ffi status=Ok    3 result(s)   3036339 us
I (32919) mfsk_core_m5stack_core2:     [0]  1292 Hz  SNR= -7.7 dB  e=0  'CQ R7IW LN35'
I (32919) mfsk_core_m5stack_core2:     [1]  2095 Hz  SNR=-10.5 dB  e=3  'CQ DX R6WA LN32'
I (32929) mfsk_core_m5stack_core2:     [2]   683 Hz  SNR=-12.6 dB  e=7  'CQ TA6CQ KN70'
I (32939) mfsk_core_m5stack_core2: 
WAV: qso2 (191111_110200) (via FFI)
[coarse_sync prof] n_freq=991 n_lag=27  allsum=240146 score=439298 dedupe+sort=105062  total=784506 us
I (36149) mfsk_core_m5stack_core2:   ffi status=Ok    5 result(s)   3205218 us
I (36149) mfsk_core_m5stack_core2:     [0]   990 Hz  SNR=-17.9 dB  e=15  'OH3NIV ZS6S RR73'
I (36149) mfsk_core_m5stack_core2:     [1]  1292 Hz  SNR=-10.4 dB  e=5  'CQ R7IW LN35'
I (36159) mfsk_core_m5stack_core2:     [2]  2098 Hz  SNR=-14.0 dB  e=6  'CQ DX R6WA LN32'
I (36169) mfsk_core_m5stack_core2:     [3]   683 Hz  SNR=-14.4 dB  e=2  'CQ TA6CQ KN70'
I (36179) mfsk_core_m5stack_core2:     [4]  1031 Hz  SNR=-18.0 dB  e=17  'CQ LZ1JZ KN22'
I (36179) mfsk_core_m5stack_core2: 
WAV: qso3 busy band (210703) (via FFI)
[coarse_sync prof] n_freq=991 n_lag=27  allsum=240138 score=406471 dedupe+sort=112922  total=759531 us
I (40169) mfsk_core_m5stack_core2:   ffi status=Ok    7 result(s)   3983606 us
I (40179) mfsk_core_m5stack_core2:     [0]  2572 Hz  SNR=-11.7 dB  e=0  'W1FC F5BZB -8'
I (40179) mfsk_core_m5stack_core2:     [1]  2156 Hz  SNR=-11.5 dB  e=0  'WM3PEN EA6VQ -9'
I (40189) mfsk_core_m5stack_core2:     [2]   589 Hz  SNR=-16.6 dB  e=17  'K1JT HA0DU KN07'
I (40189) mfsk_core_m5stack_core2:     [3]   724 Hz  SNR=-12.4 dB  e=3  'A92EE F5PSR -14'
I (40199) mfsk_core_m5stack_core2:     [4]  2733 Hz  SNR=-15.5 dB  e=15  'W1DIG SV9CVY -14'
I (40209) mfsk_core_m5stack_core2:     [5]  1198 Hz  SNR=-10.5 dB  e=2  'CQ F5RXL IN94'
I (40219) mfsk_core_m5stack_core2:     [6]   466 Hz  SNR=-18.2 dB  e=18  'N1PJT HB9CQK -10'
I (40229) mfsk_core_m5stack_core2: 
=== Sweep complete. Idling. ===
