[2026-05-02T12:22:29Z INFO ] 🚀 A new version of espflash is available: v4.4.0
[2026-05-02T12:22:29Z INFO ] Serial port: '/dev/ttyACM0'
[2026-05-02T12:22:29Z INFO ] Connecting...
[2026-05-02T12:22:29Z INFO ] Using flash stub
ets Jul 29 2019 12:21:46

rst:0x1 (POWERON_RESET),boot:0x17 (SPI_FAST_FLASH_BOOT)
configsip: 0, SPIWP:0xee
clk_drv:0x00,q_drv:0x00,d_drv:0x00,cs0_drv:0x00,hd_drv:0x00,wp_drv:0x00
mode:DIO, clock div:2
load:0x3fff0030,len:7104
load:0x40078000,len:15576
load:0x40080400,len:4
ho 8 tail 4 room 4
load:0x40080404,len:3876
entry 0x4008064c
[0;32mI (31) boot: ESP-IDF v5.1-beta1-378-gea5e0ff298-dirt 2nd stage bootloader[0m
[0;32mI (31) boot: compile time Jun  7 2023 07:48:23[0m
[0;32mI (33) boot: Multicore bootloader[0m
[0;32mI (37) boot: chip revision: v3.1[0m
[0;32mI (41) boot.esp32: SPI Speed      : 40MHz[0m
[0;32mI (46) boot.esp32: SPI Mode       : DIO[0m
[0;32mI (50) boot.esp32: SPI Flash Size : 4MB[0m
[0;32mI (55) boot: Enabling RNG early entropy source...[0m
[0;32mI (60) boot: Partition Table:[0m
[0;32mI (64) boot: ## Label            Usage          Type ST Offset   Length[0m
[0;32mI (71) boot:  0 nvs              WiFi data        01 02 00009000 00006000[0m
[0;32mI (79) boot:  1 phy_init         RF data          01 01 0000f000 00001000[0m
[0;32mI (86) boot:  2 factory          factory app      00 00 00010000 003f0000[0m
[0;32mI (94) boot: End of partition table[0m
[0;32mI (98) esp_image: segment 0: paddr=00010020 vaddr=3f400020 size=126984h (1206660) map[0m
[0;32mI (542) esp_image: segment 1: paddr=001369ac vaddr=3ffb0000 size=02ff8h ( 12280) load[0m
[0;32mI (547) esp_image: segment 2: paddr=001399ac vaddr=40080000 size=0666ch ( 26220) load[0m
[0;32mI (559) esp_image: segment 3: paddr=00140020 vaddr=400d0020 size=701e4h (459236) map[0m
[0;32mI (725) esp_image: segment 4: paddr=001b020c vaddr=4008666c size=0a7c0h ( 42944) load[0m
[0;32mI (743) esp_image: segment 5: paddr=001ba9d4 vaddr=50000000 size=00020h (    32) load[0m
[0;32mI (752) boot: Loaded app from partition at offset 0x10000[0m
[0;32mI (752) boot: Disabling RNG early entropy source...[0m
I (766) quad_psram: This chip is ESP32-D0WD
I (768) esp_psram: Found 8MB PSRAM device
I (768) esp_psram: Speed: 40MHz
I (768) esp_psram: PSRAM initialized, cache is in low/high (2-core) mode.
W (773) esp_psram: Virtual address not enough for PSRAM, map as much as we can. 4MB is mapped
I (782) cpu_start: Multicore app
I (1689) esp_psram: SPI SRAM memory test OK
I (1697) cpu_start: GPIO 3 and 1 are used as console UART I/O pins
I (1697) cpu_start: Pro cpu start user code
I (1697) cpu_start: cpu freq: 160000000 Hz
I (1700) app_init: Application information:
I (1703) app_init: Project name:     libespidf
I (1708) app_init: App version:      v0.4.4-40-ge04e0be-dirty
I (1713) app_init: Compile time:     May  2 2026 21:19:39
I (1718) app_init: ELF file SHA256:  000000000...
I (1723) app_init: ESP-IDF:          v5.5.3
I (1727) efuse_init: Min chip rev:     v0.0
I (1730) efuse_init: Max chip rev:     v3.99 
I (1735) efuse_init: Chip rev:         v3.1
I (1739) heap_init: Initializing. RAM available for dynamic allocation:
I (1745) heap_init: At 3FFAE6E0 len 00001920 (6 KiB): DRAM
I (1750) heap_init: At 3FFC29C0 len 0001D640 (117 KiB): DRAM
I (1755) heap_init: At 3FFE0440 len 00003AE0 (14 KiB): D/IRAM
I (1761) heap_init: At 3FFE4350 len 0001BCB0 (111 KiB): D/IRAM
I (1766) heap_init: At 40090E2C len 0000F1D4 (60 KiB): IRAM
I (1772) esp_psram: Adding pool of 4096K of PSRAM memory to heap allocator
I (1780) spi_flash: detected chip: generic
I (1782) spi_flash: flash io: dio
W (1785) spi_flash: Detected size(16384k) larger than the size in the binary image header(4096k). Using the size in the binary image header.
W (1798) i2c: This driver is an old driver, please migrate your application code to adapt `driver/i2c_master.h`
I (1808) main_task: Started on CPU0
I (1818) esp_psram: Reserving pool of 32K of internal memory for DMA/internal allocations
I (1818) main_task: Calling app_main()
I (1818) mfsk_core_m5stack_core2: mfsk-core-m5stack-core2 PoC starting
I (1818) mfsk_core_m5stack_core2: mfsk-core version: 0.5.0
I (1828) mfsk_core_m5stack_core2: free heap: internal = 193 KB (largest contig 76 KB), PSRAM = 4093 KB
I (1838) mfsk_core_m5stack_core2: decode_block: NFFT_SPEC=4096, NMS α=0.75, Bp, parabolic-dt, Costas-first
I (1848) mfsk_core_m5stack_core2: baked WAVs: 3
I (2348) mfsk_core_m5stack_core2: 
════════════════════════════════════════════
I (2348) mfsk_core_m5stack_core2: RUN: max_cand=15  dt_grid=0  df_grid=0  q>12
I (2358) mfsk_core_m5stack_core2: ════════════════════════════════════════════
I (2368) mfsk_core_m5stack_core2: 
WAV: qso1 (191111_110130)
I (3418) mfsk_core_m5stack_core2:   stage 1 (spec):        1038917 us  (184× FFT, 1043 freq bins)
[coarse_sync prof] n_freq=991 n_lag=27  allsum=225266 score=435337 dedupe+sort=100644  total=761247 us
I (4188) mfsk_core_m5stack_core2:   stage 2 (sync):         776502 us  (30 cand)
I (4448) mfsk_core_m5stack_core2:   pass 2 (re-rank):       254147 us  → top 15 by sync_quality_block0
I (4908) mfsk_core_m5stack_core2:   stage 3 (refine+BP):    455628 us  (3 result(s))
I (4908) mfsk_core_m5stack_core2:   ─── total decode:     2532101 us = 2.532 s
I (4918) mfsk_core_m5stack_core2:     [0]  1292 Hz  SNR= -7.7 dB  e=0  'CQ R7IW LN35'
I (4918) mfsk_core_m5stack_core2:     [1]  2095 Hz  SNR=-10.5 dB  e=3  'CQ DX R6WA LN32'
I (4928) mfsk_core_m5stack_core2:     [2]   683 Hz  SNR=-12.6 dB  e=7  'CQ TA6CQ KN70'
I (4938) mfsk_core_m5stack_core2: 
WAV: qso2 (191111_110200)
I (5968) mfsk_core_m5stack_core2:   stage 1 (spec):        1025853 us  (184× FFT, 1043 freq bins)
[coarse_sync prof] n_freq=991 n_lag=27  allsum=225258 score=434522 dedupe+sort=104395  total=764175 us
I (6748) mfsk_core_m5stack_core2:   stage 2 (sync):         779147 us  (30 cand)
I (7008) mfsk_core_m5stack_core2:   pass 2 (re-rank):       261028 us  → top 15 by sync_quality_block0
I (7628) mfsk_core_m5stack_core2:   stage 3 (refine+BP):    614485 us  (5 result(s))
I (7628) mfsk_core_m5stack_core2:   ─── total decode:     2687416 us = 2.687 s
I (7638) mfsk_core_m5stack_core2:     [0]   990 Hz  SNR=-17.9 dB  e=15  'OH3NIV ZS6S RR73'
I (7638) mfsk_core_m5stack_core2:     [1]  1292 Hz  SNR=-10.4 dB  e=5  'CQ R7IW LN35'
I (7648) mfsk_core_m5stack_core2:     [2]  2098 Hz  SNR=-14.0 dB  e=6  'CQ DX R6WA LN32'
I (7658) mfsk_core_m5stack_core2:     [3]   683 Hz  SNR=-14.4 dB  e=2  'CQ TA6CQ KN70'
I (7668) mfsk_core_m5stack_core2:     [4]  1031 Hz  SNR=-18.0 dB  e=17  'CQ LZ1JZ KN22'
I (7668) mfsk_core_m5stack_core2: 
WAV: qso3 busy band (210703)
I (8708) mfsk_core_m5stack_core2:   stage 1 (spec):        1025849 us  (184× FFT, 1043 freq bins)
[coarse_sync prof] n_freq=991 n_lag=27  allsum=225224 score=399998 dedupe+sort=107295  total=732517 us
I (9448) mfsk_core_m5stack_core2:   stage 2 (sync):         747491 us  (30 cand)
I (9708) mfsk_core_m5stack_core2:   pass 2 (re-rank):       255364 us  → top 15 by sync_quality_block0
I (11158) mfsk_core_m5stack_core2:   stage 3 (refine+BP):   1448878 us  (7 result(s))
I (11168) mfsk_core_m5stack_core2:   ─── total decode:     3484489 us = 3.484 s
I (11168) mfsk_core_m5stack_core2:     [0]  2156 Hz  SNR=-11.5 dB  e=0  'WM3PEN EA6VQ -9'
I (11178) mfsk_core_m5stack_core2:     [1]  2572 Hz  SNR=-11.7 dB  e=0  'W1FC F5BZB -8'
I (11188) mfsk_core_m5stack_core2:     [2]   589 Hz  SNR=-16.6 dB  e=17  'K1JT HA0DU KN07'
I (11188) mfsk_core_m5stack_core2:     [3]   724 Hz  SNR=-12.4 dB  e=3  'A92EE F5PSR -14'
I (11198) mfsk_core_m5stack_core2:     [4]  2733 Hz  SNR=-15.5 dB  e=15  'W1DIG SV9CVY -14'
I (11208) mfsk_core_m5stack_core2:     [5]  1198 Hz  SNR=-10.5 dB  e=2  'CQ F5RXL IN94'
I (11218) mfsk_core_m5stack_core2:     [6]   466 Hz  SNR=-18.2 dB  e=18  'N1PJT HB9CQK -10'
I (11218) mfsk_core_m5stack_core2: 
════════════════════════════════════════════
I (11238) mfsk_core_m5stack_core2: RUN: max_cand=20  dt_grid=0  df_grid=0  q>12
I (11248) mfsk_core_m5stack_core2: ════════════════════════════════════════════
I (11258) mfsk_core_m5stack_core2: 
WAV: qso1 (191111_110130)
I (12288) mfsk_core_m5stack_core2:   stage 1 (spec):        1025848 us  (184× FFT, 1043 freq bins)
[coarse_sync prof] n_freq=991 n_lag=27  allsum=225240 score=435339 dedupe+sort=104573  total=765152 us
I (13068) mfsk_core_m5stack_core2:   stage 2 (sync):         780127 us  (30 cand)
I (13328) mfsk_core_m5stack_core2:   pass 2 (re-rank):       254137 us  → top 20 by sync_quality_block0
I (13858) mfsk_core_m5stack_core2:   stage 3 (refine+BP):    530832 us  (3 result(s))
I (13868) mfsk_core_m5stack_core2:   ─── total decode:     2597940 us = 2.598 s
I (13868) mfsk_core_m5stack_core2:     [0]  1292 Hz  SNR= -7.7 dB  e=0  'CQ R7IW LN35'
I (13878) mfsk_core_m5stack_core2:     [1]  2095 Hz  SNR=-10.5 dB  e=3  'CQ DX R6WA LN32'
I (13888) mfsk_core_m5stack_core2:     [2]   683 Hz  SNR=-12.6 dB  e=7  'CQ TA6CQ KN70'
I (13888) mfsk_core_m5stack_core2: 
WAV: qso2 (191111_110200)
I (14918) mfsk_core_m5stack_core2:   stage 1 (spec):        1025840 us  (184× FFT, 1043 freq bins)
[coarse_sync prof] n_freq=991 n_lag=27  allsum=225231 score=434546 dedupe+sort=104377  total=764154 us
I (15698) mfsk_core_m5stack_core2:   stage 2 (sync):         779121 us  (30 cand)
I (15968) mfsk_core_m5stack_core2:   pass 2 (re-rank):       260699 us  → top 20 by sync_quality_block0
I (16658) mfsk_core_m5stack_core2:   stage 3 (refine+BP):    693113 us  (5 result(s))
I (16668) mfsk_core_m5stack_core2:   ─── total decode:     2765783 us = 2.766 s
I (16668) mfsk_core_m5stack_core2:     [0]  2098 Hz  SNR=-14.0 dB  e=6  'CQ DX R6WA LN32'
I (16678) mfsk_core_m5stack_core2:     [1]   990 Hz  SNR=-17.9 dB  e=15  'OH3NIV ZS6S RR73'
I (16688) mfsk_core_m5stack_core2:     [2]  1292 Hz  SNR=-10.4 dB  e=5  'CQ R7IW LN35'
I (16688) mfsk_core_m5stack_core2:     [3]  1031 Hz  SNR=-18.0 dB  e=17  'CQ LZ1JZ KN22'
I (16698) mfsk_core_m5stack_core2:     [4]   683 Hz  SNR=-14.4 dB  e=2  'CQ TA6CQ KN70'
I (16708) mfsk_core_m5stack_core2: 
WAV: qso3 busy band (210703)
I (17738) mfsk_core_m5stack_core2:   stage 1 (spec):        1025851 us  (184× FFT, 1043 freq bins)
[coarse_sync prof] n_freq=991 n_lag=27  allsum=225258 score=399976 dedupe+sort=107299  total=732533 us
I (18488) mfsk_core_m5stack_core2:   stage 2 (sync):         747509 us  (30 cand)
I (18748) mfsk_core_m5stack_core2:   pass 2 (re-rank):       255125 us  → top 20 by sync_quality_block0
I (20278) mfsk_core_m5stack_core2:   stage 3 (refine+BP):   1526735 us  (7 result(s))
I (20278) mfsk_core_m5stack_core2:   ─── total decode:     3562215 us = 3.562 s
I (20278) mfsk_core_m5stack_core2:     [0]  2156 Hz  SNR=-11.5 dB  e=0  'WM3PEN EA6VQ -9'
I (20288) mfsk_core_m5stack_core2:     [1]  2572 Hz  SNR=-11.7 dB  e=0  'W1FC F5BZB -8'
I (20298) mfsk_core_m5stack_core2:     [2]   589 Hz  SNR=-16.6 dB  e=17  'K1JT HA0DU KN07'
I (20308) mfsk_core_m5stack_core2:     [3]   724 Hz  SNR=-12.4 dB  e=3  'A92EE F5PSR -14'
I (20308) mfsk_core_m5stack_core2:     [4]  2733 Hz  SNR=-15.5 dB  e=15  'W1DIG SV9CVY -14'
I (20318) mfsk_core_m5stack_core2:     [5]  1198 Hz  SNR=-10.5 dB  e=2  'CQ F5RXL IN94'
I (20328) mfsk_core_m5stack_core2:     [6]   466 Hz  SNR=-18.2 dB  e=18  'N1PJT HB9CQK -10'
I (20338) mfsk_core_m5stack_core2: 
════════════════════════════════════════════
I (20348) mfsk_core_m5stack_core2: RUN: max_cand=30  dt_grid=0  df_grid=0  q>12
I (20358) mfsk_core_m5stack_core2: ════════════════════════════════════════════
I (20368) mfsk_core_m5stack_core2: 
WAV: qso1 (191111_110130)
I (21408) mfsk_core_m5stack_core2:   stage 1 (spec):        1025855 us  (184× FFT, 1043 freq bins)
[coarse_sync prof] n_freq=991 n_lag=27  allsum=225223 score=435351 dedupe+sort=104572  total=765146 us
I (22188) mfsk_core_m5stack_core2:   stage 2 (sync):         780120 us  (30 cand)
I (22448) mfsk_core_m5stack_core2:   pass 2 (re-rank):       257078 us  → top 30 by sync_quality_block0
I (23138) mfsk_core_m5stack_core2:   stage 3 (refine+BP):    694602 us  (3 result(s))
I (23138) mfsk_core_m5stack_core2:   ─── total decode:     2764683 us = 2.765 s
I (23148) mfsk_core_m5stack_core2:     [0]  1292 Hz  SNR= -7.7 dB  e=0  'CQ R7IW LN35'
I (23158) mfsk_core_m5stack_core2:     [1]  2095 Hz  SNR=-10.5 dB  e=3  'CQ DX R6WA LN32'
I (23158) mfsk_core_m5stack_core2:     [2]   683 Hz  SNR=-12.6 dB  e=7  'CQ TA6CQ KN70'
I (23168) mfsk_core_m5stack_core2: 
WAV: qso2 (191111_110200)
I (24198) mfsk_core_m5stack_core2:   stage 1 (spec):        1025843 us  (184× FFT, 1043 freq bins)
[coarse_sync prof] n_freq=991 n_lag=27  allsum=225232 score=434538 dedupe+sort=104382  total=764152 us
I (24978) mfsk_core_m5stack_core2:   stage 2 (sync):         779129 us  (30 cand)
I (25248) mfsk_core_m5stack_core2:   pass 2 (re-rank):       263394 us  → top 30 by sync_quality_block0
I (26108) mfsk_core_m5stack_core2:   stage 3 (refine+BP):    855497 us  (5 result(s))
I (26108) mfsk_core_m5stack_core2:   ─── total decode:     2930902 us = 2.931 s
I (26108) mfsk_core_m5stack_core2:     [0]   990 Hz  SNR=-17.9 dB  e=15  'OH3NIV ZS6S RR73'
I (26118) mfsk_core_m5stack_core2:     [1]  1292 Hz  SNR=-10.4 dB  e=5  'CQ R7IW LN35'
I (26128) mfsk_core_m5stack_core2:     [2]  2098 Hz  SNR=-14.0 dB  e=6  'CQ DX R6WA LN32'
I (26138) mfsk_core_m5stack_core2:     [3]   683 Hz  SNR=-14.4 dB  e=2  'CQ TA6CQ KN70'
I (26138) mfsk_core_m5stack_core2:     [4]  1031 Hz  SNR=-18.0 dB  e=17  'CQ LZ1JZ KN22'
I (26148) mfsk_core_m5stack_core2: 
WAV: qso3 busy band (210703)
I (27178) mfsk_core_m5stack_core2:   stage 1 (spec):        1025846 us  (184× FFT, 1043 freq bins)
[coarse_sync prof] n_freq=991 n_lag=27  allsum=225225 score=399984 dedupe+sort=107296  total=732505 us
I (27928) mfsk_core_m5stack_core2:   stage 2 (sync):         747480 us  (30 cand)
I (28198) mfsk_core_m5stack_core2:   pass 2 (re-rank):       258192 us  → top 30 by sync_quality_block0
I (29878) mfsk_core_m5stack_core2:   stage 3 (refine+BP):   1686907 us  (7 result(s))
I (29888) mfsk_core_m5stack_core2:   ─── total decode:     3725582 us = 3.726 s
I (29888) mfsk_core_m5stack_core2:     [0]  2572 Hz  SNR=-11.7 dB  e=0  'W1FC F5BZB -8'
I (29898) mfsk_core_m5stack_core2:     [1]  2156 Hz  SNR=-11.5 dB  e=0  'WM3PEN EA6VQ -9'
I (29898) mfsk_core_m5stack_core2:     [2]   589 Hz  SNR=-16.6 dB  e=17  'K1JT HA0DU KN07'
I (29908) mfsk_core_m5stack_core2:     [3]   724 Hz  SNR=-12.4 dB  e=3  'A92EE F5PSR -14'
I (29918) mfsk_core_m5stack_core2:     [4]  2733 Hz  SNR=-15.5 dB  e=15  'W1DIG SV9CVY -14'
I (29928) mfsk_core_m5stack_core2:     [5]  1198 Hz  SNR=-10.5 dB  e=2  'CQ F5RXL IN94'
I (29938) mfsk_core_m5stack_core2:     [6]   466 Hz  SNR=-18.2 dB  e=18  'N1PJT HB9CQK -10'
I (29938) mfsk_core_m5stack_core2: 
════════════════════════════════════════════
I (29958) mfsk_core_m5stack_core2: FFI smoke: mfsk_ft8_decode_i16 (C ABI) on each WAV
I (29968) mfsk_core_m5stack_core2: ════════════════════════════════════════════
I (29978) mfsk_core_m5stack_core2: 
WAV: qso1 (191111_110130) (via FFI)
[coarse_sync prof] n_freq=991 n_lag=27  allsum=225228 score=435338 dedupe+sort=104578  total=765144 us
I (37268) mfsk_core_m5stack_core2:   ffi status=Ok    3 result(s)   7277691 us
I (37268) mfsk_core_m5stack_core2:     [0]  1292 Hz  SNR= -7.7 dB  e=0  'CQ R7IW LN35'
I (37268) mfsk_core_m5stack_core2:     [1]  2095 Hz  SNR=-10.5 dB  e=3  'CQ DX R6WA LN32'
I (37278) mfsk_core_m5stack_core2:     [2]   683 Hz  SNR=-12.6 dB  e=7  'CQ TA6CQ KN70'
I (37288) mfsk_core_m5stack_core2: 
WAV: qso2 (191111_110200) (via FFI)
[coarse_sync prof] n_freq=991 n_lag=27  allsum=225258 score=434535 dedupe+sort=104384  total=764177 us
I (45258) mfsk_core_m5stack_core2:   ffi status=Ok    5 result(s)   7971248 us
I (45258) mfsk_core_m5stack_core2:     [0]   990 Hz  SNR=-17.9 dB  e=15  'OH3NIV ZS6S RR73'
I (45268) mfsk_core_m5stack_core2:     [1]  1292 Hz  SNR=-10.4 dB  e=5  'CQ R7IW LN35'
I (45278) mfsk_core_m5stack_core2:     [2]  2098 Hz  SNR=-14.0 dB  e=6  'CQ DX R6WA LN32'
I (45278) mfsk_core_m5stack_core2:     [3]   683 Hz  SNR=-14.4 dB  e=2  'CQ TA6CQ KN70'
I (45288) mfsk_core_m5stack_core2:     [4]  1031 Hz  SNR=-18.0 dB  e=17  'CQ LZ1JZ KN22'
I (45298) mfsk_core_m5stack_core2: 
WAV: qso3 busy band (210703) (via FFI)
[coarse_sync prof] n_freq=991 n_lag=27  allsum=225243 score=399974 dedupe+sort=107292  total=732509 us
I (54878) mfsk_core_m5stack_core2:   ffi status=Ok    7 result(s)   9571505 us
I (54878) mfsk_core_m5stack_core2:     [0]  2572 Hz  SNR=-11.7 dB  e=0  'W1FC F5BZB -8'
I (54878) mfsk_core_m5stack_core2:     [1]  2156 Hz  SNR=-11.5 dB  e=0  'WM3PEN EA6VQ -9'
I (54888) mfsk_core_m5stack_core2:     [2]   589 Hz  SNR=-16.6 dB  e=17  'K1JT HA0DU KN07'
I (54898) mfsk_core_m5stack_core2:     [3]   724 Hz  SNR=-12.4 dB  e=3  'A92EE F5PSR -14'
I (54908) mfsk_core_m5stack_core2:     [4]  2733 Hz  SNR=-15.5 dB  e=15  'W1DIG SV9CVY -14'
I (54908) mfsk_core_m5stack_core2:     [5]  1198 Hz  SNR=-10.5 dB  e=2  'CQ F5RXL IN94'
I (54918) mfsk_core_m5stack_core2:     [6]   466 Hz  SNR=-18.2 dB  e=18  'N1PJT HB9CQK -10'
I (54928) mfsk_core_m5stack_core2: 
=== Sweep complete. Idling. ===
