[2026-05-02T12:29:00Z INFO ] 🚀 A new version of espflash is available: v4.4.0
[2026-05-02T12:29:00Z INFO ] Serial port: '/dev/ttyACM0'
[2026-05-02T12:29:00Z INFO ] Connecting...
[2026-05-02T12:29:00Z INFO ] Using flash stub
ets Jul 29 2019 12:21:46

rst:0x1 (POWERON_RESET),boot:0x17 (SPI_FAST_FLASH_BOOT)
configsip: 0, SPIWP:0xee
clk_drv:0x00,q_drv:0x00,d_drv:0x00,cs0_drv:0x00,hd_drv:0x00,wp_drv:0x00
mode:DIO, clock div:2
load:0x3fff0030,len:7104
load:0x40078000,len:15576
load:0x40080400,len:4
ho 8 tail 4 room 4
load:0x40080404,len:3876
entry 0x4008064c
[0;32mI (31) boot: ESP-IDF v5.1-beta1-378-gea5e0ff298-dirt 2nd stage bootloader[0m
[0;32mI (31) boot: compile time Jun  7 2023 07:48:23[0m
[0;32mI (33) boot: Multicore bootloader[0m
[0;32mI (37) boot: chip revision: v3.1[0m
[0;32mI (41) boot.esp32: SPI Speed      : 40MHz[0m
[0;32mI (46) boot.esp32: SPI Mode       : DIO[0m
[0;32mI (50) boot.esp32: SPI Flash Size : 4MB[0m
[0;32mI (55) boot: Enabling RNG early entropy source...[0m
[0;32mI (60) boot: Partition Table:[0m
[0;32mI (64) boot: ## Label            Usage          Type ST Offset   Length[0m
[0;32mI (71) boot:  0 nvs              WiFi data        01 02 00009000 00006000[0m
[0;32mI (79) boot:  1 phy_init         RF data          01 01 0000f000 00001000[0m
[0;32mI (86) boot:  2 factory          factory app      00 00 00010000 003f0000[0m
[0;32mI (94) boot: End of partition table[0m
[0;32mI (98) esp_image: segment 0: paddr=00010020 vaddr=3f400020 size=126964h (1206628) map[0m
[0;32mI (542) esp_image: segment 1: paddr=0013698c vaddr=3ffb0000 size=02ff8h ( 12280) load[0m
[0;32mI (547) esp_image: segment 2: paddr=0013998c vaddr=40080000 size=0668ch ( 26252) load[0m
[0;32mI (559) esp_image: segment 3: paddr=00140020 vaddr=400d0020 size=6e27ch (451196) map[0m
[0;32mI (722) esp_image: segment 4: paddr=001ae2a4 vaddr=4008668c size=0a7a0h ( 42912) load[0m
[0;32mI (740) esp_image: segment 5: paddr=001b8a4c vaddr=50000000 size=00020h (    32) load[0m
[0;32mI (749) boot: Loaded app from partition at offset 0x10000[0m
[0;32mI (749) boot: Disabling RNG early entropy source...[0m
I (763) quad_psram: This chip is ESP32-D0WD
I (765) esp_psram: Found 8MB PSRAM device
I (765) esp_psram: Speed: 40MHz
I (765) esp_psram: PSRAM initialized, cache is in low/high (2-core) mode.
W (771) esp_psram: Virtual address not enough for PSRAM, map as much as we can. 4MB is mapped
I (779) cpu_start: Multicore app
I (1686) esp_psram: SPI SRAM memory test OK
I (1694) cpu_start: GPIO 3 and 1 are used as console UART I/O pins
I (1695) cpu_start: Pro cpu start user code
I (1695) cpu_start: cpu freq: 160000000 Hz
I (1697) app_init: Application information:
I (1701) app_init: Project name:     libespidf
I (1705) app_init: App version:      v0.4.4-40-ge04e0be-dirty
I (1710) app_init: Compile time:     May  2 2026 21:19:39
I (1715) app_init: ELF file SHA256:  000000000...
I (1720) app_init: ESP-IDF:          v5.5.3
I (1724) efuse_init: Min chip rev:     v0.0
I (1728) efuse_init: Max chip rev:     v3.99 
I (1732) efuse_init: Chip rev:         v3.1
I (1736) heap_init: Initializing. RAM available for dynamic allocation:
I (1742) heap_init: At 3FFAE6E0 len 00001920 (6 KiB): DRAM
I (1747) heap_init: At 3FFC29C0 len 0001D640 (117 KiB): DRAM
I (1752) heap_init: At 3FFE0440 len 00003AE0 (14 KiB): D/IRAM
I (1758) heap_init: At 3FFE4350 len 0001BCB0 (111 KiB): D/IRAM
I (1764) heap_init: At 40090E2C len 0000F1D4 (60 KiB): IRAM
I (1769) esp_psram: Adding pool of 4096K of PSRAM memory to heap allocator
I (1777) spi_flash: detected chip: generic
I (1779) spi_flash: flash io: dio
W (1782) spi_flash: Detected size(16384k) larger than the size in the binary image header(4096k). Using the size in the binary image header.
W (1795) i2c: This driver is an old driver, please migrate your application code to adapt `driver/i2c_master.h`
I (1805) main_task: Started on CPU0
I (1815) esp_psram: Reserving pool of 32K of internal memory for DMA/internal allocations
I (1815) main_task: Calling app_main()
I (1815) mfsk_core_m5stack_core2: mfsk-core-m5stack-core2 PoC starting
I (1815) mfsk_core_m5stack_core2: mfsk-core version: 0.5.0
I (1825) mfsk_core_m5stack_core2: free heap: internal = 193 KB (largest contig 76 KB), PSRAM = 4093 KB
I (1835) mfsk_core_m5stack_core2: decode_block: NFFT_SPEC=4096, NMS α=0.75, Bp, parabolic-dt, Costas-first
I (1845) mfsk_core_m5stack_core2: baked WAVs: 3
I (2345) mfsk_core_m5stack_core2: 
════════════════════════════════════════════
I (2345) mfsk_core_m5stack_core2: RUN: max_cand=15  dt_grid=0  df_grid=0  q>12
I (2355) mfsk_core_m5stack_core2: ════════════════════════════════════════════
I (2365) mfsk_core_m5stack_core2: 
WAV: qso1 (191111_110130)
I (3405) mfsk_core_m5stack_core2:   stage 1 (spec):        1033178 us  (184× FFT, 1043 freq bins)
[coarse_sync prof] n_freq=991 n_lag=27  allsum=224858 score=454253 dedupe+sort=100673  total=779784 us
I (4205) mfsk_core_m5stack_core2:   stage 2 (sync):         795023 us  (30 cand)
I (4465) mfsk_core_m5stack_core2:   pass 2 (re-rank):       253529 us  → top 15 by sync_quality_block0
I (4915) mfsk_core_m5stack_core2:   stage 3 (refine+BP):    457647 us  (3 result(s))
I (4925) mfsk_core_m5stack_core2:   ─── total decode:     2546333 us = 2.546 s
I (4925) mfsk_core_m5stack_core2:     [0]  1292 Hz  SNR= -7.7 dB  e=0  'CQ R7IW LN35'
I (4935) mfsk_core_m5stack_core2:     [1]  2095 Hz  SNR=-10.5 dB  e=3  'CQ DX R6WA LN32'
I (4935) mfsk_core_m5stack_core2:     [2]   683 Hz  SNR=-12.6 dB  e=7  'CQ TA6CQ KN70'
I (4945) mfsk_core_m5stack_core2: 
WAV: qso2 (191111_110200)
I (5975) mfsk_core_m5stack_core2:   stage 1 (spec):        1020070 us  (184× FFT, 1043 freq bins)
[coarse_sync prof] n_freq=991 n_lag=27  allsum=224855 score=453557 dedupe+sort=104328  total=782740 us
I (6775) mfsk_core_m5stack_core2:   stage 2 (sync):         797686 us  (30 cand)
I (7035) mfsk_core_m5stack_core2:   pass 2 (re-rank):       260548 us  → top 15 by sync_quality_block0
I (7655) mfsk_core_m5stack_core2:   stage 3 (refine+BP):    617552 us  (5 result(s))
I (7655) mfsk_core_m5stack_core2:   ─── total decode:     2702824 us = 2.703 s
I (7665) mfsk_core_m5stack_core2:     [0]   990 Hz  SNR=-17.9 dB  e=15  'OH3NIV ZS6S RR73'
I (7665) mfsk_core_m5stack_core2:     [1]  1292 Hz  SNR=-10.4 dB  e=5  'CQ R7IW LN35'
I (7675) mfsk_core_m5stack_core2:     [2]  2098 Hz  SNR=-14.0 dB  e=6  'CQ DX R6WA LN32'
I (7685) mfsk_core_m5stack_core2:     [3]   683 Hz  SNR=-14.4 dB  e=2  'CQ TA6CQ KN70'
I (7695) mfsk_core_m5stack_core2:     [4]  1031 Hz  SNR=-18.0 dB  e=17  'CQ LZ1JZ KN22'
I (7695) mfsk_core_m5stack_core2: 
WAV: qso3 busy band (210703)
I (8725) mfsk_core_m5stack_core2:   stage 1 (spec):        1020104 us  (184× FFT, 1043 freq bins)
[coarse_sync prof] n_freq=991 n_lag=27  allsum=224864 score=420330 dedupe+sort=101933  total=747127 us
I (9485) mfsk_core_m5stack_core2:   stage 2 (sync):         762073 us  (30 cand)
I (9745) mfsk_core_m5stack_core2:   pass 2 (re-rank):       254479 us  → top 15 by sync_quality_block0
I (11205) mfsk_core_m5stack_core2:   stage 3 (refine+BP):   1455198 us  (7 result(s))
I (11205) mfsk_core_m5stack_core2:   ─── total decode:     3498815 us = 3.499 s
I (11205) mfsk_core_m5stack_core2:     [0]  2156 Hz  SNR=-11.5 dB  e=0  'WM3PEN EA6VQ -9'
I (11215) mfsk_core_m5stack_core2:     [1]  2572 Hz  SNR=-11.7 dB  e=0  'W1FC F5BZB -8'
I (11225) mfsk_core_m5stack_core2:     [2]   589 Hz  SNR=-16.6 dB  e=17  'K1JT HA0DU KN07'
I (11235) mfsk_core_m5stack_core2:     [3]   724 Hz  SNR=-12.4 dB  e=3  'A92EE F5PSR -14'
I (11245) mfsk_core_m5stack_core2:     [4]  2733 Hz  SNR=-15.5 dB  e=15  'W1DIG SV9CVY -14'
I (11245) mfsk_core_m5stack_core2:     [5]  1198 Hz  SNR=-10.5 dB  e=2  'CQ F5RXL IN94'
I (11255) mfsk_core_m5stack_core2:     [6]   466 Hz  SNR=-18.2 dB  e=18  'N1PJT HB9CQK -10'
I (11265) mfsk_core_m5stack_core2: 
════════════════════════════════════════════
I (11275) mfsk_core_m5stack_core2: RUN: max_cand=20  dt_grid=0  df_grid=0  q>12
I (11285) mfsk_core_m5stack_core2: ════════════════════════════════════════════
I (11305) mfsk_core_m5stack_core2: 
WAV: qso1 (191111_110130)
I (12325) mfsk_core_m5stack_core2:   stage 1 (spec):        1020124 us  (184× FFT, 1043 freq bins)
[coarse_sync prof] n_freq=991 n_lag=27  allsum=224858 score=454288 dedupe+sort=104604  total=783750 us
I (13125) mfsk_core_m5stack_core2:   stage 2 (sync):         798698 us  (30 cand)
I (13385) mfsk_core_m5stack_core2:   pass 2 (re-rank):       253448 us  → top 20 by sync_quality_block0
I (13915) mfsk_core_m5stack_core2:   stage 3 (refine+BP):    532864 us  (3 result(s))
I (13915) mfsk_core_m5stack_core2:   ─── total decode:     2612197 us = 2.612 s
I (13925) mfsk_core_m5stack_core2:     [0]  1292 Hz  SNR= -7.7 dB  e=0  'CQ R7IW LN35'
I (13935) mfsk_core_m5stack_core2:     [1]  2095 Hz  SNR=-10.5 dB  e=3  'CQ DX R6WA LN32'
I (13935) mfsk_core_m5stack_core2:     [2]   683 Hz  SNR=-12.6 dB  e=7  'CQ TA6CQ KN70'
I (13945) mfsk_core_m5stack_core2: 
WAV: qso2 (191111_110200)
I (14975) mfsk_core_m5stack_core2:   stage 1 (spec):        1020062 us  (184× FFT, 1043 freq bins)
[coarse_sync prof] n_freq=991 n_lag=27  allsum=224863 score=453577 dedupe+sort=104319  total=782759 us
I (15775) mfsk_core_m5stack_core2:   stage 2 (sync):         797714 us  (30 cand)
I (16035) mfsk_core_m5stack_core2:   pass 2 (re-rank):       260156 us  → top 20 by sync_quality_block0
I (16735) mfsk_core_m5stack_core2:   stage 3 (refine+BP):    696454 us  (5 result(s))
I (16735) mfsk_core_m5stack_core2:   ─── total decode:     2781446 us = 2.781 s
I (16735) mfsk_core_m5stack_core2:     [0]  2098 Hz  SNR=-14.0 dB  e=6  'CQ DX R6WA LN32'
I (16745) mfsk_core_m5stack_core2:     [1]   990 Hz  SNR=-17.9 dB  e=15  'OH3NIV ZS6S RR73'
I (16755) mfsk_core_m5stack_core2:     [2]  1292 Hz  SNR=-10.4 dB  e=5  'CQ R7IW LN35'
I (16765) mfsk_core_m5stack_core2:     [3]  1031 Hz  SNR=-18.0 dB  e=17  'CQ LZ1JZ KN22'
I (16775) mfsk_core_m5stack_core2:     [4]   683 Hz  SNR=-14.4 dB  e=2  'CQ TA6CQ KN70'
I (16775) mfsk_core_m5stack_core2: 
WAV: qso3 busy band (210703)
I (17805) mfsk_core_m5stack_core2:   stage 1 (spec):        1020088 us  (184× FFT, 1043 freq bins)
[coarse_sync prof] n_freq=991 n_lag=27  allsum=224853 score=420347 dedupe+sort=101934  total=747134 us
I (18565) mfsk_core_m5stack_core2:   stage 2 (sync):         762079 us  (30 cand)
I (18825) mfsk_core_m5stack_core2:   pass 2 (re-rank):       254256 us  → top 20 by sync_quality_block0
I (20365) mfsk_core_m5stack_core2:   stage 3 (refine+BP):   1533012 us  (7 result(s))
I (20365) mfsk_core_m5stack_core2:   ─── total decode:     3576494 us = 3.576 s
I (20365) mfsk_core_m5stack_core2:     [0]  2156 Hz  SNR=-11.5 dB  e=0  'WM3PEN EA6VQ -9'
I (20375) mfsk_core_m5stack_core2:     [1]  2572 Hz  SNR=-11.7 dB  e=0  'W1FC F5BZB -8'
I (20385) mfsk_core_m5stack_core2:     [2]   589 Hz  SNR=-16.6 dB  e=17  'K1JT HA0DU KN07'
I (20385) mfsk_core_m5stack_core2:     [3]   724 Hz  SNR=-12.4 dB  e=3  'A92EE F5PSR -14'
I (20395) mfsk_core_m5stack_core2:     [4]  2733 Hz  SNR=-15.5 dB  e=15  'W1DIG SV9CVY -14'
I (20405) mfsk_core_m5stack_core2:     [5]  1198 Hz  SNR=-10.5 dB  e=2  'CQ F5RXL IN94'
I (20415) mfsk_core_m5stack_core2:     [6]   466 Hz  SNR=-18.2 dB  e=18  'N1PJT HB9CQK -10'
I (20425) mfsk_core_m5stack_core2: 
════════════════════════════════════════════
I (20435) mfsk_core_m5stack_core2: RUN: max_cand=30  dt_grid=0  df_grid=0  q>12
I (20445) mfsk_core_m5stack_core2: ════════════════════════════════════════════
I (20455) mfsk_core_m5stack_core2: 
WAV: qso1 (191111_110130)
I (21485) mfsk_core_m5stack_core2:   stage 1 (spec):        1020072 us  (184× FFT, 1043 freq bins)
[coarse_sync prof] n_freq=991 n_lag=27  allsum=224852 score=454259 dedupe+sort=104615  total=783726 us
I (22285) mfsk_core_m5stack_core2:   stage 2 (sync):         798666 us  (30 cand)
I (22545) mfsk_core_m5stack_core2:   pass 2 (re-rank):       256131 us  → top 30 by sync_quality_block0
I (23245) mfsk_core_m5stack_core2:   stage 3 (refine+BP):    696972 us  (3 result(s))
I (23245) mfsk_core_m5stack_core2:   ─── total decode:     2778924 us = 2.779 s
I (23245) mfsk_core_m5stack_core2:     [0]  1292 Hz  SNR= -7.7 dB  e=0  'CQ R7IW LN35'
I (23255) mfsk_core_m5stack_core2:     [1]  2095 Hz  SNR=-10.5 dB  e=3  'CQ DX R6WA LN32'
I (23265) mfsk_core_m5stack_core2:     [2]   683 Hz  SNR=-12.6 dB  e=7  'CQ TA6CQ KN70'
I (23265) mfsk_core_m5stack_core2: 
WAV: qso2 (191111_110200)
I (24295) mfsk_core_m5stack_core2:   stage 1 (spec):        1020113 us  (184× FFT, 1043 freq bins)
[coarse_sync prof] n_freq=991 n_lag=27  allsum=224846 score=453577 dedupe+sort=104330  total=782753 us
I (25095) mfsk_core_m5stack_core2:   stage 2 (sync):         797705 us  (30 cand)
I (25365) mfsk_core_m5stack_core2:   pass 2 (re-rank):       262842 us  → top 30 by sync_quality_block0
I (26225) mfsk_core_m5stack_core2:   stage 3 (refine+BP):    859279 us  (5 result(s))
I (26225) mfsk_core_m5stack_core2:   ─── total decode:     2947070 us = 2.947 s
I (26225) mfsk_core_m5stack_core2:     [0]   990 Hz  SNR=-17.9 dB  e=15  'OH3NIV ZS6S RR73'
I (26235) mfsk_core_m5stack_core2:     [1]  1292 Hz  SNR=-10.4 dB  e=5  'CQ R7IW LN35'
I (26245) mfsk_core_m5stack_core2:     [2]  2098 Hz  SNR=-14.0 dB  e=6  'CQ DX R6WA LN32'
I (26255) mfsk_core_m5stack_core2:     [3]   683 Hz  SNR=-14.4 dB  e=2  'CQ TA6CQ KN70'
I (26255) mfsk_core_m5stack_core2:     [4]  1031 Hz  SNR=-18.0 dB  e=17  'CQ LZ1JZ KN22'
I (26265) mfsk_core_m5stack_core2: 
WAV: qso3 busy band (210703)
I (27295) mfsk_core_m5stack_core2:   stage 1 (spec):        1020067 us  (184× FFT, 1043 freq bins)
[coarse_sync prof] n_freq=991 n_lag=27  allsum=224866 score=420329 dedupe+sort=101931  total=747126 us
I (28055) mfsk_core_m5stack_core2:   stage 2 (sync):         762069 us  (30 cand)
I (28315) mfsk_core_m5stack_core2:   pass 2 (re-rank):       257467 us  → top 30 by sync_quality_block0
I (30015) mfsk_core_m5stack_core2:   stage 3 (refine+BP):   1693435 us  (7 result(s))
I (30015) mfsk_core_m5stack_core2:   ─── total decode:     3740259 us = 3.740 s
I (30015) mfsk_core_m5stack_core2:     [0]  2572 Hz  SNR=-11.7 dB  e=0  'W1FC F5BZB -8'
I (30025) mfsk_core_m5stack_core2:     [1]  2156 Hz  SNR=-11.5 dB  e=0  'WM3PEN EA6VQ -9'
I (30035) mfsk_core_m5stack_core2:     [2]   589 Hz  SNR=-16.6 dB  e=17  'K1JT HA0DU KN07'
I (30045) mfsk_core_m5stack_core2:     [3]   724 Hz  SNR=-12.4 dB  e=3  'A92EE F5PSR -14'
I (30045) mfsk_core_m5stack_core2:     [4]  2733 Hz  SNR=-15.5 dB  e=15  'W1DIG SV9CVY -14'
I (30055) mfsk_core_m5stack_core2:     [5]  1198 Hz  SNR=-10.5 dB  e=2  'CQ F5RXL IN94'
I (30065) mfsk_core_m5stack_core2:     [6]   466 Hz  SNR=-18.2 dB  e=18  'N1PJT HB9CQK -10'
I (30075) mfsk_core_m5stack_core2: 
════════════════════════════════════════════
I (30085) mfsk_core_m5stack_core2: FFI smoke: mfsk_ft8_decode_i16 (C ABI) on each WAV
I (30095) mfsk_core_m5stack_core2: ════════════════════════════════════════════
I (30105) mfsk_core_m5stack_core2: 
WAV: qso1 (191111_110130) (via FFI)
[coarse_sync prof] n_freq=991 n_lag=27  allsum=224838 score=454276 dedupe+sort=104607  total=783721 us
I (32895) mfsk_core_m5stack_core2:   ffi status=Ok    3 result(s)   2773614 us
I (32895) mfsk_core_m5stack_core2:     [0]  1292 Hz  SNR= -7.7 dB  e=0  'CQ R7IW LN35'
I (32895) mfsk_core_m5stack_core2:     [1]  2095 Hz  SNR=-10.5 dB  e=3  'CQ DX R6WA LN32'
I (32905) mfsk_core_m5stack_core2:     [2]   683 Hz  SNR=-12.6 dB  e=7  'CQ TA6CQ KN70'
I (32915) mfsk_core_m5stack_core2: 
WAV: qso2 (191111_110200) (via FFI)
[coarse_sync prof] n_freq=991 n_lag=27  allsum=224849 score=453589 dedupe+sort=104329  total=782767 us
I (35855) mfsk_core_m5stack_core2:   ffi status=Ok    5 result(s)   2942066 us
I (35855) mfsk_core_m5stack_core2:     [0]   990 Hz  SNR=-17.9 dB  e=15  'OH3NIV ZS6S RR73'
I (35865) mfsk_core_m5stack_core2:     [1]  1292 Hz  SNR=-10.4 dB  e=5  'CQ R7IW LN35'
I (35875) mfsk_core_m5stack_core2:     [2]  2098 Hz  SNR=-14.0 dB  e=6  'CQ DX R6WA LN32'
I (35875) mfsk_core_m5stack_core2:     [3]   683 Hz  SNR=-14.4 dB  e=2  'CQ TA6CQ KN70'
I (35885) mfsk_core_m5stack_core2:     [4]  1031 Hz  SNR=-18.0 dB  e=17  'CQ LZ1JZ KN22'
I (35895) mfsk_core_m5stack_core2: 
WAV: qso3 busy band (210703) (via FFI)
[coarse_sync prof] n_freq=991 n_lag=27  allsum=224827 score=420346 dedupe+sort=101923  total=747096 us
I (39635) mfsk_core_m5stack_core2:   ffi status=Ok    7 result(s)   3735743 us
I (39635) mfsk_core_m5stack_core2:     [0]  2572 Hz  SNR=-11.7 dB  e=0  'W1FC F5BZB -8'
I (39645) mfsk_core_m5stack_core2:     [1]  2156 Hz  SNR=-11.5 dB  e=0  'WM3PEN EA6VQ -9'
I (39645) mfsk_core_m5stack_core2:     [2]   589 Hz  SNR=-16.6 dB  e=17  'K1JT HA0DU KN07'
I (39655) mfsk_core_m5stack_core2:     [3]   724 Hz  SNR=-12.4 dB  e=3  'A92EE F5PSR -14'
I (39665) mfsk_core_m5stack_core2:     [4]  2733 Hz  SNR=-15.5 dB  e=15  'W1DIG SV9CVY -14'
I (39675) mfsk_core_m5stack_core2:     [5]  1198 Hz  SNR=-10.5 dB  e=2  'CQ F5RXL IN94'
I (39685) mfsk_core_m5stack_core2:     [6]   466 Hz  SNR=-18.2 dB  e=18  'N1PJT HB9CQK -10'
I (39685) mfsk_core_m5stack_core2: 
=== Sweep complete. Idling. ===
