[2026-05-02T08:49:54Z INFO ] 🚀 A new version of espflash is available: v4.4.0
[2026-05-02T08:49:54Z INFO ] Serial port: '/dev/ttyACM0'
[2026-05-02T08:49:54Z INFO ] Connecting...
[2026-05-02T08:49:54Z INFO ] Using flash stub
ets Jul 29 2019 12:21:46

rst:0x1 (POWERON_RESET),boot:0x17 (SPI_FAST_FLASH_BOOT)
configsip: 0, SPIWP:0xee
clk_drv:0x00,q_drv:0x00,d_drv:0x00,cs0_drv:0x00,hd_drv:0x00,wp_drv:0x00
mode:DIO, clock div:2
load:0x3fff0030,len:7104
load:0x40078000,len:15576
load:0x40080400,len:4
ho 8 tail 4 room 4
load:0x40080404,len:3876
entry 0x4008064c
[0;32mI (31) boot: ESP-IDF v5.1-beta1-378-gea5e0ff298-dirt 2nd stage bootloader[0m
[0;32mI (31) boot: compile time Jun  7 2023 07:48:23[0m
[0;32mI (33) boot: Multicore bootloader[0m
[0;32mI (37) boot: chip revision: v3.1[0m
[0;32mI (41) boot.esp32: SPI Speed      : 40MHz[0m
[0;32mI (46) boot.esp32: SPI Mode       : DIO[0m
[0;32mI (50) boot.esp32: SPI Flash Size : 4MB[0m
[0;32mI (55) boot: Enabling RNG early entropy source...[0m
[0;32mI (60) boot: Partition Table:[0m
[0;32mI (64) boot: ## Label            Usage          Type ST Offset   Length[0m
[0;32mI (71) boot:  0 nvs              WiFi data        01 02 00009000 00006000[0m
[0;32mI (79) boot:  1 phy_init         RF data          01 01 0000f000 00001000[0m
[0;32mI (86) boot:  2 factory          factory app      00 00 00010000 003f0000[0m
[0;32mI (94) boot: End of partition table[0m
[0;32mI (98) esp_image: segment 0: paddr=00010020 vaddr=3f400020 size=123078h (1192056) map[0m
[0;32mI (537) esp_image: segment 1: paddr=001330a0 vaddr=3ffb0000 size=02f98h ( 12184) load[0m
[0;32mI (542) esp_image: segment 2: paddr=00136040 vaddr=40080000 size=09fd8h ( 40920) load[0m
[0;32mI (560) esp_image: segment 3: paddr=00140020 vaddr=400d0020 size=6c100h (442624) map[0m
[0;32mI (720) esp_image: segment 4: paddr=001ac128 vaddr=40089fd8 size=06e08h ( 28168) load[0m
[0;32mI (732) esp_image: segment 5: paddr=001b2f38 vaddr=50000000 size=00020h (    32) load[0m
[0;32mI (740) boot: Loaded app from partition at offset 0x10000[0m
[0;32mI (741) boot: Disabling RNG early entropy source...[0m
I (755) quad_psram: This chip is ESP32-D0WD
I (757) esp_psram: Found 8MB PSRAM device
I (757) esp_psram: Speed: 40MHz
I (757) esp_psram: PSRAM initialized, cache is in low/high (2-core) mode.
W (762) esp_psram: Virtual address not enough for PSRAM, map as much as we can. 4MB is mapped
I (770) cpu_start: Multicore app
I (1678) esp_psram: SPI SRAM memory test OK
I (1686) cpu_start: GPIO 3 and 1 are used as console UART I/O pins
I (1686) cpu_start: Pro cpu start user code
I (1686) cpu_start: cpu freq: 160000000 Hz
I (1688) app_init: Application information:
I (1692) app_init: Project name:     libespidf
I (1696) app_init: App version:      v0.4.4-14-gbc9e4be
I (1701) app_init: Compile time:     May  2 2026 10:02:09
I (1706) app_init: ELF file SHA256:  000000000...
I (1710) app_init: ESP-IDF:          v5.5.3
I (1714) efuse_init: Min chip rev:     v0.0
I (1718) efuse_init: Max chip rev:     v3.99 
I (1722) efuse_init: Chip rev:         v3.1
I (1727) heap_init: Initializing. RAM available for dynamic allocation:
I (1733) heap_init: At 3FFAE6E0 len 00001920 (6 KiB): DRAM
I (1738) heap_init: At 3FFC2940 len 0001D6C0 (117 KiB): DRAM
I (1743) heap_init: At 3FFE0440 len 00003AE0 (14 KiB): D/IRAM
I (1749) heap_init: At 3FFE4350 len 0001BCB0 (111 KiB): D/IRAM
I (1754) heap_init: At 40090DE0 len 0000F220 (60 KiB): IRAM
I (1760) esp_psram: Adding pool of 4096K of PSRAM memory to heap allocator
I (1768) spi_flash: detected chip: generic
I (1770) spi_flash: flash io: dio
W (1773) spi_flash: Detected size(16384k) larger than the size in the binary image header(4096k). Using the size in the binary image header.
I (1787) main_task: Started on CPU0
I (1797) esp_psram: Reserving pool of 32K of internal memory for DMA/internal allocations
I (1797) main_task: Calling app_main()
I (1797) mfsk_core_m5stack_core2: mfsk-core-m5stack-core2 PoC starting
I (1797) mfsk_core_m5stack_core2: mfsk-core version: 0.4.4
I (1807) mfsk_core_m5stack_core2: free heap: internal = 194 KB (largest contig 76 KB), PSRAM = 4093 KB
I (1817) mfsk_core_m5stack_core2: decode_block: NFFT_SPEC=4096, NMS α=0.75, Bp, parabolic-dt, Costas-first
I (1827) mfsk_core_m5stack_core2: baked WAVs: 3
I (2327) mfsk_core_m5stack_core2: 
════════════════════════════════════════════
I (2337) mfsk_core_m5stack_core2: RUN: max_cand=15  dt_grid=0  df_grid=0  q>12
I (2337) mfsk_core_m5stack_core2: ════════════════════════════════════════════
I (2357) mfsk_core_m5stack_core2: 
WAV: qso1 (191111_110130)
I (4127) mfsk_core_m5stack_core2:   stage 1 (spec):        1762837 us  (184× FFT, 1043 freq bins)
I (5107) mfsk_core_m5stack_core2:   stage 2 (sync):         981697 us  (30 cand)
I (5497) mfsk_core_m5stack_core2:   pass 2 (re-rank):       385856 us  → top 15 by sync_quality_block0
I (6347) mfsk_core_m5stack_core2:   stage 3 (refine+BP):    851893 us  (3 result(s))
I (6347) mfsk_core_m5stack_core2:   ─── total decode:     3985986 us = 3.986 s
I (6347) mfsk_core_m5stack_core2:     [0]  1292 Hz  SNR= -7.7 dB  e=0  'CQ R7IW LN35'
I (6357) mfsk_core_m5stack_core2:     [1]  2095 Hz  SNR=-10.5 dB  e=3  'CQ DX R6WA LN32'
I (6367) mfsk_core_m5stack_core2:     [2]   683 Hz  SNR=-12.6 dB  e=7  'CQ TA6CQ KN70'
I (6377) mfsk_core_m5stack_core2: 
WAV: qso2 (191111_110200)
I (8127) mfsk_core_m5stack_core2:   stage 1 (spec):        1749590 us  (184× FFT, 1043 freq bins)
I (9107) mfsk_core_m5stack_core2:   stage 2 (sync):         977814 us  (30 cand)
I (9507) mfsk_core_m5stack_core2:   pass 2 (re-rank):       395452 us  → top 15 by sync_quality_block0
I (10597) mfsk_core_m5stack_core2:   stage 3 (refine+BP):   1087101 us  (5 result(s))
I (10597) mfsk_core_m5stack_core2:   ─── total decode:     4213652 us = 4.214 s
I (10597) mfsk_core_m5stack_core2:     [0]  1292 Hz  SNR=-10.4 dB  e=5  'CQ R7IW LN35'
I (10607) mfsk_core_m5stack_core2:     [1]   990 Hz  SNR=-17.9 dB  e=15  'OH3NIV ZS6S RR73'
I (10617) mfsk_core_m5stack_core2:     [2]  2098 Hz  SNR=-14.0 dB  e=6  'CQ DX R6WA LN32'
I (10617) mfsk_core_m5stack_core2:     [3]   683 Hz  SNR=-14.4 dB  e=2  'CQ TA6CQ KN70'
I (10627) mfsk_core_m5stack_core2:     [4]  1031 Hz  SNR=-18.0 dB  e=17  'CQ LZ1JZ KN22'
I (10637) mfsk_core_m5stack_core2: 
WAV: qso3 busy band (210703)
I (12397) mfsk_core_m5stack_core2:   stage 1 (spec):        1749599 us  (184× FFT, 1043 freq bins)
I (13317) mfsk_core_m5stack_core2:   stage 2 (sync):         919567 us  (30 cand)
I (13707) mfsk_core_m5stack_core2:   pass 2 (re-rank):       387585 us  → top 15 by sync_quality_block0
I (15897) mfsk_core_m5stack_core2:   stage 3 (refine+BP):   2196495 us  (6 result(s))
I (15897) mfsk_core_m5stack_core2:   ─── total decode:     5256972 us = 5.257 s
I (15907) mfsk_core_m5stack_core2:     [0]  2572 Hz  SNR=-11.7 dB  e=0  'W1FC F5BZB -8'
I (15917) mfsk_core_m5stack_core2:     [1]  2156 Hz  SNR=-11.5 dB  e=0  'WM3PEN EA6VQ -9'
I (15917) mfsk_core_m5stack_core2:     [2]   589 Hz  SNR=-16.6 dB  e=17  'K1JT HA0DU KN07'
I (15927) mfsk_core_m5stack_core2:     [3]   724 Hz  SNR=-11.8 dB  e=2  'A92EE F5PSR -14'
I (15937) mfsk_core_m5stack_core2:     [4]  2733 Hz  SNR=-15.5 dB  e=15  'W1DIG SV9CVY -14'
I (15947) mfsk_core_m5stack_core2:     [5]  1198 Hz  SNR=-10.7 dB  e=3  'CQ F5RXL IN94'
I (15957) mfsk_core_m5stack_core2: 
════════════════════════════════════════════
I (15967) mfsk_core_m5stack_core2: RUN: max_cand=20  dt_grid=0  df_grid=0  q>12
I (15977) mfsk_core_m5stack_core2: ════════════════════════════════════════════
I (15987) mfsk_core_m5stack_core2: 
WAV: qso1 (191111_110130)
I (17747) mfsk_core_m5stack_core2:   stage 1 (spec):        1749595 us  (184× FFT, 1043 freq bins)
I (18727) mfsk_core_m5stack_core2:   stage 2 (sync):         981693 us  (30 cand)
I (19117) mfsk_core_m5stack_core2:   pass 2 (re-rank):       386319 us  → top 20 by sync_quality_block0
I (20147) mfsk_core_m5stack_core2:   stage 3 (refine+BP):   1027384 us  (3 result(s))
I (20147) mfsk_core_m5stack_core2:   ─── total decode:     4148713 us = 4.149 s
I (20147) mfsk_core_m5stack_core2:     [0]  1292 Hz  SNR= -7.7 dB  e=0  'CQ R7IW LN35'
I (20157) mfsk_core_m5stack_core2:     [1]  2095 Hz  SNR=-10.5 dB  e=3  'CQ DX R6WA LN32'
I (20167) mfsk_core_m5stack_core2:     [2]   683 Hz  SNR=-12.6 dB  e=7  'CQ TA6CQ KN70'
I (20167) mfsk_core_m5stack_core2: 
WAV: qso2 (191111_110200)
I (21927) mfsk_core_m5stack_core2:   stage 1 (spec):        1749594 us  (184× FFT, 1043 freq bins)
I (22907) mfsk_core_m5stack_core2:   stage 2 (sync):         977833 us  (30 cand)
I (23307) mfsk_core_m5stack_core2:   pass 2 (re-rank):       395229 us  → top 20 by sync_quality_block0
I (24567) mfsk_core_m5stack_core2:   stage 3 (refine+BP):   1262647 us  (5 result(s))
I (24567) mfsk_core_m5stack_core2:   ─── total decode:     4389019 us = 4.389 s
I (24567) mfsk_core_m5stack_core2:     [0]  2098 Hz  SNR=-14.0 dB  e=6  'CQ DX R6WA LN32'
I (24577) mfsk_core_m5stack_core2:     [1]  1292 Hz  SNR=-10.4 dB  e=5  'CQ R7IW LN35'
I (24587) mfsk_core_m5stack_core2:     [2]   990 Hz  SNR=-17.9 dB  e=15  'OH3NIV ZS6S RR73'
I (24597) mfsk_core_m5stack_core2:     [3]   683 Hz  SNR=-14.4 dB  e=2  'CQ TA6CQ KN70'
I (24607) mfsk_core_m5stack_core2:     [4]  1031 Hz  SNR=-18.0 dB  e=17  'CQ LZ1JZ KN22'
I (24607) mfsk_core_m5stack_core2: 
WAV: qso3 busy band (210703)
I (26367) mfsk_core_m5stack_core2:   stage 1 (spec):        1749594 us  (184× FFT, 1043 freq bins)
I (27287) mfsk_core_m5stack_core2:   stage 2 (sync):         919553 us  (30 cand)
I (27677) mfsk_core_m5stack_core2:   pass 2 (re-rank):       387210 us  → top 20 by sync_quality_block0
I (30047) mfsk_core_m5stack_core2:   stage 3 (refine+BP):   2371812 us  (6 result(s))
I (30047) mfsk_core_m5stack_core2:   ─── total decode:     5431881 us = 5.432 s
I (30057) mfsk_core_m5stack_core2:     [0]  2156 Hz  SNR=-11.5 dB  e=0  'WM3PEN EA6VQ -9'
I (30057) mfsk_core_m5stack_core2:     [1]  2572 Hz  SNR=-11.7 dB  e=0  'W1FC F5BZB -8'
I (30067) mfsk_core_m5stack_core2:     [2]   589 Hz  SNR=-16.6 dB  e=17  'K1JT HA0DU KN07'
I (30077) mfsk_core_m5stack_core2:     [3]   724 Hz  SNR=-11.8 dB  e=2  'A92EE F5PSR -14'
I (30087) mfsk_core_m5stack_core2:     [4]  2733 Hz  SNR=-15.5 dB  e=15  'W1DIG SV9CVY -14'
I (30097) mfsk_core_m5stack_core2:     [5]  1198 Hz  SNR=-10.7 dB  e=3  'CQ F5RXL IN94'
I (30097) mfsk_core_m5stack_core2: 
════════════════════════════════════════════
I (30117) mfsk_core_m5stack_core2: RUN: max_cand=30  dt_grid=0  df_grid=0  q>12
I (30117) mfsk_core_m5stack_core2: ════════════════════════════════════════════
I (30137) mfsk_core_m5stack_core2: 
WAV: qso1 (191111_110130)
I (31897) mfsk_core_m5stack_core2:   stage 1 (spec):        1749594 us  (184× FFT, 1043 freq bins)
I (32877) mfsk_core_m5stack_core2:   stage 2 (sync):         981687 us  (30 cand)
I (33267) mfsk_core_m5stack_core2:   pass 2 (re-rank):       388446 us  → top 30 by sync_quality_block0
I (34647) mfsk_core_m5stack_core2:   stage 3 (refine+BP):   1377264 us  (3 result(s))
I (34647) mfsk_core_m5stack_core2:   ─── total decode:     4500871 us = 4.501 s
I (34647) mfsk_core_m5stack_core2:     [0]  1292 Hz  SNR= -7.7 dB  e=0  'CQ R7IW LN35'
I (34657) mfsk_core_m5stack_core2:     [1]  2095 Hz  SNR=-10.5 dB  e=3  'CQ DX R6WA LN32'
I (34667) mfsk_core_m5stack_core2:     [2]   683 Hz  SNR=-12.6 dB  e=7  'CQ TA6CQ KN70'
I (34667) mfsk_core_m5stack_core2: 
WAV: qso2 (191111_110200)
I (36427) mfsk_core_m5stack_core2:   stage 1 (spec):        1749598 us  (184× FFT, 1043 freq bins)
I (37407) mfsk_core_m5stack_core2:   stage 2 (sync):         977830 us  (30 cand)
I (37807) mfsk_core_m5stack_core2:   pass 2 (re-rank):       397397 us  → top 30 by sync_quality_block0
I (39417) mfsk_core_m5stack_core2:   stage 3 (refine+BP):   1613830 us  (5 result(s))
I (39417) mfsk_core_m5stack_core2:   ─── total decode:     4742449 us = 4.742 s
I (39427) mfsk_core_m5stack_core2:     [0]  1292 Hz  SNR=-10.4 dB  e=5  'CQ R7IW LN35'
I (39437) mfsk_core_m5stack_core2:     [1]   990 Hz  SNR=-17.9 dB  e=15  'OH3NIV ZS6S RR73'
I (39437) mfsk_core_m5stack_core2:     [2]  2098 Hz  SNR=-14.0 dB  e=6  'CQ DX R6WA LN32'
I (39447) mfsk_core_m5stack_core2:     [3]   683 Hz  SNR=-14.4 dB  e=2  'CQ TA6CQ KN70'
I (39457) mfsk_core_m5stack_core2:     [4]  1031 Hz  SNR=-18.0 dB  e=17  'CQ LZ1JZ KN22'
I (39467) mfsk_core_m5stack_core2: 
WAV: qso3 busy band (210703)
I (41217) mfsk_core_m5stack_core2:   stage 1 (spec):        1749599 us  (184× FFT, 1043 freq bins)
I (42137) mfsk_core_m5stack_core2:   stage 2 (sync):         919559 us  (30 cand)
I (42537) mfsk_core_m5stack_core2:   pass 2 (re-rank):       391337 us  → top 30 by sync_quality_block0
I (45257) mfsk_core_m5stack_core2:   stage 3 (refine+BP):   2724635 us  (6 result(s))
I (45257) mfsk_core_m5stack_core2:   ─── total decode:     5788901 us = 5.789 s
I (45267) mfsk_core_m5stack_core2:     [0]  2572 Hz  SNR=-11.7 dB  e=0  'W1FC F5BZB -8'
I (45267) mfsk_core_m5stack_core2:     [1]  2156 Hz  SNR=-11.5 dB  e=0  'WM3PEN EA6VQ -9'
I (45277) mfsk_core_m5stack_core2:     [2]   589 Hz  SNR=-16.6 dB  e=17  'K1JT HA0DU KN07'
I (45287) mfsk_core_m5stack_core2:     [3]   724 Hz  SNR=-11.8 dB  e=2  'A92EE F5PSR -14'
I (45297) mfsk_core_m5stack_core2:     [4]  2733 Hz  SNR=-15.5 dB  e=15  'W1DIG SV9CVY -14'
I (45307) mfsk_core_m5stack_core2:     [5]  1198 Hz  SNR=-10.7 dB  e=3  'CQ F5RXL IN94'
I (45307) mfsk_core_m5stack_core2: 
=== Sweep complete. Idling. ===
