[2026-05-02T01:05:22Z INFO ] 🚀 A new version of espflash is available: v4.4.0
[2026-05-02T01:05:22Z INFO ] Serial port: '/dev/ttyACM0'
[2026-05-02T01:05:22Z INFO ] Connecting...
[2026-05-02T01:05:22Z INFO ] Using flash stub
ets Jul 29 2019 12:21:46

rst:0x1 (POWERON_RESET),boot:0x17 (SPI_FAST_FLASH_BOOT)
configsip: 0, SPIWP:0xee
clk_drv:0x00,q_drv:0x00,d_drv:0x00,cs0_drv:0x00,hd_drv:0x00,wp_drv:0x00
mode:DIO, clock div:2
load:0x3fff0030,len:7104
load:0x40078000,len:15576
load:0x40080400,len:4
ho 8 tail 4 room 4
load:0x40080404,len:3876
entry 0x4008064c
[0;32mI (31) boot: ESP-IDF v5.1-beta1-378-gea5e0ff298-dirt 2nd stage bootloader[0m
[0;32mI (31) boot: compile time Jun  7 2023 07:48:23[0m
[0;32mI (33) boot: Multicore bootloader[0m
[0;32mI (37) boot: chip revision: v3.1[0m
[0;32mI (41) boot.esp32: SPI Speed      : 40MHz[0m
[0;32mI (46) boot.esp32: SPI Mode       : DIO[0m
[0;32mI (50) boot.esp32: SPI Flash Size : 4MB[0m
[0;32mI (55) boot: Enabling RNG early entropy source...[0m
[0;32mI (60) boot: Partition Table:[0m
[0;32mI (64) boot: ## Label            Usage          Type ST Offset   Length[0m
[0;32mI (71) boot:  0 nvs              WiFi data        01 02 00009000 00006000[0m
[0;32mI (79) boot:  1 phy_init         RF data          01 01 0000f000 00001000[0m
[0;32mI (86) boot:  2 factory          factory app      00 00 00010000 003f0000[0m
[0;32mI (94) boot: End of partition table[0m
[0;32mI (98) esp_image: segment 0: paddr=00010020 vaddr=3f400020 size=122cb8h (1191096) map[0m
[0;32mI (536) esp_image: segment 1: paddr=00132ce0 vaddr=3ffb0000 size=02f98h ( 12184) load[0m
[0;32mI (542) esp_image: segment 2: paddr=00135c80 vaddr=40080000 size=0a398h ( 41880) load[0m
[0;32mI (560) esp_image: segment 3: paddr=00140020 vaddr=400d0020 size=6849ch (427164) map[0m
[0;32mI (714) esp_image: segment 4: paddr=001a84c4 vaddr=4008a398 size=06a48h ( 27208) load[0m
[0;32mI (726) esp_image: segment 5: paddr=001aef14 vaddr=50000000 size=00020h (    32) load[0m
[0;32mI (735) boot: Loaded app from partition at offset 0x10000[0m
[0;32mI (735) boot: Disabling RNG early entropy source...[0m
I (749) quad_psram: This chip is ESP32-D0WD
I (751) esp_psram: Found 8MB PSRAM device
I (751) esp_psram: Speed: 40MHz
I (751) esp_psram: PSRAM initialized, cache is in low/high (2-core) mode.
W (756) esp_psram: Virtual address not enough for PSRAM, map as much as we can. 4MB is mapped
I (764) cpu_start: Multicore app
I (1672) esp_psram: SPI SRAM memory test OK
I (1680) cpu_start: GPIO 3 and 1 are used as console UART I/O pins
I (1680) cpu_start: Pro cpu start user code
I (1680) cpu_start: cpu freq: 160000000 Hz
I (1682) app_init: Application information:
I (1686) app_init: Project name:     libespidf
I (1690) app_init: App version:      v0.4.4-14-gbc9e4be
I (1695) app_init: Compile time:     May  2 2026 10:02:09
I (1700) app_init: ELF file SHA256:  000000000...
I (1705) app_init: ESP-IDF:          v5.5.3
I (1708) efuse_init: Min chip rev:     v0.0
I (1712) efuse_init: Max chip rev:     v3.99 
I (1716) efuse_init: Chip rev:         v3.1
I (1721) heap_init: Initializing. RAM available for dynamic allocation:
I (1727) heap_init: At 3FFAE6E0 len 00001920 (6 KiB): DRAM
I (1732) heap_init: At 3FFC2940 len 0001D6C0 (117 KiB): DRAM
I (1737) heap_init: At 3FFE0440 len 00003AE0 (14 KiB): D/IRAM
I (1743) heap_init: At 3FFE4350 len 0001BCB0 (111 KiB): D/IRAM
I (1748) heap_init: At 40090DE0 len 0000F220 (60 KiB): IRAM
I (1754) esp_psram: Adding pool of 4096K of PSRAM memory to heap allocator
I (1762) spi_flash: detected chip: generic
I (1764) spi_flash: flash io: dio
W (1767) spi_flash: Detected size(16384k) larger than the size in the binary image header(4096k). Using the size in the binary image header.
I (1781) main_task: Started on CPU0
I (1791) esp_psram: Reserving pool of 32K of internal memory for DMA/internal allocations
I (1791) main_task: Calling app_main()
I (1791) mfsk_core_m5stack_core2: mfsk-core-m5stack-core2 PoC starting
I (1791) mfsk_core_m5stack_core2: mfsk-core version: 0.4.4
I (1801) mfsk_core_m5stack_core2: free heap: internal = 194 KB (largest contig 76 KB), PSRAM = 4093 KB
I (1811) mfsk_core_m5stack_core2: decode_block: NFFT_SPEC=4096, NMS α=0.75, Bp, parabolic-dt, Costas-first
I (1821) mfsk_core_m5stack_core2: baked WAVs: 3
I (2321) mfsk_core_m5stack_core2: 
════════════════════════════════════════════
I (2321) mfsk_core_m5stack_core2: RUN: max_cand=15  dt_grid=0  df_grid=0  q>12
I (2331) mfsk_core_m5stack_core2: ════════════════════════════════════════════
I (2341) mfsk_core_m5stack_core2: 
WAV: qso1 (191111_110130)
I (4111) mfsk_core_m5stack_core2:   stage 1 (spec):        1762276 us  (184× FFT, 1043 freq bins)
I (4861) mfsk_core_m5stack_core2:   stage 2 (sync):         751607 us  (30 cand)
I (5261) mfsk_core_m5stack_core2:   pass 2 (re-rank):       398975 us  → top 15 by sync_quality_block0
I (6141) mfsk_core_m5stack_core2:   stage 3 (refine+BP):    876328 us  (3 result(s))
I (6141) mfsk_core_m5stack_core2:   ─── total decode:     3792996 us = 3.793 s
I (6151) mfsk_core_m5stack_core2:     [0]  1292 Hz  SNR= -7.7 dB  e=0  'CQ R7IW LN35'
I (6151) mfsk_core_m5stack_core2:     [1]  2095 Hz  SNR=-10.5 dB  e=0  'CQ DX R6WA LN32'
I (6161) mfsk_core_m5stack_core2:     [2]   683 Hz  SNR=-12.6 dB  e=0  'CQ TA6CQ KN70'
I (6171) mfsk_core_m5stack_core2: 
WAV: qso2 (191111_110200)
I (7921) mfsk_core_m5stack_core2:   stage 1 (spec):        1748982 us  (184× FFT, 1043 freq bins)
I (8671) mfsk_core_m5stack_core2:   stage 2 (sync):         750607 us  (30 cand)
I (9081) mfsk_core_m5stack_core2:   pass 2 (re-rank):       407567 us  → top 15 by sync_quality_block0
I (10201) mfsk_core_m5stack_core2:   stage 3 (refine+BP):   1112181 us  (5 result(s))
I (10201) mfsk_core_m5stack_core2:   ─── total decode:     4023148 us = 4.023 s
I (10201) mfsk_core_m5stack_core2:     [0]  1292 Hz  SNR=-10.4 dB  e=0  'CQ R7IW LN35'
I (10211) mfsk_core_m5stack_core2:     [1]  2098 Hz  SNR=-14.0 dB  e=0  'CQ DX R6WA LN32'
I (10221) mfsk_core_m5stack_core2:     [2]   990 Hz  SNR=-17.9 dB  e=0  'OH3NIV ZS6S RR73'
I (10231) mfsk_core_m5stack_core2:     [3]   683 Hz  SNR=-14.4 dB  e=0  'CQ TA6CQ KN70'
I (10231) mfsk_core_m5stack_core2:     [4]  1031 Hz  SNR=-18.0 dB  e=0  'CQ LZ1JZ KN22'
I (10241) mfsk_core_m5stack_core2: 
WAV: qso3 busy band (210703)
I (12001) mfsk_core_m5stack_core2:   stage 1 (spec):        1748995 us  (184× FFT, 1043 freq bins)
I (12731) mfsk_core_m5stack_core2:   stage 2 (sync):         728243 us  (30 cand)
I (13121) mfsk_core_m5stack_core2:   pass 2 (re-rank):       398007 us  → top 15 by sync_quality_block0
I (15481) mfsk_core_m5stack_core2:   stage 3 (refine+BP):   2357191 us  (6 result(s))
I (15481) mfsk_core_m5stack_core2:   ─── total decode:     5236271 us = 5.236 s
I (15491) mfsk_core_m5stack_core2:     [0]  2572 Hz  SNR=-11.7 dB  e=0  'W1FC F5BZB -8'
I (15501) mfsk_core_m5stack_core2:     [1]  2156 Hz  SNR=-11.5 dB  e=0  'WM3PEN EA6VQ -9'
I (15501) mfsk_core_m5stack_core2:     [2]   589 Hz  SNR=-16.6 dB  e=0  'K1JT HA0DU KN07'
I (15511) mfsk_core_m5stack_core2:     [3]   724 Hz  SNR=-11.8 dB  e=0  'A92EE F5PSR -14'
I (15521) mfsk_core_m5stack_core2:     [4]  2733 Hz  SNR=-15.5 dB  e=15  'W1DIG SV9CVY -14'
I (15531) mfsk_core_m5stack_core2:     [5]  1198 Hz  SNR=-10.7 dB  e=0  'CQ F5RXL IN94'
I (15541) mfsk_core_m5stack_core2: 
════════════════════════════════════════════
I (15551) mfsk_core_m5stack_core2: RUN: max_cand=20  dt_grid=0  df_grid=0  q>12
I (15561) mfsk_core_m5stack_core2: ════════════════════════════════════════════
I (15571) mfsk_core_m5stack_core2: 
WAV: qso1 (191111_110130)
I (17331) mfsk_core_m5stack_core2:   stage 1 (spec):        1748995 us  (184× FFT, 1043 freq bins)
I (18081) mfsk_core_m5stack_core2:   stage 2 (sync):         751577 us  (30 cand)
I (18481) mfsk_core_m5stack_core2:   pass 2 (re-rank):       398976 us  → top 20 by sync_quality_block0
I (19541) mfsk_core_m5stack_core2:   stage 3 (refine+BP):   1057173 us  (3 result(s))
I (19541) mfsk_core_m5stack_core2:   ─── total decode:     3960532 us = 3.961 s
I (19541) mfsk_core_m5stack_core2:     [0]  1292 Hz  SNR= -7.7 dB  e=0  'CQ R7IW LN35'
I (19551) mfsk_core_m5stack_core2:     [1]  2095 Hz  SNR=-10.5 dB  e=0  'CQ DX R6WA LN32'
I (19561) mfsk_core_m5stack_core2:     [2]   683 Hz  SNR=-12.6 dB  e=0  'CQ TA6CQ KN70'
I (19571) mfsk_core_m5stack_core2: 
WAV: qso2 (191111_110200)
I (21321) mfsk_core_m5stack_core2:   stage 1 (spec):        1748999 us  (184× FFT, 1043 freq bins)
I (22071) mfsk_core_m5stack_core2:   stage 2 (sync):         750604 us  (30 cand)
I (22481) mfsk_core_m5stack_core2:   pass 2 (re-rank):       407572 us  → top 20 by sync_quality_block0
I (23781) mfsk_core_m5stack_core2:   stage 3 (refine+BP):   1294277 us  (5 result(s))
I (23781) mfsk_core_m5stack_core2:   ─── total decode:     4205274 us = 4.205 s
I (23781) mfsk_core_m5stack_core2:     [0]  1292 Hz  SNR=-10.4 dB  e=0  'CQ R7IW LN35'
I (23791) mfsk_core_m5stack_core2:     [1]  2098 Hz  SNR=-14.0 dB  e=0  'CQ DX R6WA LN32'
I (23801) mfsk_core_m5stack_core2:     [2]   990 Hz  SNR=-17.9 dB  e=0  'OH3NIV ZS6S RR73'
I (23811) mfsk_core_m5stack_core2:     [3]   683 Hz  SNR=-14.4 dB  e=0  'CQ TA6CQ KN70'
I (23811) mfsk_core_m5stack_core2:     [4]  1031 Hz  SNR=-18.0 dB  e=0  'CQ LZ1JZ KN22'
I (23821) mfsk_core_m5stack_core2: 
WAV: qso3 busy band (210703)
I (25581) mfsk_core_m5stack_core2:   stage 1 (spec):        1749003 us  (184× FFT, 1043 freq bins)
I (26311) mfsk_core_m5stack_core2:   stage 2 (sync):         728226 us  (30 cand)
I (26701) mfsk_core_m5stack_core2:   pass 2 (re-rank):       398008 us  → top 20 by sync_quality_block0
I (29241) mfsk_core_m5stack_core2:   stage 3 (refine+BP):   2537492 us  (6 result(s))
I (29241) mfsk_core_m5stack_core2:   ─── total decode:     5416561 us = 5.417 s
I (29251) mfsk_core_m5stack_core2:     [0]  2572 Hz  SNR=-11.7 dB  e=0  'W1FC F5BZB -8'
I (29261) mfsk_core_m5stack_core2:     [1]  2156 Hz  SNR=-11.5 dB  e=0  'WM3PEN EA6VQ -9'
I (29261) mfsk_core_m5stack_core2:     [2]   589 Hz  SNR=-16.6 dB  e=0  'K1JT HA0DU KN07'
I (29271) mfsk_core_m5stack_core2:     [3]   724 Hz  SNR=-11.8 dB  e=0  'A92EE F5PSR -14'
I (29281) mfsk_core_m5stack_core2:     [4]  2733 Hz  SNR=-15.5 dB  e=15  'W1DIG SV9CVY -14'
I (29291) mfsk_core_m5stack_core2:     [5]  1198 Hz  SNR=-10.7 dB  e=0  'CQ F5RXL IN94'
I (29301) mfsk_core_m5stack_core2: 
════════════════════════════════════════════
I (29311) mfsk_core_m5stack_core2: RUN: max_cand=30  dt_grid=0  df_grid=0  q>12
I (29321) mfsk_core_m5stack_core2: ════════════════════════════════════════════
I (29331) mfsk_core_m5stack_core2: 
WAV: qso1 (191111_110130)
I (31091) mfsk_core_m5stack_core2:   stage 1 (spec):        1748983 us  (184× FFT, 1043 freq bins)
I (31841) mfsk_core_m5stack_core2:   stage 2 (sync):         751603 us  (30 cand)
I (32241) mfsk_core_m5stack_core2:   pass 2 (re-rank):       398975 us  → top 30 by sync_quality_block0
I (33661) mfsk_core_m5stack_core2:   stage 3 (refine+BP):   1415296 us  (3 result(s))
I (33661) mfsk_core_m5stack_core2:   ─── total decode:     4318659 us = 4.319 s
I (33661) mfsk_core_m5stack_core2:     [0]  1292 Hz  SNR= -7.7 dB  e=0  'CQ R7IW LN35'
I (33671) mfsk_core_m5stack_core2:     [1]  2095 Hz  SNR=-10.5 dB  e=0  'CQ DX R6WA LN32'
I (33681) mfsk_core_m5stack_core2:     [2]   683 Hz  SNR=-12.6 dB  e=0  'CQ TA6CQ KN70'
I (33681) mfsk_core_m5stack_core2: 
WAV: qso2 (191111_110200)
I (35441) mfsk_core_m5stack_core2:   stage 1 (spec):        1748991 us  (184× FFT, 1043 freq bins)
I (36191) mfsk_core_m5stack_core2:   stage 2 (sync):         750627 us  (30 cand)
I (36601) mfsk_core_m5stack_core2:   pass 2 (re-rank):       407575 us  → top 30 by sync_quality_block0
I (38261) mfsk_core_m5stack_core2:   stage 3 (refine+BP):   1654020 us  (5 result(s))
I (38261) mfsk_core_m5stack_core2:   ─── total decode:     4565032 us = 4.565 s
I (38261) mfsk_core_m5stack_core2:     [0]  1292 Hz  SNR=-10.4 dB  e=0  'CQ R7IW LN35'
I (38271) mfsk_core_m5stack_core2:     [1]  2098 Hz  SNR=-14.0 dB  e=0  'CQ DX R6WA LN32'
I (38281) mfsk_core_m5stack_core2:     [2]   990 Hz  SNR=-17.9 dB  e=0  'OH3NIV ZS6S RR73'
I (38281) mfsk_core_m5stack_core2:     [3]   683 Hz  SNR=-14.4 dB  e=0  'CQ TA6CQ KN70'
I (38291) mfsk_core_m5stack_core2:     [4]  1031 Hz  SNR=-18.0 dB  e=0  'CQ LZ1JZ KN22'
I (38301) mfsk_core_m5stack_core2: 
WAV: qso3 busy band (210703)
I (40051) mfsk_core_m5stack_core2:   stage 1 (spec):        1748996 us  (184× FFT, 1043 freq bins)
I (40781) mfsk_core_m5stack_core2:   stage 2 (sync):         728218 us  (30 cand)
I (41181) mfsk_core_m5stack_core2:   pass 2 (re-rank):       398013 us  → top 30 by sync_quality_block0
I (44081) mfsk_core_m5stack_core2:   stage 3 (refine+BP):   2896989 us  (6 result(s))
I (44081) mfsk_core_m5stack_core2:   ─── total decode:     5776043 us = 5.776 s
I (44091) mfsk_core_m5stack_core2:     [0]  2572 Hz  SNR=-11.7 dB  e=0  'W1FC F5BZB -8'
I (44091) mfsk_core_m5stack_core2:     [1]  2156 Hz  SNR=-11.5 dB  e=0  'WM3PEN EA6VQ -9'
I (44101) mfsk_core_m5stack_core2:     [2]   589 Hz  SNR=-16.6 dB  e=0  'K1JT HA0DU KN07'
I (44111) mfsk_core_m5stack_core2:     [3]   724 Hz  SNR=-11.8 dB  e=0  'A92EE F5PSR -14'
I (44121) mfsk_core_m5stack_core2:     [4]  2733 Hz  SNR=-15.5 dB  e=15  'W1DIG SV9CVY -14'
I (44131) mfsk_core_m5stack_core2:     [5]  1198 Hz  SNR=-10.7 dB  e=0  'CQ F5RXL IN94'
I (44131) mfsk_core_m5stack_core2: 
=== Sweep complete. Idling. ===
