[2026-05-02T08:35:47Z INFO ] 🚀 A new version of espflash is available: v4.4.0
[2026-05-02T08:35:47Z INFO ] Serial port: '/dev/ttyACM0'
[2026-05-02T08:35:47Z INFO ] Connecting...
[2026-05-02T08:35:48Z INFO ] Using flash stub
ets Jul 29 2019 12:21:46

rst:0x1 (POWERON_RESET),boot:0x17 (SPI_FAST_FLASH_BOOT)
configsip: 0, SPIWP:0xee
clk_drv:0x00,q_drv:0x00,d_drv:0x00,cs0_drv:0x00,hd_drv:0x00,wp_drv:0x00
mode:DIO, clock div:2
load:0x3fff0030,len:7104
load:0x40078000,len:15576
load:0x40080400,len:4
ho 8 tail 4 room 4
load:0x40080404,len:3876
entry 0x4008064c
[0;32mI (31) boot: ESP-IDF v5.1-beta1-378-gea5e0ff298-dirt 2nd stage bootloader[0m
[0;32mI (31) boot: compile time Jun  7 2023 07:48:23[0m
[0;32mI (33) boot: Multicore bootloader[0m
[0;32mI (37) boot: chip revision: v3.1[0m
[0;32mI (41) boot.esp32: SPI Speed      : 40MHz[0m
[0;32mI (46) boot.esp32: SPI Mode       : DIO[0m
[0;32mI (50) boot.esp32: SPI Flash Size : 4MB[0m
[0;32mI (55) boot: Enabling RNG early entropy source...[0m
[0;32mI (60) boot: Partition Table:[0m
[0;32mI (64) boot: ## Label            Usage          Type ST Offset   Length[0m
[0;32mI (71) boot:  0 nvs              WiFi data        01 02 00009000 00006000[0m
[0;32mI (79) boot:  1 phy_init         RF data          01 01 0000f000 00001000[0m
[0;32mI (86) boot:  2 factory          factory app      00 00 00010000 003f0000[0m
[0;32mI (94) boot: End of partition table[0m
[0;32mI (98) esp_image: segment 0: paddr=00010020 vaddr=3f400020 size=123078h (1192056) map[0m
[0;32mI (537) esp_image: segment 1: paddr=001330a0 vaddr=3ffb0000 size=02f98h ( 12184) load[0m
[0;32mI (542) esp_image: segment 2: paddr=00136040 vaddr=40080000 size=09fd8h ( 40920) load[0m
[0;32mI (560) esp_image: segment 3: paddr=00140020 vaddr=400d0020 size=6c374h (443252) map[0m
[0;32mI (720) esp_image: segment 4: paddr=001ac39c vaddr=40089fd8 size=06e08h ( 28168) load[0m
[0;32mI (732) esp_image: segment 5: paddr=001b31ac vaddr=50000000 size=00020h (    32) load[0m
[0;32mI (741) boot: Loaded app from partition at offset 0x10000[0m
[0;32mI (741) boot: Disabling RNG early entropy source...[0m
I (755) quad_psram: This chip is ESP32-D0WD
I (757) esp_psram: Found 8MB PSRAM device
I (757) esp_psram: Speed: 40MHz
I (757) esp_psram: PSRAM initialized, cache is in low/high (2-core) mode.
W (762) esp_psram: Virtual address not enough for PSRAM, map as much as we can. 4MB is mapped
I (770) cpu_start: Multicore app
I (1678) esp_psram: SPI SRAM memory test OK
I (1686) cpu_start: GPIO 3 and 1 are used as console UART I/O pins
I (1686) cpu_start: Pro cpu start user code
I (1686) cpu_start: cpu freq: 160000000 Hz
I (1688) app_init: Application information:
I (1692) app_init: Project name:     libespidf
I (1696) app_init: App version:      v0.4.4-14-gbc9e4be
I (1701) app_init: Compile time:     May  2 2026 10:02:09
I (1707) app_init: ELF file SHA256:  000000000...
I (1711) app_init: ESP-IDF:          v5.5.3
I (1715) efuse_init: Min chip rev:     v0.0
I (1719) efuse_init: Max chip rev:     v3.99 
I (1723) efuse_init: Chip rev:         v3.1
I (1727) heap_init: Initializing. RAM available for dynamic allocation:
I (1733) heap_init: At 3FFAE6E0 len 00001920 (6 KiB): DRAM
I (1738) heap_init: At 3FFC2940 len 0001D6C0 (117 KiB): DRAM
I (1744) heap_init: At 3FFE0440 len 00003AE0 (14 KiB): D/IRAM
I (1749) heap_init: At 3FFE4350 len 0001BCB0 (111 KiB): D/IRAM
I (1755) heap_init: At 40090DE0 len 0000F220 (60 KiB): IRAM
I (1761) esp_psram: Adding pool of 4096K of PSRAM memory to heap allocator
I (1768) spi_flash: detected chip: generic
I (1770) spi_flash: flash io: dio
W (1774) spi_flash: Detected size(16384k) larger than the size in the binary image header(4096k). Using the size in the binary image header.
I (1787) main_task: Started on CPU0
I (1797) esp_psram: Reserving pool of 32K of internal memory for DMA/internal allocations
I (1797) main_task: Calling app_main()
I (1797) mfsk_core_m5stack_core2: mfsk-core-m5stack-core2 PoC starting
I (1797) mfsk_core_m5stack_core2: mfsk-core version: 0.4.4
I (1807) mfsk_core_m5stack_core2: free heap: internal = 194 KB (largest contig 76 KB), PSRAM = 4093 KB
I (1817) mfsk_core_m5stack_core2: decode_block: NFFT_SPEC=4096, NMS α=0.75, Bp, parabolic-dt, Costas-first
I (1827) mfsk_core_m5stack_core2: baked WAVs: 3
I (2337) mfsk_core_m5stack_core2: 
════════════════════════════════════════════
I (2337) mfsk_core_m5stack_core2: RUN: max_cand=15  dt_grid=0  df_grid=0  q>12
I (2347) mfsk_core_m5stack_core2: ════════════════════════════════════════════
I (2357) mfsk_core_m5stack_core2: 
WAV: qso1 (191111_110130)
I (4127) mfsk_core_m5stack_core2:   stage 1 (spec):        1762251 us  (184× FFT, 1043 freq bins)
I (4887) mfsk_core_m5stack_core2:   stage 2 (sync):         763316 us  (30 cand)
I (5277) mfsk_core_m5stack_core2:   pass 2 (re-rank):       386638 us  → top 15 by sync_quality_block0
I (6127) mfsk_core_m5stack_core2:   stage 3 (refine+BP):    845931 us  (3 result(s))
I (6127) mfsk_core_m5stack_core2:   ─── total decode:     3761885 us = 3.762 s
I (6127) mfsk_core_m5stack_core2:     [0]  1292 Hz  SNR= -7.7 dB  e=0  'CQ R7IW LN35'
I (6137) mfsk_core_m5stack_core2:     [1]  2095 Hz  SNR=-10.5 dB  e=3  'CQ DX R6WA LN32'
I (6147) mfsk_core_m5stack_core2:     [2]   683 Hz  SNR=-12.6 dB  e=7  'CQ TA6CQ KN70'
I (6157) mfsk_core_m5stack_core2: 
WAV: qso2 (191111_110200)
I (7907) mfsk_core_m5stack_core2:   stage 1 (spec):        1749007 us  (184× FFT, 1043 freq bins)
I (8667) mfsk_core_m5stack_core2:   stage 2 (sync):         761480 us  (30 cand)
I (9067) mfsk_core_m5stack_core2:   pass 2 (re-rank):       396027 us  → top 15 by sync_quality_block0
I (10147) mfsk_core_m5stack_core2:   stage 3 (refine+BP):   1077063 us  (5 result(s))
I (10147) mfsk_core_m5stack_core2:   ─── total decode:     3987324 us = 3.987 s
I (10147) mfsk_core_m5stack_core2:     [0]  1292 Hz  SNR=-10.4 dB  e=5  'CQ R7IW LN35'
I (10157) mfsk_core_m5stack_core2:     [1]   990 Hz  SNR=-17.9 dB  e=15  'OH3NIV ZS6S RR73'
I (10167) mfsk_core_m5stack_core2:     [2]  2098 Hz  SNR=-14.0 dB  e=6  'CQ DX R6WA LN32'
I (10177) mfsk_core_m5stack_core2:     [3]   683 Hz  SNR=-14.4 dB  e=2  'CQ TA6CQ KN70'
I (10187) mfsk_core_m5stack_core2:     [4]  1031 Hz  SNR=-18.0 dB  e=17  'CQ LZ1JZ KN22'
I (10187) mfsk_core_m5stack_core2: 
WAV: qso3 busy band (210703)
I (11947) mfsk_core_m5stack_core2:   stage 1 (spec):        1749016 us  (184× FFT, 1043 freq bins)
I (12687) mfsk_core_m5stack_core2:   stage 2 (sync):         738550 us  (30 cand)
I (13077) mfsk_core_m5stack_core2:   pass 2 (re-rank):       388312 us  → top 15 by sync_quality_block0
I (15257) mfsk_core_m5stack_core2:   stage 3 (refine+BP):   2178167 us  (6 result(s))
I (15257) mfsk_core_m5stack_core2:   ─── total decode:     5057812 us = 5.058 s
I (15257) mfsk_core_m5stack_core2:     [0]  2572 Hz  SNR=-11.7 dB  e=0  'W1FC F5BZB -8'
I (15267) mfsk_core_m5stack_core2:     [1]  2156 Hz  SNR=-11.5 dB  e=0  'WM3PEN EA6VQ -9'
I (15277) mfsk_core_m5stack_core2:     [2]   589 Hz  SNR=-16.6 dB  e=17  'K1JT HA0DU KN07'
I (15287) mfsk_core_m5stack_core2:     [3]   724 Hz  SNR=-11.8 dB  e=2  'A92EE F5PSR -14'
I (15287) mfsk_core_m5stack_core2:     [4]  2733 Hz  SNR=-15.5 dB  e=15  'W1DIG SV9CVY -14'
I (15297) mfsk_core_m5stack_core2:     [5]  1198 Hz  SNR=-10.7 dB  e=3  'CQ F5RXL IN94'
I (15307) mfsk_core_m5stack_core2: 
════════════════════════════════════════════
I (15317) mfsk_core_m5stack_core2: RUN: max_cand=20  dt_grid=0  df_grid=0  q>12
I (15327) mfsk_core_m5stack_core2: ════════════════════════════════════════════
I (15347) mfsk_core_m5stack_core2: 
WAV: qso1 (191111_110130)
I (17097) mfsk_core_m5stack_core2:   stage 1 (spec):        1749015 us  (184× FFT, 1043 freq bins)
I (17867) mfsk_core_m5stack_core2:   stage 2 (sync):         763326 us  (30 cand)
I (18247) mfsk_core_m5stack_core2:   pass 2 (re-rank):       387088 us  → top 20 by sync_quality_block0
I (19277) mfsk_core_m5stack_core2:   stage 3 (refine+BP):   1021476 us  (3 result(s))
I (19277) mfsk_core_m5stack_core2:   ─── total decode:     3924661 us = 3.925 s
I (19277) mfsk_core_m5stack_core2:     [0]  1292 Hz  SNR= -7.7 dB  e=0  'CQ R7IW LN35'
I (19287) mfsk_core_m5stack_core2:     [1]  2095 Hz  SNR=-10.5 dB  e=3  'CQ DX R6WA LN32'
I (19297) mfsk_core_m5stack_core2:     [2]   683 Hz  SNR=-12.6 dB  e=7  'CQ TA6CQ KN70'
I (19297) mfsk_core_m5stack_core2: 
WAV: qso2 (191111_110200)
I (21057) mfsk_core_m5stack_core2:   stage 1 (spec):        1749019 us  (184× FFT, 1043 freq bins)
I (21817) mfsk_core_m5stack_core2:   stage 2 (sync):         761508 us  (30 cand)
I (22217) mfsk_core_m5stack_core2:   pass 2 (re-rank):       395881 us  → top 20 by sync_quality_block0
I (23467) mfsk_core_m5stack_core2:   stage 3 (refine+BP):   1252718 us  (5 result(s))
I (23467) mfsk_core_m5stack_core2:   ─── total decode:     4162886 us = 4.163 s
I (23477) mfsk_core_m5stack_core2:     [0]  2098 Hz  SNR=-14.0 dB  e=6  'CQ DX R6WA LN32'
I (23487) mfsk_core_m5stack_core2:     [1]  1292 Hz  SNR=-10.4 dB  e=5  'CQ R7IW LN35'
I (23487) mfsk_core_m5stack_core2:     [2]   990 Hz  SNR=-17.9 dB  e=15  'OH3NIV ZS6S RR73'
I (23497) mfsk_core_m5stack_core2:     [3]   683 Hz  SNR=-14.4 dB  e=2  'CQ TA6CQ KN70'
I (23507) mfsk_core_m5stack_core2:     [4]  1031 Hz  SNR=-18.0 dB  e=17  'CQ LZ1JZ KN22'
I (23517) mfsk_core_m5stack_core2: 
WAV: qso3 busy band (210703)
I (25267) mfsk_core_m5stack_core2:   stage 1 (spec):        1749019 us  (184× FFT, 1043 freq bins)
I (26007) mfsk_core_m5stack_core2:   stage 2 (sync):         738530 us  (30 cand)
I (26397) mfsk_core_m5stack_core2:   pass 2 (re-rank):       387988 us  → top 20 by sync_quality_block0
I (28757) mfsk_core_m5stack_core2:   stage 3 (refine+BP):   2353561 us  (6 result(s))
I (28757) mfsk_core_m5stack_core2:   ─── total decode:     5232869 us = 5.233 s
I (28757) mfsk_core_m5stack_core2:     [0]  2156 Hz  SNR=-11.5 dB  e=0  'WM3PEN EA6VQ -9'
I (28767) mfsk_core_m5stack_core2:     [1]  2572 Hz  SNR=-11.7 dB  e=0  'W1FC F5BZB -8'
I (28777) mfsk_core_m5stack_core2:     [2]   589 Hz  SNR=-16.6 dB  e=17  'K1JT HA0DU KN07'
I (28777) mfsk_core_m5stack_core2:     [3]   724 Hz  SNR=-11.8 dB  e=2  'A92EE F5PSR -14'
I (28787) mfsk_core_m5stack_core2:     [4]  2733 Hz  SNR=-15.5 dB  e=15  'W1DIG SV9CVY -14'
I (28797) mfsk_core_m5stack_core2:     [5]  1198 Hz  SNR=-10.7 dB  e=3  'CQ F5RXL IN94'
I (28807) mfsk_core_m5stack_core2: 
════════════════════════════════════════════
I (28817) mfsk_core_m5stack_core2: RUN: max_cand=30  dt_grid=0  df_grid=0  q>12
I (28827) mfsk_core_m5stack_core2: ════════════════════════════════════════════
I (28837) mfsk_core_m5stack_core2: 
WAV: qso1 (191111_110130)
I (30597) mfsk_core_m5stack_core2:   stage 1 (spec):        1749018 us  (184× FFT, 1043 freq bins)
I (31357) mfsk_core_m5stack_core2:   stage 2 (sync):         763322 us  (30 cand)
I (31747) mfsk_core_m5stack_core2:   pass 2 (re-rank):       389175 us  → top 30 by sync_quality_block0
I (33127) mfsk_core_m5stack_core2:   stage 3 (refine+BP):   1371397 us  (3 result(s))
I (33127) mfsk_core_m5stack_core2:   ─── total decode:     4276852 us = 4.277 s
I (33127) mfsk_core_m5stack_core2:     [0]  1292 Hz  SNR= -7.7 dB  e=0  'CQ R7IW LN35'
I (33137) mfsk_core_m5stack_core2:     [1]  2095 Hz  SNR=-10.5 dB  e=3  'CQ DX R6WA LN32'
I (33147) mfsk_core_m5stack_core2:     [2]   683 Hz  SNR=-12.6 dB  e=7  'CQ TA6CQ KN70'
I (33157) mfsk_core_m5stack_core2: 
WAV: qso2 (191111_110200)
I (34907) mfsk_core_m5stack_core2:   stage 1 (spec):        1749016 us  (184× FFT, 1043 freq bins)
I (35667) mfsk_core_m5stack_core2:   stage 2 (sync):         761496 us  (30 cand)
I (36067) mfsk_core_m5stack_core2:   pass 2 (re-rank):       397967 us  → top 30 by sync_quality_block0
I (37677) mfsk_core_m5stack_core2:   stage 3 (refine+BP):   1604011 us  (5 result(s))
I (37677) mfsk_core_m5stack_core2:   ─── total decode:     4516315 us = 4.516 s
I (37677) mfsk_core_m5stack_core2:     [0]  1292 Hz  SNR=-10.4 dB  e=5  'CQ R7IW LN35'
I (37687) mfsk_core_m5stack_core2:     [1]   990 Hz  SNR=-17.9 dB  e=15  'OH3NIV ZS6S RR73'
I (37697) mfsk_core_m5stack_core2:     [2]  2098 Hz  SNR=-14.0 dB  e=6  'CQ DX R6WA LN32'
I (37707) mfsk_core_m5stack_core2:     [3]   683 Hz  SNR=-14.4 dB  e=2  'CQ TA6CQ KN70'
I (37707) mfsk_core_m5stack_core2:     [4]  1031 Hz  SNR=-18.0 dB  e=17  'CQ LZ1JZ KN22'
I (37717) mfsk_core_m5stack_core2: 
WAV: qso3 busy band (210703)
I (39477) mfsk_core_m5stack_core2:   stage 1 (spec):        1749024 us  (184× FFT, 1043 freq bins)
I (40217) mfsk_core_m5stack_core2:   stage 2 (sync):         738563 us  (30 cand)
I (40607) mfsk_core_m5stack_core2:   pass 2 (re-rank):       392016 us  → top 30 by sync_quality_block0
I (43317) mfsk_core_m5stack_core2:   stage 3 (refine+BP):   2706526 us  (6 result(s))
I (43317) mfsk_core_m5stack_core2:   ─── total decode:     5589939 us = 5.590 s
I (43317) mfsk_core_m5stack_core2:     [0]  2572 Hz  SNR=-11.7 dB  e=0  'W1FC F5BZB -8'
I (43327) mfsk_core_m5stack_core2:     [1]  2156 Hz  SNR=-11.5 dB  e=0  'WM3PEN EA6VQ -9'
I (43337) mfsk_core_m5stack_core2:     [2]   589 Hz  SNR=-16.6 dB  e=17  'K1JT HA0DU KN07'
I (43347) mfsk_core_m5stack_core2:     [3]   724 Hz  SNR=-11.8 dB  e=2  'A92EE F5PSR -14'
I (43347) mfsk_core_m5stack_core2:     [4]  2733 Hz  SNR=-15.5 dB  e=15  'W1DIG SV9CVY -14'
I (43357) mfsk_core_m5stack_core2:     [5]  1198 Hz  SNR=-10.7 dB  e=3  'CQ F5RXL IN94'
I (43367) mfsk_core_m5stack_core2: 
=== Sweep complete. Idling. ===
