[2026-05-01T13:52:11Z INFO ] 🚀 A new version of espflash is available: v4.4.0
[2026-05-01T13:52:11Z INFO ] Serial port: '/dev/ttyACM0'
[2026-05-01T13:52:11Z INFO ] Connecting...
[2026-05-01T13:52:11Z INFO ] Using flash stub
ets Jul 29 2019 12:21:46

rst:0x1 (POWERON_RESET),boot:0x17 (SPI_FAST_FLASH_BOOT)
configsip: 0, SPIWP:0xee
clk_drv:0x00,q_drv:0x00,d_drv:0x00,cs0_drv:0x00,hd_drv:0x00,wp_drv:0x00
mode:DIO, clock div:2
load:0x3fff0030,len:7104
load:0x40078000,len:15576
load:0x40080400,len:4
ho 8 tail 4 room 4
load:0x40080404,len:3876
entry 0x4008064c
[0;32mI (31) boot: ESP-IDF v5.1-beta1-378-gea5e0ff298-dirt 2nd stage bootloader[0m
[0;32mI (31) boot: compile time Jun  7 2023 07:48:23[0m
[0;32mI (33) boot: Multicore bootloader[0m
[0;32mI (37) boot: chip revision: v3.1[0m
[0;32mI (41) boot.esp32: SPI Speed      : 40MHz[0m
[0;32mI (46) boot.esp32: SPI Mode       : DIO[0m
[0;32mI (50) boot.esp32: SPI Flash Size : 4MB[0m
[0;32mI (55) boot: Enabling RNG early entropy source...[0m
[0;32mI (60) boot: Partition Table:[0m
[0;32mI (64) boot: ## Label            Usage          Type ST Offset   Length[0m
[0;32mI (71) boot:  0 nvs              WiFi data        01 02 00009000 00006000[0m
[0;32mI (79) boot:  1 phy_init         RF data          01 01 0000f000 00001000[0m
[0;32mI (86) boot:  2 factory          factory app      00 00 00010000 003f0000[0m
[0;32mI (94) boot: End of partition table[0m
[0;32mI (98) esp_image: segment 0: paddr=00010020 vaddr=3f400020 size=122e58h (1191512) map[0m
[0;32mI (537) esp_image: segment 1: paddr=00132e80 vaddr=3ffb0000 size=02f98h ( 12184) load[0m
[0;32mI (542) esp_image: segment 2: paddr=00135e20 vaddr=40080000 size=0a1f8h ( 41464) load[0m
[0;32mI (560) esp_image: segment 3: paddr=00140020 vaddr=400d0020 size=685e4h (427492) map[0m
[0;32mI (714) esp_image: segment 4: paddr=001a860c vaddr=4008a1f8 size=06be8h ( 27624) load[0m
[0;32mI (726) esp_image: segment 5: paddr=001af1fc vaddr=50000000 size=00020h (    32) load[0m
[0;32mI (735) boot: Loaded app from partition at offset 0x10000[0m
[0;32mI (735) boot: Disabling RNG early entropy source...[0m
I (749) quad_psram: This chip is ESP32-D0WD
I (751) esp_psram: Found 8MB PSRAM device
I (751) esp_psram: Speed: 40MHz
I (751) esp_psram: PSRAM initialized, cache is in low/high (2-core) mode.
W (756) esp_psram: Virtual address not enough for PSRAM, map as much as we can. 4MB is mapped
I (765) cpu_start: Multicore app
I (1672) esp_psram: SPI SRAM memory test OK
I (1680) cpu_start: GPIO 3 and 1 are used as console UART I/O pins
I (1680) cpu_start: Pro cpu start user code
I (1681) cpu_start: cpu freq: 160000000 Hz
I (1683) app_init: Application information:
I (1686) app_init: Project name:     libespidf
I (1691) app_init: App version:      v0.4.4-dirty
I (1695) app_init: Compile time:     May  1 2026 14:25:52
I (1700) app_init: ELF file SHA256:  000000000...
I (1705) app_init: ESP-IDF:          v5.5.3
I (1709) efuse_init: Min chip rev:     v0.0
I (1712) efuse_init: Max chip rev:     v3.99 
I (1717) efuse_init: Chip rev:         v3.1
I (1721) heap_init: Initializing. RAM available for dynamic allocation:
I (1727) heap_init: At 3FFAE6E0 len 00001920 (6 KiB): DRAM
I (1732) heap_init: At 3FFB3940 len 0002C6C0 (177 KiB): DRAM
I (1737) heap_init: At 3FFE0440 len 00003AE0 (14 KiB): D/IRAM
I (1743) heap_init: At 3FFE4350 len 0001BCB0 (111 KiB): D/IRAM
I (1748) heap_init: At 40090DE0 len 0000F220 (60 KiB): IRAM
I (1754) esp_psram: Adding pool of 4096K of PSRAM memory to heap allocator
I (1762) spi_flash: detected chip: generic
I (1764) spi_flash: flash io: dio
W (1767) spi_flash: Detected size(16384k) larger than the size in the binary image header(4096k). Using the size in the binary image header.
I (1781) main_task: Started on CPU0
I (1791) esp_psram: Reserving pool of 32K of internal memory for DMA/internal allocations
I (1791) main_task: Calling app_main()
I (1791) mfsk_core_m5stack_core2: mfsk-core-m5stack-core2 PoC starting
I (1791) mfsk_core_m5stack_core2: mfsk-core version: 0.4.4
I (1801) mfsk_core_m5stack_core2: free heap: internal = 271 KB (largest contig 144 KB), PSRAM = 4093 KB
I (1811) mfsk_core_m5stack_core2: decode_block: NFFT_SPEC=4096, NMS α=0.75, Bp, parabolic-dt, Costas-first
I (1821) mfsk_core_m5stack_core2: baked WAVs: 3
I (2321) mfsk_core_m5stack_core2: 
════════════════════════════════════════════
I (2321) mfsk_core_m5stack_core2: RUN: max_cand=12  dt_grid=0  df_grid=0  q>3
I (2331) mfsk_core_m5stack_core2: ════════════════════════════════════════════
I (2341) mfsk_core_m5stack_core2: 
WAV: qso1 (191111_110130)
I (4051) mfsk_core_m5stack_core2:   stage 1 (spec):        1700858 us  (184× FFT, 940 freq bins)
I (5611) mfsk_core_m5stack_core2:   stage 2 (sync):        1564593 us  (12 candidate(s))
I (9001) mfsk_core_m5stack_core2:   stage 3 (refine+BP):   3379587 us  (1 result(s))
I (9001) mfsk_core_m5stack_core2:   ─── total decode:     6647717 us = 6.648 s
I (9001) mfsk_core_m5stack_core2:     [0]  2095 Hz  SNR=-11.5 dB  e=0  'CQ DX R6WA LN32'
I (9011) mfsk_core_m5stack_core2: 
WAV: qso2 (191111_110200)
I (10701) mfsk_core_m5stack_core2:   stage 1 (spec):        1687570 us  (184× FFT, 940 freq bins)
I (12271) mfsk_core_m5stack_core2:   stage 2 (sync):        1564216 us  (12 candidate(s))
I (19601) mfsk_core_m5stack_core2:   stage 3 (refine+BP):   7335227 us  (4 result(s))
I (19601) mfsk_core_m5stack_core2:   ─── total decode:    10589705 us = 10.590 s
I (19611) mfsk_core_m5stack_core2:     [0]  1292 Hz  SNR= -9.5 dB  e=0  'CQ R7IW LN35'
I (19621) mfsk_core_m5stack_core2:     [1]  2098 Hz  SNR=-14.8 dB  e=0  'CQ DX R6WA LN32'
I (19621) mfsk_core_m5stack_core2:     [2]   683 Hz  SNR=-15.7 dB  e=0  'CQ TA6CQ KN70'
I (19631) mfsk_core_m5stack_core2:     [3]  1031 Hz  SNR=-16.9 dB  e=0  'CQ LZ1JZ KN22'
I (19641) mfsk_core_m5stack_core2: 
WAV: qso3 busy band (210703)
I (21331) mfsk_core_m5stack_core2:   stage 1 (spec):        1687575 us  (184× FFT, 940 freq bins)
I (22871) mfsk_core_m5stack_core2:   stage 2 (sync):        1534964 us  (12 candidate(s))
I (26011) mfsk_core_m5stack_core2:   stage 3 (refine+BP):   3137806 us  (2 result(s))
I (26011) mfsk_core_m5stack_core2:   ─── total decode:     6363026 us = 6.363 s
I (26011) mfsk_core_m5stack_core2:     [0]  2572 Hz  SNR=-13.0 dB  e=0  'W1FC F5BZB -8'
I (26021) mfsk_core_m5stack_core2:     [1]  2159 Hz  SNR=-15.3 dB  e=0  'WM3PEN EA6VQ -9'
I (26031) mfsk_core_m5stack_core2: 
════════════════════════════════════════════
I (26041) mfsk_core_m5stack_core2: RUN: max_cand=12  dt_grid=0  df_grid=3  q>3
I (26051) mfsk_core_m5stack_core2: ════════════════════════════════════════════
I (26061) mfsk_core_m5stack_core2: 
WAV: qso1 (191111_110130)
I (27761) mfsk_core_m5stack_core2:   stage 1 (spec):        1687564 us  (184× FFT, 940 freq bins)
I (29321) mfsk_core_m5stack_core2:   stage 2 (sync):        1564703 us  (12 candidate(s))
I (37721) mfsk_core_m5stack_core2:   stage 3 (refine+BP):   8398102 us  (1 result(s))
I (37721) mfsk_core_m5stack_core2:   ─── total decode:    11653056 us = 11.653 s
I (37731) mfsk_core_m5stack_core2:     [0]  2095 Hz  SNR=-11.5 dB  e=0  'CQ DX R6WA LN32'
I (37741) mfsk_core_m5stack_core2: 
WAV: qso2 (191111_110200)
I (39431) mfsk_core_m5stack_core2:   stage 1 (spec):        1687565 us  (184× FFT, 940 freq bins)
I (41001) mfsk_core_m5stack_core2:   stage 2 (sync):        1564223 us  (12 candidate(s))
I (51421) mfsk_core_m5stack_core2:   stage 3 (refine+BP):  10424446 us  (4 result(s))
I (51421) mfsk_core_m5stack_core2:   ─── total decode:    13678927 us = 13.679 s
I (51431) mfsk_core_m5stack_core2:     [0]  1291 Hz  SNR= -9.8 dB  e=0  'CQ R7IW LN35'
I (51431) mfsk_core_m5stack_core2:     [1]  2097 Hz  SNR=-14.7 dB  e=0  'CQ DX R6WA LN32'
I (51441) mfsk_core_m5stack_core2:     [2]   683 Hz  SNR=-15.7 dB  e=0  'CQ TA6CQ KN70'
I (51451) mfsk_core_m5stack_core2:     [3]  1032 Hz  SNR=-17.4 dB  e=30  'CQ LZ1JZ KN22'
I (51461) mfsk_core_m5stack_core2: 
WAV: qso3 busy band (210703)
I (53151) mfsk_core_m5stack_core2:   stage 1 (spec):        1687566 us  (184× FFT, 940 freq bins)
I (54691) mfsk_core_m5stack_core2:   stage 2 (sync):        1534966 us  (12 candidate(s))
I (61191) mfsk_core_m5stack_core2:   stage 3 (refine+BP):   6501638 us  (2 result(s))
I (61191) mfsk_core_m5stack_core2:   ─── total decode:     9726851 us = 9.727 s
I (61201) mfsk_core_m5stack_core2:     [0]  2572 Hz  SNR=-12.9 dB  e=0  'W1FC F5BZB -8'
I (61201) mfsk_core_m5stack_core2:     [1]  2158 Hz  SNR=-14.8 dB  e=0  'WM3PEN EA6VQ -9'
I (61211) mfsk_core_m5stack_core2: 
════════════════════════════════════════════
I (61231) mfsk_core_m5stack_core2: RUN: max_cand=12  dt_grid=3  df_grid=0  q>3
I (61231) mfsk_core_m5stack_core2: ════════════════════════════════════════════
I (61251) mfsk_core_m5stack_core2: 
WAV: qso1 (191111_110130)
I (62941) mfsk_core_m5stack_core2:   stage 1 (spec):        1687565 us  (184× FFT, 940 freq bins)
I (64511) mfsk_core_m5stack_core2:   stage 2 (sync):        1564720 us  (12 candidate(s))
I (74431) mfsk_core_m5stack_core2:   stage 3 (refine+BP):   9919296 us  (1 result(s))
I (74431) mfsk_core_m5stack_core2:   ─── total decode:    13174258 us = 13.174 s
I (74431) mfsk_core_m5stack_core2:     [0]  2095 Hz  SNR=-11.5 dB  e=0  'CQ DX R6WA LN32'
I (74441) mfsk_core_m5stack_core2: 
WAV: qso2 (191111_110200)
I (76131) mfsk_core_m5stack_core2:   stage 1 (spec):        1687560 us  (184× FFT, 940 freq bins)
I (77701) mfsk_core_m5stack_core2:   stage 2 (sync):        1564236 us  (12 candidate(s))
I (86871) mfsk_core_m5stack_core2:   stage 3 (refine+BP):   9172475 us  (4 result(s))
I (86871) mfsk_core_m5stack_core2:   ─── total decode:    12426967 us = 12.427 s
I (86881) mfsk_core_m5stack_core2:     [0]  1292 Hz  SNR= -9.5 dB  e=0  'CQ R7IW LN35'
I (86891) mfsk_core_m5stack_core2:     [1]  2098 Hz  SNR= -9.6 dB  e=0  'CQ DX R6WA LN32'
I (86891) mfsk_core_m5stack_core2:     [2]   683 Hz  SNR= -9.7 dB  e=0  'CQ TA6CQ KN70'
I (86901) mfsk_core_m5stack_core2:     [3]  1031 Hz  SNR=-16.9 dB  e=0  'CQ LZ1JZ KN22'
I (86911) mfsk_core_m5stack_core2: 
WAV: qso3 busy band (210703)
I (88601) mfsk_core_m5stack_core2:   stage 1 (spec):        1687574 us  (184× FFT, 940 freq bins)
I (90141) mfsk_core_m5stack_core2:   stage 2 (sync):        1534973 us  (12 candidate(s))
I (95911) mfsk_core_m5stack_core2:   stage 3 (refine+BP):   5770473 us  (2 result(s))
I (95911) mfsk_core_m5stack_core2:   ─── total decode:     8995698 us = 8.996 s
I (95921) mfsk_core_m5stack_core2:     [0]  2572 Hz  SNR= -2.0 dB  e=0  'W1FC F5BZB -8'
I (95921) mfsk_core_m5stack_core2:     [1]  2159 Hz  SNR= -5.5 dB  e=0  'WM3PEN EA6VQ -9'
I (95931) mfsk_core_m5stack_core2: 
════════════════════════════════════════════
I (95951) mfsk_core_m5stack_core2: RUN: max_cand=12  dt_grid=3  df_grid=3  q>3
I (95951) mfsk_core_m5stack_core2: ════════════════════════════════════════════
I (95971) mfsk_core_m5stack_core2: 
WAV: qso1 (191111_110130)
I (97661) mfsk_core_m5stack_core2:   stage 1 (spec):        1687559 us  (184× FFT, 940 freq bins)
I (99231) mfsk_core_m5stack_core2:   stage 2 (sync):        1564706 us  (12 candidate(s))
I (115561) mfsk_core_m5stack_core2:   stage 3 (refine+BP):  16332407 us  (1 result(s))
I (115561) mfsk_core_m5stack_core2:   ─── total decode:    19587358 us = 19.587 s
I (115571) mfsk_core_m5stack_core2:     [0]  2095 Hz  SNR=-11.5 dB  e=0  'CQ DX R6WA LN32'
I (115571) mfsk_core_m5stack_core2: 
WAV: qso2 (191111_110200)
I (117271) mfsk_core_m5stack_core2:   stage 1 (spec):        1687574 us  (184× FFT, 940 freq bins)
I (118831) mfsk_core_m5stack_core2:   stage 2 (sync):        1564220 us  (12 candidate(s))
I (134821) mfsk_core_m5stack_core2:   stage 3 (refine+BP):  15986079 us  (4 result(s))
I (134821) mfsk_core_m5stack_core2:   ─── total decode:    19240574 us = 19.241 s
I (134831) mfsk_core_m5stack_core2:     [0]  1291 Hz  SNR=-15.3 dB  e=0  'CQ R7IW LN35'
I (134831) mfsk_core_m5stack_core2:     [1]  2097 Hz  SNR= -9.4 dB  e=0  'CQ DX R6WA LN32'
I (134841) mfsk_core_m5stack_core2:     [2]   682 Hz  SNR=-10.4 dB  e=0  'CQ TA6CQ KN70'
I (134851) mfsk_core_m5stack_core2:     [3]  1032 Hz  SNR=-17.4 dB  e=30  'CQ LZ1JZ KN22'
I (134861) mfsk_core_m5stack_core2: 
WAV: qso3 busy band (210703)
I (136551) mfsk_core_m5stack_core2:   stage 1 (spec):        1687574 us  (184× FFT, 940 freq bins)
I (138091) mfsk_core_m5stack_core2:   stage 2 (sync):        1534955 us  (12 candidate(s))
I (150421) mfsk_core_m5stack_core2:   stage 3 (refine+BP):  12332906 us  (2 result(s))
I (150421) mfsk_core_m5stack_core2:   ─── total decode:    15558121 us = 15.558 s
I (150431) mfsk_core_m5stack_core2:     [0]  2572 Hz  SNR=-12.9 dB  e=0  'W1FC F5BZB -8'
I (150431) mfsk_core_m5stack_core2:     [1]  2158 Hz  SNR=-14.8 dB  e=0  'WM3PEN EA6VQ -9'
I (150441) mfsk_core_m5stack_core2: 
════════════════════════════════════════════
I (150461) mfsk_core_m5stack_core2: RUN: max_cand=20  dt_grid=0  df_grid=0  q>3
I (150461) mfsk_core_m5stack_core2: ════════════════════════════════════════════
I (150481) mfsk_core_m5stack_core2: 
WAV: qso1 (191111_110130)
I (152171) mfsk_core_m5stack_core2:   stage 1 (spec):        1687567 us  (184× FFT, 940 freq bins)
I (153741) mfsk_core_m5stack_core2:   stage 2 (sync):        1564715 us  (20 candidate(s))
I (162901) mfsk_core_m5stack_core2:   stage 3 (refine+BP):   9158903 us  (2 result(s))
I (162901) mfsk_core_m5stack_core2:   ─── total decode:    12413869 us = 12.414 s
I (162901) mfsk_core_m5stack_core2:     [0]  2095 Hz  SNR=-11.5 dB  e=0  'CQ DX R6WA LN32'
I (162911) mfsk_core_m5stack_core2:     [1]   686 Hz  SNR=-16.9 dB  e=43  '2V0ECB QN4BWU AD99'
I (162921) mfsk_core_m5stack_core2: 
WAV: qso2 (191111_110200)
I (164611) mfsk_core_m5stack_core2:   stage 1 (spec):        1687573 us  (184× FFT, 940 freq bins)
I (166181) mfsk_core_m5stack_core2:   stage 2 (sync):        1564215 us  (20 candidate(s))
I (177381) mfsk_core_m5stack_core2:   stage 3 (refine+BP):  11197058 us  (5 result(s))
I (177381) mfsk_core_m5stack_core2:   ─── total decode:    14451551 us = 14.452 s
I (177381) mfsk_core_m5stack_core2:     [0]  1292 Hz  SNR= -9.5 dB  e=0  'CQ R7IW LN35'
I (177391) mfsk_core_m5stack_core2:     [1]  2098 Hz  SNR=-14.8 dB  e=0  'CQ DX R6WA LN32'
I (177401) mfsk_core_m5stack_core2:     [2]   683 Hz  SNR=-15.7 dB  e=0  'CQ TA6CQ KN70'
I (177411) mfsk_core_m5stack_core2:     [3]  1031 Hz  SNR=-16.9 dB  e=0  'CQ LZ1JZ KN22'
I (177411) mfsk_core_m5stack_core2:     [4]   990 Hz  SNR=-17.9 dB  e=0  'OH3NIV ZS6S RR73'
I (177421) mfsk_core_m5stack_core2: 
WAV: qso3 busy band (210703)
I (179111) mfsk_core_m5stack_core2:   stage 1 (spec):        1687565 us  (184× FFT, 940 freq bins)
I (180651) mfsk_core_m5stack_core2:   stage 2 (sync):        1534968 us  (20 candidate(s))
I (187511) mfsk_core_m5stack_core2:   stage 3 (refine+BP):   6854315 us  (2 result(s))
I (187511) mfsk_core_m5stack_core2:   ─── total decode:    10079535 us = 10.080 s
I (187511) mfsk_core_m5stack_core2:     [0]  2572 Hz  SNR=-13.0 dB  e=0  'W1FC F5BZB -8'
I (187521) mfsk_core_m5stack_core2:     [1]  2159 Hz  SNR=-15.3 dB  e=0  'WM3PEN EA6VQ -9'
I (187531) mfsk_core_m5stack_core2: 
════════════════════════════════════════════
I (187541) mfsk_core_m5stack_core2: RUN: max_cand=20  dt_grid=0  df_grid=3  q>3
I (187551) mfsk_core_m5stack_core2: ════════════════════════════════════════════
I (187561) mfsk_core_m5stack_core2: 
WAV: qso1 (191111_110130)
I (189261) mfsk_core_m5stack_core2:   stage 1 (spec):        1687576 us  (184× FFT, 940 freq bins)
I (190821) mfsk_core_m5stack_core2:   stage 2 (sync):        1564728 us  (20 candidate(s))
I (203611) mfsk_core_m5stack_core2:   stage 3 (refine+BP):  12787589 us  (2 result(s))
I (203611) mfsk_core_m5stack_core2:   ─── total decode:    16042582 us = 16.043 s
I (203621) mfsk_core_m5stack_core2:     [0]  2095 Hz  SNR=-11.5 dB  e=0  'CQ DX R6WA LN32'
I (203631) mfsk_core_m5stack_core2:     [1]   685 Hz  SNR=-15.4 dB  e=0  'CQ TA6CQ KN70'
I (203631) mfsk_core_m5stack_core2: 
WAV: qso2 (191111_110200)
I (205331) mfsk_core_m5stack_core2:   stage 1 (spec):        1687572 us  (184× FFT, 940 freq bins)
I (206891) mfsk_core_m5stack_core2:   stage 2 (sync):        1564229 us  (20 candidate(s))
I (244521) mfsk_core_m5stack_core2:   stage 3 (refine+BP):  37628793 us  (5 result(s))
I (244521) mfsk_core_m5stack_core2:   ─── total decode:    40883303 us = 40.883 s
I (244531) mfsk_core_m5stack_core2:     [0]  1291 Hz  SNR= -9.8 dB  e=0  'CQ R7IW LN35'
I (244541) mfsk_core_m5stack_core2:     [1]  2097 Hz  SNR=-14.7 dB  e=0  'CQ DX R6WA LN32'
I (244541) mfsk_core_m5stack_core2:     [2]   683 Hz  SNR=-15.7 dB  e=0  'CQ TA6CQ KN70'
I (244551) mfsk_core_m5stack_core2:     [3]  1032 Hz  SNR=-17.4 dB  e=30  'CQ LZ1JZ KN22'
I (244561) mfsk_core_m5stack_core2:     [4]   991 Hz  SNR=-18.3 dB  e=17  'OH3NIV ZS6S RR73'
I (244571) mfsk_core_m5stack_core2: 
WAV: qso3 busy band (210703)
I (246261) mfsk_core_m5stack_core2:   stage 1 (spec):        1687571 us  (184× FFT, 940 freq bins)
I (247801) mfsk_core_m5stack_core2:   stage 2 (sync):        1534976 us  (20 candidate(s))
I (261631) mfsk_core_m5stack_core2:   stage 3 (refine+BP):  13827540 us  (2 result(s))
I (261631) mfsk_core_m5stack_core2:   ─── total decode:    17052764 us = 17.053 s
I (261631) mfsk_core_m5stack_core2:     [0]  2572 Hz  SNR=-12.9 dB  e=0  'W1FC F5BZB -8'
I (261641) mfsk_core_m5stack_core2:     [1]  2158 Hz  SNR=-14.8 dB  e=0  'WM3PEN EA6VQ -9'
I (261651) mfsk_core_m5stack_core2: 
════════════════════════════════════════════
I (261661) mfsk_core_m5stack_core2: RUN: max_cand=20  dt_grid=3  df_grid=0  q>3
I (261671) mfsk_core_m5stack_core2: ════════════════════════════════════════════
I (261681) mfsk_core_m5stack_core2: 
WAV: qso1 (191111_110130)
I (263381) mfsk_core_m5stack_core2:   stage 1 (spec):        1687563 us  (184× FFT, 940 freq bins)
I (264941) mfsk_core_m5stack_core2:   stage 2 (sync):        1564737 us  (20 candidate(s))
I (283451) mfsk_core_m5stack_core2:   stage 3 (refine+BP):  18508800 us  (2 result(s))
I (283451) mfsk_core_m5stack_core2:   ─── total decode:    21763781 us = 21.764 s
I (283461) mfsk_core_m5stack_core2:     [0]  2095 Hz  SNR=-11.5 dB  e=0  'CQ DX R6WA LN32'
I (283471) mfsk_core_m5stack_core2:     [1]   686 Hz  SNR=-16.9 dB  e=43  '2V0ECB QN4BWU AD99'
I (283471) mfsk_core_m5stack_core2: 
WAV: qso2 (191111_110200)
I (285171) mfsk_core_m5stack_core2:   stage 1 (spec):        1687574 us  (184× FFT, 940 freq bins)
I (286731) mfsk_core_m5stack_core2:   stage 2 (sync):        1564214 us  (20 candidate(s))
I (303211) mfsk_core_m5stack_core2:   stage 3 (refine+BP):  16474718 us  (5 result(s))
I (303211) mfsk_core_m5stack_core2:   ─── total decode:    19729206 us = 19.729 s
I (303221) mfsk_core_m5stack_core2:     [0]  1292 Hz  SNR= -9.5 dB  e=0  'CQ R7IW LN35'
I (303221) mfsk_core_m5stack_core2:     [1]  2098 Hz  SNR= -9.6 dB  e=0  'CQ DX R6WA LN32'
I (303231) mfsk_core_m5stack_core2:     [2]   683 Hz  SNR= -9.7 dB  e=0  'CQ TA6CQ KN70'
I (303241) mfsk_core_m5stack_core2:     [3]  1031 Hz  SNR=-16.9 dB  e=0  'CQ LZ1JZ KN22'
I (303251) mfsk_core_m5stack_core2:     [4]   990 Hz  SNR=-17.9 dB  e=0  'OH3NIV ZS6S RR73'
I (303251) mfsk_core_m5stack_core2: 
WAV: qso3 busy band (210703)
I (304951) mfsk_core_m5stack_core2:   stage 1 (spec):        1687571 us  (184× FFT, 940 freq bins)
I (306481) mfsk_core_m5stack_core2:   stage 2 (sync):        1534937 us  (20 candidate(s))
I (319561) mfsk_core_m5stack_core2:   stage 3 (refine+BP):  13071020 us  (2 result(s))
I (319561) mfsk_core_m5stack_core2:   ─── total decode:    16296213 us = 16.296 s
I (319561) mfsk_core_m5stack_core2:     [0]  2572 Hz  SNR= -2.0 dB  e=0  'W1FC F5BZB -8'
I (319571) mfsk_core_m5stack_core2:     [1]  2159 Hz  SNR= -5.5 dB  e=0  'WM3PEN EA6VQ -9'
I (319581) mfsk_core_m5stack_core2: 
════════════════════════════════════════════
I (319591) mfsk_core_m5stack_core2: RUN: max_cand=20  dt_grid=3  df_grid=3  q>3
I (319601) mfsk_core_m5stack_core2: ════════════════════════════════════════════
I (319611) mfsk_core_m5stack_core2: 
WAV: qso1 (191111_110130)
I (321311) mfsk_core_m5stack_core2:   stage 1 (spec):        1687565 us  (184× FFT, 940 freq bins)
I (322871) mfsk_core_m5stack_core2:   stage 2 (sync):        1564738 us  (20 candidate(s))
I (348871) mfsk_core_m5stack_core2:   stage 3 (refine+BP):  25995055 us  (2 result(s))
I (348871) mfsk_core_m5stack_core2:   ─── total decode:    29250047 us = 29.250 s
I (348881) mfsk_core_m5stack_core2:     [0]  2095 Hz  SNR=-11.5 dB  e=0  'CQ DX R6WA LN32'
I (348881) mfsk_core_m5stack_core2:     [1]   685 Hz  SNR=-14.7 dB  e=0  'CQ TA6CQ KN70'
I (348891) mfsk_core_m5stack_core2: 
WAV: qso2 (191111_110200)
I (350581) mfsk_core_m5stack_core2:   stage 1 (spec):        1687566 us  (184× FFT, 940 freq bins)
I (352151) mfsk_core_m5stack_core2:   stage 2 (sync):        1564238 us  (20 candidate(s))
I (399821) mfsk_core_m5stack_core2:   stage 3 (refine+BP):  47664799 us  (5 result(s))
I (399821) mfsk_core_m5stack_core2:   ─── total decode:    50919297 us = 50.919 s
I (399821) mfsk_core_m5stack_core2:     [0]  1291 Hz  SNR=-15.3 dB  e=0  'CQ R7IW LN35'
I (399831) mfsk_core_m5stack_core2:     [1]  2097 Hz  SNR= -9.4 dB  e=0  'CQ DX R6WA LN32'
I (399841) mfsk_core_m5stack_core2:     [2]   682 Hz  SNR=-10.4 dB  e=0  'CQ TA6CQ KN70'
I (399841) mfsk_core_m5stack_core2:     [3]  1032 Hz  SNR=-17.4 dB  e=30  'CQ LZ1JZ KN22'
I (399851) mfsk_core_m5stack_core2:     [4]   991 Hz  SNR=-19.8 dB  e=32  'OH3NIV ZS6S RR73'
I (399861) mfsk_core_m5stack_core2: 
WAV: qso3 busy band (210703)
I (401551) mfsk_core_m5stack_core2:   stage 1 (spec):        1687565 us  (184× FFT, 940 freq bins)
I (403091) mfsk_core_m5stack_core2:   stage 2 (sync):        1534980 us  (20 candidate(s))
I (427251) mfsk_core_m5stack_core2:   stage 3 (refine+BP):  24159267 us  (2 result(s))
I (427251) mfsk_core_m5stack_core2:   ─── total decode:    27384501 us = 27.385 s
I (427261) mfsk_core_m5stack_core2:     [0]  2572 Hz  SNR=-12.9 dB  e=0  'W1FC F5BZB -8'
I (427261) mfsk_core_m5stack_core2:     [1]  2158 Hz  SNR=-14.8 dB  e=0  'WM3PEN EA6VQ -9'
I (427271) mfsk_core_m5stack_core2: 
════════════════════════════════════════════
I (427291) mfsk_core_m5stack_core2: RUN: max_cand=12  dt_grid=0  df_grid=0  q>6
I (427291) mfsk_core_m5stack_core2: ════════════════════════════════════════════
I (427311) mfsk_core_m5stack_core2: 
WAV: qso1 (191111_110130)
I (429001) mfsk_core_m5stack_core2:   stage 1 (spec):        1687572 us  (184× FFT, 940 freq bins)
I (430571) mfsk_core_m5stack_core2:   stage 2 (sync):        1564748 us  (12 candidate(s))
I (431721) mfsk_core_m5stack_core2:   stage 3 (refine+BP):   1150677 us  (1 result(s))
I (431721) mfsk_core_m5stack_core2:   ─── total decode:     4405686 us = 4.406 s
I (431731) mfsk_core_m5stack_core2:     [0]  2095 Hz  SNR=-11.5 dB  e=0  'CQ DX R6WA LN32'
I (431731) mfsk_core_m5stack_core2: 
WAV: qso2 (191111_110200)
I (433431) mfsk_core_m5stack_core2:   stage 1 (spec):        1687571 us  (184× FFT, 940 freq bins)
I (434991) mfsk_core_m5stack_core2:   stage 2 (sync):        1564220 us  (12 candidate(s))
I (437631) mfsk_core_m5stack_core2:   stage 3 (refine+BP):   2639504 us  (4 result(s))
I (437631) mfsk_core_m5stack_core2:   ─── total decode:     5893991 us = 5.894 s
I (437641) mfsk_core_m5stack_core2:     [0]  1292 Hz  SNR= -9.5 dB  e=0  'CQ R7IW LN35'
I (437651) mfsk_core_m5stack_core2:     [1]  2098 Hz  SNR=-14.8 dB  e=0  'CQ DX R6WA LN32'
I (437651) mfsk_core_m5stack_core2:     [2]   683 Hz  SNR=-15.7 dB  e=0  'CQ TA6CQ KN70'
I (437661) mfsk_core_m5stack_core2:     [3]  1031 Hz  SNR=-16.9 dB  e=0  'CQ LZ1JZ KN22'
I (437671) mfsk_core_m5stack_core2: 
WAV: qso3 busy band (210703)
I (439361) mfsk_core_m5stack_core2:   stage 1 (spec):        1687573 us  (184× FFT, 940 freq bins)
I (440901) mfsk_core_m5stack_core2:   stage 2 (sync):        1534965 us  (12 candidate(s))
I (442281) mfsk_core_m5stack_core2:   stage 3 (refine+BP):   1380416 us  (2 result(s))
I (442281) mfsk_core_m5stack_core2:   ─── total decode:     4605635 us = 4.606 s
I (442291) mfsk_core_m5stack_core2:     [0]  2572 Hz  SNR=-13.0 dB  e=0  'W1FC F5BZB -8'
I (442291) mfsk_core_m5stack_core2:     [1]  2159 Hz  SNR=-15.3 dB  e=0  'WM3PEN EA6VQ -9'
I (442301) mfsk_core_m5stack_core2: 
════════════════════════════════════════════
I (442321) mfsk_core_m5stack_core2: RUN: max_cand=12  dt_grid=0  df_grid=3  q>6
I (442321) mfsk_core_m5stack_core2: ════════════════════════════════════════════
I (442341) mfsk_core_m5stack_core2: 
WAV: qso1 (191111_110130)
I (444031) mfsk_core_m5stack_core2:   stage 1 (spec):        1687565 us  (184× FFT, 940 freq bins)
I (445601) mfsk_core_m5stack_core2:   stage 2 (sync):        1564740 us  (12 candidate(s))
I (448591) mfsk_core_m5stack_core2:   stage 3 (refine+BP):   2995334 us  (1 result(s))
I (448601) mfsk_core_m5stack_core2:   ─── total decode:     6250325 us = 6.250 s
I (448601) mfsk_core_m5stack_core2:     [0]  2095 Hz  SNR=-11.5 dB  e=0  'CQ DX R6WA LN32'
I (448611) mfsk_core_m5stack_core2: 
WAV: qso2 (191111_110200)
I (450301) mfsk_core_m5stack_core2:   stage 1 (spec):        1687571 us  (184× FFT, 940 freq bins)
I (451871) mfsk_core_m5stack_core2:   stage 2 (sync):        1564205 us  (12 candidate(s))
I (459991) mfsk_core_m5stack_core2:   stage 3 (refine+BP):   8119934 us  (4 result(s))
I (459991) mfsk_core_m5stack_core2:   ─── total decode:    11374407 us = 11.374 s
I (459991) mfsk_core_m5stack_core2:     [0]  1291 Hz  SNR= -9.8 dB  e=0  'CQ R7IW LN35'
I (460001) mfsk_core_m5stack_core2:     [1]  2097 Hz  SNR=-14.7 dB  e=0  'CQ DX R6WA LN32'
I (460011) mfsk_core_m5stack_core2:     [2]   683 Hz  SNR=-15.7 dB  e=0  'CQ TA6CQ KN70'
I (460021) mfsk_core_m5stack_core2:     [3]  1032 Hz  SNR=-17.4 dB  e=30  'CQ LZ1JZ KN22'
I (460021) mfsk_core_m5stack_core2: 
WAV: qso3 busy band (210703)
I (461721) mfsk_core_m5stack_core2:   stage 1 (spec):        1687577 us  (184× FFT, 940 freq bins)
I (463251) mfsk_core_m5stack_core2:   stage 2 (sync):        1534950 us  (12 candidate(s))
I (466481) mfsk_core_m5stack_core2:   stage 3 (refine+BP):   3225760 us  (2 result(s))
I (466481) mfsk_core_m5stack_core2:   ─── total decode:     6450976 us = 6.451 s
I (466491) mfsk_core_m5stack_core2:     [0]  2572 Hz  SNR=-12.9 dB  e=0  'W1FC F5BZB -8'
I (466491) mfsk_core_m5stack_core2:     [1]  2158 Hz  SNR=-14.8 dB  e=0  'WM3PEN EA6VQ -9'
I (466501) mfsk_core_m5stack_core2: 
════════════════════════════════════════════
I (466521) mfsk_core_m5stack_core2: RUN: max_cand=12  dt_grid=3  df_grid=0  q>6
I (466521) mfsk_core_m5stack_core2: ════════════════════════════════════════════
I (466541) mfsk_core_m5stack_core2: 
WAV: qso1 (191111_110130)
I (468231) mfsk_core_m5stack_core2:   stage 1 (spec):        1687563 us  (184× FFT, 940 freq bins)
I (469801) mfsk_core_m5stack_core2:   stage 2 (sync):        1564727 us  (12 candidate(s))
I (472801) mfsk_core_m5stack_core2:   stage 3 (refine+BP):   2995571 us  (1 result(s))
I (472801) mfsk_core_m5stack_core2:   ─── total decode:     6250550 us = 6.251 s
I (472801) mfsk_core_m5stack_core2:     [0]  2095 Hz  SNR=-11.5 dB  e=0  'CQ DX R6WA LN32'
I (472811) mfsk_core_m5stack_core2: 
WAV: qso2 (191111_110200)
I (474501) mfsk_core_m5stack_core2:   stage 1 (spec):        1687576 us  (184× FFT, 940 freq bins)
I (476071) mfsk_core_m5stack_core2:   stage 2 (sync):        1564230 us  (12 candidate(s))
I (480551) mfsk_core_m5stack_core2:   stage 3 (refine+BP):   4476806 us  (4 result(s))
I (480551) mfsk_core_m5stack_core2:   ─── total decode:     7731313 us = 7.731 s
I (480551) mfsk_core_m5stack_core2:     [0]  1292 Hz  SNR= -9.5 dB  e=0  'CQ R7IW LN35'
I (480561) mfsk_core_m5stack_core2:     [1]  2098 Hz  SNR= -9.6 dB  e=0  'CQ DX R6WA LN32'
I (480571) mfsk_core_m5stack_core2:     [2]   683 Hz  SNR= -9.7 dB  e=0  'CQ TA6CQ KN70'
I (480571) mfsk_core_m5stack_core2:     [3]  1031 Hz  SNR=-16.9 dB  e=0  'CQ LZ1JZ KN22'
I (480581) mfsk_core_m5stack_core2: 
WAV: qso3 busy band (210703)
I (482281) mfsk_core_m5stack_core2:   stage 1 (spec):        1687573 us  (184× FFT, 940 freq bins)
I (483811) mfsk_core_m5stack_core2:   stage 2 (sync):        1534975 us  (12 candidate(s))
I (487041) mfsk_core_m5stack_core2:   stage 3 (refine+BP):   3225917 us  (2 result(s))
I (487041) mfsk_core_m5stack_core2:   ─── total decode:     6451151 us = 6.451 s
I (487041) mfsk_core_m5stack_core2:     [0]  2572 Hz  SNR= -2.0 dB  e=0  'W1FC F5BZB -8'
I (487051) mfsk_core_m5stack_core2:     [1]  2159 Hz  SNR= -5.5 dB  e=0  'WM3PEN EA6VQ -9'
I (487061) mfsk_core_m5stack_core2: 
════════════════════════════════════════════
I (487071) mfsk_core_m5stack_core2: RUN: max_cand=12  dt_grid=3  df_grid=3  q>6
I (487081) mfsk_core_m5stack_core2: ════════════════════════════════════════════
I (487101) mfsk_core_m5stack_core2: 
WAV: qso1 (191111_110130)
I (488791) mfsk_core_m5stack_core2:   stage 1 (spec):        1687563 us  (184× FFT, 940 freq bins)
I (490361) mfsk_core_m5stack_core2:   stage 2 (sync):        1564723 us  (12 candidate(s))
I (500431) mfsk_core_m5stack_core2:   stage 3 (refine+BP):  10077040 us  (1 result(s))
I (500441) mfsk_core_m5stack_core2:   ─── total decode:    13332015 us = 13.332 s
I (500441) mfsk_core_m5stack_core2:     [0]  2095 Hz  SNR=-11.5 dB  e=0  'CQ DX R6WA LN32'
I (500451) mfsk_core_m5stack_core2: 
WAV: qso2 (191111_110200)
I (502141) mfsk_core_m5stack_core2:   stage 1 (spec):        1687565 us  (184× FFT, 940 freq bins)
I (503711) mfsk_core_m5stack_core2:   stage 2 (sync):        1564215 us  (12 candidate(s))
I (517351) mfsk_core_m5stack_core2:   stage 3 (refine+BP):  13645807 us  (4 result(s))
I (517351) mfsk_core_m5stack_core2:   ─── total decode:    16900288 us = 16.900 s
I (517361) mfsk_core_m5stack_core2:     [0]  1291 Hz  SNR=-15.3 dB  e=0  'CQ R7IW LN35'
I (517371) mfsk_core_m5stack_core2:     [1]  2097 Hz  SNR= -9.4 dB  e=0  'CQ DX R6WA LN32'
I (517371) mfsk_core_m5stack_core2:     [2]   682 Hz  SNR=-10.4 dB  e=0  'CQ TA6CQ KN70'
I (517381) mfsk_core_m5stack_core2:     [3]  1032 Hz  SNR=-17.4 dB  e=30  'CQ LZ1JZ KN22'
I (517391) mfsk_core_m5stack_core2: 
WAV: qso3 busy band (210703)
I (519081) mfsk_core_m5stack_core2:   stage 1 (spec):        1687556 us  (184× FFT, 940 freq bins)
I (520621) mfsk_core_m5stack_core2:   stage 2 (sync):        1534977 us  (12 candidate(s))
I (529391) mfsk_core_m5stack_core2:   stage 3 (refine+BP):   8771397 us  (2 result(s))
I (529391) mfsk_core_m5stack_core2:   ─── total decode:    11996610 us = 11.997 s
I (529401) mfsk_core_m5stack_core2:     [0]  2572 Hz  SNR=-12.9 dB  e=0  'W1FC F5BZB -8'
I (529411) mfsk_core_m5stack_core2:     [1]  2158 Hz  SNR=-14.8 dB  e=0  'WM3PEN EA6VQ -9'
I (529411) mfsk_core_m5stack_core2: 
════════════════════════════════════════════
I (529431) mfsk_core_m5stack_core2: RUN: max_cand=20  dt_grid=0  df_grid=0  q>6
I (529441) mfsk_core_m5stack_core2: ════════════════════════════════════════════
I (529451) mfsk_core_m5stack_core2: 
WAV: qso1 (191111_110130)
I (531141) mfsk_core_m5stack_core2:   stage 1 (spec):        1687555 us  (184× FFT, 940 freq bins)
I (532711) mfsk_core_m5stack_core2:   stage 2 (sync):        1564728 us  (20 candidate(s))
I (537311) mfsk_core_m5stack_core2:   stage 3 (refine+BP):   4599170 us  (2 result(s))
I (537311) mfsk_core_m5stack_core2:   ─── total decode:     7854142 us = 7.854 s
I (537321) mfsk_core_m5stack_core2:     [0]  2095 Hz  SNR=-11.5 dB  e=0  'CQ DX R6WA LN32'
I (537321) mfsk_core_m5stack_core2:     [1]   686 Hz  SNR=-16.9 dB  e=43  '2V0ECB QN4BWU AD99'
I (537331) mfsk_core_m5stack_core2: 
WAV: qso2 (191111_110200)
I (539031) mfsk_core_m5stack_core2:   stage 1 (spec):        1687560 us  (184× FFT, 940 freq bins)
I (540591) mfsk_core_m5stack_core2:   stage 2 (sync):        1564234 us  (20 candidate(s))
I (544081) mfsk_core_m5stack_core2:   stage 3 (refine+BP):   3488743 us  (5 result(s))
I (544081) mfsk_core_m5stack_core2:   ─── total decode:     6743250 us = 6.743 s
I (544091) mfsk_core_m5stack_core2:     [0]  1292 Hz  SNR= -9.5 dB  e=0  'CQ R7IW LN35'
I (544091) mfsk_core_m5stack_core2:     [1]  2098 Hz  SNR=-14.8 dB  e=0  'CQ DX R6WA LN32'
I (544101) mfsk_core_m5stack_core2:     [2]   683 Hz  SNR=-15.7 dB  e=0  'CQ TA6CQ KN70'
I (544111) mfsk_core_m5stack_core2:     [3]  1031 Hz  SNR=-16.9 dB  e=0  'CQ LZ1JZ KN22'
I (544121) mfsk_core_m5stack_core2:     [4]   990 Hz  SNR=-17.9 dB  e=0  'OH3NIV ZS6S RR73'
I (544131) mfsk_core_m5stack_core2: 
WAV: qso3 busy band (210703)
I (545821) mfsk_core_m5stack_core2:   stage 1 (spec):        1687575 us  (184× FFT, 940 freq bins)
I (547361) mfsk_core_m5stack_core2:   stage 2 (sync):        1534945 us  (20 candidate(s))
I (550121) mfsk_core_m5stack_core2:   stage 3 (refine+BP):   2766101 us  (2 result(s))
I (550121) mfsk_core_m5stack_core2:   ─── total decode:     5991308 us = 5.991 s
I (550131) mfsk_core_m5stack_core2:     [0]  2572 Hz  SNR=-13.0 dB  e=0  'W1FC F5BZB -8'
I (550141) mfsk_core_m5stack_core2:     [1]  2159 Hz  SNR=-15.3 dB  e=0  'WM3PEN EA6VQ -9'
I (550141) mfsk_core_m5stack_core2: 
════════════════════════════════════════════
I (550161) mfsk_core_m5stack_core2: RUN: max_cand=20  dt_grid=0  df_grid=3  q>6
I (550171) mfsk_core_m5stack_core2: ════════════════════════════════════════════
I (550181) mfsk_core_m5stack_core2: 
WAV: qso1 (191111_110130)
I (551871) mfsk_core_m5stack_core2:   stage 1 (spec):        1687556 us  (184× FFT, 940 freq bins)
I (553441) mfsk_core_m5stack_core2:   stage 2 (sync):        1564712 us  (20 candidate(s))
I (558511) mfsk_core_m5stack_core2:   stage 3 (refine+BP):   5068553 us  (2 result(s))
I (558511) mfsk_core_m5stack_core2:   ─── total decode:     8323510 us = 8.324 s
I (558521) mfsk_core_m5stack_core2:     [0]  2095 Hz  SNR=-11.5 dB  e=0  'CQ DX R6WA LN32'
I (558521) mfsk_core_m5stack_core2:     [1]   685 Hz  SNR=-15.4 dB  e=0  'CQ TA6CQ KN70'
I (558531) mfsk_core_m5stack_core2: 
WAV: qso2 (191111_110200)
I (560221) mfsk_core_m5stack_core2:   stage 1 (spec):        1687564 us  (184× FFT, 940 freq bins)
I (561791) mfsk_core_m5stack_core2:   stage 2 (sync):        1564250 us  (20 candidate(s))
I (592591) mfsk_core_m5stack_core2:   stage 3 (refine+BP):  30801696 us  (5 result(s))
I (592591) mfsk_core_m5stack_core2:   ─── total decode:    34056210 us = 34.056 s
I (592601) mfsk_core_m5stack_core2:     [0]  1291 Hz  SNR= -9.8 dB  e=0  'CQ R7IW LN35'
I (592611) mfsk_core_m5stack_core2:     [1]  2097 Hz  SNR=-14.7 dB  e=0  'CQ DX R6WA LN32'
I (592611) mfsk_core_m5stack_core2:     [2]   683 Hz  SNR=-15.7 dB  e=0  'CQ TA6CQ KN70'
I (592621) mfsk_core_m5stack_core2:     [3]  1032 Hz  SNR=-17.4 dB  e=30  'CQ LZ1JZ KN22'
I (592631) mfsk_core_m5stack_core2:     [4]   991 Hz  SNR=-18.3 dB  e=17  'OH3NIV ZS6S RR73'
I (592641) mfsk_core_m5stack_core2: 
WAV: qso3 busy band (210703)
I (594331) mfsk_core_m5stack_core2:   stage 1 (spec):        1687564 us  (184× FFT, 940 freq bins)
I (595871) mfsk_core_m5stack_core2:   stage 2 (sync):        1534937 us  (20 candidate(s))
I (601711) mfsk_core_m5stack_core2:   stage 3 (refine+BP):   5843173 us  (2 result(s))
I (601711) mfsk_core_m5stack_core2:   ─── total decode:     9068355 us = 9.068 s
I (601721) mfsk_core_m5stack_core2:     [0]  2572 Hz  SNR=-12.9 dB  e=0  'W1FC F5BZB -8'
I (601721) mfsk_core_m5stack_core2:     [1]  2158 Hz  SNR=-14.8 dB  e=0  'WM3PEN EA6VQ -9'
I (601731) mfsk_core_m5stack_core2: 
════════════════════════════════════════════
I (601751) mfsk_core_m5stack_core2: RUN: max_cand=20  dt_grid=3  df_grid=0  q>6
I (601751) mfsk_core_m5stack_core2: ════════════════════════════════════════════
I (601771) mfsk_core_m5stack_core2: 
WAV: qso1 (191111_110130)
I (603461) mfsk_core_m5stack_core2:   stage 1 (spec):        1687561 us  (184× FFT, 940 freq bins)
I (605031) mfsk_core_m5stack_core2:   stage 2 (sync):        1564724 us  (20 candidate(s))
I (612701) mfsk_core_m5stack_core2:   stage 3 (refine+BP):   7671366 us  (2 result(s))
I (612701) mfsk_core_m5stack_core2:   ─── total decode:    10926336 us = 10.926 s
I (612711) mfsk_core_m5stack_core2:     [0]  2095 Hz  SNR=-11.5 dB  e=0  'CQ DX R6WA LN32'
I (612711) mfsk_core_m5stack_core2:     [1]   686 Hz  SNR=-16.9 dB  e=43  '2V0ECB QN4BWU AD99'
I (612721) mfsk_core_m5stack_core2: 
WAV: qso2 (191111_110200)
I (614421) mfsk_core_m5stack_core2:   stage 1 (spec):        1687571 us  (184× FFT, 940 freq bins)
I (615981) mfsk_core_m5stack_core2:   stage 2 (sync):        1564244 us  (20 candidate(s))
I (623231) mfsk_core_m5stack_core2:   stage 3 (refine+BP):   7244933 us  (5 result(s))
I (623231) mfsk_core_m5stack_core2:   ─── total decode:    10499453 us = 10.499 s
I (623231) mfsk_core_m5stack_core2:     [0]  1292 Hz  SNR= -9.5 dB  e=0  'CQ R7IW LN35'
I (623241) mfsk_core_m5stack_core2:     [1]  2098 Hz  SNR= -9.6 dB  e=0  'CQ DX R6WA LN32'
I (623251) mfsk_core_m5stack_core2:     [2]   683 Hz  SNR= -9.7 dB  e=0  'CQ TA6CQ KN70'
I (623261) mfsk_core_m5stack_core2:     [3]  1031 Hz  SNR=-16.9 dB  e=0  'CQ LZ1JZ KN22'
I (623261) mfsk_core_m5stack_core2:     [4]   990 Hz  SNR=-17.9 dB  e=0  'OH3NIV ZS6S RR73'
I (623271) mfsk_core_m5stack_core2: 
WAV: qso3 busy band (210703)
I (624971) mfsk_core_m5stack_core2:   stage 1 (spec):        1687575 us  (184× FFT, 940 freq bins)
I (626501) mfsk_core_m5stack_core2:   stage 2 (sync):        1534975 us  (20 candidate(s))
I (632311) mfsk_core_m5stack_core2:   stage 3 (refine+BP):   5804531 us  (2 result(s))
I (632311) mfsk_core_m5stack_core2:   ─── total decode:     9029762 us = 9.030 s
I (632311) mfsk_core_m5stack_core2:     [0]  2572 Hz  SNR= -2.0 dB  e=0  'W1FC F5BZB -8'
I (632321) mfsk_core_m5stack_core2:     [1]  2159 Hz  SNR= -5.5 dB  e=0  'WM3PEN EA6VQ -9'
I (632331) mfsk_core_m5stack_core2: 
════════════════════════════════════════════
I (632341) mfsk_core_m5stack_core2: RUN: max_cand=20  dt_grid=3  df_grid=3  q>6
I (632351) mfsk_core_m5stack_core2: ════════════════════════════════════════════
I (632371) mfsk_core_m5stack_core2: 
WAV: qso1 (191111_110130)
I (634061) mfsk_core_m5stack_core2:   stage 1 (spec):        1687566 us  (184× FFT, 940 freq bins)
I (635631) mfsk_core_m5stack_core2:   stage 2 (sync):        1564731 us  (20 candidate(s))
I (652231) mfsk_core_m5stack_core2:   stage 3 (refine+BP):  16601036 us  (2 result(s))
I (652231) mfsk_core_m5stack_core2:   ─── total decode:    19856024 us = 19.856 s
I (652231) mfsk_core_m5stack_core2:     [0]  2095 Hz  SNR=-11.5 dB  e=0  'CQ DX R6WA LN32'
I (652241) mfsk_core_m5stack_core2:     [1]   685 Hz  SNR=-14.7 dB  e=0  'CQ TA6CQ KN70'
I (652251) mfsk_core_m5stack_core2: 
WAV: qso2 (191111_110200)
I (653941) mfsk_core_m5stack_core2:   stage 1 (spec):        1687570 us  (184× FFT, 940 freq bins)
I (655511) mfsk_core_m5stack_core2:   stage 2 (sync):        1564214 us  (20 candidate(s))
I (696301) mfsk_core_m5stack_core2:   stage 3 (refine+BP):  40790151 us  (5 result(s))
I (696301) mfsk_core_m5stack_core2:   ─── total decode:    44044627 us = 44.045 s
I (696301) mfsk_core_m5stack_core2:     [0]  1291 Hz  SNR=-15.3 dB  e=0  'CQ R7IW LN35'
I (696311) mfsk_core_m5stack_core2:     [1]  2097 Hz  SNR= -9.4 dB  e=0  'CQ DX R6WA LN32'
I (696321) mfsk_core_m5stack_core2:     [2]   682 Hz  SNR=-10.4 dB  e=0  'CQ TA6CQ KN70'
I (696331) mfsk_core_m5stack_core2:     [3]  1032 Hz  SNR=-17.4 dB  e=30  'CQ LZ1JZ KN22'
I (696341) mfsk_core_m5stack_core2:     [4]   991 Hz  SNR=-19.8 dB  e=32  'OH3NIV ZS6S RR73'
I (696341) mfsk_core_m5stack_core2: 
WAV: qso3 busy band (210703)
I (698041) mfsk_core_m5stack_core2:   stage 1 (spec):        1687572 us  (184× FFT, 940 freq bins)
I (699571) mfsk_core_m5stack_core2:   stage 2 (sync):        1534996 us  (20 candidate(s))
I (714681) mfsk_core_m5stack_core2:   stage 3 (refine+BP):  15101674 us  (2 result(s))
I (714681) mfsk_core_m5stack_core2:   ─── total decode:    18326918 us = 18.327 s
I (714681) mfsk_core_m5stack_core2:     [0]  2572 Hz  SNR=-12.9 dB  e=0  'W1FC F5BZB -8'
I (714691) mfsk_core_m5stack_core2:     [1]  2158 Hz  SNR=-14.8 dB  e=0  'WM3PEN EA6VQ -9'
I (714701) mfsk_core_m5stack_core2: 
=== Sweep complete. Idling. ===
