[2026-05-01T08:29:06Z INFO ] 🚀 A new version of espflash is available: v4.4.0
[2026-05-01T08:29:06Z INFO ] Serial port: '/dev/ttyACM0'
[2026-05-01T08:29:06Z INFO ] Connecting...
[2026-05-01T08:29:07Z INFO ] Using flash stub
ets Jul 29 2019 12:21:46

rst:0x1 (POWERON_RESET),boot:0x17 (SPI_FAST_FLASH_BOOT)
configsip: 0, SPIWP:0xee
clk_drv:0x00,q_drv:0x00,d_drv:0x00,cs0_drv:0x00,hd_drv:0x00,wp_drv:0x00
mode:DIO, clock div:2
load:0x3fff0030,len:7104
load:0x40078000,len:15576
load:0x40080400,len:4
ho 8 tail 4 room 4
load:0x40080404,len:3876
entry 0x4008064c
[0;32mI (31) boot: ESP-IDF v5.1-beta1-378-gea5e0ff298-dirt 2nd stage bootloader[0m
[0;32mI (31) boot: compile time Jun  7 2023 07:48:23[0m
[0;32mI (33) boot: Multicore bootloader[0m
[0;32mI (37) boot: chip revision: v3.1[0m
[0;32mI (41) boot.esp32: SPI Speed      : 40MHz[0m
[0;32mI (46) boot.esp32: SPI Mode       : DIO[0m
[0;32mI (50) boot.esp32: SPI Flash Size : 4MB[0m
[0;32mI (55) boot: Enabling RNG early entropy source...[0m
[0;32mI (60) boot: Partition Table:[0m
[0;32mI (64) boot: ## Label            Usage          Type ST Offset   Length[0m
[0;32mI (71) boot:  0 nvs              WiFi data        01 02 00009000 00006000[0m
[0;32mI (79) boot:  1 phy_init         RF data          01 01 0000f000 00001000[0m
[0;32mI (86) boot:  2 factory          factory app      00 00 00010000 003f0000[0m
[0;32mI (94) boot: End of partition table[0m
[0;32mI (98) esp_image: segment 0: paddr=00010020 vaddr=3f400020 size=122b68h (1190760) map[0m
[0;32mI (536) esp_image: segment 1: paddr=00132b90 vaddr=3ffb0000 size=02f98h ( 12184) load[0m
[0;32mI (541) esp_image: segment 2: paddr=00135b30 vaddr=40080000 size=0a4e8h ( 42216) load[0m
[0;32mI (560) esp_image: segment 3: paddr=00140020 vaddr=400d0020 size=64474h (410740) map[0m
[0;32mI (708) esp_image: segment 4: paddr=001a449c vaddr=4008a4e8 size=068f8h ( 26872) load[0m
[0;32mI (720) esp_image: segment 5: paddr=001aad9c vaddr=50000000 size=00020h (    32) load[0m
[0;32mI (729) boot: Loaded app from partition at offset 0x10000[0m
[0;32mI (729) boot: Disabling RNG early entropy source...[0m
I (743) quad_psram: This chip is ESP32-D0WD
I (744) esp_psram: Found 8MB PSRAM device
I (745) esp_psram: Speed: 40MHz
I (745) esp_psram: PSRAM initialized, cache is in low/high (2-core) mode.
W (750) esp_psram: Virtual address not enough for PSRAM, map as much as we can. 4MB is mapped
I (758) cpu_start: Multicore app
I (1666) esp_psram: SPI SRAM memory test OK
I (1674) cpu_start: GPIO 3 and 1 are used as console UART I/O pins
I (1674) cpu_start: Pro cpu start user code
I (1674) cpu_start: cpu freq: 160000000 Hz
I (1676) app_init: Application information:
I (1680) app_init: Project name:     libespidf
I (1684) app_init: App version:      v0.4.4-dirty
I (1688) app_init: Compile time:     May  1 2026 14:25:52
I (1694) app_init: ELF file SHA256:  000000000...
I (1698) app_init: ESP-IDF:          v5.5.3
I (1702) efuse_init: Min chip rev:     v0.0
I (1706) efuse_init: Max chip rev:     v3.99 
I (1710) efuse_init: Chip rev:         v3.1
I (1714) heap_init: Initializing. RAM available for dynamic allocation:
I (1720) heap_init: At 3FFAE6E0 len 00001920 (6 KiB): DRAM
I (1725) heap_init: At 3FFB3940 len 0002C6C0 (177 KiB): DRAM
I (1731) heap_init: At 3FFE0440 len 00003AE0 (14 KiB): D/IRAM
I (1736) heap_init: At 3FFE4350 len 0001BCB0 (111 KiB): D/IRAM
I (1742) heap_init: At 40090DE0 len 0000F220 (60 KiB): IRAM
I (1748) esp_psram: Adding pool of 4096K of PSRAM memory to heap allocator
I (1755) spi_flash: detected chip: generic
I (1758) spi_flash: flash io: dio
W (1761) spi_flash: Detected size(16384k) larger than the size in the binary image header(4096k). Using the size in the binary image header.
I (1774) main_task: Started on CPU0
I (1784) esp_psram: Reserving pool of 32K of internal memory for DMA/internal allocations
I (1784) main_task: Calling app_main()
I (1784) mfsk_core_m5stack_core2: mfsk-core-m5stack-core2 PoC starting
I (1784) mfsk_core_m5stack_core2: mfsk-core version: 0.4.4
I (1794) mfsk_core_m5stack_core2: free heap: internal = 271 KB (largest contig 144 KB), PSRAM = 4093 KB
I (1804) mfsk_core_m5stack_core2: decode_block: NFFT_SPEC=4096, NMS α=0.75, Bp, parabolic-dt, Costas-first
I (1814) mfsk_core_m5stack_core2: baked WAVs: 3
I (2314) mfsk_core_m5stack_core2: 
════════════════════════════════════════════
I (2314) mfsk_core_m5stack_core2: RUN: max_cand=12  dt_grid=0  df_grid=0  q>3
I (2324) mfsk_core_m5stack_core2: ════════════════════════════════════════════
I (2334) mfsk_core_m5stack_core2: 
WAV: qso1 (191111_110130)
I (4044) mfsk_core_m5stack_core2:   stage 1 (spec):        1701579 us  (184× FFT, 940 freq bins)
I (5584) mfsk_core_m5stack_core2:   stage 2 (sync):        1542840 us  (12 candidate(s))
I (7504) mfsk_core_m5stack_core2:   stage 3 (refine+BP):   1914904 us  (1 result(s))
I (7504) mfsk_core_m5stack_core2:   ─── total decode:     5161990 us = 5.162 s
I (7514) mfsk_core_m5stack_core2:     [0]  2095 Hz  SNR=-11.5 dB  e=5  'CQ DX R6WA LN32'
I (7514) mfsk_core_m5stack_core2: 
WAV: qso2 (191111_110200)
I (9214) mfsk_core_m5stack_core2:   stage 1 (spec):        1688308 us  (184× FFT, 940 freq bins)
I (10754) mfsk_core_m5stack_core2:   stage 2 (sync):        1541264 us  (12 candidate(s))
I (14504) mfsk_core_m5stack_core2:   stage 3 (refine+BP):   3747581 us  (4 result(s))
I (14504) mfsk_core_m5stack_core2:   ─── total decode:     6979814 us = 6.980 s
I (14504) mfsk_core_m5stack_core2:     [0]  1292 Hz  SNR= -9.5 dB  e=5  'CQ R7IW LN35'
I (14514) mfsk_core_m5stack_core2:     [1]  2098 Hz  SNR=-14.8 dB  e=12  'CQ DX R6WA LN32'
I (14524) mfsk_core_m5stack_core2:     [2]   683 Hz  SNR=-15.7 dB  e=5  'CQ TA6CQ KN70'
I (14534) mfsk_core_m5stack_core2:     [3]  1031 Hz  SNR=-16.9 dB  e=20  'CQ LZ1JZ KN22'
I (14534) mfsk_core_m5stack_core2: 
WAV: qso3 busy band (210703)
I (16234) mfsk_core_m5stack_core2:   stage 1 (spec):        1688315 us  (184× FFT, 940 freq bins)
I (17744) mfsk_core_m5stack_core2:   stage 2 (sync):        1512169 us  (12 candidate(s))
I (19894) mfsk_core_m5stack_core2:   stage 3 (refine+BP):   2150854 us  (2 result(s))
I (19894) mfsk_core_m5stack_core2:   ─── total decode:     5354005 us = 5.354 s
I (19904) mfsk_core_m5stack_core2:     [0]  2572 Hz  SNR=-13.0 dB  e=0  'W1FC F5BZB -8'
I (19914) mfsk_core_m5stack_core2:     [1]  2159 Hz  SNR=-15.3 dB  e=5  'WM3PEN EA6VQ -9'
I (19914) mfsk_core_m5stack_core2: 
════════════════════════════════════════════
I (19934) mfsk_core_m5stack_core2: RUN: max_cand=12  dt_grid=0  df_grid=3  q>3
I (19944) mfsk_core_m5stack_core2: ════════════════════════════════════════════
I (19954) mfsk_core_m5stack_core2: 
WAV: qso1 (191111_110130)
I (21644) mfsk_core_m5stack_core2:   stage 1 (spec):        1688292 us  (184× FFT, 940 freq bins)
I (23194) mfsk_core_m5stack_core2:   stage 2 (sync):        1543021 us  (12 candidate(s))
I (28054) mfsk_core_m5stack_core2:   stage 3 (refine+BP):   4857692 us  (1 result(s))
I (28054) mfsk_core_m5stack_core2:   ─── total decode:     8091684 us = 8.092 s
I (28054) mfsk_core_m5stack_core2:     [0]  2095 Hz  SNR=-11.5 dB  e=5  'CQ DX R6WA LN32'
I (28064) mfsk_core_m5stack_core2: 
WAV: qso2 (191111_110200)
I (29754) mfsk_core_m5stack_core2:   stage 1 (spec):        1688299 us  (184× FFT, 940 freq bins)
I (31304) mfsk_core_m5stack_core2:   stage 2 (sync):        1541261 us  (12 candidate(s))
I (36894) mfsk_core_m5stack_core2:   stage 3 (refine+BP):   5589667 us  (3 result(s))
I (36894) mfsk_core_m5stack_core2:   ─── total decode:     8821911 us = 8.822 s
I (36894) mfsk_core_m5stack_core2:     [0]  1291 Hz  SNR= -9.8 dB  e=3  'CQ R7IW LN35'
I (36904) mfsk_core_m5stack_core2:     [1]  2097 Hz  SNR=-14.7 dB  e=12  'CQ DX R6WA LN32'
I (36914) mfsk_core_m5stack_core2:     [2]   683 Hz  SNR=-15.7 dB  e=5  'CQ TA6CQ KN70'
I (36924) mfsk_core_m5stack_core2: 
WAV: qso3 busy band (210703)
I (38614) mfsk_core_m5stack_core2:   stage 1 (spec):        1688303 us  (184× FFT, 940 freq bins)
I (40124) mfsk_core_m5stack_core2:   stage 2 (sync):        1512157 us  (12 candidate(s))
I (44664) mfsk_core_m5stack_core2:   stage 3 (refine+BP):   4536512 us  (2 result(s))
I (44664) mfsk_core_m5stack_core2:   ─── total decode:     7739634 us = 7.740 s
I (44674) mfsk_core_m5stack_core2:     [0]  2572 Hz  SNR=-12.9 dB  e=0  'W1FC F5BZB -8'
I (44674) mfsk_core_m5stack_core2:     [1]  2158 Hz  SNR=-14.8 dB  e=0  'WM3PEN EA6VQ -9'
I (44684) mfsk_core_m5stack_core2: 
════════════════════════════════════════════
I (44704) mfsk_core_m5stack_core2: RUN: max_cand=12  dt_grid=3  df_grid=0  q>3
I (44704) mfsk_core_m5stack_core2: ════════════════════════════════════════════
I (44724) mfsk_core_m5stack_core2: 
WAV: qso1 (191111_110130)
I (46414) mfsk_core_m5stack_core2:   stage 1 (spec):        1688305 us  (184× FFT, 940 freq bins)
I (47964) mfsk_core_m5stack_core2:   stage 2 (sync):        1543007 us  (12 candidate(s))
I (53364) mfsk_core_m5stack_core2:   stage 3 (refine+BP):   5397152 us  (1 result(s))
I (53364) mfsk_core_m5stack_core2:   ─── total decode:     8631144 us = 8.631 s
I (53364) mfsk_core_m5stack_core2:     [0]  2095 Hz  SNR=-11.5 dB  e=5  'CQ DX R6WA LN32'
I (53374) mfsk_core_m5stack_core2: 
WAV: qso2 (191111_110200)
I (55064) mfsk_core_m5stack_core2:   stage 1 (spec):        1688307 us  (184× FFT, 940 freq bins)
I (56614) mfsk_core_m5stack_core2:   stage 2 (sync):        1541232 us  (12 candidate(s))
I (62194) mfsk_core_m5stack_core2:   stage 3 (refine+BP):   5584771 us  (4 result(s))
I (62194) mfsk_core_m5stack_core2:   ─── total decode:     8816997 us = 8.817 s
I (62204) mfsk_core_m5stack_core2:     [0]  1292 Hz  SNR= -9.5 dB  e=5  'CQ R7IW LN35'
I (62204) mfsk_core_m5stack_core2:     [1]  2098 Hz  SNR= -9.6 dB  e=0  'CQ DX R6WA LN32'
I (62214) mfsk_core_m5stack_core2:     [2]   683 Hz  SNR= -9.7 dB  e=0  'CQ TA6CQ KN70'
I (62224) mfsk_core_m5stack_core2:     [3]  1031 Hz  SNR=-16.9 dB  e=20  'CQ LZ1JZ KN22'
I (62234) mfsk_core_m5stack_core2: 
WAV: qso3 busy band (210703)
I (63924) mfsk_core_m5stack_core2:   stage 1 (spec):        1688310 us  (184× FFT, 940 freq bins)
I (65444) mfsk_core_m5stack_core2:   stage 2 (sync):        1512151 us  (12 candidate(s))
I (69704) mfsk_core_m5stack_core2:   stage 3 (refine+BP):   4266049 us  (2 result(s))
I (69704) mfsk_core_m5stack_core2:   ─── total decode:     7469183 us = 7.469 s
I (69714) mfsk_core_m5stack_core2:     [0]  2572 Hz  SNR= -2.0 dB  e=0  'W1FC F5BZB -8'
I (69724) mfsk_core_m5stack_core2:     [1]  2159 Hz  SNR= -5.5 dB  e=0  'WM3PEN EA6VQ -9'
I (69724) mfsk_core_m5stack_core2: 
════════════════════════════════════════════
I (69744) mfsk_core_m5stack_core2: RUN: max_cand=12  dt_grid=3  df_grid=3  q>3
I (69744) mfsk_core_m5stack_core2: ════════════════════════════════════════════
I (69764) mfsk_core_m5stack_core2: 
WAV: qso1 (191111_110130)
I (71454) mfsk_core_m5stack_core2:   stage 1 (spec):        1688300 us  (184× FFT, 940 freq bins)
I (73004) mfsk_core_m5stack_core2:   stage 2 (sync):        1543004 us  (12 candidate(s))
I (84234) mfsk_core_m5stack_core2:   stage 3 (refine+BP):  11231868 us  (1 result(s))
I (84234) mfsk_core_m5stack_core2:   ─── total decode:    14465848 us = 14.466 s
I (84244) mfsk_core_m5stack_core2:     [0]  2095 Hz  SNR=-11.5 dB  e=5  'CQ DX R6WA LN32'
I (84244) mfsk_core_m5stack_core2: 
WAV: qso2 (191111_110200)
I (85944) mfsk_core_m5stack_core2:   stage 1 (spec):        1688302 us  (184× FFT, 940 freq bins)
I (87484) mfsk_core_m5stack_core2:   stage 2 (sync):        1541271 us  (12 candidate(s))
I (98614) mfsk_core_m5stack_core2:   stage 3 (refine+BP):  11130862 us  (3 result(s))
I (98614) mfsk_core_m5stack_core2:   ─── total decode:    14363115 us = 14.363 s
I (98624) mfsk_core_m5stack_core2:     [0]  1291 Hz  SNR=-15.3 dB  e=11  'CQ R7IW LN35'
I (98634) mfsk_core_m5stack_core2:     [1]  2097 Hz  SNR= -9.4 dB  e=0  'CQ DX R6WA LN32'
I (98634) mfsk_core_m5stack_core2:     [2]   682 Hz  SNR=-10.4 dB  e=0  'CQ TA6CQ KN70'
I (98644) mfsk_core_m5stack_core2: 
WAV: qso3 busy band (210703)
I (100344) mfsk_core_m5stack_core2:   stage 1 (spec):        1688296 us  (184× FFT, 940 freq bins)
I (101854) mfsk_core_m5stack_core2:   stage 2 (sync):        1512192 us  (12 candidate(s))
I (112164) mfsk_core_m5stack_core2:   stage 3 (refine+BP):  10312038 us  (2 result(s))
I (112164) mfsk_core_m5stack_core2:   ─── total decode:    13515181 us = 13.515 s
I (112174) mfsk_core_m5stack_core2:     [0]  2572 Hz  SNR=-12.9 dB  e=0  'W1FC F5BZB -8'
I (112174) mfsk_core_m5stack_core2:     [1]  2158 Hz  SNR=-14.8 dB  e=0  'WM3PEN EA6VQ -9'
I (112184) mfsk_core_m5stack_core2: 
════════════════════════════════════════════
I (112204) mfsk_core_m5stack_core2: RUN: max_cand=20  dt_grid=0  df_grid=0  q>3
I (112204) mfsk_core_m5stack_core2: ════════════════════════════════════════════
I (112224) mfsk_core_m5stack_core2: 
WAV: qso1 (191111_110130)
I (113914) mfsk_core_m5stack_core2:   stage 1 (spec):        1688299 us  (184× FFT, 940 freq bins)
I (115464) mfsk_core_m5stack_core2:   stage 2 (sync):        1543021 us  (20 candidate(s))
I (119074) mfsk_core_m5stack_core2:   stage 3 (refine+BP):   3609509 us  (1 result(s))
I (119074) mfsk_core_m5stack_core2:   ─── total decode:     6843496 us = 6.843 s
I (119074) mfsk_core_m5stack_core2:     [0]  2095 Hz  SNR=-11.5 dB  e=5  'CQ DX R6WA LN32'
I (119084) mfsk_core_m5stack_core2: 
WAV: qso2 (191111_110200)
I (120784) mfsk_core_m5stack_core2:   stage 1 (spec):        1688320 us  (184× FFT, 940 freq bins)
I (122324) mfsk_core_m5stack_core2:   stage 2 (sync):        1541261 us  (20 candidate(s))
I (127994) mfsk_core_m5stack_core2:   stage 3 (refine+BP):   5674620 us  (5 result(s))
I (128004) mfsk_core_m5stack_core2:   ─── total decode:     8906867 us = 8.907 s
I (128004) mfsk_core_m5stack_core2:     [0]  1292 Hz  SNR= -9.5 dB  e=5  'CQ R7IW LN35'
I (128014) mfsk_core_m5stack_core2:     [1]  2098 Hz  SNR=-14.8 dB  e=12  'CQ DX R6WA LN32'
I (128024) mfsk_core_m5stack_core2:     [2]   683 Hz  SNR=-15.7 dB  e=5  'CQ TA6CQ KN70'
I (128024) mfsk_core_m5stack_core2:     [3]  1031 Hz  SNR=-16.9 dB  e=20  'CQ LZ1JZ KN22'
I (128034) mfsk_core_m5stack_core2:     [4]   990 Hz  SNR=-17.9 dB  e=15  'OH3NIV ZS6S RR73'
I (128044) mfsk_core_m5stack_core2: 
WAV: qso3 busy band (210703)
I (129734) mfsk_core_m5stack_core2:   stage 1 (spec):        1688314 us  (184× FFT, 940 freq bins)
I (131254) mfsk_core_m5stack_core2:   stage 2 (sync):        1512179 us  (20 candidate(s))
I (135074) mfsk_core_m5stack_core2:   stage 3 (refine+BP):   3824379 us  (2 result(s))
I (135074) mfsk_core_m5stack_core2:   ─── total decode:     7027524 us = 7.028 s
I (135084) mfsk_core_m5stack_core2:     [0]  2572 Hz  SNR=-13.0 dB  e=0  'W1FC F5BZB -8'
I (135094) mfsk_core_m5stack_core2:     [1]  2159 Hz  SNR=-15.3 dB  e=5  'WM3PEN EA6VQ -9'
I (135094) mfsk_core_m5stack_core2: 
════════════════════════════════════════════
I (135114) mfsk_core_m5stack_core2: RUN: max_cand=20  dt_grid=0  df_grid=3  q>3
I (135124) mfsk_core_m5stack_core2: ════════════════════════════════════════════
I (135134) mfsk_core_m5stack_core2: 
WAV: qso1 (191111_110130)
I (136824) mfsk_core_m5stack_core2:   stage 1 (spec):        1688306 us  (184× FFT, 940 freq bins)
I (138374) mfsk_core_m5stack_core2:   stage 2 (sync):        1543003 us  (20 candidate(s))
I (146114) mfsk_core_m5stack_core2:   stage 3 (refine+BP):   7742639 us  (2 result(s))
I (146114) mfsk_core_m5stack_core2:   ─── total decode:    10976629 us = 10.977 s
I (146124) mfsk_core_m5stack_core2:     [0]  2095 Hz  SNR=-11.5 dB  e=5  'CQ DX R6WA LN32'
I (146134) mfsk_core_m5stack_core2:     [1]   685 Hz  SNR=-15.4 dB  e=18  'CQ TA6CQ KN70'
I (146134) mfsk_core_m5stack_core2: 
WAV: qso2 (191111_110200)
I (147834) mfsk_core_m5stack_core2:   stage 1 (spec):        1688309 us  (184× FFT, 940 freq bins)
I (149374) mfsk_core_m5stack_core2:   stage 2 (sync):        1541259 us  (20 candidate(s))
I (158694) mfsk_core_m5stack_core2:   stage 3 (refine+BP):   9322152 us  (3 result(s))
I (158694) mfsk_core_m5stack_core2:   ─── total decode:    12554391 us = 12.554 s
I (158704) mfsk_core_m5stack_core2:     [0]  1291 Hz  SNR= -9.8 dB  e=3  'CQ R7IW LN35'
I (158714) mfsk_core_m5stack_core2:     [1]  2097 Hz  SNR=-14.7 dB  e=12  'CQ DX R6WA LN32'
I (158724) mfsk_core_m5stack_core2:     [2]   683 Hz  SNR=-15.7 dB  e=5  'CQ TA6CQ KN70'
I (158724) mfsk_core_m5stack_core2: 
WAV: qso3 busy band (210703)
I (160424) mfsk_core_m5stack_core2:   stage 1 (spec):        1688307 us  (184× FFT, 940 freq bins)
I (161934) mfsk_core_m5stack_core2:   stage 2 (sync):        1512172 us  (20 candidate(s))
I (170204) mfsk_core_m5stack_core2:   stage 3 (refine+BP):   8266962 us  (2 result(s))
I (170204) mfsk_core_m5stack_core2:   ─── total decode:    11470100 us = 11.470 s
I (170204) mfsk_core_m5stack_core2:     [0]  2572 Hz  SNR=-12.9 dB  e=0  'W1FC F5BZB -8'
I (170214) mfsk_core_m5stack_core2:     [1]  2158 Hz  SNR=-14.8 dB  e=0  'WM3PEN EA6VQ -9'
I (170224) mfsk_core_m5stack_core2: 
════════════════════════════════════════════
I (170234) mfsk_core_m5stack_core2: RUN: max_cand=20  dt_grid=3  df_grid=0  q>3
I (170244) mfsk_core_m5stack_core2: ════════════════════════════════════════════
I (170264) mfsk_core_m5stack_core2: 
WAV: qso1 (191111_110130)
I (171954) mfsk_core_m5stack_core2:   stage 1 (spec):        1688299 us  (184× FFT, 940 freq bins)
I (173504) mfsk_core_m5stack_core2:   stage 2 (sync):        1542991 us  (20 candidate(s))
I (182364) mfsk_core_m5stack_core2:   stage 3 (refine+BP):   8859433 us  (1 result(s))
I (182364) mfsk_core_m5stack_core2:   ─── total decode:    12093415 us = 12.093 s
I (182364) mfsk_core_m5stack_core2:     [0]  2095 Hz  SNR=-11.5 dB  e=5  'CQ DX R6WA LN32'
I (182374) mfsk_core_m5stack_core2: 
WAV: qso2 (191111_110200)
I (184064) mfsk_core_m5stack_core2:   stage 1 (spec):        1688319 us  (184× FFT, 940 freq bins)
I (185614) mfsk_core_m5stack_core2:   stage 2 (sync):        1541272 us  (20 candidate(s))
I (195134) mfsk_core_m5stack_core2:   stage 3 (refine+BP):   9519413 us  (5 result(s))
I (195134) mfsk_core_m5stack_core2:   ─── total decode:    12751680 us = 12.752 s
I (195134) mfsk_core_m5stack_core2:     [0]  1292 Hz  SNR= -9.5 dB  e=5  'CQ R7IW LN35'
I (195144) mfsk_core_m5stack_core2:     [1]  2098 Hz  SNR= -9.6 dB  e=0  'CQ DX R6WA LN32'
I (195154) mfsk_core_m5stack_core2:     [2]   683 Hz  SNR= -9.7 dB  e=0  'CQ TA6CQ KN70'
I (195164) mfsk_core_m5stack_core2:     [3]  1031 Hz  SNR=-16.9 dB  e=20  'CQ LZ1JZ KN22'
I (195164) mfsk_core_m5stack_core2:     [4]   990 Hz  SNR=-17.9 dB  e=15  'OH3NIV ZS6S RR73'
I (195174) mfsk_core_m5stack_core2: 
WAV: qso3 busy band (210703)
I (196874) mfsk_core_m5stack_core2:   stage 1 (spec):        1688303 us  (184× FFT, 940 freq bins)
I (198384) mfsk_core_m5stack_core2:   stage 2 (sync):        1512171 us  (20 candidate(s))
I (206364) mfsk_core_m5stack_core2:   stage 3 (refine+BP):   7977438 us  (2 result(s))
I (206364) mfsk_core_m5stack_core2:   ─── total decode:    11180569 us = 11.181 s
I (206364) mfsk_core_m5stack_core2:     [0]  2572 Hz  SNR= -2.0 dB  e=0  'W1FC F5BZB -8'
I (206374) mfsk_core_m5stack_core2:     [1]  2159 Hz  SNR= -5.5 dB  e=0  'WM3PEN EA6VQ -9'
I (206384) mfsk_core_m5stack_core2: 
════════════════════════════════════════════
I (206394) mfsk_core_m5stack_core2: RUN: max_cand=20  dt_grid=3  df_grid=3  q>3
I (206404) mfsk_core_m5stack_core2: ════════════════════════════════════════════
I (206424) mfsk_core_m5stack_core2: 
WAV: qso1 (191111_110130)
I (208114) mfsk_core_m5stack_core2:   stage 1 (spec):        1688309 us  (184× FFT, 940 freq bins)
I (209654) mfsk_core_m5stack_core2:   stage 2 (sync):        1543008 us  (20 candidate(s))
I (227994) mfsk_core_m5stack_core2:   stage 3 (refine+BP):  18339744 us  (2 result(s))
I (228004) mfsk_core_m5stack_core2:   ─── total decode:    21573733 us = 21.574 s
I (228004) mfsk_core_m5stack_core2:     [0]  2095 Hz  SNR=-11.5 dB  e=5  'CQ DX R6WA LN32'
I (228014) mfsk_core_m5stack_core2:     [1]   685 Hz  SNR=-14.7 dB  e=15  'CQ TA6CQ KN70'
I (228024) mfsk_core_m5stack_core2: 
WAV: qso2 (191111_110200)
I (229714) mfsk_core_m5stack_core2:   stage 1 (spec):        1688297 us  (184× FFT, 940 freq bins)
I (231254) mfsk_core_m5stack_core2:   stage 2 (sync):        1541228 us  (20 candidate(s))
I (250054) mfsk_core_m5stack_core2:   stage 3 (refine+BP):  18791481 us  (3 result(s))
I (250054) mfsk_core_m5stack_core2:   ─── total decode:    22023673 us = 22.024 s
I (250054) mfsk_core_m5stack_core2:     [0]  1291 Hz  SNR=-15.3 dB  e=11  'CQ R7IW LN35'
I (250064) mfsk_core_m5stack_core2:     [1]  2097 Hz  SNR= -9.4 dB  e=0  'CQ DX R6WA LN32'
I (250074) mfsk_core_m5stack_core2:     [2]   682 Hz  SNR=-10.4 dB  e=0  'CQ TA6CQ KN70'
I (250074) mfsk_core_m5stack_core2: 
WAV: qso3 busy band (210703)
I (251774) mfsk_core_m5stack_core2:   stage 1 (spec):        1688308 us  (184× FFT, 940 freq bins)
I (253284) mfsk_core_m5stack_core2:   stage 2 (sync):        1512140 us  (20 candidate(s))
I (271304) mfsk_core_m5stack_core2:   stage 3 (refine+BP):  18016930 us  (2 result(s))
I (271304) mfsk_core_m5stack_core2:   ─── total decode:    21220033 us = 21.220 s
I (271314) mfsk_core_m5stack_core2:     [0]  2572 Hz  SNR=-12.9 dB  e=0  'W1FC F5BZB -8'
I (271314) mfsk_core_m5stack_core2:     [1]  2158 Hz  SNR=-14.8 dB  e=0  'WM3PEN EA6VQ -9'
I (271324) mfsk_core_m5stack_core2: 
════════════════════════════════════════════
I (271344) mfsk_core_m5stack_core2: RUN: max_cand=12  dt_grid=0  df_grid=0  q>6
I (271344) mfsk_core_m5stack_core2: ════════════════════════════════════════════
I (271364) mfsk_core_m5stack_core2: 
WAV: qso1 (191111_110130)
I (273054) mfsk_core_m5stack_core2:   stage 1 (spec):        1688299 us  (184× FFT, 940 freq bins)
I (274604) mfsk_core_m5stack_core2:   stage 2 (sync):        1542999 us  (12 candidate(s))
I (275754) mfsk_core_m5stack_core2:   stage 3 (refine+BP):   1151382 us  (1 result(s))
I (275754) mfsk_core_m5stack_core2:   ─── total decode:     4385364 us = 4.385 s
I (275754) mfsk_core_m5stack_core2:     [0]  2095 Hz  SNR=-11.5 dB  e=5  'CQ DX R6WA LN32'
I (275764) mfsk_core_m5stack_core2: 
WAV: qso2 (191111_110200)
I (277464) mfsk_core_m5stack_core2:   stage 1 (spec):        1688308 us  (184× FFT, 940 freq bins)
I (279004) mfsk_core_m5stack_core2:   stage 2 (sync):        1541272 us  (12 candidate(s))
I (281134) mfsk_core_m5stack_core2:   stage 3 (refine+BP):   2126511 us  (4 result(s))
I (281134) mfsk_core_m5stack_core2:   ─── total decode:     5358771 us = 5.359 s
I (281134) mfsk_core_m5stack_core2:     [0]  1292 Hz  SNR= -9.5 dB  e=5  'CQ R7IW LN35'
I (281144) mfsk_core_m5stack_core2:     [1]  2098 Hz  SNR=-14.8 dB  e=12  'CQ DX R6WA LN32'
I (281154) mfsk_core_m5stack_core2:     [2]   683 Hz  SNR=-15.7 dB  e=5  'CQ TA6CQ KN70'
I (281164) mfsk_core_m5stack_core2:     [3]  1031 Hz  SNR=-16.9 dB  e=20  'CQ LZ1JZ KN22'
I (281164) mfsk_core_m5stack_core2: 
WAV: qso3 busy band (210703)
I (282864) mfsk_core_m5stack_core2:   stage 1 (spec):        1688310 us  (184× FFT, 940 freq bins)
I (284374) mfsk_core_m5stack_core2:   stage 2 (sync):        1512181 us  (12 candidate(s))
I (285754) mfsk_core_m5stack_core2:   stage 3 (refine+BP):   1382251 us  (2 result(s))
I (285764) mfsk_core_m5stack_core2:   ─── total decode:     4585406 us = 4.585 s
I (285764) mfsk_core_m5stack_core2:     [0]  2572 Hz  SNR=-13.0 dB  e=0  'W1FC F5BZB -8'
I (285774) mfsk_core_m5stack_core2:     [1]  2159 Hz  SNR=-15.3 dB  e=5  'WM3PEN EA6VQ -9'
I (285784) mfsk_core_m5stack_core2: 
════════════════════════════════════════════
I (285794) mfsk_core_m5stack_core2: RUN: max_cand=12  dt_grid=0  df_grid=3  q>6
I (285804) mfsk_core_m5stack_core2: ════════════════════════════════════════════
I (285814) mfsk_core_m5stack_core2: 
WAV: qso1 (191111_110130)
I (287514) mfsk_core_m5stack_core2:   stage 1 (spec):        1688313 us  (184× FFT, 940 freq bins)
I (289054) mfsk_core_m5stack_core2:   stage 2 (sync):        1543019 us  (12 candidate(s))
I (292054) mfsk_core_m5stack_core2:   stage 3 (refine+BP):   2995767 us  (1 result(s))
I (292054) mfsk_core_m5stack_core2:   ─── total decode:     6229770 us = 6.230 s
I (292054) mfsk_core_m5stack_core2:     [0]  2095 Hz  SNR=-11.5 dB  e=5  'CQ DX R6WA LN32'
I (292064) mfsk_core_m5stack_core2: 
WAV: qso2 (191111_110200)
I (293754) mfsk_core_m5stack_core2:   stage 1 (spec):        1688299 us  (184× FFT, 940 freq bins)
I (295304) mfsk_core_m5stack_core2:   stage 2 (sync):        1541264 us  (12 candidate(s))
I (300104) mfsk_core_m5stack_core2:   stage 3 (refine+BP):   4805435 us  (3 result(s))
I (300104) mfsk_core_m5stack_core2:   ─── total decode:     8037681 us = 8.038 s
I (300114) mfsk_core_m5stack_core2:     [0]  1291 Hz  SNR= -9.8 dB  e=3  'CQ R7IW LN35'
I (300124) mfsk_core_m5stack_core2:     [1]  2097 Hz  SNR=-14.7 dB  e=12  'CQ DX R6WA LN32'
I (300124) mfsk_core_m5stack_core2:     [2]   683 Hz  SNR=-15.7 dB  e=5  'CQ TA6CQ KN70'
I (300134) mfsk_core_m5stack_core2: 
WAV: qso3 busy band (210703)
I (301834) mfsk_core_m5stack_core2:   stage 1 (spec):        1688304 us  (184× FFT, 940 freq bins)
I (303344) mfsk_core_m5stack_core2:   stage 2 (sync):        1512171 us  (12 candidate(s))
I (306574) mfsk_core_m5stack_core2:   stage 3 (refine+BP):   3227254 us  (2 result(s))
I (306574) mfsk_core_m5stack_core2:   ─── total decode:     6430388 us = 6.430 s
I (306574) mfsk_core_m5stack_core2:     [0]  2572 Hz  SNR=-12.9 dB  e=0  'W1FC F5BZB -8'
I (306584) mfsk_core_m5stack_core2:     [1]  2158 Hz  SNR=-14.8 dB  e=0  'WM3PEN EA6VQ -9'
I (306594) mfsk_core_m5stack_core2: 
════════════════════════════════════════════
I (306604) mfsk_core_m5stack_core2: RUN: max_cand=12  dt_grid=3  df_grid=0  q>6
I (306614) mfsk_core_m5stack_core2: ════════════════════════════════════════════
I (306634) mfsk_core_m5stack_core2: 
WAV: qso1 (191111_110130)
I (308324) mfsk_core_m5stack_core2:   stage 1 (spec):        1688295 us  (184× FFT, 940 freq bins)
I (309874) mfsk_core_m5stack_core2:   stage 2 (sync):        1542966 us  (12 candidate(s))
I (312864) mfsk_core_m5stack_core2:   stage 3 (refine+BP):   2996042 us  (1 result(s))
I (312864) mfsk_core_m5stack_core2:   ─── total decode:     6229987 us = 6.230 s
I (312874) mfsk_core_m5stack_core2:     [0]  2095 Hz  SNR=-11.5 dB  e=5  'CQ DX R6WA LN32'
I (312884) mfsk_core_m5stack_core2: 
WAV: qso2 (191111_110200)
I (314574) mfsk_core_m5stack_core2:   stage 1 (spec):        1688308 us  (184× FFT, 940 freq bins)
I (316114) mfsk_core_m5stack_core2:   stage 2 (sync):        1541232 us  (12 candidate(s))
I (320084) mfsk_core_m5stack_core2:   stage 3 (refine+BP):   3963867 us  (4 result(s))
I (320084) mfsk_core_m5stack_core2:   ─── total decode:     7196074 us = 7.196 s
I (320084) mfsk_core_m5stack_core2:     [0]  1292 Hz  SNR= -9.5 dB  e=5  'CQ R7IW LN35'
I (320094) mfsk_core_m5stack_core2:     [1]  2098 Hz  SNR= -9.6 dB  e=0  'CQ DX R6WA LN32'
I (320104) mfsk_core_m5stack_core2:     [2]   683 Hz  SNR= -9.7 dB  e=0  'CQ TA6CQ KN70'
I (320114) mfsk_core_m5stack_core2:     [3]  1031 Hz  SNR=-16.9 dB  e=20  'CQ LZ1JZ KN22'
I (320114) mfsk_core_m5stack_core2: 
WAV: qso3 busy band (210703)
I (321814) mfsk_core_m5stack_core2:   stage 1 (spec):        1688315 us  (184× FFT, 940 freq bins)
I (323324) mfsk_core_m5stack_core2:   stage 2 (sync):        1512158 us  (12 candidate(s))
I (326554) mfsk_core_m5stack_core2:   stage 3 (refine+BP):   3227260 us  (2 result(s))
I (326554) mfsk_core_m5stack_core2:   ─── total decode:     6430385 us = 6.430 s
I (326564) mfsk_core_m5stack_core2:     [0]  2572 Hz  SNR= -2.0 dB  e=0  'W1FC F5BZB -8'
I (326564) mfsk_core_m5stack_core2:     [1]  2159 Hz  SNR= -5.5 dB  e=0  'WM3PEN EA6VQ -9'
I (326574) mfsk_core_m5stack_core2: 
════════════════════════════════════════════
I (326594) mfsk_core_m5stack_core2: RUN: max_cand=12  dt_grid=3  df_grid=3  q>6
I (326594) mfsk_core_m5stack_core2: ════════════════════════════════════════════
I (326614) mfsk_core_m5stack_core2: 
WAV: qso1 (191111_110130)
I (328304) mfsk_core_m5stack_core2:   stage 1 (spec):        1688304 us  (184× FFT, 940 freq bins)
I (329854) mfsk_core_m5stack_core2:   stage 2 (sync):        1543000 us  (12 candidate(s))
I (338924) mfsk_core_m5stack_core2:   stage 3 (refine+BP):   9069503 us  (1 result(s))
I (338924) mfsk_core_m5stack_core2:   ─── total decode:    12303478 us = 12.303 s
I (338924) mfsk_core_m5stack_core2:     [0]  2095 Hz  SNR=-11.5 dB  e=5  'CQ DX R6WA LN32'
I (338934) mfsk_core_m5stack_core2: 
WAV: qso2 (191111_110200)
I (340624) mfsk_core_m5stack_core2:   stage 1 (spec):        1688301 us  (184× FFT, 940 freq bins)
I (342174) mfsk_core_m5stack_core2:   stage 2 (sync):        1541256 us  (12 candidate(s))
I (352504) mfsk_core_m5stack_core2:   stage 3 (refine+BP):  10330228 us  (3 result(s))
I (352504) mfsk_core_m5stack_core2:   ─── total decode:    13562463 us = 13.562 s
I (352504) mfsk_core_m5stack_core2:     [0]  1291 Hz  SNR=-15.3 dB  e=11  'CQ R7IW LN35'
I (352514) mfsk_core_m5stack_core2:     [1]  2097 Hz  SNR= -9.4 dB  e=0  'CQ DX R6WA LN32'
I (352524) mfsk_core_m5stack_core2:     [2]   682 Hz  SNR=-10.4 dB  e=0  'CQ TA6CQ KN70'
I (352534) mfsk_core_m5stack_core2: 
WAV: qso3 busy band (210703)
I (354224) mfsk_core_m5stack_core2:   stage 1 (spec):        1688313 us  (184× FFT, 940 freq bins)
I (355744) mfsk_core_m5stack_core2:   stage 2 (sync):        1512164 us  (12 candidate(s))
I (364514) mfsk_core_m5stack_core2:   stage 3 (refine+BP):   8772033 us  (2 result(s))
I (364514) mfsk_core_m5stack_core2:   ─── total decode:    11975176 us = 11.975 s
I (364514) mfsk_core_m5stack_core2:     [0]  2572 Hz  SNR=-12.9 dB  e=0  'W1FC F5BZB -8'
I (364524) mfsk_core_m5stack_core2:     [1]  2158 Hz  SNR=-14.8 dB  e=0  'WM3PEN EA6VQ -9'
I (364534) mfsk_core_m5stack_core2: 
════════════════════════════════════════════
I (364544) mfsk_core_m5stack_core2: RUN: max_cand=20  dt_grid=0  df_grid=0  q>6
I (364554) mfsk_core_m5stack_core2: ════════════════════════════════════════════
I (364574) mfsk_core_m5stack_core2: 
WAV: qso1 (191111_110130)
I (366264) mfsk_core_m5stack_core2:   stage 1 (spec):        1688300 us  (184× FFT, 940 freq bins)
I (367804) mfsk_core_m5stack_core2:   stage 2 (sync):        1542993 us  (20 candidate(s))
I (369844) mfsk_core_m5stack_core2:   stage 3 (refine+BP):   2035206 us  (1 result(s))
I (369844) mfsk_core_m5stack_core2:   ─── total decode:     5269185 us = 5.269 s
I (369854) mfsk_core_m5stack_core2:     [0]  2095 Hz  SNR=-11.5 dB  e=5  'CQ DX R6WA LN32'
I (369854) mfsk_core_m5stack_core2: 
WAV: qso2 (191111_110200)
I (371554) mfsk_core_m5stack_core2:   stage 1 (spec):        1688307 us  (184× FFT, 940 freq bins)
I (373094) mfsk_core_m5stack_core2:   stage 2 (sync):        1541251 us  (20 candidate(s))
I (376074) mfsk_core_m5stack_core2:   stage 3 (refine+BP):   2976620 us  (5 result(s))
I (376074) mfsk_core_m5stack_core2:   ─── total decode:     6208853 us = 6.209 s
I (376074) mfsk_core_m5stack_core2:     [0]  1292 Hz  SNR= -9.5 dB  e=5  'CQ R7IW LN35'
I (376084) mfsk_core_m5stack_core2:     [1]  2098 Hz  SNR=-14.8 dB  e=12  'CQ DX R6WA LN32'
I (376094) mfsk_core_m5stack_core2:     [2]   683 Hz  SNR=-15.7 dB  e=5  'CQ TA6CQ KN70'
I (376104) mfsk_core_m5stack_core2:     [3]  1031 Hz  SNR=-16.9 dB  e=20  'CQ LZ1JZ KN22'
I (376114) mfsk_core_m5stack_core2:     [4]   990 Hz  SNR=-17.9 dB  e=15  'OH3NIV ZS6S RR73'
I (376114) mfsk_core_m5stack_core2: 
WAV: qso3 busy band (210703)
I (377814) mfsk_core_m5stack_core2:   stage 1 (spec):        1688315 us  (184× FFT, 940 freq bins)
I (379324) mfsk_core_m5stack_core2:   stage 2 (sync):        1512174 us  (20 candidate(s))
I (381584) mfsk_core_m5stack_core2:   stage 3 (refine+BP):   2259604 us  (2 result(s))
I (381584) mfsk_core_m5stack_core2:   ─── total decode:     5462749 us = 5.463 s
I (381594) mfsk_core_m5stack_core2:     [0]  2572 Hz  SNR=-13.0 dB  e=0  'W1FC F5BZB -8'
I (381604) mfsk_core_m5stack_core2:     [1]  2159 Hz  SNR=-15.3 dB  e=5  'WM3PEN EA6VQ -9'
I (381604) mfsk_core_m5stack_core2: 
════════════════════════════════════════════
I (381624) mfsk_core_m5stack_core2: RUN: max_cand=20  dt_grid=0  df_grid=3  q>6
I (381624) mfsk_core_m5stack_core2: ════════════════════════════════════════════
I (381644) mfsk_core_m5stack_core2: 
WAV: qso1 (191111_110130)
I (383334) mfsk_core_m5stack_core2:   stage 1 (spec):        1688293 us  (184× FFT, 940 freq bins)
I (384884) mfsk_core_m5stack_core2:   stage 2 (sync):        1543009 us  (20 candidate(s))
I (389954) mfsk_core_m5stack_core2:   stage 3 (refine+BP):   5069698 us  (2 result(s))
I (389954) mfsk_core_m5stack_core2:   ─── total decode:     8303675 us = 8.304 s
I (389954) mfsk_core_m5stack_core2:     [0]  2095 Hz  SNR=-11.5 dB  e=5  'CQ DX R6WA LN32'
I (389964) mfsk_core_m5stack_core2:     [1]   685 Hz  SNR=-15.4 dB  e=18  'CQ TA6CQ KN70'
I (389974) mfsk_core_m5stack_core2: 
WAV: qso2 (191111_110200)
I (391664) mfsk_core_m5stack_core2:   stage 1 (spec):        1688295 us  (184× FFT, 940 freq bins)
I (393214) mfsk_core_m5stack_core2:   stage 2 (sync):        1541256 us  (20 candidate(s))
I (400124) mfsk_core_m5stack_core2:   stage 3 (refine+BP):   6916789 us  (3 result(s))
I (400134) mfsk_core_m5stack_core2:   ─── total decode:    10149018 us = 10.149 s
I (400134) mfsk_core_m5stack_core2:     [0]  1291 Hz  SNR= -9.8 dB  e=3  'CQ R7IW LN35'
I (400144) mfsk_core_m5stack_core2:     [1]  2097 Hz  SNR=-14.7 dB  e=12  'CQ DX R6WA LN32'
I (400154) mfsk_core_m5stack_core2:     [2]   683 Hz  SNR=-15.7 dB  e=5  'CQ TA6CQ KN70'
I (400154) mfsk_core_m5stack_core2: 
WAV: qso3 busy band (210703)
I (401854) mfsk_core_m5stack_core2:   stage 1 (spec):        1688307 us  (184× FFT, 940 freq bins)
I (403364) mfsk_core_m5stack_core2:   stage 2 (sync):        1512161 us  (20 candidate(s))
I (408704) mfsk_core_m5stack_core2:   stage 3 (refine+BP):   5336104 us  (2 result(s))
I (408704) mfsk_core_m5stack_core2:   ─── total decode:     8539228 us = 8.539 s
I (408704) mfsk_core_m5stack_core2:     [0]  2572 Hz  SNR=-12.9 dB  e=0  'W1FC F5BZB -8'
I (408714) mfsk_core_m5stack_core2:     [1]  2158 Hz  SNR=-14.8 dB  e=0  'WM3PEN EA6VQ -9'
I (408724) mfsk_core_m5stack_core2: 
════════════════════════════════════════════
I (408734) mfsk_core_m5stack_core2: RUN: max_cand=20  dt_grid=3  df_grid=0  q>6
I (408744) mfsk_core_m5stack_core2: ════════════════════════════════════════════
I (408764) mfsk_core_m5stack_core2: 
WAV: qso1 (191111_110130)
I (410454) mfsk_core_m5stack_core2:   stage 1 (spec):        1688300 us  (184× FFT, 940 freq bins)
I (412004) mfsk_core_m5stack_core2:   stage 2 (sync):        1542982 us  (20 candidate(s))
I (417104) mfsk_core_m5stack_core2:   stage 3 (refine+BP):   5107043 us  (1 result(s))
I (417104) mfsk_core_m5stack_core2:   ─── total decode:     8341005 us = 8.341 s
I (417114) mfsk_core_m5stack_core2:     [0]  2095 Hz  SNR=-11.5 dB  e=5  'CQ DX R6WA LN32'
I (417124) mfsk_core_m5stack_core2: 
WAV: qso2 (191111_110200)
I (418814) mfsk_core_m5stack_core2:   stage 1 (spec):        1688307 us  (184× FFT, 940 freq bins)
I (420354) mfsk_core_m5stack_core2:   stage 2 (sync):        1541250 us  (20 candidate(s))
I (426644) mfsk_core_m5stack_core2:   stage 3 (refine+BP):   6282623 us  (5 result(s))
I (426644) mfsk_core_m5stack_core2:   ─── total decode:     9514847 us = 9.515 s
I (426644) mfsk_core_m5stack_core2:     [0]  1292 Hz  SNR= -9.5 dB  e=5  'CQ R7IW LN35'
I (426654) mfsk_core_m5stack_core2:     [1]  2098 Hz  SNR= -9.6 dB  e=0  'CQ DX R6WA LN32'
I (426664) mfsk_core_m5stack_core2:     [2]   683 Hz  SNR= -9.7 dB  e=0  'CQ TA6CQ KN70'
I (426674) mfsk_core_m5stack_core2:     [3]  1031 Hz  SNR=-16.9 dB  e=20  'CQ LZ1JZ KN22'
I (426674) mfsk_core_m5stack_core2:     [4]   990 Hz  SNR=-17.9 dB  e=15  'OH3NIV ZS6S RR73'
I (426684) mfsk_core_m5stack_core2: 
WAV: qso3 busy band (210703)
I (428384) mfsk_core_m5stack_core2:   stage 1 (spec):        1688315 us  (184× FFT, 940 freq bins)
I (429894) mfsk_core_m5stack_core2:   stage 2 (sync):        1512171 us  (20 candidate(s))
I (435214) mfsk_core_m5stack_core2:   stage 3 (refine+BP):   5316921 us  (2 result(s))
I (435214) mfsk_core_m5stack_core2:   ─── total decode:     8520067 us = 8.520 s
I (435214) mfsk_core_m5stack_core2:     [0]  2572 Hz  SNR= -2.0 dB  e=0  'W1FC F5BZB -8'
I (435224) mfsk_core_m5stack_core2:     [1]  2159 Hz  SNR= -5.5 dB  e=0  'WM3PEN EA6VQ -9'
I (435234) mfsk_core_m5stack_core2: 
════════════════════════════════════════════
I (435244) mfsk_core_m5stack_core2: RUN: max_cand=20  dt_grid=3  df_grid=3  q>6
I (435254) mfsk_core_m5stack_core2: ════════════════════════════════════════════
I (435274) mfsk_core_m5stack_core2: 
WAV: qso1 (191111_110130)
I (436964) mfsk_core_m5stack_core2:   stage 1 (spec):        1688299 us  (184× FFT, 940 freq bins)
I (438504) mfsk_core_m5stack_core2:   stage 2 (sync):        1542997 us  (20 candidate(s))
I (453604) mfsk_core_m5stack_core2:   stage 3 (refine+BP):  15096121 us  (2 result(s))
I (453604) mfsk_core_m5stack_core2:   ─── total decode:    18330096 us = 18.330 s
I (453614) mfsk_core_m5stack_core2:     [0]  2095 Hz  SNR=-11.5 dB  e=5  'CQ DX R6WA LN32'
I (453614) mfsk_core_m5stack_core2:     [1]   685 Hz  SNR=-14.7 dB  e=15  'CQ TA6CQ KN70'
I (453624) mfsk_core_m5stack_core2: 
WAV: qso2 (191111_110200)
I (455324) mfsk_core_m5stack_core2:   stage 1 (spec):        1688301 us  (184× FFT, 940 freq bins)
I (456864) mfsk_core_m5stack_core2:   stage 2 (sync):        1541275 us  (20 candidate(s))
I (473234) mfsk_core_m5stack_core2:   stage 3 (refine+BP):  16369017 us  (3 result(s))
I (473234) mfsk_core_m5stack_core2:   ─── total decode:    19601271 us = 19.601 s
I (473234) mfsk_core_m5stack_core2:     [0]  1291 Hz  SNR=-15.3 dB  e=11  'CQ R7IW LN35'
I (473244) mfsk_core_m5stack_core2:     [1]  2097 Hz  SNR= -9.4 dB  e=0  'CQ DX R6WA LN32'
I (473254) mfsk_core_m5stack_core2:     [2]   682 Hz  SNR=-10.4 dB  e=0  'CQ TA6CQ KN70'
I (473264) mfsk_core_m5stack_core2: 
WAV: qso3 busy band (210703)
I (474954) mfsk_core_m5stack_core2:   stage 1 (spec):        1688304 us  (184× FFT, 940 freq bins)
I (476474) mfsk_core_m5stack_core2:   stage 2 (sync):        1512167 us  (20 candidate(s))
I (491054) mfsk_core_m5stack_core2:   stage 3 (refine+BP):  14584674 us  (2 result(s))
I (491054) mfsk_core_m5stack_core2:   ─── total decode:    17787800 us = 17.788 s
I (491064) mfsk_core_m5stack_core2:     [0]  2572 Hz  SNR=-12.9 dB  e=0  'W1FC F5BZB -8'
I (491064) mfsk_core_m5stack_core2:     [1]  2158 Hz  SNR=-14.8 dB  e=0  'WM3PEN EA6VQ -9'
I (491074) mfsk_core_m5stack_core2: 
=== Sweep complete. Idling. ===
