[2026-05-01T13:18:44Z INFO ] 🚀 A new version of espflash is available: v4.4.0
[2026-05-01T13:18:44Z INFO ] Serial port: '/dev/ttyACM0'
[2026-05-01T13:18:44Z INFO ] Connecting...
[2026-05-01T13:18:45Z INFO ] Using flash stub
ets Jul 29 2019 12:21:46

rst:0x1 (POWERON_RESET),boot:0x17 (SPI_FAST_FLASH_BOOT)
configsip: 0, SPIWP:0xee
clk_drv:0x00,q_drv:0x00,d_drv:0x00,cs0_drv:0x00,hd_drv:0x00,wp_drv:0x00
mode:DIO, clock div:2
load:0x3fff0030,len:7104
load:0x40078000,len:15576
load:0x40080400,len:4
ho 8 tail 4 room 4
load:0x40080404,len:3876
entry 0x4008064c
[0;32mI (31) boot: ESP-IDF v5.1-beta1-378-gea5e0ff298-dirt 2nd stage bootloader[0m
[0;32mI (31) boot: compile time Jun  7 2023 07:48:23[0m
[0;32mI (33) boot: Multicore bootloader[0m
[0;32mI (37) boot: chip revision: v3.1[0m
[0;32mI (41) boot.esp32: SPI Speed      : 40MHz[0m
[0;32mI (46) boot.esp32: SPI Mode       : DIO[0m
[0;32mI (50) boot.esp32: SPI Flash Size : 4MB[0m
[0;32mI (55) boot: Enabling RNG early entropy source...[0m
[0;32mI (60) boot: Partition Table:[0m
[0;32mI (64) boot: ## Label            Usage          Type ST Offset   Length[0m
[0;32mI (71) boot:  0 nvs              WiFi data        01 02 00009000 00006000[0m
[0;32mI (79) boot:  1 phy_init         RF data          01 01 0000f000 00001000[0m
[0;32mI (86) boot:  2 factory          factory app      00 00 00010000 003f0000[0m
[0;32mI (94) boot: End of partition table[0m
[0;32mI (98) esp_image: segment 0: paddr=00010020 vaddr=3f400020 size=122b68h (1190760) map[0m
[0;32mI (536) esp_image: segment 1: paddr=00132b90 vaddr=3ffb0000 size=02f98h ( 12184) load[0m
[0;32mI (541) esp_image: segment 2: paddr=00135b30 vaddr=40080000 size=0a4e8h ( 42216) load[0m
[0;32mI (560) esp_image: segment 3: paddr=00140020 vaddr=400d0020 size=645d0h (411088) map[0m
[0;32mI (708) esp_image: segment 4: paddr=001a45f8 vaddr=4008a4e8 size=068f8h ( 26872) load[0m
[0;32mI (720) esp_image: segment 5: paddr=001aaef8 vaddr=50000000 size=00020h (    32) load[0m
[0;32mI (729) boot: Loaded app from partition at offset 0x10000[0m
[0;32mI (729) boot: Disabling RNG early entropy source...[0m
I (743) quad_psram: This chip is ESP32-D0WD
I (745) esp_psram: Found 8MB PSRAM device
I (745) esp_psram: Speed: 40MHz
I (745) esp_psram: PSRAM initialized, cache is in low/high (2-core) mode.
W (750) esp_psram: Virtual address not enough for PSRAM, map as much as we can. 4MB is mapped
I (758) cpu_start: Multicore app
I (1666) esp_psram: SPI SRAM memory test OK
I (1674) cpu_start: GPIO 3 and 1 are used as console UART I/O pins
I (1674) cpu_start: Pro cpu start user code
I (1674) cpu_start: cpu freq: 160000000 Hz
I (1676) app_init: Application information:
I (1680) app_init: Project name:     libespidf
I (1684) app_init: App version:      v0.4.4-dirty
I (1689) app_init: Compile time:     May  1 2026 14:25:52
I (1694) app_init: ELF file SHA256:  000000000...
I (1698) app_init: ESP-IDF:          v5.5.3
I (1702) efuse_init: Min chip rev:     v0.0
I (1706) efuse_init: Max chip rev:     v3.99 
I (1710) efuse_init: Chip rev:         v3.1
I (1714) heap_init: Initializing. RAM available for dynamic allocation:
I (1721) heap_init: At 3FFAE6E0 len 00001920 (6 KiB): DRAM
I (1726) heap_init: At 3FFB3940 len 0002C6C0 (177 KiB): DRAM
I (1731) heap_init: At 3FFE0440 len 00003AE0 (14 KiB): D/IRAM
I (1736) heap_init: At 3FFE4350 len 0001BCB0 (111 KiB): D/IRAM
I (1742) heap_init: At 40090DE0 len 0000F220 (60 KiB): IRAM
I (1748) esp_psram: Adding pool of 4096K of PSRAM memory to heap allocator
I (1755) spi_flash: detected chip: generic
I (1758) spi_flash: flash io: dio
W (1761) spi_flash: Detected size(16384k) larger than the size in the binary image header(4096k). Using the size in the binary image header.
I (1774) main_task: Started on CPU0
I (1784) esp_psram: Reserving pool of 32K of internal memory for DMA/internal allocations
I (1784) main_task: Calling app_main()
I (1784) mfsk_core_m5stack_core2: mfsk-core-m5stack-core2 PoC starting
I (1784) mfsk_core_m5stack_core2: mfsk-core version: 0.4.4
I (1794) mfsk_core_m5stack_core2: free heap: internal = 271 KB (largest contig 144 KB), PSRAM = 4093 KB
I (1804) mfsk_core_m5stack_core2: decode_block: NFFT_SPEC=4096, NMS α=0.75, Bp, parabolic-dt, Costas-first
I (1814) mfsk_core_m5stack_core2: baked WAVs: 3
I (2314) mfsk_core_m5stack_core2: 
════════════════════════════════════════════
I (2314) mfsk_core_m5stack_core2: RUN: max_cand=12  dt_grid=0  df_grid=0  q>3
I (2324) mfsk_core_m5stack_core2: ════════════════════════════════════════════
I (2334) mfsk_core_m5stack_core2: 
WAV: qso1 (191111_110130)
I (4084) mfsk_core_m5stack_core2:   stage 1 (spec):        1742564 us  (184× FFT, 940 freq bins)
I (5604) mfsk_core_m5stack_core2:   stage 2 (sync):        1522840 us  (12 candidate(s))
I (8914) mfsk_core_m5stack_core2:   stage 3 (refine+BP):   3301263 us  (1 result(s))
I (8914) mfsk_core_m5stack_core2:   ─── total decode:     6569357 us = 6.569 s
I (8914) mfsk_core_m5stack_core2:     [0]  1292 Hz  SNR= -6.5 dB  e=0  'CQ R7IW LN35'
I (8924) mfsk_core_m5stack_core2: 
WAV: qso2 (191111_110200)
I (10654) mfsk_core_m5stack_core2:   stage 1 (spec):        1729273 us  (184× FFT, 940 freq bins)
I (12184) mfsk_core_m5stack_core2:   stage 2 (sync):        1522756 us  (12 candidate(s))
I (15104) mfsk_core_m5stack_core2:   stage 3 (refine+BP):   2919085 us  (3 result(s))
I (15104) mfsk_core_m5stack_core2:   ─── total decode:     6173808 us = 6.174 s
I (15104) mfsk_core_m5stack_core2:     [0]  2098 Hz  SNR=-14.9 dB  e=12  'CQ DX R6WA LN32'
I (15114) mfsk_core_m5stack_core2:     [1]  1292 Hz  SNR= -9.7 dB  e=5  'CQ R7IW LN35'
I (15124) mfsk_core_m5stack_core2:     [2]   683 Hz  SNR=-14.8 dB  e=5  'CQ TA6CQ KN70'
I (15134) mfsk_core_m5stack_core2: 
WAV: qso3 busy band (210703)
I (16864) mfsk_core_m5stack_core2:   stage 1 (spec):        1729281 us  (184× FFT, 940 freq bins)
I (18374) mfsk_core_m5stack_core2:   stage 2 (sync):        1510512 us  (12 candidate(s))
I (21104) mfsk_core_m5stack_core2:   stage 3 (refine+BP):   2722890 us  (2 result(s))
I (21104) mfsk_core_m5stack_core2:   ─── total decode:     5965353 us = 5.965 s
I (21104) mfsk_core_m5stack_core2:     [0]  2572 Hz  SNR=-12.6 dB  e=0  'W1FC F5BZB -8'
I (21114) mfsk_core_m5stack_core2:     [1]  2156 Hz  SNR=-10.7 dB  e=0  'WM3PEN EA6VQ -9'
I (21124) mfsk_core_m5stack_core2: 
════════════════════════════════════════════
I (21134) mfsk_core_m5stack_core2: RUN: max_cand=12  dt_grid=0  df_grid=3  q>3
I (21144) mfsk_core_m5stack_core2: ════════════════════════════════════════════
I (21154) mfsk_core_m5stack_core2: 
WAV: qso1 (191111_110130)
I (22894) mfsk_core_m5stack_core2:   stage 1 (spec):        1729286 us  (184× FFT, 940 freq bins)
I (24414) mfsk_core_m5stack_core2:   stage 2 (sync):        1522970 us  (12 candidate(s))
I (29764) mfsk_core_m5stack_core2:   stage 3 (refine+BP):   5346558 us  (2 result(s))
I (29764) mfsk_core_m5stack_core2:   ─── total decode:     8601518 us = 8.602 s
I (29774) mfsk_core_m5stack_core2:     [0]   680 Hz  SNR=-16.5 dB  e=15  'CQ TA6CQ KN70'
I (29784) mfsk_core_m5stack_core2:     [1]  1291 Hz  SNR= -5.2 dB  e=0  'CQ R7IW LN35'
I (29784) mfsk_core_m5stack_core2: 
WAV: qso2 (191111_110200)
I (31524) mfsk_core_m5stack_core2:   stage 1 (spec):        1729284 us  (184× FFT, 940 freq bins)
I (33044) mfsk_core_m5stack_core2:   stage 2 (sync):        1522759 us  (12 candidate(s))
I (38074) mfsk_core_m5stack_core2:   stage 3 (refine+BP):   5022838 us  (3 result(s))
I (38074) mfsk_core_m5stack_core2:   ─── total decode:     8277571 us = 8.278 s
I (38074) mfsk_core_m5stack_core2:     [0]  2097 Hz  SNR=-14.8 dB  e=14  'CQ DX R6WA LN32'
I (38084) mfsk_core_m5stack_core2:     [1]  1292 Hz  SNR= -9.7 dB  e=5  'CQ R7IW LN35'
I (38094) mfsk_core_m5stack_core2:     [2]   682 Hz  SNR=-14.8 dB  e=5  'CQ TA6CQ KN70'
I (38094) mfsk_core_m5stack_core2: 
WAV: qso3 busy band (210703)
I (39834) mfsk_core_m5stack_core2:   stage 1 (spec):        1729292 us  (184× FFT, 940 freq bins)
I (41344) mfsk_core_m5stack_core2:   stage 2 (sync):        1510518 us  (12 candidate(s))
I (46914) mfsk_core_m5stack_core2:   stage 3 (refine+BP):   5565454 us  (2 result(s))
I (46914) mfsk_core_m5stack_core2:   ─── total decode:     8807935 us = 8.808 s
I (46914) mfsk_core_m5stack_core2:     [0]  2572 Hz  SNR=-12.7 dB  e=0  'W1FC F5BZB -8'
I (46924) mfsk_core_m5stack_core2:     [1]  2156 Hz  SNR=-10.7 dB  e=0  'WM3PEN EA6VQ -9'
I (46934) mfsk_core_m5stack_core2: 
════════════════════════════════════════════
I (46944) mfsk_core_m5stack_core2: RUN: max_cand=12  dt_grid=3  df_grid=0  q>3
I (46954) mfsk_core_m5stack_core2: ════════════════════════════════════════════
I (46964) mfsk_core_m5stack_core2: 
WAV: qso1 (191111_110130)
I (48704) mfsk_core_m5stack_core2:   stage 1 (spec):        1729285 us  (184× FFT, 940 freq bins)
I (50224) mfsk_core_m5stack_core2:   stage 2 (sync):        1522996 us  (12 candidate(s))
I (55644) mfsk_core_m5stack_core2:   stage 3 (refine+BP):   5415620 us  (1 result(s))
I (55644) mfsk_core_m5stack_core2:   ─── total decode:     8670600 us = 8.671 s
I (55654) mfsk_core_m5stack_core2:     [0]  1292 Hz  SNR=-13.7 dB  e=5  'CQ R7IW LN35'
I (55654) mfsk_core_m5stack_core2: 
WAV: qso2 (191111_110200)
I (57394) mfsk_core_m5stack_core2:   stage 1 (spec):        1729288 us  (184× FFT, 940 freq bins)
I (58914) mfsk_core_m5stack_core2:   stage 2 (sync):        1522761 us  (12 candidate(s))
I (63944) mfsk_core_m5stack_core2:   stage 3 (refine+BP):   5025929 us  (3 result(s))
I (63944) mfsk_core_m5stack_core2:   ─── total decode:     8280665 us = 8.281 s
I (63954) mfsk_core_m5stack_core2:     [0]  2098 Hz  SNR= -9.3 dB  e=0  'CQ DX R6WA LN32'
I (63954) mfsk_core_m5stack_core2:     [1]  1292 Hz  SNR= -9.7 dB  e=5  'CQ R7IW LN35'
I (63964) mfsk_core_m5stack_core2:     [2]   683 Hz  SNR=-14.8 dB  e=5  'CQ TA6CQ KN70'
I (63974) mfsk_core_m5stack_core2: 
WAV: qso3 busy band (210703)
I (65704) mfsk_core_m5stack_core2:   stage 1 (spec):        1729280 us  (184× FFT, 940 freq bins)
I (67224) mfsk_core_m5stack_core2:   stage 2 (sync):        1510527 us  (12 candidate(s))
I (72284) mfsk_core_m5stack_core2:   stage 3 (refine+BP):   5068299 us  (2 result(s))
I (72294) mfsk_core_m5stack_core2:   ─── total decode:     8310783 us = 8.311 s
I (72294) mfsk_core_m5stack_core2:     [0]  2572 Hz  SNR= -2.8 dB  e=0  'W1FC F5BZB -8'
I (72304) mfsk_core_m5stack_core2:     [1]  2156 Hz  SNR= -9.3 dB  e=0  'WM3PEN EA6VQ -9'
I (72314) mfsk_core_m5stack_core2: 
════════════════════════════════════════════
I (72324) mfsk_core_m5stack_core2: RUN: max_cand=12  dt_grid=3  df_grid=3  q>3
I (72334) mfsk_core_m5stack_core2: ════════════════════════════════════════════
I (72344) mfsk_core_m5stack_core2: 
WAV: qso1 (191111_110130)
I (74084) mfsk_core_m5stack_core2:   stage 1 (spec):        1729284 us  (184× FFT, 940 freq bins)
I (75604) mfsk_core_m5stack_core2:   stage 2 (sync):        1522985 us  (12 candidate(s))
I (86474) mfsk_core_m5stack_core2:   stage 3 (refine+BP):  10862834 us  (2 result(s))
I (86474) mfsk_core_m5stack_core2:   ─── total decode:    14117794 us = 14.118 s
I (86474) mfsk_core_m5stack_core2:     [0]   680 Hz  SNR=-13.1 dB  e=9  'CQ TA6CQ KN70'
I (86484) mfsk_core_m5stack_core2:     [1]  1291 Hz  SNR=-13.3 dB  e=0  'CQ R7IW LN35'
I (86494) mfsk_core_m5stack_core2: 
WAV: qso2 (191111_110200)
I (88224) mfsk_core_m5stack_core2:   stage 1 (spec):        1729273 us  (184× FFT, 940 freq bins)
I (89744) mfsk_core_m5stack_core2:   stage 2 (sync):        1522747 us  (12 candidate(s))
I (100294) mfsk_core_m5stack_core2:   stage 3 (refine+BP):  10546107 us  (3 result(s))
I (100294) mfsk_core_m5stack_core2:   ─── total decode:    13800825 us = 13.801 s
I (100304) mfsk_core_m5stack_core2:     [0]  2097 Hz  SNR= -9.2 dB  e=0  'CQ DX R6WA LN32'
I (100314) mfsk_core_m5stack_core2:     [1]  1292 Hz  SNR= -9.7 dB  e=5  'CQ R7IW LN35'
I (100314) mfsk_core_m5stack_core2:     [2]   682 Hz  SNR=-14.8 dB  e=5  'CQ TA6CQ KN70'
I (100324) mfsk_core_m5stack_core2: 
WAV: qso3 busy band (210703)
I (102064) mfsk_core_m5stack_core2:   stage 1 (spec):        1729279 us  (184× FFT, 940 freq bins)
I (103574) mfsk_core_m5stack_core2:   stage 2 (sync):        1510529 us  (12 candidate(s))
I (114914) mfsk_core_m5stack_core2:   stage 3 (refine+BP):  11337375 us  (2 result(s))
I (114914) mfsk_core_m5stack_core2:   ─── total decode:    14579854 us = 14.580 s
I (114914) mfsk_core_m5stack_core2:     [0]  2572 Hz  SNR=-12.7 dB  e=0  'W1FC F5BZB -8'
I (114924) mfsk_core_m5stack_core2:     [1]  2156 Hz  SNR= -9.3 dB  e=0  'WM3PEN EA6VQ -9'
I (114934) mfsk_core_m5stack_core2: 
════════════════════════════════════════════
I (114944) mfsk_core_m5stack_core2: RUN: max_cand=20  dt_grid=0  df_grid=0  q>3
I (114954) mfsk_core_m5stack_core2: ════════════════════════════════════════════
I (114964) mfsk_core_m5stack_core2: 
WAV: qso1 (191111_110130)
I (116704) mfsk_core_m5stack_core2:   stage 1 (spec):        1729291 us  (184× FFT, 940 freq bins)
I (118224) mfsk_core_m5stack_core2:   stage 2 (sync):        1522976 us  (20 candidate(s))
I (123764) mfsk_core_m5stack_core2:   stage 3 (refine+BP):   5530182 us  (1 result(s))
I (123764) mfsk_core_m5stack_core2:   ─── total decode:     8785135 us = 8.785 s
I (123764) mfsk_core_m5stack_core2:     [0]  1292 Hz  SNR= -6.5 dB  e=0  'CQ R7IW LN35'
I (123774) mfsk_core_m5stack_core2: 
WAV: qso2 (191111_110200)
I (125504) mfsk_core_m5stack_core2:   stage 1 (spec):        1729275 us  (184× FFT, 940 freq bins)
I (127034) mfsk_core_m5stack_core2:   stage 2 (sync):        1522778 us  (20 candidate(s))
I (131374) mfsk_core_m5stack_core2:   stage 3 (refine+BP):   4339563 us  (3 result(s))
I (131374) mfsk_core_m5stack_core2:   ─── total decode:     7594302 us = 7.594 s
I (131374) mfsk_core_m5stack_core2:     [0]  2098 Hz  SNR=-14.9 dB  e=12  'CQ DX R6WA LN32'
I (131384) mfsk_core_m5stack_core2:     [1]  1292 Hz  SNR= -9.7 dB  e=5  'CQ R7IW LN35'
I (131394) mfsk_core_m5stack_core2:     [2]   683 Hz  SNR=-14.8 dB  e=5  'CQ TA6CQ KN70'
I (131404) mfsk_core_m5stack_core2: 
WAV: qso3 busy band (210703)
I (133134) mfsk_core_m5stack_core2:   stage 1 (spec):        1729270 us  (184× FFT, 940 freq bins)
I (134644) mfsk_core_m5stack_core2:   stage 2 (sync):        1510515 us  (20 candidate(s))
I (139564) mfsk_core_m5stack_core2:   stage 3 (refine+BP):   4914490 us  (2 result(s))
I (139564) mfsk_core_m5stack_core2:   ─── total decode:     8156936 us = 8.157 s
I (139574) mfsk_core_m5stack_core2:     [0]  2572 Hz  SNR=-12.6 dB  e=0  'W1FC F5BZB -8'
I (139574) mfsk_core_m5stack_core2:     [1]  2156 Hz  SNR=-10.7 dB  e=0  'WM3PEN EA6VQ -9'
I (139584) mfsk_core_m5stack_core2: 
════════════════════════════════════════════
I (139604) mfsk_core_m5stack_core2: RUN: max_cand=20  dt_grid=0  df_grid=3  q>3
I (139604) mfsk_core_m5stack_core2: ════════════════════════════════════════════
I (139624) mfsk_core_m5stack_core2: 
WAV: qso1 (191111_110130)
I (141354) mfsk_core_m5stack_core2:   stage 1 (spec):        1729288 us  (184× FFT, 940 freq bins)
I (142884) mfsk_core_m5stack_core2:   stage 2 (sync):        1522963 us  (20 candidate(s))
I (151684) mfsk_core_m5stack_core2:   stage 3 (refine+BP):   8803268 us  (2 result(s))
I (151684) mfsk_core_m5stack_core2:   ─── total decode:    12058205 us = 12.058 s
I (151694) mfsk_core_m5stack_core2:     [0]   680 Hz  SNR=-16.5 dB  e=15  'CQ TA6CQ KN70'
I (151694) mfsk_core_m5stack_core2:     [1]  1291 Hz  SNR= -5.2 dB  e=0  'CQ R7IW LN35'
I (151704) mfsk_core_m5stack_core2: 
WAV: qso2 (191111_110200)
I (153444) mfsk_core_m5stack_core2:   stage 1 (spec):        1729270 us  (184× FFT, 940 freq bins)
I (154964) mfsk_core_m5stack_core2:   stage 2 (sync):        1522781 us  (20 candidate(s))
I (162634) mfsk_core_m5stack_core2:   stage 3 (refine+BP):   7668849 us  (3 result(s))
I (162634) mfsk_core_m5stack_core2:   ─── total decode:    10923582 us = 10.924 s
I (162644) mfsk_core_m5stack_core2:     [0]  2097 Hz  SNR=-14.8 dB  e=14  'CQ DX R6WA LN32'
I (162644) mfsk_core_m5stack_core2:     [1]  1292 Hz  SNR= -9.7 dB  e=5  'CQ R7IW LN35'
I (162654) mfsk_core_m5stack_core2:     [2]   682 Hz  SNR=-14.8 dB  e=5  'CQ TA6CQ KN70'
I (162664) mfsk_core_m5stack_core2: 
WAV: qso3 busy band (210703)
I (164404) mfsk_core_m5stack_core2:   stage 1 (spec):        1729287 us  (184× FFT, 940 freq bins)
I (165914) mfsk_core_m5stack_core2:   stage 2 (sync):        1510527 us  (20 candidate(s))
I (174944) mfsk_core_m5stack_core2:   stage 3 (refine+BP):   9028849 us  (2 result(s))
I (174944) mfsk_core_m5stack_core2:   ─── total decode:    12271317 us = 12.271 s
I (174944) mfsk_core_m5stack_core2:     [0]  2572 Hz  SNR=-12.7 dB  e=0  'W1FC F5BZB -8'
I (174954) mfsk_core_m5stack_core2:     [1]  2156 Hz  SNR=-10.7 dB  e=0  'WM3PEN EA6VQ -9'
I (174964) mfsk_core_m5stack_core2: 
════════════════════════════════════════════
I (174974) mfsk_core_m5stack_core2: RUN: max_cand=20  dt_grid=3  df_grid=0  q>3
I (174984) mfsk_core_m5stack_core2: ════════════════════════════════════════════
I (174994) mfsk_core_m5stack_core2: 
WAV: qso1 (191111_110130)
I (176734) mfsk_core_m5stack_core2:   stage 1 (spec):        1729287 us  (184× FFT, 940 freq bins)
I (178254) mfsk_core_m5stack_core2:   stage 2 (sync):        1522971 us  (20 candidate(s))
I (187134) mfsk_core_m5stack_core2:   stage 3 (refine+BP):   8872297 us  (1 result(s))
I (187134) mfsk_core_m5stack_core2:   ─── total decode:    12127251 us = 12.127 s
I (187134) mfsk_core_m5stack_core2:     [0]  1292 Hz  SNR=-13.7 dB  e=5  'CQ R7IW LN35'
I (187144) mfsk_core_m5stack_core2: 
WAV: qso2 (191111_110200)
I (188884) mfsk_core_m5stack_core2:   stage 1 (spec):        1729275 us  (184× FFT, 940 freq bins)
I (190404) mfsk_core_m5stack_core2:   stage 2 (sync):        1522781 us  (20 candidate(s))
I (199154) mfsk_core_m5stack_core2:   stage 3 (refine+BP):   8748897 us  (3 result(s))
I (199154) mfsk_core_m5stack_core2:   ─── total decode:    12003635 us = 12.004 s
I (199164) mfsk_core_m5stack_core2:     [0]  2098 Hz  SNR= -9.3 dB  e=0  'CQ DX R6WA LN32'
I (199164) mfsk_core_m5stack_core2:     [1]  1292 Hz  SNR= -9.7 dB  e=5  'CQ R7IW LN35'
I (199174) mfsk_core_m5stack_core2:     [2]   683 Hz  SNR=-14.8 dB  e=5  'CQ TA6CQ KN70'
I (199184) mfsk_core_m5stack_core2: 
WAV: qso3 busy band (210703)
I (200914) mfsk_core_m5stack_core2:   stage 1 (spec):        1729269 us  (184× FFT, 940 freq bins)
I (202434) mfsk_core_m5stack_core2:   stage 2 (sync):        1510526 us  (20 candidate(s))
I (210964) mfsk_core_m5stack_core2:   stage 3 (refine+BP):   8531756 us  (2 result(s))
I (210964) mfsk_core_m5stack_core2:   ─── total decode:    11774219 us = 11.774 s
I (210974) mfsk_core_m5stack_core2:     [0]  2572 Hz  SNR= -2.8 dB  e=0  'W1FC F5BZB -8'
I (210974) mfsk_core_m5stack_core2:     [1]  2156 Hz  SNR= -9.3 dB  e=0  'WM3PEN EA6VQ -9'
I (210984) mfsk_core_m5stack_core2: 
════════════════════════════════════════════
I (211004) mfsk_core_m5stack_core2: RUN: max_cand=20  dt_grid=3  df_grid=3  q>3
I (211004) mfsk_core_m5stack_core2: ════════════════════════════════════════════
I (211024) mfsk_core_m5stack_core2: 
WAV: qso1 (191111_110130)
I (212754) mfsk_core_m5stack_core2:   stage 1 (spec):        1729287 us  (184× FFT, 940 freq bins)
I (214284) mfsk_core_m5stack_core2:   stage 2 (sync):        1522981 us  (20 candidate(s))
I (232554) mfsk_core_m5stack_core2:   stage 3 (refine+BP):  18268988 us  (2 result(s))
I (232554) mfsk_core_m5stack_core2:   ─── total decode:    21523950 us = 21.524 s
I (232554) mfsk_core_m5stack_core2:     [0]   680 Hz  SNR=-13.1 dB  e=9  'CQ TA6CQ KN70'
I (232564) mfsk_core_m5stack_core2:     [1]  1291 Hz  SNR=-13.3 dB  e=0  'CQ R7IW LN35'
I (232574) mfsk_core_m5stack_core2: 
WAV: qso2 (191111_110200)
I (234304) mfsk_core_m5stack_core2:   stage 1 (spec):        1729278 us  (184× FFT, 940 freq bins)
I (235834) mfsk_core_m5stack_core2:   stage 2 (sync):        1522775 us  (20 candidate(s))
I (254044) mfsk_core_m5stack_core2:   stage 3 (refine+BP):  18214997 us  (3 result(s))
I (254044) mfsk_core_m5stack_core2:   ─── total decode:    21469732 us = 21.470 s
I (254054) mfsk_core_m5stack_core2:     [0]  2097 Hz  SNR= -9.2 dB  e=0  'CQ DX R6WA LN32'
I (254064) mfsk_core_m5stack_core2:     [1]  1292 Hz  SNR= -9.7 dB  e=5  'CQ R7IW LN35'
I (254064) mfsk_core_m5stack_core2:     [2]   682 Hz  SNR=-14.8 dB  e=5  'CQ TA6CQ KN70'
I (254074) mfsk_core_m5stack_core2: 
WAV: qso3 busy band (210703)
I (255814) mfsk_core_m5stack_core2:   stage 1 (spec):        1729279 us  (184× FFT, 940 freq bins)
I (257324) mfsk_core_m5stack_core2:   stage 2 (sync):        1510524 us  (20 candidate(s))
I (276044) mfsk_core_m5stack_core2:   stage 3 (refine+BP):  18724323 us  (2 result(s))
I (276054) mfsk_core_m5stack_core2:   ─── total decode:    21966791 us = 21.967 s
I (276054) mfsk_core_m5stack_core2:     [0]  2572 Hz  SNR=-12.7 dB  e=0  'W1FC F5BZB -8'
I (276064) mfsk_core_m5stack_core2:     [1]  2156 Hz  SNR= -9.3 dB  e=0  'WM3PEN EA6VQ -9'
I (276074) mfsk_core_m5stack_core2: 
════════════════════════════════════════════
I (276084) mfsk_core_m5stack_core2: RUN: max_cand=12  dt_grid=0  df_grid=0  q>6
I (276094) mfsk_core_m5stack_core2: ════════════════════════════════════════════
I (276104) mfsk_core_m5stack_core2: 
WAV: qso1 (191111_110130)
I (277844) mfsk_core_m5stack_core2:   stage 1 (spec):        1729287 us  (184× FFT, 940 freq bins)
I (279364) mfsk_core_m5stack_core2:   stage 2 (sync):        1522979 us  (12 candidate(s))
I (281324) mfsk_core_m5stack_core2:   stage 3 (refine+BP):   1955412 us  (1 result(s))
I (281324) mfsk_core_m5stack_core2:   ─── total decode:     5210369 us = 5.210 s
I (281324) mfsk_core_m5stack_core2:     [0]  1292 Hz  SNR= -6.5 dB  e=0  'CQ R7IW LN35'
I (281334) mfsk_core_m5stack_core2: 
WAV: qso2 (191111_110200)
I (283074) mfsk_core_m5stack_core2:   stage 1 (spec):        1729274 us  (184× FFT, 940 freq bins)
I (284594) mfsk_core_m5stack_core2:   stage 2 (sync):        1522787 us  (12 candidate(s))
I (286434) mfsk_core_m5stack_core2:   stage 3 (refine+BP):   1842235 us  (3 result(s))
I (286434) mfsk_core_m5stack_core2:   ─── total decode:     5096982 us = 5.097 s
I (286444) mfsk_core_m5stack_core2:     [0]  2098 Hz  SNR=-14.9 dB  e=12  'CQ DX R6WA LN32'
I (286454) mfsk_core_m5stack_core2:     [1]  1292 Hz  SNR= -9.7 dB  e=5  'CQ R7IW LN35'
I (286454) mfsk_core_m5stack_core2:     [2]   683 Hz  SNR=-14.8 dB  e=5  'CQ TA6CQ KN70'
I (286464) mfsk_core_m5stack_core2: 
WAV: qso3 busy band (210703)
I (288204) mfsk_core_m5stack_core2:   stage 1 (spec):        1729282 us  (184× FFT, 940 freq bins)
I (289714) mfsk_core_m5stack_core2:   stage 2 (sync):        1510514 us  (12 candidate(s))
I (291094) mfsk_core_m5stack_core2:   stage 3 (refine+BP):   1376681 us  (2 result(s))
I (291094) mfsk_core_m5stack_core2:   ─── total decode:     4619139 us = 4.619 s
I (291094) mfsk_core_m5stack_core2:     [0]  2572 Hz  SNR=-12.6 dB  e=0  'W1FC F5BZB -8'
I (291104) mfsk_core_m5stack_core2:     [1]  2156 Hz  SNR=-10.7 dB  e=0  'WM3PEN EA6VQ -9'
I (291114) mfsk_core_m5stack_core2: 
════════════════════════════════════════════
I (291124) mfsk_core_m5stack_core2: RUN: max_cand=12  dt_grid=0  df_grid=3  q>6
I (291134) mfsk_core_m5stack_core2: ════════════════════════════════════════════
I (291144) mfsk_core_m5stack_core2: 
WAV: qso1 (191111_110130)
I (292884) mfsk_core_m5stack_core2:   stage 1 (spec):        1729282 us  (184× FFT, 940 freq bins)
I (294404) mfsk_core_m5stack_core2:   stage 2 (sync):        1522970 us  (12 candidate(s))
I (298144) mfsk_core_m5stack_core2:   stage 3 (refine+BP):   3731288 us  (2 result(s))
I (298144) mfsk_core_m5stack_core2:   ─── total decode:     6986234 us = 6.986 s
I (298144) mfsk_core_m5stack_core2:     [0]   680 Hz  SNR=-16.5 dB  e=15  'CQ TA6CQ KN70'
I (298154) mfsk_core_m5stack_core2:     [1]  1291 Hz  SNR= -5.2 dB  e=0  'CQ R7IW LN35'
I (298164) mfsk_core_m5stack_core2: 
WAV: qso2 (191111_110200)
I (299894) mfsk_core_m5stack_core2:   stage 1 (spec):        1729274 us  (184× FFT, 940 freq bins)
I (301424) mfsk_core_m5stack_core2:   stage 2 (sync):        1522762 us  (12 candidate(s))
I (305364) mfsk_core_m5stack_core2:   stage 3 (refine+BP):   3945981 us  (3 result(s))
I (305364) mfsk_core_m5stack_core2:   ─── total decode:     7200700 us = 7.201 s
I (305374) mfsk_core_m5stack_core2:     [0]  2097 Hz  SNR=-14.8 dB  e=14  'CQ DX R6WA LN32'
I (305384) mfsk_core_m5stack_core2:     [1]  1292 Hz  SNR= -9.7 dB  e=5  'CQ R7IW LN35'
I (305394) mfsk_core_m5stack_core2:     [2]   682 Hz  SNR=-14.8 dB  e=5  'CQ TA6CQ KN70'
I (305394) mfsk_core_m5stack_core2: 
WAV: qso3 busy band (210703)
I (307134) mfsk_core_m5stack_core2:   stage 1 (spec):        1729277 us  (184× FFT, 940 freq bins)
I (308644) mfsk_core_m5stack_core2:   stage 2 (sync):        1510520 us  (12 candidate(s))
I (312134) mfsk_core_m5stack_core2:   stage 3 (refine+BP):   3493621 us  (2 result(s))
I (312144) mfsk_core_m5stack_core2:   ─── total decode:     6736085 us = 6.736 s
I (312144) mfsk_core_m5stack_core2:     [0]  2572 Hz  SNR=-12.7 dB  e=0  'W1FC F5BZB -8'
I (312154) mfsk_core_m5stack_core2:     [1]  2156 Hz  SNR=-10.7 dB  e=0  'WM3PEN EA6VQ -9'
I (312164) mfsk_core_m5stack_core2: 
════════════════════════════════════════════
I (312174) mfsk_core_m5stack_core2: RUN: max_cand=12  dt_grid=3  df_grid=0  q>6
I (312184) mfsk_core_m5stack_core2: ════════════════════════════════════════════
I (312194) mfsk_core_m5stack_core2: 
WAV: qso1 (191111_110130)
I (313934) mfsk_core_m5stack_core2:   stage 1 (spec):        1729286 us  (184× FFT, 940 freq bins)
I (315454) mfsk_core_m5stack_core2:   stage 2 (sync):        1522984 us  (12 candidate(s))
I (319794) mfsk_core_m5stack_core2:   stage 3 (refine+BP):   4338834 us  (1 result(s))
I (319794) mfsk_core_m5stack_core2:   ─── total decode:     7593791 us = 7.594 s
I (319804) mfsk_core_m5stack_core2:     [0]  1292 Hz  SNR=-13.7 dB  e=5  'CQ R7IW LN35'
I (319804) mfsk_core_m5stack_core2: 
WAV: qso2 (191111_110200)
I (321544) mfsk_core_m5stack_core2:   stage 1 (spec):        1729277 us  (184× FFT, 940 freq bins)
I (323064) mfsk_core_m5stack_core2:   stage 2 (sync):        1522750 us  (12 candidate(s))
I (326754) mfsk_core_m5stack_core2:   stage 3 (refine+BP):   3679831 us  (3 result(s))
I (326754) mfsk_core_m5stack_core2:   ─── total decode:     6934536 us = 6.935 s
I (326754) mfsk_core_m5stack_core2:     [0]  2098 Hz  SNR= -9.3 dB  e=0  'CQ DX R6WA LN32'
I (326764) mfsk_core_m5stack_core2:     [1]  1292 Hz  SNR= -9.7 dB  e=5  'CQ R7IW LN35'
I (326774) mfsk_core_m5stack_core2:     [2]   683 Hz  SNR=-14.8 dB  e=5  'CQ TA6CQ KN70'
I (326774) mfsk_core_m5stack_core2: 
WAV: qso3 busy band (210703)
I (328514) mfsk_core_m5stack_core2:   stage 1 (spec):        1729289 us  (184× FFT, 940 freq bins)
I (330024) mfsk_core_m5stack_core2:   stage 2 (sync):        1510520 us  (12 candidate(s))
I (333254) mfsk_core_m5stack_core2:   stage 3 (refine+BP):   3224776 us  (2 result(s))
I (333254) mfsk_core_m5stack_core2:   ─── total decode:     6467242 us = 6.467 s
I (333254) mfsk_core_m5stack_core2:     [0]  2572 Hz  SNR= -2.8 dB  e=0  'W1FC F5BZB -8'
I (333264) mfsk_core_m5stack_core2:     [1]  2156 Hz  SNR= -9.3 dB  e=0  'WM3PEN EA6VQ -9'
I (333274) mfsk_core_m5stack_core2: 
════════════════════════════════════════════
I (333284) mfsk_core_m5stack_core2: RUN: max_cand=12  dt_grid=3  df_grid=3  q>6
I (333294) mfsk_core_m5stack_core2: ════════════════════════════════════════════
I (333304) mfsk_core_m5stack_core2: 
WAV: qso1 (191111_110130)
I (335044) mfsk_core_m5stack_core2:   stage 1 (spec):        1729285 us  (184× FFT, 940 freq bins)
I (336564) mfsk_core_m5stack_core2:   stage 2 (sync):        1522977 us  (12 candidate(s))
I (346354) mfsk_core_m5stack_core2:   stage 3 (refine+BP):   9785495 us  (2 result(s))
I (346354) mfsk_core_m5stack_core2:   ─── total decode:    13040448 us = 13.040 s
I (346364) mfsk_core_m5stack_core2:     [0]   680 Hz  SNR=-13.1 dB  e=9  'CQ TA6CQ KN70'
I (346364) mfsk_core_m5stack_core2:     [1]  1291 Hz  SNR=-13.3 dB  e=0  'CQ R7IW LN35'
I (346374) mfsk_core_m5stack_core2: 
WAV: qso2 (191111_110200)
I (348114) mfsk_core_m5stack_core2:   stage 1 (spec):        1729284 us  (184× FFT, 940 freq bins)
I (349634) mfsk_core_m5stack_core2:   stage 2 (sync):        1522782 us  (12 candidate(s))
I (359104) mfsk_core_m5stack_core2:   stage 3 (refine+BP):   9469093 us  (3 result(s))
I (359104) mfsk_core_m5stack_core2:   ─── total decode:    12723841 us = 12.724 s
I (359114) mfsk_core_m5stack_core2:     [0]  2097 Hz  SNR= -9.2 dB  e=0  'CQ DX R6WA LN32'
I (359114) mfsk_core_m5stack_core2:     [1]  1292 Hz  SNR= -9.7 dB  e=5  'CQ R7IW LN35'
I (359124) mfsk_core_m5stack_core2:     [2]   682 Hz  SNR=-14.8 dB  e=5  'CQ TA6CQ KN70'
I (359134) mfsk_core_m5stack_core2: 
WAV: qso3 busy band (210703)
I (360874) mfsk_core_m5stack_core2:   stage 1 (spec):        1729273 us  (184× FFT, 940 freq bins)
I (362384) mfsk_core_m5stack_core2:   stage 2 (sync):        1510509 us  (12 candidate(s))
I (371424) mfsk_core_m5stack_core2:   stage 3 (refine+BP):   9037153 us  (2 result(s))
I (371424) mfsk_core_m5stack_core2:   ─── total decode:    12279605 us = 12.280 s
I (371424) mfsk_core_m5stack_core2:     [0]  2572 Hz  SNR=-12.7 dB  e=0  'W1FC F5BZB -8'
I (371434) mfsk_core_m5stack_core2:     [1]  2156 Hz  SNR= -9.3 dB  e=0  'WM3PEN EA6VQ -9'
I (371444) mfsk_core_m5stack_core2: 
════════════════════════════════════════════
I (371454) mfsk_core_m5stack_core2: RUN: max_cand=20  dt_grid=0  df_grid=0  q>6
I (371464) mfsk_core_m5stack_core2: ════════════════════════════════════════════
I (371474) mfsk_core_m5stack_core2: 
WAV: qso1 (191111_110130)
I (373214) mfsk_core_m5stack_core2:   stage 1 (spec):        1729285 us  (184× FFT, 940 freq bins)
I (374734) mfsk_core_m5stack_core2:   stage 2 (sync):        1522978 us  (20 candidate(s))
I (377574) mfsk_core_m5stack_core2:   stage 3 (refine+BP):   2838552 us  (1 result(s))
I (377574) mfsk_core_m5stack_core2:   ─── total decode:     6093500 us = 6.094 s
I (377584) mfsk_core_m5stack_core2:     [0]  1292 Hz  SNR= -6.5 dB  e=0  'CQ R7IW LN35'
I (377584) mfsk_core_m5stack_core2: 
WAV: qso2 (191111_110200)
I (379324) mfsk_core_m5stack_core2:   stage 1 (spec):        1729283 us  (184× FFT, 940 freq bins)
I (380844) mfsk_core_m5stack_core2:   stage 2 (sync):        1522751 us  (20 candidate(s))
I (383574) mfsk_core_m5stack_core2:   stage 3 (refine+BP):   2724327 us  (3 result(s))
I (383574) mfsk_core_m5stack_core2:   ─── total decode:     5979049 us = 5.979 s
I (383584) mfsk_core_m5stack_core2:     [0]  2098 Hz  SNR=-14.9 dB  e=12  'CQ DX R6WA LN32'
I (383584) mfsk_core_m5stack_core2:     [1]  1292 Hz  SNR= -9.7 dB  e=5  'CQ R7IW LN35'
I (383594) mfsk_core_m5stack_core2:     [2]   683 Hz  SNR=-14.8 dB  e=5  'CQ TA6CQ KN70'
I (383604) mfsk_core_m5stack_core2: 
WAV: qso3 busy band (210703)
I (385334) mfsk_core_m5stack_core2:   stage 1 (spec):        1729270 us  (184× FFT, 940 freq bins)
I (386854) mfsk_core_m5stack_core2:   stage 2 (sync):        1510521 us  (20 candidate(s))
I (388844) mfsk_core_m5stack_core2:   stage 3 (refine+BP):   1992769 us  (2 result(s))
I (388844) mfsk_core_m5stack_core2:   ─── total decode:     5235226 us = 5.235 s
I (388854) mfsk_core_m5stack_core2:     [0]  2572 Hz  SNR=-12.6 dB  e=0  'W1FC F5BZB -8'
I (388854) mfsk_core_m5stack_core2:     [1]  2156 Hz  SNR=-10.7 dB  e=0  'WM3PEN EA6VQ -9'
I (388864) mfsk_core_m5stack_core2: 
════════════════════════════════════════════
I (388884) mfsk_core_m5stack_core2: RUN: max_cand=20  dt_grid=0  df_grid=3  q>6
I (388884) mfsk_core_m5stack_core2: ════════════════════════════════════════════
I (388904) mfsk_core_m5stack_core2: 
WAV: qso1 (191111_110130)
I (390634) mfsk_core_m5stack_core2:   stage 1 (spec):        1729287 us  (184× FFT, 940 freq bins)
I (392164) mfsk_core_m5stack_core2:   stage 2 (sync):        1522991 us  (20 candidate(s))
I (398004) mfsk_core_m5stack_core2:   stage 3 (refine+BP):   5842034 us  (2 result(s))
I (398004) mfsk_core_m5stack_core2:   ─── total decode:     9096995 us = 9.097 s
I (398014) mfsk_core_m5stack_core2:     [0]   680 Hz  SNR=-16.5 dB  e=15  'CQ TA6CQ KN70'
I (398014) mfsk_core_m5stack_core2:     [1]  1291 Hz  SNR= -5.2 dB  e=0  'CQ R7IW LN35'
I (398024) mfsk_core_m5stack_core2: 
WAV: qso2 (191111_110200)
I (399764) mfsk_core_m5stack_core2:   stage 1 (spec):        1729266 us  (184× FFT, 940 freq bins)
I (401284) mfsk_core_m5stack_core2:   stage 2 (sync):        1522778 us  (20 candidate(s))
I (407344) mfsk_core_m5stack_core2:   stage 3 (refine+BP):   6053614 us  (3 result(s))
I (407344) mfsk_core_m5stack_core2:   ─── total decode:     9308348 us = 9.308 s
I (407344) mfsk_core_m5stack_core2:     [0]  2097 Hz  SNR=-14.8 dB  e=14  'CQ DX R6WA LN32'
I (407354) mfsk_core_m5stack_core2:     [1]  1292 Hz  SNR= -9.7 dB  e=5  'CQ R7IW LN35'
I (407364) mfsk_core_m5stack_core2:     [2]   682 Hz  SNR=-14.8 dB  e=5  'CQ TA6CQ KN70'
I (407364) mfsk_core_m5stack_core2: 
WAV: qso3 busy band (210703)
I (409104) mfsk_core_m5stack_core2:   stage 1 (spec):        1729270 us  (184× FFT, 940 freq bins)
I (410614) mfsk_core_m5stack_core2:   stage 2 (sync):        1510519 us  (20 candidate(s))
I (416224) mfsk_core_m5stack_core2:   stage 3 (refine+BP):   5610663 us  (2 result(s))
I (416224) mfsk_core_m5stack_core2:   ─── total decode:     8853111 us = 8.853 s
I (416234) mfsk_core_m5stack_core2:     [0]  2572 Hz  SNR=-12.7 dB  e=0  'W1FC F5BZB -8'
I (416244) mfsk_core_m5stack_core2:     [1]  2156 Hz  SNR=-10.7 dB  e=0  'WM3PEN EA6VQ -9'
I (416244) mfsk_core_m5stack_core2: 
════════════════════════════════════════════
I (416264) mfsk_core_m5stack_core2: RUN: max_cand=20  dt_grid=3  df_grid=0  q>6
I (416274) mfsk_core_m5stack_core2: ════════════════════════════════════════════
I (416284) mfsk_core_m5stack_core2: 
WAV: qso1 (191111_110130)
I (418024) mfsk_core_m5stack_core2:   stage 1 (spec):        1729284 us  (184× FFT, 940 freq bins)
I (419544) mfsk_core_m5stack_core2:   stage 2 (sync):        1522990 us  (20 candidate(s))
I (425994) mfsk_core_m5stack_core2:   stage 3 (refine+BP):   6449708 us  (1 result(s))
I (425994) mfsk_core_m5stack_core2:   ─── total decode:     9704668 us = 9.705 s
I (426004) mfsk_core_m5stack_core2:     [0]  1292 Hz  SNR=-13.7 dB  e=5  'CQ R7IW LN35'
I (426004) mfsk_core_m5stack_core2: 
WAV: qso2 (191111_110200)
I (427744) mfsk_core_m5stack_core2:   stage 1 (spec):        1729271 us  (184× FFT, 940 freq bins)
I (429264) mfsk_core_m5stack_core2:   stage 2 (sync):        1522753 us  (20 candidate(s))
I (435054) mfsk_core_m5stack_core2:   stage 3 (refine+BP):   5787730 us  (3 result(s))
I (435054) mfsk_core_m5stack_core2:   ─── total decode:     9042432 us = 9.042 s
I (435064) mfsk_core_m5stack_core2:     [0]  2098 Hz  SNR= -9.3 dB  e=0  'CQ DX R6WA LN32'
I (435074) mfsk_core_m5stack_core2:     [1]  1292 Hz  SNR= -9.7 dB  e=5  'CQ R7IW LN35'
I (435074) mfsk_core_m5stack_core2:     [2]   683 Hz  SNR=-14.8 dB  e=5  'CQ TA6CQ KN70'
I (435084) mfsk_core_m5stack_core2: 
WAV: qso3 busy band (210703)
I (436824) mfsk_core_m5stack_core2:   stage 1 (spec):        1729280 us  (184× FFT, 940 freq bins)
I (438334) mfsk_core_m5stack_core2:   stage 2 (sync):        1510524 us  (20 candidate(s))
I (443674) mfsk_core_m5stack_core2:   stage 3 (refine+BP):   5341909 us  (2 result(s))
I (443674) mfsk_core_m5stack_core2:   ─── total decode:     8584380 us = 8.584 s
I (443684) mfsk_core_m5stack_core2:     [0]  2572 Hz  SNR= -2.8 dB  e=0  'W1FC F5BZB -8'
I (443684) mfsk_core_m5stack_core2:     [1]  2156 Hz  SNR= -9.3 dB  e=0  'WM3PEN EA6VQ -9'
I (443694) mfsk_core_m5stack_core2: 
════════════════════════════════════════════
I (443714) mfsk_core_m5stack_core2: RUN: max_cand=20  dt_grid=3  df_grid=3  q>6
I (443714) mfsk_core_m5stack_core2: ════════════════════════════════════════════
I (443734) mfsk_core_m5stack_core2: 
WAV: qso1 (191111_110130)
I (445464) mfsk_core_m5stack_core2:   stage 1 (spec):        1729286 us  (184× FFT, 940 freq bins)
I (446994) mfsk_core_m5stack_core2:   stage 2 (sync):        1522998 us  (20 candidate(s))
I (462844) mfsk_core_m5stack_core2:   stage 3 (refine+BP):  15848008 us  (2 result(s))
I (462844) mfsk_core_m5stack_core2:   ─── total decode:    19102987 us = 19.103 s
I (462844) mfsk_core_m5stack_core2:     [0]   680 Hz  SNR=-13.1 dB  e=9  'CQ TA6CQ KN70'
I (462854) mfsk_core_m5stack_core2:     [1]  1291 Hz  SNR=-13.3 dB  e=0  'CQ R7IW LN35'
I (462864) mfsk_core_m5stack_core2: 
WAV: qso2 (191111_110200)
I (464594) mfsk_core_m5stack_core2:   stage 1 (spec):        1729272 us  (184× FFT, 940 freq bins)
I (466124) mfsk_core_m5stack_core2:   stage 2 (sync):        1522782 us  (20 candidate(s))
I (481374) mfsk_core_m5stack_core2:   stage 3 (refine+BP):  15253557 us  (3 result(s))
I (481374) mfsk_core_m5stack_core2:   ─── total decode:    18508289 us = 18.508 s
I (481384) mfsk_core_m5stack_core2:     [0]  2097 Hz  SNR= -9.2 dB  e=0  'CQ DX R6WA LN32'
I (481394) mfsk_core_m5stack_core2:     [1]  1292 Hz  SNR= -9.7 dB  e=5  'CQ R7IW LN35'
I (481394) mfsk_core_m5stack_core2:     [2]   682 Hz  SNR=-14.8 dB  e=5  'CQ TA6CQ KN70'
I (481404) mfsk_core_m5stack_core2: 
WAV: qso3 busy band (210703)
I (483144) mfsk_core_m5stack_core2:   stage 1 (spec):        1729278 us  (184× FFT, 940 freq bins)
I (484654) mfsk_core_m5stack_core2:   stage 2 (sync):        1510534 us  (20 candidate(s))
I (499504) mfsk_core_m5stack_core2:   stage 3 (refine+BP):  14849284 us  (2 result(s))
I (499504) mfsk_core_m5stack_core2:   ─── total decode:    18091759 us = 18.092 s
I (499504) mfsk_core_m5stack_core2:     [0]  2572 Hz  SNR=-12.7 dB  e=0  'W1FC F5BZB -8'
I (499514) mfsk_core_m5stack_core2:     [1]  2156 Hz  SNR= -9.3 dB  e=0  'WM3PEN EA6VQ -9'
I (499524) mfsk_core_m5stack_core2: 
=== Sweep complete. Idling. ===
