[2026-05-02T07:01:39Z INFO ] 🚀 A new version of espflash is available: v4.4.0
[2026-05-02T07:01:39Z INFO ] Serial port: '/dev/ttyACM0'
[2026-05-02T07:01:39Z INFO ] Connecting...
[2026-05-02T07:01:40Z INFO ] Using flash stub
ets Jul 29 2019 12:21:46

rst:0x1 (POWERON_RESET),boot:0x17 (SPI_FAST_FLASH_BOOT)
configsip: 0, SPIWP:0xee
clk_drv:0x00,q_drv:0x00,d_drv:0x00,cs0_drv:0x00,hd_drv:0x00,wp_drv:0x00
mode:DIO, clock div:2
load:0x3fff0030,len:7104
load:0x40078000,len:15576
load:0x40080400,len:4
ho 8 tail 4 room 4
load:0x40080404,len:3876
entry 0x4008064c
[0;32mI (31) boot: ESP-IDF v5.1-beta1-378-gea5e0ff298-dirt 2nd stage bootloader[0m
[0;32mI (31) boot: compile time Jun  7 2023 07:48:23[0m
[0;32mI (33) boot: Multicore bootloader[0m
[0;32mI (37) boot: chip revision: v3.1[0m
[0;32mI (41) boot.esp32: SPI Speed      : 40MHz[0m
[0;32mI (46) boot.esp32: SPI Mode       : DIO[0m
[0;32mI (50) boot.esp32: SPI Flash Size : 4MB[0m
[0;32mI (55) boot: Enabling RNG early entropy source...[0m
[0;32mI (60) boot: Partition Table:[0m
[0;32mI (64) boot: ## Label            Usage          Type ST Offset   Length[0m
[0;32mI (71) boot:  0 nvs              WiFi data        01 02 00009000 00006000[0m
[0;32mI (79) boot:  1 phy_init         RF data          01 01 0000f000 00001000[0m
[0;32mI (86) boot:  2 factory          factory app      00 00 00010000 003f0000[0m
[0;32mI (94) boot: End of partition table[0m
[0;32mI (98) esp_image: segment 0: paddr=00010020 vaddr=3f400020 size=122c68h (1191016) map[0m
[0;32mI (536) esp_image: segment 1: paddr=00132c90 vaddr=3ffb0000 size=02f98h ( 12184) load[0m
[0;32mI (542) esp_image: segment 2: paddr=00135c30 vaddr=40080000 size=0a3e8h ( 41960) load[0m
[0;32mI (560) esp_image: segment 3: paddr=00140020 vaddr=400d0020 size=684a0h (427168) map[0m
[0;32mI (714) esp_image: segment 4: paddr=001a84c8 vaddr=4008a3e8 size=069f8h ( 27128) load[0m
[0;32mI (726) esp_image: segment 5: paddr=001aeec8 vaddr=50000000 size=00020h (    32) load[0m
[0;32mI (735) boot: Loaded app from partition at offset 0x10000[0m
[0;32mI (735) boot: Disabling RNG early entropy source...[0m
I (749) quad_psram: This chip is ESP32-D0WD
I (751) esp_psram: Found 8MB PSRAM device
I (751) esp_psram: Speed: 40MHz
I (751) esp_psram: PSRAM initialized, cache is in low/high (2-core) mode.
W (756) esp_psram: Virtual address not enough for PSRAM, map as much as we can. 4MB is mapped
I (764) cpu_start: Multicore app
I (1672) esp_psram: SPI SRAM memory test OK
I (1680) cpu_start: GPIO 3 and 1 are used as console UART I/O pins
I (1680) cpu_start: Pro cpu start user code
I (1680) cpu_start: cpu freq: 160000000 Hz
I (1682) app_init: Application information:
I (1686) app_init: Project name:     libespidf
I (1690) app_init: App version:      v0.4.4-14-gbc9e4be
I (1695) app_init: Compile time:     May  2 2026 10:02:09
I (1700) app_init: ELF file SHA256:  000000000...
I (1705) app_init: ESP-IDF:          v5.5.3
I (1708) efuse_init: Min chip rev:     v0.0
I (1712) efuse_init: Max chip rev:     v3.99 
I (1716) efuse_init: Chip rev:         v3.1
I (1721) heap_init: Initializing. RAM available for dynamic allocation:
I (1727) heap_init: At 3FFAE6E0 len 00001920 (6 KiB): DRAM
I (1732) heap_init: At 3FFC2940 len 0001D6C0 (117 KiB): DRAM
I (1737) heap_init: At 3FFE0440 len 00003AE0 (14 KiB): D/IRAM
I (1743) heap_init: At 3FFE4350 len 0001BCB0 (111 KiB): D/IRAM
I (1748) heap_init: At 40090DE0 len 0000F220 (60 KiB): IRAM
I (1754) esp_psram: Adding pool of 4096K of PSRAM memory to heap allocator
I (1762) spi_flash: detected chip: generic
I (1764) spi_flash: flash io: dio
W (1767) spi_flash: Detected size(16384k) larger than the size in the binary image header(4096k). Using the size in the binary image header.
I (1781) main_task: Started on CPU0
I (1791) esp_psram: Reserving pool of 32K of internal memory for DMA/internal allocations
I (1791) main_task: Calling app_main()
I (1791) mfsk_core_m5stack_core2: mfsk-core-m5stack-core2 PoC starting
I (1791) mfsk_core_m5stack_core2: mfsk-core version: 0.4.4
I (1801) mfsk_core_m5stack_core2: free heap: internal = 194 KB (largest contig 76 KB), PSRAM = 4093 KB
I (1811) mfsk_core_m5stack_core2: decode_block: NFFT_SPEC=4096, NMS α=0.75, Bp, parabolic-dt, Costas-first
I (1821) mfsk_core_m5stack_core2: baked WAVs: 3
I (2321) mfsk_core_m5stack_core2: 
════════════════════════════════════════════
I (2321) mfsk_core_m5stack_core2: RUN: max_cand=15  dt_grid=0  df_grid=0  q>12
I (2331) mfsk_core_m5stack_core2: ════════════════════════════════════════════
I (2341) mfsk_core_m5stack_core2: 
WAV: qso1 (191111_110130)
I (4111) mfsk_core_m5stack_core2:   stage 1 (spec):        1762211 us  (184× FFT, 1043 freq bins)
I (4901) mfsk_core_m5stack_core2:   stage 2 (sync):         791933 us  (30 cand)
I (5301) mfsk_core_m5stack_core2:   pass 2 (re-rank):       399407 us  → top 15 by sync_quality_block0
I (6181) mfsk_core_m5stack_core2:   stage 3 (refine+BP):    876818 us  (3 result(s))
I (6181) mfsk_core_m5stack_core2:   ─── total decode:     3834205 us = 3.834 s
I (6191) mfsk_core_m5stack_core2:     [0]  1292 Hz  SNR= -7.7 dB  e=0  'CQ R7IW LN35'
I (6191) mfsk_core_m5stack_core2:     [1]  2095 Hz  SNR=-10.5 dB  e=0  'CQ DX R6WA LN32'
I (6201) mfsk_core_m5stack_core2:     [2]   683 Hz  SNR=-12.6 dB  e=0  'CQ TA6CQ KN70'
I (6211) mfsk_core_m5stack_core2: 
WAV: qso2 (191111_110200)
I (7961) mfsk_core_m5stack_core2:   stage 1 (spec):        1748912 us  (184× FFT, 1043 freq bins)
I (8761) mfsk_core_m5stack_core2:   stage 2 (sync):         790849 us  (30 cand)
I (9171) mfsk_core_m5stack_core2:   pass 2 (re-rank):       408202 us  → top 15 by sync_quality_block0
I (10281) mfsk_core_m5stack_core2:   stage 3 (refine+BP):   1112770 us  (5 result(s))
I (10281) mfsk_core_m5stack_core2:   ─── total decode:     4064590 us = 4.065 s
I (10291) mfsk_core_m5stack_core2:     [0]  1292 Hz  SNR=-10.4 dB  e=0  'CQ R7IW LN35'
I (10291) mfsk_core_m5stack_core2:     [1]  2098 Hz  SNR=-14.0 dB  e=0  'CQ DX R6WA LN32'
I (10301) mfsk_core_m5stack_core2:     [2]   990 Hz  SNR=-17.9 dB  e=0  'OH3NIV ZS6S RR73'
I (10311) mfsk_core_m5stack_core2:     [3]   683 Hz  SNR=-14.4 dB  e=0  'CQ TA6CQ KN70'
I (10321) mfsk_core_m5stack_core2:     [4]  1031 Hz  SNR=-18.0 dB  e=0  'CQ LZ1JZ KN22'
I (10321) mfsk_core_m5stack_core2: 
WAV: qso3 busy band (210703)
I (12081) mfsk_core_m5stack_core2:   stage 1 (spec):        1748920 us  (184× FFT, 1043 freq bins)
I (12851) mfsk_core_m5stack_core2:   stage 2 (sync):         769529 us  (30 cand)
I (13251) mfsk_core_m5stack_core2:   pass 2 (re-rank):       398554 us  → top 15 by sync_quality_block0
I (15611) mfsk_core_m5stack_core2:   stage 3 (refine+BP):   2357535 us  (6 result(s))
I (15611) mfsk_core_m5stack_core2:   ─── total decode:     5278407 us = 5.278 s
I (15611) mfsk_core_m5stack_core2:     [0]  2572 Hz  SNR=-11.7 dB  e=0  'W1FC F5BZB -8'
I (15621) mfsk_core_m5stack_core2:     [1]  2156 Hz  SNR=-11.5 dB  e=0  'WM3PEN EA6VQ -9'
I (15631) mfsk_core_m5stack_core2:     [2]   589 Hz  SNR=-16.6 dB  e=0  'K1JT HA0DU KN07'
I (15641) mfsk_core_m5stack_core2:     [3]   724 Hz  SNR=-11.8 dB  e=0  'A92EE F5PSR -14'
I (15641) mfsk_core_m5stack_core2:     [4]  2733 Hz  SNR=-15.5 dB  e=15  'W1DIG SV9CVY -14'
I (15651) mfsk_core_m5stack_core2:     [5]  1198 Hz  SNR=-10.7 dB  e=0  'CQ F5RXL IN94'
I (15661) mfsk_core_m5stack_core2: 
════════════════════════════════════════════
I (15671) mfsk_core_m5stack_core2: RUN: max_cand=20  dt_grid=0  df_grid=0  q>12
I (15681) mfsk_core_m5stack_core2: ════════════════════════════════════════════
I (15701) mfsk_core_m5stack_core2: 
WAV: qso1 (191111_110130)
I (17451) mfsk_core_m5stack_core2:   stage 1 (spec):        1748926 us  (184× FFT, 1043 freq bins)
I (18241) mfsk_core_m5stack_core2:   stage 2 (sync):         791924 us  (30 cand)
I (18651) mfsk_core_m5stack_core2:   pass 2 (re-rank):       399395 us  → top 20 by sync_quality_block0
I (19701) mfsk_core_m5stack_core2:   stage 3 (refine+BP):   1057727 us  (3 result(s))
I (19711) mfsk_core_m5stack_core2:   ─── total decode:     4001843 us = 4.002 s
I (19711) mfsk_core_m5stack_core2:     [0]  1292 Hz  SNR= -7.7 dB  e=0  'CQ R7IW LN35'
I (19721) mfsk_core_m5stack_core2:     [1]  2095 Hz  SNR=-10.5 dB  e=0  'CQ DX R6WA LN32'
I (19721) mfsk_core_m5stack_core2:     [2]   683 Hz  SNR=-12.6 dB  e=0  'CQ TA6CQ KN70'
I (19731) mfsk_core_m5stack_core2: 
WAV: qso2 (191111_110200)
I (21491) mfsk_core_m5stack_core2:   stage 1 (spec):        1748915 us  (184× FFT, 1043 freq bins)
I (22281) mfsk_core_m5stack_core2:   stage 2 (sync):         790833 us  (30 cand)
I (22691) mfsk_core_m5stack_core2:   pass 2 (re-rank):       408204 us  → top 20 by sync_quality_block0
I (23981) mfsk_core_m5stack_core2:   stage 3 (refine+BP):   1294914 us  (5 result(s))
I (23991) mfsk_core_m5stack_core2:   ─── total decode:     4246727 us = 4.247 s
I (23991) mfsk_core_m5stack_core2:     [0]  1292 Hz  SNR=-10.4 dB  e=0  'CQ R7IW LN35'
I (24001) mfsk_core_m5stack_core2:     [1]  2098 Hz  SNR=-14.0 dB  e=0  'CQ DX R6WA LN32'
I (24011) mfsk_core_m5stack_core2:     [2]   990 Hz  SNR=-17.9 dB  e=0  'OH3NIV ZS6S RR73'
I (24011) mfsk_core_m5stack_core2:     [3]   683 Hz  SNR=-14.4 dB  e=0  'CQ TA6CQ KN70'
I (24021) mfsk_core_m5stack_core2:     [4]  1031 Hz  SNR=-18.0 dB  e=0  'CQ LZ1JZ KN22'
I (24031) mfsk_core_m5stack_core2: 
WAV: qso3 busy band (210703)
I (25781) mfsk_core_m5stack_core2:   stage 1 (spec):        1748925 us  (184× FFT, 1043 freq bins)
I (26551) mfsk_core_m5stack_core2:   stage 2 (sync):         769518 us  (30 cand)
I (26951) mfsk_core_m5stack_core2:   pass 2 (re-rank):       398544 us  → top 20 by sync_quality_block0
I (29491) mfsk_core_m5stack_core2:   stage 3 (refine+BP):   2537948 us  (6 result(s))
I (29491) mfsk_core_m5stack_core2:   ─── total decode:     5458836 us = 5.459 s
I (29501) mfsk_core_m5stack_core2:     [0]  2572 Hz  SNR=-11.7 dB  e=0  'W1FC F5BZB -8'
I (29511) mfsk_core_m5stack_core2:     [1]  2156 Hz  SNR=-11.5 dB  e=0  'WM3PEN EA6VQ -9'
I (29511) mfsk_core_m5stack_core2:     [2]   589 Hz  SNR=-16.6 dB  e=0  'K1JT HA0DU KN07'
I (29521) mfsk_core_m5stack_core2:     [3]   724 Hz  SNR=-11.8 dB  e=0  'A92EE F5PSR -14'
I (29531) mfsk_core_m5stack_core2:     [4]  2733 Hz  SNR=-15.5 dB  e=15  'W1DIG SV9CVY -14'
I (29541) mfsk_core_m5stack_core2:     [5]  1198 Hz  SNR=-10.7 dB  e=0  'CQ F5RXL IN94'
I (29551) mfsk_core_m5stack_core2: 
════════════════════════════════════════════
I (29561) mfsk_core_m5stack_core2: RUN: max_cand=30  dt_grid=0  df_grid=0  q>12
I (29571) mfsk_core_m5stack_core2: ════════════════════════════════════════════
I (29581) mfsk_core_m5stack_core2: 
WAV: qso1 (191111_110130)
I (31341) mfsk_core_m5stack_core2:   stage 1 (spec):        1748921 us  (184× FFT, 1043 freq bins)
I (32131) mfsk_core_m5stack_core2:   stage 2 (sync):         791927 us  (30 cand)
I (32531) mfsk_core_m5stack_core2:   pass 2 (re-rank):       399397 us  → top 30 by sync_quality_block0
I (33951) mfsk_core_m5stack_core2:   stage 3 (refine+BP):   1416069 us  (3 result(s))
I (33951) mfsk_core_m5stack_core2:   ─── total decode:     4360162 us = 4.360 s
I (33951) mfsk_core_m5stack_core2:     [0]  1292 Hz  SNR= -7.7 dB  e=0  'CQ R7IW LN35'
I (33961) mfsk_core_m5stack_core2:     [1]  2095 Hz  SNR=-10.5 dB  e=0  'CQ DX R6WA LN32'
I (33971) mfsk_core_m5stack_core2:     [2]   683 Hz  SNR=-12.6 dB  e=0  'CQ TA6CQ KN70'
I (33981) mfsk_core_m5stack_core2: 
WAV: qso2 (191111_110200)
I (35731) mfsk_core_m5stack_core2:   stage 1 (spec):        1748912 us  (184× FFT, 1043 freq bins)
I (36521) mfsk_core_m5stack_core2:   stage 2 (sync):         790811 us  (30 cand)
I (36931) mfsk_core_m5stack_core2:   pass 2 (re-rank):       408205 us  → top 30 by sync_quality_block0
I (38591) mfsk_core_m5stack_core2:   stage 3 (refine+BP):   1654835 us  (5 result(s))
I (38591) mfsk_core_m5stack_core2:   ─── total decode:     4606636 us = 4.607 s
I (38591) mfsk_core_m5stack_core2:     [0]  1292 Hz  SNR=-10.4 dB  e=0  'CQ R7IW LN35'
I (38601) mfsk_core_m5stack_core2:     [1]  2098 Hz  SNR=-14.0 dB  e=0  'CQ DX R6WA LN32'
I (38611) mfsk_core_m5stack_core2:     [2]   990 Hz  SNR=-17.9 dB  e=0  'OH3NIV ZS6S RR73'
I (38621) mfsk_core_m5stack_core2:     [3]   683 Hz  SNR=-14.4 dB  e=0  'CQ TA6CQ KN70'
I (38621) mfsk_core_m5stack_core2:     [4]  1031 Hz  SNR=-18.0 dB  e=0  'CQ LZ1JZ KN22'
I (38631) mfsk_core_m5stack_core2: 
WAV: qso3 busy band (210703)
I (40391) mfsk_core_m5stack_core2:   stage 1 (spec):        1748927 us  (184× FFT, 1043 freq bins)
I (41161) mfsk_core_m5stack_core2:   stage 2 (sync):         769513 us  (30 cand)
I (41561) mfsk_core_m5stack_core2:   pass 2 (re-rank):       398552 us  → top 30 by sync_quality_block0
I (44461) mfsk_core_m5stack_core2:   stage 3 (refine+BP):   2897577 us  (6 result(s))
I (44461) mfsk_core_m5stack_core2:   ─── total decode:     5818449 us = 5.818 s
I (44461) mfsk_core_m5stack_core2:     [0]  2572 Hz  SNR=-11.7 dB  e=0  'W1FC F5BZB -8'
I (44471) mfsk_core_m5stack_core2:     [1]  2156 Hz  SNR=-11.5 dB  e=0  'WM3PEN EA6VQ -9'
I (44481) mfsk_core_m5stack_core2:     [2]   589 Hz  SNR=-16.6 dB  e=0  'K1JT HA0DU KN07'
I (44491) mfsk_core_m5stack_core2:     [3]   724 Hz  SNR=-11.8 dB  e=0  'A92EE F5PSR -14'
I (44491) mfsk_core_m5stack_core2:     [4]  2733 Hz  SNR=-15.5 dB  e=15  'W1DIG SV9CVY -14'
I (44501) mfsk_core_m5stack_core2:     [5]  1198 Hz  SNR=-10.7 dB  e=0  'CQ F5RXL IN94'
I (44511) mfsk_core_m5stack_core2: 
=== Sweep complete. Idling. ===
