[2026-05-01T08:00:54Z INFO ] 🚀 A new version of espflash is available: v4.4.0
[2026-05-01T08:00:54Z INFO ] Serial port: '/dev/ttyACM0'
[2026-05-01T08:00:54Z INFO ] Connecting...
[2026-05-01T08:00:54Z INFO ] Using flash stub
ets Jul 29 2019 12:21:46

rst:0x1 (POWERON_RESET),boot:0x17 (SPI_FAST_FLASH_BOOT)
configsip: 0, SPIWP:0xee
clk_drv:0x00,q_drv:0x00,d_drv:0x00,cs0_drv:0x00,hd_drv:0x00,wp_drv:0x00
mode:DIO, clock div:2
load:0x3fff0030,len:7104
load:0x40078000,len:15576
load:0x40080400,len:4
ho 8 tail 4 room 4
load:0x40080404,len:3876
entry 0x4008064c
[0;32mI (31) boot: ESP-IDF v5.1-beta1-378-gea5e0ff298-dirt 2nd stage bootloader[0m
[0;32mI (31) boot: compile time Jun  7 2023 07:48:23[0m
[0;32mI (33) boot: Multicore bootloader[0m
[0;32mI (37) boot: chip revision: v3.1[0m
[0;32mI (41) boot.esp32: SPI Speed      : 40MHz[0m
[0;32mI (46) boot.esp32: SPI Mode       : DIO[0m
[0;32mI (50) boot.esp32: SPI Flash Size : 4MB[0m
[0;32mI (55) boot: Enabling RNG early entropy source...[0m
[0;32mI (60) boot: Partition Table:[0m
[0;32mI (64) boot: ## Label            Usage          Type ST Offset   Length[0m
[0;32mI (71) boot:  0 nvs              WiFi data        01 02 00009000 00006000[0m
[0;32mI (79) boot:  1 phy_init         RF data          01 01 0000f000 00001000[0m
[0;32mI (86) boot:  2 factory          factory app      00 00 00010000 003f0000[0m
[0;32mI (94) boot: End of partition table[0m
[0;32mI (98) esp_image: segment 0: paddr=00010020 vaddr=3f400020 size=122b68h (1190760) map[0m
[0;32mI (536) esp_image: segment 1: paddr=00132b90 vaddr=3ffb0000 size=02f98h ( 12184) load[0m
[0;32mI (541) esp_image: segment 2: paddr=00135b30 vaddr=40080000 size=0a4e8h ( 42216) load[0m
[0;32mI (560) esp_image: segment 3: paddr=00140020 vaddr=400d0020 size=643e0h (410592) map[0m
[0;32mI (708) esp_image: segment 4: paddr=001a4408 vaddr=4008a4e8 size=068f8h ( 26872) load[0m
[0;32mI (720) esp_image: segment 5: paddr=001aad08 vaddr=50000000 size=00020h (    32) load[0m
[0;32mI (728) boot: Loaded app from partition at offset 0x10000[0m
[0;32mI (729) boot: Disabling RNG early entropy source...[0m
I (743) quad_psram: This chip is ESP32-D0WD
I (744) esp_psram: Found 8MB PSRAM device
I (744) esp_psram: Speed: 40MHz
I (745) esp_psram: PSRAM initialized, cache is in low/high (2-core) mode.
W (750) esp_psram: Virtual address not enough for PSRAM, map as much as we can. 4MB is mapped
I (758) cpu_start: Multicore app
I (1666) esp_psram: SPI SRAM memory test OK
I (1674) cpu_start: GPIO 3 and 1 are used as console UART I/O pins
I (1674) cpu_start: Pro cpu start user code
I (1674) cpu_start: cpu freq: 160000000 Hz
I (1676) app_init: Application information:
I (1680) app_init: Project name:     libespidf
I (1684) app_init: App version:      v0.4.4-dirty
I (1689) app_init: Compile time:     May  1 2026 14:25:52
I (1694) app_init: ELF file SHA256:  000000000...
I (1698) app_init: ESP-IDF:          v5.5.3
I (1702) efuse_init: Min chip rev:     v0.0
I (1706) efuse_init: Max chip rev:     v3.99 
I (1710) efuse_init: Chip rev:         v3.1
I (1714) heap_init: Initializing. RAM available for dynamic allocation:
I (1721) heap_init: At 3FFAE6E0 len 00001920 (6 KiB): DRAM
I (1726) heap_init: At 3FFB3940 len 0002C6C0 (177 KiB): DRAM
I (1731) heap_init: At 3FFE0440 len 00003AE0 (14 KiB): D/IRAM
I (1736) heap_init: At 3FFE4350 len 0001BCB0 (111 KiB): D/IRAM
I (1742) heap_init: At 40090DE0 len 0000F220 (60 KiB): IRAM
I (1748) esp_psram: Adding pool of 4096K of PSRAM memory to heap allocator
I (1755) spi_flash: detected chip: generic
I (1758) spi_flash: flash io: dio
W (1761) spi_flash: Detected size(16384k) larger than the size in the binary image header(4096k). Using the size in the binary image header.
I (1774) main_task: Started on CPU0
I (1784) esp_psram: Reserving pool of 32K of internal memory for DMA/internal allocations
I (1784) main_task: Calling app_main()
I (1784) mfsk_core_m5stack_core2: mfsk-core-m5stack-core2 PoC starting
I (1784) mfsk_core_m5stack_core2: mfsk-core version: 0.4.4
I (1794) mfsk_core_m5stack_core2: free heap: internal = 271 KB (largest contig 144 KB), PSRAM = 4093 KB
I (1804) mfsk_core_m5stack_core2: decode_block: NFFT_SPEC=4096, NMS α=0.75, Bp, parabolic-dt, Costas-first
I (1814) mfsk_core_m5stack_core2: baked WAVs: 3
I (2314) mfsk_core_m5stack_core2: 
════════════════════════════════════════════
I (2314) mfsk_core_m5stack_core2: RUN: max_cand=4  dt_grid=0  df_grid=0
I (2324) mfsk_core_m5stack_core2: ════════════════════════════════════════════
I (2334) mfsk_core_m5stack_core2: 
WAV: qso1 (191111_110130)
I (3974) mfsk_core_m5stack_core2:   stage 1 (spec):        1632442 us  (184× FFT, 940 freq bins)
I (5514) mfsk_core_m5stack_core2:   stage 2 (sync):        1538129 us  (4 candidate(s))
I (5824) mfsk_core_m5stack_core2:   stage 3 (refine+BP):    307920 us  (0 result(s))
I (5824) mfsk_core_m5stack_core2:   ─── total decode:     3481184 us = 3.481 s
I (5824) mfsk_core_m5stack_core2: 
WAV: qso2 (191111_110200)
I (7454) mfsk_core_m5stack_core2:   stage 1 (spec):        1619107 us  (184× FFT, 940 freq bins)
I (8994) mfsk_core_m5stack_core2:   stage 2 (sync):        1536629 us  (4 candidate(s))
I (9754) mfsk_core_m5stack_core2:   stage 3 (refine+BP):    765685 us  (2 result(s))
I (9754) mfsk_core_m5stack_core2:   ─── total decode:     3924128 us = 3.924 s
I (9764) mfsk_core_m5stack_core2:     [0]  1292 Hz  SNR= -9.5 dB  e=5  'CQ R7IW LN35'
I (9774) mfsk_core_m5stack_core2:     [1]  2098 Hz  SNR=-14.8 dB  e=12  'CQ DX R6WA LN32'
I (9774) mfsk_core_m5stack_core2: 
WAV: qso3 busy band (210703)
I (11404) mfsk_core_m5stack_core2:   stage 1 (spec):        1619126 us  (184× FFT, 940 freq bins)
I (12894) mfsk_core_m5stack_core2:   stage 2 (sync):        1490365 us  (0 candidate(s))
I (12894) mfsk_core_m5stack_core2:   stage 3 (refine+BP):        17 us  (0 result(s))
I (12894) mfsk_core_m5stack_core2:   ─── total decode:     3112229 us = 3.112 s
I (12904) mfsk_core_m5stack_core2: 
════════════════════════════════════════════
I (12924) mfsk_core_m5stack_core2: RUN: max_cand=4  dt_grid=0  df_grid=3
I (12924) mfsk_core_m5stack_core2: ════════════════════════════════════════════
I (12944) mfsk_core_m5stack_core2: 
WAV: qso1 (191111_110130)
I (14564) mfsk_core_m5stack_core2:   stage 1 (spec):        1619135 us  (184× FFT, 940 freq bins)
I (16104) mfsk_core_m5stack_core2:   stage 2 (sync):        1538272 us  (4 candidate(s))
I (17034) mfsk_core_m5stack_core2:   stage 3 (refine+BP):    923341 us  (0 result(s))
I (17034) mfsk_core_m5stack_core2:   ─── total decode:     4083450 us = 4.083 s
I (17034) mfsk_core_m5stack_core2: 
WAV: qso2 (191111_110200)
I (18664) mfsk_core_m5stack_core2:   stage 1 (spec):        1619142 us  (184× FFT, 940 freq bins)
I (20204) mfsk_core_m5stack_core2:   stage 2 (sync):        1536598 us  (4 candidate(s))
I (21584) mfsk_core_m5stack_core2:   stage 3 (refine+BP):   1379590 us  (2 result(s))
I (21584) mfsk_core_m5stack_core2:   ─── total decode:     4538048 us = 4.538 s
I (21584) mfsk_core_m5stack_core2:     [0]  1291 Hz  SNR= -9.8 dB  e=3  'CQ R7IW LN35'
I (21594) mfsk_core_m5stack_core2:     [1]  2097 Hz  SNR=-14.7 dB  e=12  'CQ DX R6WA LN32'
I (21604) mfsk_core_m5stack_core2: 
WAV: qso3 busy band (210703)
I (23224) mfsk_core_m5stack_core2:   stage 1 (spec):        1619125 us  (184× FFT, 940 freq bins)
I (24714) mfsk_core_m5stack_core2:   stage 2 (sync):        1490376 us  (0 candidate(s))
I (24714) mfsk_core_m5stack_core2:   stage 3 (refine+BP):        12 us  (0 result(s))
I (24724) mfsk_core_m5stack_core2:   ─── total decode:     3112231 us = 3.112 s
I (24734) mfsk_core_m5stack_core2: 
════════════════════════════════════════════
I (24744) mfsk_core_m5stack_core2: RUN: max_cand=4  dt_grid=3  df_grid=0
I (24754) mfsk_core_m5stack_core2: ════════════════════════════════════════════
I (24764) mfsk_core_m5stack_core2: 
WAV: qso1 (191111_110130)
I (26394) mfsk_core_m5stack_core2:   stage 1 (spec):        1619138 us  (184× FFT, 940 freq bins)
I (27934) mfsk_core_m5stack_core2:   stage 2 (sync):        1538281 us  (4 candidate(s))
I (28854) mfsk_core_m5stack_core2:   stage 3 (refine+BP):    923469 us  (0 result(s))
I (28854) mfsk_core_m5stack_core2:   ─── total decode:     4083589 us = 4.084 s
I (28864) mfsk_core_m5stack_core2: 
WAV: qso2 (191111_110200)
I (30484) mfsk_core_m5stack_core2:   stage 1 (spec):        1619137 us  (184× FFT, 940 freq bins)
I (32024) mfsk_core_m5stack_core2:   stage 2 (sync):        1536587 us  (4 candidate(s))
I (33404) mfsk_core_m5stack_core2:   stage 3 (refine+BP):   1375025 us  (2 result(s))
I (33404) mfsk_core_m5stack_core2:   ─── total decode:     4533458 us = 4.533 s
I (33404) mfsk_core_m5stack_core2:     [0]  1292 Hz  SNR= -9.5 dB  e=5  'CQ R7IW LN35'
I (33414) mfsk_core_m5stack_core2:     [1]  2098 Hz  SNR= -9.6 dB  e=0  'CQ DX R6WA LN32'
I (33424) mfsk_core_m5stack_core2: 
WAV: qso3 busy band (210703)
I (35044) mfsk_core_m5stack_core2:   stage 1 (spec):        1619140 us  (184× FFT, 940 freq bins)
I (36534) mfsk_core_m5stack_core2:   stage 2 (sync):        1490354 us  (0 candidate(s))
I (36534) mfsk_core_m5stack_core2:   stage 3 (refine+BP):        17 us  (0 result(s))
I (36544) mfsk_core_m5stack_core2:   ─── total decode:     3112221 us = 3.112 s
I (36554) mfsk_core_m5stack_core2: 
════════════════════════════════════════════
I (36564) mfsk_core_m5stack_core2: RUN: max_cand=4  dt_grid=3  df_grid=3
I (36574) mfsk_core_m5stack_core2: ════════════════════════════════════════════
I (36584) mfsk_core_m5stack_core2: 
WAV: qso1 (191111_110130)
I (38214) mfsk_core_m5stack_core2:   stage 1 (spec):        1619138 us  (184× FFT, 940 freq bins)
I (39754) mfsk_core_m5stack_core2:   stage 2 (sync):        1538289 us  (4 candidate(s))
I (42794) mfsk_core_m5stack_core2:   stage 3 (refine+BP):   3038975 us  (0 result(s))
I (42794) mfsk_core_m5stack_core2:   ─── total decode:     6199100 us = 6.199 s
I (42794) mfsk_core_m5stack_core2: 
WAV: qso2 (191111_110200)
I (44424) mfsk_core_m5stack_core2:   stage 1 (spec):        1619109 us  (184× FFT, 940 freq bins)
I (45954) mfsk_core_m5stack_core2:   stage 2 (sync):        1536610 us  (4 candidate(s))
I (49174) mfsk_core_m5stack_core2:   stage 3 (refine+BP):   3218300 us  (2 result(s))
I (49174) mfsk_core_m5stack_core2:   ─── total decode:     6376733 us = 6.377 s
I (49184) mfsk_core_m5stack_core2:     [0]  1291 Hz  SNR=-15.3 dB  e=11  'CQ R7IW LN35'
I (49194) mfsk_core_m5stack_core2:     [1]  2097 Hz  SNR= -9.4 dB  e=0  'CQ DX R6WA LN32'
I (49194) mfsk_core_m5stack_core2: 
WAV: qso3 busy band (210703)
I (50824) mfsk_core_m5stack_core2:   stage 1 (spec):        1619123 us  (184× FFT, 940 freq bins)
I (52314) mfsk_core_m5stack_core2:   stage 2 (sync):        1490392 us  (0 candidate(s))
I (52314) mfsk_core_m5stack_core2:   stage 3 (refine+BP):        13 us  (0 result(s))
I (52324) mfsk_core_m5stack_core2:   ─── total decode:     3112249 us = 3.112 s
I (52324) mfsk_core_m5stack_core2: 
════════════════════════════════════════════
I (52344) mfsk_core_m5stack_core2: RUN: max_cand=8  dt_grid=0  df_grid=0
I (52344) mfsk_core_m5stack_core2: ════════════════════════════════════════════
I (52364) mfsk_core_m5stack_core2: 
WAV: qso1 (191111_110130)
I (53984) mfsk_core_m5stack_core2:   stage 1 (spec):        1619128 us  (184× FFT, 940 freq bins)
I (55524) mfsk_core_m5stack_core2:   stage 2 (sync):        1538270 us  (8 candidate(s))
I (56374) mfsk_core_m5stack_core2:   stage 3 (refine+BP):    843592 us  (1 result(s))
I (56374) mfsk_core_m5stack_core2:   ─── total decode:     4003711 us = 4.004 s
I (56374) mfsk_core_m5stack_core2:     [0]  2095 Hz  SNR=-11.5 dB  e=5  'CQ DX R6WA LN32'
I (56384) mfsk_core_m5stack_core2: 
WAV: qso2 (191111_110200)
I (58014) mfsk_core_m5stack_core2:   stage 1 (spec):        1619125 us  (184× FFT, 940 freq bins)
I (59544) mfsk_core_m5stack_core2:   stage 2 (sync):        1536612 us  (8 candidate(s))
I (61094) mfsk_core_m5stack_core2:   stage 3 (refine+BP):   1545719 us  (4 result(s))
I (61094) mfsk_core_m5stack_core2:   ─── total decode:     4704186 us = 4.704 s
I (61104) mfsk_core_m5stack_core2:     [0]  1292 Hz  SNR= -9.5 dB  e=5  'CQ R7IW LN35'
I (61104) mfsk_core_m5stack_core2:     [1]  2098 Hz  SNR=-14.8 dB  e=12  'CQ DX R6WA LN32'
I (61114) mfsk_core_m5stack_core2:     [2]   683 Hz  SNR=-15.7 dB  e=5  'CQ TA6CQ KN70'
I (61124) mfsk_core_m5stack_core2:     [3]  1031 Hz  SNR=-16.9 dB  e=20  'CQ LZ1JZ KN22'
I (61134) mfsk_core_m5stack_core2: 
WAV: qso3 busy band (210703)
I (62754) mfsk_core_m5stack_core2:   stage 1 (spec):        1619162 us  (184× FFT, 940 freq bins)
I (64244) mfsk_core_m5stack_core2:   stage 2 (sync):        1490388 us  (0 candidate(s))
I (64254) mfsk_core_m5stack_core2:   stage 3 (refine+BP):        17 us  (0 result(s))
I (64254) mfsk_core_m5stack_core2:   ─── total decode:     3112289 us = 3.112 s
I (64264) mfsk_core_m5stack_core2: 
════════════════════════════════════════════
I (64274) mfsk_core_m5stack_core2: RUN: max_cand=8  dt_grid=0  df_grid=3
I (64284) mfsk_core_m5stack_core2: ════════════════════════════════════════════
I (64294) mfsk_core_m5stack_core2: 
WAV: qso1 (191111_110130)
I (65924) mfsk_core_m5stack_core2:   stage 1 (spec):        1619137 us  (184× FFT, 940 freq bins)
I (67464) mfsk_core_m5stack_core2:   stage 2 (sync):        1538282 us  (8 candidate(s))
I (69534) mfsk_core_m5stack_core2:   stage 3 (refine+BP):   2074442 us  (1 result(s))
I (69534) mfsk_core_m5stack_core2:   ─── total decode:     5234567 us = 5.235 s
I (69544) mfsk_core_m5stack_core2:     [0]  2095 Hz  SNR=-11.5 dB  e=5  'CQ DX R6WA LN32'
I (69554) mfsk_core_m5stack_core2: 
WAV: qso2 (191111_110200)
I (71174) mfsk_core_m5stack_core2:   stage 1 (spec):        1619144 us  (184× FFT, 940 freq bins)
I (72714) mfsk_core_m5stack_core2:   stage 2 (sync):        1536606 us  (8 candidate(s))
I (75784) mfsk_core_m5stack_core2:   stage 3 (refine+BP):   3070236 us  (3 result(s))
I (75784) mfsk_core_m5stack_core2:   ─── total decode:     6228703 us = 6.229 s
I (75794) mfsk_core_m5stack_core2:     [0]  1291 Hz  SNR= -9.8 dB  e=3  'CQ R7IW LN35'
I (75794) mfsk_core_m5stack_core2:     [1]  2097 Hz  SNR=-14.7 dB  e=12  'CQ DX R6WA LN32'
I (75804) mfsk_core_m5stack_core2:     [2]   683 Hz  SNR=-15.7 dB  e=5  'CQ TA6CQ KN70'
I (75814) mfsk_core_m5stack_core2: 
WAV: qso3 busy band (210703)
I (77434) mfsk_core_m5stack_core2:   stage 1 (spec):        1619128 us  (184× FFT, 940 freq bins)
I (78934) mfsk_core_m5stack_core2:   stage 2 (sync):        1490393 us  (0 candidate(s))
I (78934) mfsk_core_m5stack_core2:   stage 3 (refine+BP):        13 us  (0 result(s))
I (78934) mfsk_core_m5stack_core2:   ─── total decode:     3112258 us = 3.112 s
I (78944) mfsk_core_m5stack_core2: 
════════════════════════════════════════════
I (78954) mfsk_core_m5stack_core2: RUN: max_cand=8  dt_grid=3  df_grid=0
I (78964) mfsk_core_m5stack_core2: ════════════════════════════════════════════
I (78974) mfsk_core_m5stack_core2: 
WAV: qso1 (191111_110130)
I (80604) mfsk_core_m5stack_core2:   stage 1 (spec):        1619132 us  (184× FFT, 940 freq bins)
I (82144) mfsk_core_m5stack_core2:   stage 2 (sync):        1538272 us  (8 candidate(s))
I (84224) mfsk_core_m5stack_core2:   stage 3 (refine+BP):   2074741 us  (1 result(s))
I (84224) mfsk_core_m5stack_core2:   ─── total decode:     5234856 us = 5.235 s
I (84224) mfsk_core_m5stack_core2:     [0]  2095 Hz  SNR=-11.5 dB  e=5  'CQ DX R6WA LN32'
I (84234) mfsk_core_m5stack_core2: 
WAV: qso2 (191111_110200)
I (85854) mfsk_core_m5stack_core2:   stage 1 (spec):        1619125 us  (184× FFT, 940 freq bins)
I (87394) mfsk_core_m5stack_core2:   stage 2 (sync):        1536597 us  (8 candidate(s))
I (90164) mfsk_core_m5stack_core2:   stage 3 (refine+BP):   2769817 us  (4 result(s))
I (90164) mfsk_core_m5stack_core2:   ─── total decode:     5928252 us = 5.928 s
I (90174) mfsk_core_m5stack_core2:     [0]  1292 Hz  SNR= -9.5 dB  e=5  'CQ R7IW LN35'
I (90174) mfsk_core_m5stack_core2:     [1]  2098 Hz  SNR= -9.6 dB  e=0  'CQ DX R6WA LN32'
I (90184) mfsk_core_m5stack_core2:     [2]   683 Hz  SNR= -9.7 dB  e=0  'CQ TA6CQ KN70'
I (90194) mfsk_core_m5stack_core2:     [3]  1031 Hz  SNR=-16.9 dB  e=20  'CQ LZ1JZ KN22'
I (90204) mfsk_core_m5stack_core2: 
WAV: qso3 busy band (210703)
I (91824) mfsk_core_m5stack_core2:   stage 1 (spec):        1619160 us  (184× FFT, 940 freq bins)
I (93314) mfsk_core_m5stack_core2:   stage 2 (sync):        1490396 us  (0 candidate(s))
I (93324) mfsk_core_m5stack_core2:   stage 3 (refine+BP):        16 us  (0 result(s))
I (93324) mfsk_core_m5stack_core2:   ─── total decode:     3112296 us = 3.112 s
I (93334) mfsk_core_m5stack_core2: 
════════════════════════════════════════════
I (93344) mfsk_core_m5stack_core2: RUN: max_cand=8  dt_grid=3  df_grid=3
I (93354) mfsk_core_m5stack_core2: ════════════════════════════════════════════
I (93364) mfsk_core_m5stack_core2: 
WAV: qso1 (191111_110130)
I (94994) mfsk_core_m5stack_core2:   stage 1 (spec):        1619137 us  (184× FFT, 940 freq bins)
I (96534) mfsk_core_m5stack_core2:   stage 2 (sync):        1538292 us  (8 candidate(s))
I (102844) mfsk_core_m5stack_core2:   stage 3 (refine+BP):   6305796 us  (1 result(s))
I (102844) mfsk_core_m5stack_core2:   ─── total decode:     9465926 us = 9.466 s
I (102844) mfsk_core_m5stack_core2:     [0]  2095 Hz  SNR=-11.5 dB  e=5  'CQ DX R6WA LN32'
I (102854) mfsk_core_m5stack_core2: 
WAV: qso2 (191111_110200)
I (104474) mfsk_core_m5stack_core2:   stage 1 (spec):        1619132 us  (184× FFT, 940 freq bins)
I (106014) mfsk_core_m5stack_core2:   stage 2 (sync):        1536605 us  (8 candidate(s))
I (112774) mfsk_core_m5stack_core2:   stage 3 (refine+BP):   6756564 us  (3 result(s))
I (112774) mfsk_core_m5stack_core2:   ─── total decode:     9915019 us = 9.915 s
I (112774) mfsk_core_m5stack_core2:     [0]  1291 Hz  SNR=-15.3 dB  e=11  'CQ R7IW LN35'
I (112784) mfsk_core_m5stack_core2:     [1]  2097 Hz  SNR= -9.4 dB  e=0  'CQ DX R6WA LN32'
I (112794) mfsk_core_m5stack_core2:     [2]   682 Hz  SNR=-10.4 dB  e=0  'CQ TA6CQ KN70'
I (112804) mfsk_core_m5stack_core2: 
WAV: qso3 busy band (210703)
I (114424) mfsk_core_m5stack_core2:   stage 1 (spec):        1619125 us  (184× FFT, 940 freq bins)
I (115914) mfsk_core_m5stack_core2:   stage 2 (sync):        1490375 us  (0 candidate(s))
I (115924) mfsk_core_m5stack_core2:   stage 3 (refine+BP):        13 us  (0 result(s))
I (115924) mfsk_core_m5stack_core2:   ─── total decode:     3112240 us = 3.112 s
I (115934) mfsk_core_m5stack_core2: 
════════════════════════════════════════════
I (115944) mfsk_core_m5stack_core2: RUN: max_cand=12  dt_grid=0  df_grid=0
I (115954) mfsk_core_m5stack_core2: ════════════════════════════════════════════
I (115964) mfsk_core_m5stack_core2: 
WAV: qso1 (191111_110130)
I (117594) mfsk_core_m5stack_core2:   stage 1 (spec):        1619130 us  (184× FFT, 940 freq bins)
I (119134) mfsk_core_m5stack_core2:   stage 2 (sync):        1538268 us  (12 candidate(s))
I (120284) mfsk_core_m5stack_core2:   stage 3 (refine+BP):   1150534 us  (1 result(s))
I (120284) mfsk_core_m5stack_core2:   ─── total decode:     4310642 us = 4.311 s
I (120294) mfsk_core_m5stack_core2:     [0]  2095 Hz  SNR=-11.5 dB  e=5  'CQ DX R6WA LN32'
I (120294) mfsk_core_m5stack_core2: 
WAV: qso2 (191111_110200)
I (121924) mfsk_core_m5stack_core2:   stage 1 (spec):        1619129 us  (184× FFT, 940 freq bins)
I (123464) mfsk_core_m5stack_core2:   stage 2 (sync):        1536598 us  (12 candidate(s))
I (125584) mfsk_core_m5stack_core2:   stage 3 (refine+BP):   2121496 us  (4 result(s))
I (125584) mfsk_core_m5stack_core2:   ─── total decode:     5279938 us = 5.280 s
I (125584) mfsk_core_m5stack_core2:     [0]  1292 Hz  SNR= -9.5 dB  e=5  'CQ R7IW LN35'
I (125594) mfsk_core_m5stack_core2:     [1]  2098 Hz  SNR=-14.8 dB  e=12  'CQ DX R6WA LN32'
I (125604) mfsk_core_m5stack_core2:     [2]   683 Hz  SNR=-15.7 dB  e=5  'CQ TA6CQ KN70'
I (125614) mfsk_core_m5stack_core2:     [3]  1031 Hz  SNR=-16.9 dB  e=20  'CQ LZ1JZ KN22'
I (125624) mfsk_core_m5stack_core2: 
WAV: qso3 busy band (210703)
I (127244) mfsk_core_m5stack_core2:   stage 1 (spec):        1619162 us  (184× FFT, 940 freq bins)
I (128734) mfsk_core_m5stack_core2:   stage 2 (sync):        1490397 us  (0 candidate(s))
I (128734) mfsk_core_m5stack_core2:   stage 3 (refine+BP):        17 us  (0 result(s))
I (128744) mfsk_core_m5stack_core2:   ─── total decode:     3112289 us = 3.112 s
I (128754) mfsk_core_m5stack_core2: 
════════════════════════════════════════════
I (128764) mfsk_core_m5stack_core2: RUN: max_cand=12  dt_grid=0  df_grid=3
I (128774) mfsk_core_m5stack_core2: ════════════════════════════════════════════
I (128784) mfsk_core_m5stack_core2: 
WAV: qso1 (191111_110130)
I (130414) mfsk_core_m5stack_core2:   stage 1 (spec):        1619135 us  (184× FFT, 940 freq bins)
I (131954) mfsk_core_m5stack_core2:   stage 2 (sync):        1538282 us  (12 candidate(s))
I (134944) mfsk_core_m5stack_core2:   stage 3 (refine+BP):   2995014 us  (1 result(s))
I (134944) mfsk_core_m5stack_core2:   ─── total decode:     6155133 us = 6.155 s
I (134954) mfsk_core_m5stack_core2:     [0]  2095 Hz  SNR=-11.5 dB  e=5  'CQ DX R6WA LN32'
I (134964) mfsk_core_m5stack_core2: 
WAV: qso2 (191111_110200)
I (136584) mfsk_core_m5stack_core2:   stage 1 (spec):        1619130 us  (184× FFT, 940 freq bins)
I (138124) mfsk_core_m5stack_core2:   stage 2 (sync):        1536600 us  (12 candidate(s))
I (142924) mfsk_core_m5stack_core2:   stage 3 (refine+BP):   4797287 us  (3 result(s))
I (142924) mfsk_core_m5stack_core2:   ─── total decode:     7955737 us = 7.956 s
I (142924) mfsk_core_m5stack_core2:     [0]  1291 Hz  SNR= -9.8 dB  e=3  'CQ R7IW LN35'
I (142934) mfsk_core_m5stack_core2:     [1]  2097 Hz  SNR=-14.7 dB  e=12  'CQ DX R6WA LN32'
I (142944) mfsk_core_m5stack_core2:     [2]   683 Hz  SNR=-15.7 dB  e=5  'CQ TA6CQ KN70'
I (142954) mfsk_core_m5stack_core2: 
WAV: qso3 busy band (210703)
I (144574) mfsk_core_m5stack_core2:   stage 1 (spec):        1619129 us  (184× FFT, 940 freq bins)
I (146064) mfsk_core_m5stack_core2:   stage 2 (sync):        1490352 us  (0 candidate(s))
I (146064) mfsk_core_m5stack_core2:   stage 3 (refine+BP):        13 us  (0 result(s))
I (146074) mfsk_core_m5stack_core2:   ─── total decode:     3112216 us = 3.112 s
I (146084) mfsk_core_m5stack_core2: 
════════════════════════════════════════════
I (146094) mfsk_core_m5stack_core2: RUN: max_cand=12  dt_grid=3  df_grid=0
I (146104) mfsk_core_m5stack_core2: ════════════════════════════════════════════
I (146114) mfsk_core_m5stack_core2: 
WAV: qso1 (191111_110130)
I (147744) mfsk_core_m5stack_core2:   stage 1 (spec):        1619133 us  (184× FFT, 940 freq bins)
I (149284) mfsk_core_m5stack_core2:   stage 2 (sync):        1538268 us  (12 candidate(s))
I (152274) mfsk_core_m5stack_core2:   stage 3 (refine+BP):   2995403 us  (1 result(s))
I (152274) mfsk_core_m5stack_core2:   ─── total decode:     6155511 us = 6.156 s
I (152284) mfsk_core_m5stack_core2:     [0]  2095 Hz  SNR=-11.5 dB  e=5  'CQ DX R6WA LN32'
I (152294) mfsk_core_m5stack_core2: 
WAV: qso2 (191111_110200)
I (153914) mfsk_core_m5stack_core2:   stage 1 (spec):        1619147 us  (184× FFT, 940 freq bins)
I (155454) mfsk_core_m5stack_core2:   stage 2 (sync):        1536597 us  (12 candidate(s))
I (159414) mfsk_core_m5stack_core2:   stage 3 (refine+BP):   3958745 us  (4 result(s))
I (159414) mfsk_core_m5stack_core2:   ─── total decode:     7117195 us = 7.117 s
I (159424) mfsk_core_m5stack_core2:     [0]  1292 Hz  SNR= -9.5 dB  e=5  'CQ R7IW LN35'
I (159424) mfsk_core_m5stack_core2:     [1]  2098 Hz  SNR= -9.6 dB  e=0  'CQ DX R6WA LN32'
I (159434) mfsk_core_m5stack_core2:     [2]   683 Hz  SNR= -9.7 dB  e=0  'CQ TA6CQ KN70'
I (159444) mfsk_core_m5stack_core2:     [3]  1031 Hz  SNR=-16.9 dB  e=20  'CQ LZ1JZ KN22'
I (159454) mfsk_core_m5stack_core2: 
WAV: qso3 busy band (210703)
I (161074) mfsk_core_m5stack_core2:   stage 1 (spec):        1619162 us  (184× FFT, 940 freq bins)
I (162564) mfsk_core_m5stack_core2:   stage 2 (sync):        1490371 us  (0 candidate(s))
I (162564) mfsk_core_m5stack_core2:   stage 3 (refine+BP):        17 us  (0 result(s))
I (162574) mfsk_core_m5stack_core2:   ─── total decode:     3112271 us = 3.112 s
I (162584) mfsk_core_m5stack_core2: 
════════════════════════════════════════════
I (162594) mfsk_core_m5stack_core2: RUN: max_cand=12  dt_grid=3  df_grid=3
I (162604) mfsk_core_m5stack_core2: ════════════════════════════════════════════
I (162614) mfsk_core_m5stack_core2: 
WAV: qso1 (191111_110130)
I (164244) mfsk_core_m5stack_core2:   stage 1 (spec):        1619135 us  (184× FFT, 940 freq bins)
I (165784) mfsk_core_m5stack_core2:   stage 2 (sync):        1538276 us  (12 candidate(s))
I (174854) mfsk_core_m5stack_core2:   stage 3 (refine+BP):   9067260 us  (1 result(s))
I (174854) mfsk_core_m5stack_core2:   ─── total decode:    12227374 us = 12.227 s
I (174854) mfsk_core_m5stack_core2:     [0]  2095 Hz  SNR=-11.5 dB  e=5  'CQ DX R6WA LN32'
I (174864) mfsk_core_m5stack_core2: 
WAV: qso2 (191111_110200)
I (176484) mfsk_core_m5stack_core2:   stage 1 (spec):        1619127 us  (184× FFT, 940 freq bins)
I (178024) mfsk_core_m5stack_core2:   stage 2 (sync):        1536622 us  (12 candidate(s))
I (188354) mfsk_core_m5stack_core2:   stage 3 (refine+BP):  10322780 us  (3 result(s))
I (188354) mfsk_core_m5stack_core2:   ─── total decode:    13481247 us = 13.481 s
I (188354) mfsk_core_m5stack_core2:     [0]  1291 Hz  SNR=-15.3 dB  e=11  'CQ R7IW LN35'
I (188364) mfsk_core_m5stack_core2:     [1]  2097 Hz  SNR= -9.4 dB  e=0  'CQ DX R6WA LN32'
I (188374) mfsk_core_m5stack_core2:     [2]   682 Hz  SNR=-10.4 dB  e=0  'CQ TA6CQ KN70'
I (188374) mfsk_core_m5stack_core2: 
WAV: qso3 busy band (210703)
I (190004) mfsk_core_m5stack_core2:   stage 1 (spec):        1619126 us  (184× FFT, 940 freq bins)
I (191494) mfsk_core_m5stack_core2:   stage 2 (sync):        1490377 us  (0 candidate(s))
I (191494) mfsk_core_m5stack_core2:   stage 3 (refine+BP):        13 us  (0 result(s))
I (191504) mfsk_core_m5stack_core2:   ─── total decode:     3112242 us = 3.112 s
I (191504) mfsk_core_m5stack_core2: 
════════════════════════════════════════════
I (191524) mfsk_core_m5stack_core2: RUN: max_cand=20  dt_grid=0  df_grid=0
I (191534) mfsk_core_m5stack_core2: ════════════════════════════════════════════
I (191544) mfsk_core_m5stack_core2: 
WAV: qso1 (191111_110130)
I (193174) mfsk_core_m5stack_core2:   stage 1 (spec):        1619135 us  (184× FFT, 940 freq bins)
I (194714) mfsk_core_m5stack_core2:   stage 2 (sync):        1538289 us  (20 candidate(s))
I (196744) mfsk_core_m5stack_core2:   stage 3 (refine+BP):   2033415 us  (1 result(s))
I (196744) mfsk_core_m5stack_core2:   ─── total decode:     5193550 us = 5.194 s
I (196754) mfsk_core_m5stack_core2:     [0]  2095 Hz  SNR=-11.5 dB  e=5  'CQ DX R6WA LN32'
I (196754) mfsk_core_m5stack_core2: 
WAV: qso2 (191111_110200)
I (198384) mfsk_core_m5stack_core2:   stage 1 (spec):        1619149 us  (184× FFT, 940 freq bins)
I (199924) mfsk_core_m5stack_core2:   stage 2 (sync):        1536611 us  (20 candidate(s))
I (202894) mfsk_core_m5stack_core2:   stage 3 (refine+BP):   2970631 us  (5 result(s))
I (202894) mfsk_core_m5stack_core2:   ─── total decode:     6129110 us = 6.129 s
I (202894) mfsk_core_m5stack_core2:     [0]  1292 Hz  SNR= -9.5 dB  e=5  'CQ R7IW LN35'
I (202904) mfsk_core_m5stack_core2:     [1]  2098 Hz  SNR=-14.8 dB  e=12  'CQ DX R6WA LN32'
I (202914) mfsk_core_m5stack_core2:     [2]   683 Hz  SNR=-15.7 dB  e=5  'CQ TA6CQ KN70'
I (202924) mfsk_core_m5stack_core2:     [3]  1031 Hz  SNR=-16.9 dB  e=20  'CQ LZ1JZ KN22'
I (202934) mfsk_core_m5stack_core2:     [4]   990 Hz  SNR=-17.9 dB  e=15  'OH3NIV ZS6S RR73'
I (202934) mfsk_core_m5stack_core2: 
WAV: qso3 busy band (210703)
I (204564) mfsk_core_m5stack_core2:   stage 1 (spec):        1619152 us  (184× FFT, 940 freq bins)
I (206054) mfsk_core_m5stack_core2:   stage 2 (sync):        1490357 us  (0 candidate(s))
I (206054) mfsk_core_m5stack_core2:   stage 3 (refine+BP):        17 us  (0 result(s))
I (206064) mfsk_core_m5stack_core2:   ─── total decode:     3112243 us = 3.112 s
I (206064) mfsk_core_m5stack_core2: 
════════════════════════════════════════════
I (206084) mfsk_core_m5stack_core2: RUN: max_cand=20  dt_grid=0  df_grid=3
I (206084) mfsk_core_m5stack_core2: ════════════════════════════════════════════
I (206104) mfsk_core_m5stack_core2: 
WAV: qso1 (191111_110130)
I (207724) mfsk_core_m5stack_core2:   stage 1 (spec):        1619133 us  (184× FFT, 940 freq bins)
I (209264) mfsk_core_m5stack_core2:   stage 2 (sync):        1538261 us  (20 candidate(s))
I (214334) mfsk_core_m5stack_core2:   stage 3 (refine+BP):   5067972 us  (2 result(s))
I (214334) mfsk_core_m5stack_core2:   ─── total decode:     8228081 us = 8.228 s
I (214344) mfsk_core_m5stack_core2:     [0]  2095 Hz  SNR=-11.5 dB  e=5  'CQ DX R6WA LN32'
I (214354) mfsk_core_m5stack_core2:     [1]   685 Hz  SNR=-15.4 dB  e=18  'CQ TA6CQ KN70'
I (214354) mfsk_core_m5stack_core2: 
WAV: qso2 (191111_110200)
I (215984) mfsk_core_m5stack_core2:   stage 1 (spec):        1619130 us  (184× FFT, 940 freq bins)
I (217524) mfsk_core_m5stack_core2:   stage 2 (sync):        1536622 us  (20 candidate(s))
I (224434) mfsk_core_m5stack_core2:   stage 3 (refine+BP):   6907774 us  (3 result(s))
I (224434) mfsk_core_m5stack_core2:   ─── total decode:    10066241 us = 10.066 s
I (224434) mfsk_core_m5stack_core2:     [0]  1291 Hz  SNR= -9.8 dB  e=3  'CQ R7IW LN35'
I (224444) mfsk_core_m5stack_core2:     [1]  2097 Hz  SNR=-14.7 dB  e=12  'CQ DX R6WA LN32'
I (224454) mfsk_core_m5stack_core2:     [2]   683 Hz  SNR=-15.7 dB  e=5  'CQ TA6CQ KN70'
I (224454) mfsk_core_m5stack_core2: 
WAV: qso3 busy band (210703)
I (226084) mfsk_core_m5stack_core2:   stage 1 (spec):        1619127 us  (184× FFT, 940 freq bins)
I (227574) mfsk_core_m5stack_core2:   stage 2 (sync):        1490366 us  (0 candidate(s))
I (227574) mfsk_core_m5stack_core2:   stage 3 (refine+BP):        12 us  (0 result(s))
I (227584) mfsk_core_m5stack_core2:   ─── total decode:     3112228 us = 3.112 s
I (227584) mfsk_core_m5stack_core2: 
════════════════════════════════════════════
I (227604) mfsk_core_m5stack_core2: RUN: max_cand=20  dt_grid=3  df_grid=0
I (227614) mfsk_core_m5stack_core2: ════════════════════════════════════════════
I (227624) mfsk_core_m5stack_core2: 
WAV: qso1 (191111_110130)
I (229254) mfsk_core_m5stack_core2:   stage 1 (spec):        1619135 us  (184× FFT, 940 freq bins)
I (230794) mfsk_core_m5stack_core2:   stage 2 (sync):        1538288 us  (20 candidate(s))
I (235894) mfsk_core_m5stack_core2:   stage 3 (refine+BP):   5105648 us  (1 result(s))
I (235894) mfsk_core_m5stack_core2:   ─── total decode:     8265773 us = 8.266 s
I (235904) mfsk_core_m5stack_core2:     [0]  2095 Hz  SNR=-11.5 dB  e=5  'CQ DX R6WA LN32'
I (235914) mfsk_core_m5stack_core2: 
WAV: qso2 (191111_110200)
I (237534) mfsk_core_m5stack_core2:   stage 1 (spec):        1619128 us  (184× FFT, 940 freq bins)
I (239074) mfsk_core_m5stack_core2:   stage 2 (sync):        1536603 us  (20 candidate(s))
I (245354) mfsk_core_m5stack_core2:   stage 3 (refine+BP):   6275602 us  (5 result(s))
I (245354) mfsk_core_m5stack_core2:   ─── total decode:     9434055 us = 9.434 s
I (245354) mfsk_core_m5stack_core2:     [0]  1292 Hz  SNR= -9.5 dB  e=5  'CQ R7IW LN35'
I (245364) mfsk_core_m5stack_core2:     [1]  2098 Hz  SNR= -9.6 dB  e=0  'CQ DX R6WA LN32'
I (245374) mfsk_core_m5stack_core2:     [2]   683 Hz  SNR= -9.7 dB  e=0  'CQ TA6CQ KN70'
I (245374) mfsk_core_m5stack_core2:     [3]  1031 Hz  SNR=-16.9 dB  e=20  'CQ LZ1JZ KN22'
I (245384) mfsk_core_m5stack_core2:     [4]   990 Hz  SNR=-17.9 dB  e=15  'OH3NIV ZS6S RR73'
I (245394) mfsk_core_m5stack_core2: 
WAV: qso3 busy band (210703)
I (247024) mfsk_core_m5stack_core2:   stage 1 (spec):        1619144 us  (184× FFT, 940 freq bins)
I (248514) mfsk_core_m5stack_core2:   stage 2 (sync):        1490396 us  (0 candidate(s))
I (248514) mfsk_core_m5stack_core2:   stage 3 (refine+BP):        17 us  (0 result(s))
I (248514) mfsk_core_m5stack_core2:   ─── total decode:     3112285 us = 3.112 s
I (248524) mfsk_core_m5stack_core2: 
════════════════════════════════════════════
I (248534) mfsk_core_m5stack_core2: RUN: max_cand=20  dt_grid=3  df_grid=3
I (248544) mfsk_core_m5stack_core2: ════════════════════════════════════════════
I (248564) mfsk_core_m5stack_core2: 
WAV: qso1 (191111_110130)
I (250184) mfsk_core_m5stack_core2:   stage 1 (spec):        1619132 us  (184× FFT, 940 freq bins)
I (251724) mfsk_core_m5stack_core2:   stage 2 (sync):        1538269 us  (20 candidate(s))
I (266814) mfsk_core_m5stack_core2:   stage 3 (refine+BP):  15092237 us  (2 result(s))
I (266824) mfsk_core_m5stack_core2:   ─── total decode:    18252348 us = 18.252 s
I (266824) mfsk_core_m5stack_core2:     [0]  2095 Hz  SNR=-11.5 dB  e=5  'CQ DX R6WA LN32'
I (266834) mfsk_core_m5stack_core2:     [1]   685 Hz  SNR=-14.7 dB  e=15  'CQ TA6CQ KN70'
I (266844) mfsk_core_m5stack_core2: 
WAV: qso2 (191111_110200)
I (268464) mfsk_core_m5stack_core2:   stage 1 (spec):        1619128 us  (184× FFT, 940 freq bins)
I (270004) mfsk_core_m5stack_core2:   stage 2 (sync):        1536597 us  (20 candidate(s))
I (286364) mfsk_core_m5stack_core2:   stage 3 (refine+BP):  16359955 us  (3 result(s))
I (286364) mfsk_core_m5stack_core2:   ─── total decode:    19518399 us = 19.518 s
I (286374) mfsk_core_m5stack_core2:     [0]  1291 Hz  SNR=-15.3 dB  e=11  'CQ R7IW LN35'
I (286374) mfsk_core_m5stack_core2:     [1]  2097 Hz  SNR= -9.4 dB  e=0  'CQ DX R6WA LN32'
I (286384) mfsk_core_m5stack_core2:     [2]   682 Hz  SNR=-10.4 dB  e=0  'CQ TA6CQ KN70'
I (286394) mfsk_core_m5stack_core2: 
WAV: qso3 busy band (210703)
I (288014) mfsk_core_m5stack_core2:   stage 1 (spec):        1619151 us  (184× FFT, 940 freq bins)
I (289514) mfsk_core_m5stack_core2:   stage 2 (sync):        1490416 us  (0 candidate(s))
I (289514) mfsk_core_m5stack_core2:   stage 3 (refine+BP):        13 us  (0 result(s))
I (289514) mfsk_core_m5stack_core2:   ─── total decode:     3112306 us = 3.112 s
I (289524) mfsk_core_m5stack_core2: 
=== Sweep complete. Idling. ===
