[2026-05-01T08:11:00Z INFO ] 🚀 A new version of espflash is available: v4.4.0
[2026-05-01T08:11:00Z INFO ] Serial port: '/dev/ttyACM0'
[2026-05-01T08:11:00Z INFO ] Connecting...
[2026-05-01T08:11:00Z INFO ] Using flash stub
ets Jul 29 2019 12:21:46

rst:0x1 (POWERON_RESET),boot:0x17 (SPI_FAST_FLASH_BOOT)
configsip: 0, SPIWP:0xee
clk_drv:0x00,q_drv:0x00,d_drv:0x00,cs0_drv:0x00,hd_drv:0x00,wp_drv:0x00
mode:DIO, clock div:2
load:0x3fff0030,len:7104
load:0x40078000,len:15576
load:0x40080400,len:4
ho 8 tail 4 room 4
load:0x40080404,len:3876
entry 0x4008064c
[0;32mI (31) boot: ESP-IDF v5.1-beta1-378-gea5e0ff298-dirt 2nd stage bootloader[0m
[0;32mI (31) boot: compile time Jun  7 2023 07:48:23[0m
[0;32mI (33) boot: Multicore bootloader[0m
[0;32mI (37) boot: chip revision: v3.1[0m
[0;32mI (41) boot.esp32: SPI Speed      : 40MHz[0m
[0;32mI (46) boot.esp32: SPI Mode       : DIO[0m
[0;32mI (50) boot.esp32: SPI Flash Size : 4MB[0m
[0;32mI (55) boot: Enabling RNG early entropy source...[0m
[0;32mI (60) boot: Partition Table:[0m
[0;32mI (64) boot: ## Label            Usage          Type ST Offset   Length[0m
[0;32mI (71) boot:  0 nvs              WiFi data        01 02 00009000 00006000[0m
[0;32mI (79) boot:  1 phy_init         RF data          01 01 0000f000 00001000[0m
[0;32mI (86) boot:  2 factory          factory app      00 00 00010000 003f0000[0m
[0;32mI (94) boot: End of partition table[0m
[0;32mI (98) esp_image: segment 0: paddr=00010020 vaddr=3f400020 size=122b68h (1190760) map[0m
[0;32mI (536) esp_image: segment 1: paddr=00132b90 vaddr=3ffb0000 size=02f98h ( 12184) load[0m
[0;32mI (541) esp_image: segment 2: paddr=00135b30 vaddr=40080000 size=0a4e8h ( 42216) load[0m
[0;32mI (560) esp_image: segment 3: paddr=00140020 vaddr=400d0020 size=6444ch (410700) map[0m
[0;32mI (708) esp_image: segment 4: paddr=001a4474 vaddr=4008a4e8 size=068f8h ( 26872) load[0m
[0;32mI (720) esp_image: segment 5: paddr=001aad74 vaddr=50000000 size=00020h (    32) load[0m
[0;32mI (729) boot: Loaded app from partition at offset 0x10000[0m
[0;32mI (729) boot: Disabling RNG early entropy source...[0m
I (743) quad_psram: This chip is ESP32-D0WD
I (744) esp_psram: Found 8MB PSRAM device
I (745) esp_psram: Speed: 40MHz
I (745) esp_psram: PSRAM initialized, cache is in low/high (2-core) mode.
W (750) esp_psram: Virtual address not enough for PSRAM, map as much as we can. 4MB is mapped
I (758) cpu_start: Multicore app
I (1666) esp_psram: SPI SRAM memory test OK
I (1674) cpu_start: GPIO 3 and 1 are used as console UART I/O pins
I (1674) cpu_start: Pro cpu start user code
I (1674) cpu_start: cpu freq: 160000000 Hz
I (1676) app_init: Application information:
I (1680) app_init: Project name:     libespidf
I (1684) app_init: App version:      v0.4.4-dirty
I (1688) app_init: Compile time:     May  1 2026 14:25:52
I (1694) app_init: ELF file SHA256:  000000000...
I (1698) app_init: ESP-IDF:          v5.5.3
I (1702) efuse_init: Min chip rev:     v0.0
I (1706) efuse_init: Max chip rev:     v3.99 
I (1710) efuse_init: Chip rev:         v3.1
I (1714) heap_init: Initializing. RAM available for dynamic allocation:
I (1720) heap_init: At 3FFAE6E0 len 00001920 (6 KiB): DRAM
I (1725) heap_init: At 3FFB3940 len 0002C6C0 (177 KiB): DRAM
I (1731) heap_init: At 3FFE0440 len 00003AE0 (14 KiB): D/IRAM
I (1736) heap_init: At 3FFE4350 len 0001BCB0 (111 KiB): D/IRAM
I (1742) heap_init: At 40090DE0 len 0000F220 (60 KiB): IRAM
I (1748) esp_psram: Adding pool of 4096K of PSRAM memory to heap allocator
I (1755) spi_flash: detected chip: generic
I (1758) spi_flash: flash io: dio
W (1761) spi_flash: Detected size(16384k) larger than the size in the binary image header(4096k). Using the size in the binary image header.
I (1774) main_task: Started on CPU0
I (1784) esp_psram: Reserving pool of 32K of internal memory for DMA/internal allocations
I (1784) main_task: Calling app_main()
I (1784) mfsk_core_m5stack_core2: mfsk-core-m5stack-core2 PoC starting
I (1784) mfsk_core_m5stack_core2: mfsk-core version: 0.4.4
I (1794) mfsk_core_m5stack_core2: free heap: internal = 271 KB (largest contig 144 KB), PSRAM = 4093 KB
I (1804) mfsk_core_m5stack_core2: decode_block: NFFT_SPEC=4096, NMS α=0.75, Bp, parabolic-dt, Costas-first
I (1814) mfsk_core_m5stack_core2: baked WAVs: 3
I (2314) mfsk_core_m5stack_core2: 
════════════════════════════════════════════
I (2314) mfsk_core_m5stack_core2: RUN: max_cand=4  dt_grid=0  df_grid=0
I (2324) mfsk_core_m5stack_core2: ════════════════════════════════════════════
I (2334) mfsk_core_m5stack_core2: 
WAV: qso1 (191111_110130)
I (4044) mfsk_core_m5stack_core2:   stage 1 (spec):        1701657 us  (184× FFT, 940 freq bins)
I (5584) mfsk_core_m5stack_core2:   stage 2 (sync):        1538600 us  (4 candidate(s))
I (5894) mfsk_core_m5stack_core2:   stage 3 (refine+BP):    307902 us  (0 result(s))
I (5894) mfsk_core_m5stack_core2:   ─── total decode:     3550808 us = 3.551 s
I (5894) mfsk_core_m5stack_core2: 
WAV: qso2 (191111_110200)
I (7594) mfsk_core_m5stack_core2:   stage 1 (spec):        1688348 us  (184× FFT, 940 freq bins)
I (9134) mfsk_core_m5stack_core2:   stage 2 (sync):        1537399 us  (4 candidate(s))
I (9894) mfsk_core_m5stack_core2:   stage 3 (refine+BP):    765750 us  (2 result(s))
I (9894) mfsk_core_m5stack_core2:   ─── total decode:     3994153 us = 3.994 s
I (9904) mfsk_core_m5stack_core2:     [0]  1292 Hz  SNR= -9.5 dB  e=5  'CQ R7IW LN35'
I (9904) mfsk_core_m5stack_core2:     [1]  2098 Hz  SNR=-14.8 dB  e=12  'CQ DX R6WA LN32'
I (9914) mfsk_core_m5stack_core2: 
WAV: qso3 busy band (210703)
I (11614) mfsk_core_m5stack_core2:   stage 1 (spec):        1688380 us  (184× FFT, 940 freq bins)
I (13124) mfsk_core_m5stack_core2:   stage 2 (sync):        1508232 us  (4 candidate(s))
I (13434) mfsk_core_m5stack_core2:   stage 3 (refine+BP):    308539 us  (0 result(s))
I (13434) mfsk_core_m5stack_core2:   ─── total decode:     3507795 us = 3.508 s
I (13434) mfsk_core_m5stack_core2: 
════════════════════════════════════════════
I (13454) mfsk_core_m5stack_core2: RUN: max_cand=4  dt_grid=0  df_grid=3
I (13454) mfsk_core_m5stack_core2: ════════════════════════════════════════════
I (13474) mfsk_core_m5stack_core2: 
WAV: qso1 (191111_110130)
I (15164) mfsk_core_m5stack_core2:   stage 1 (spec):        1688353 us  (184× FFT, 940 freq bins)
I (16704) mfsk_core_m5stack_core2:   stage 2 (sync):        1538741 us  (4 candidate(s))
I (17634) mfsk_core_m5stack_core2:   stage 3 (refine+BP):    923281 us  (0 result(s))
I (17634) mfsk_core_m5stack_core2:   ─── total decode:     4153043 us = 4.153 s
I (17634) mfsk_core_m5stack_core2: 
WAV: qso2 (191111_110200)
I (19324) mfsk_core_m5stack_core2:   stage 1 (spec):        1688348 us  (184× FFT, 940 freq bins)
I (20864) mfsk_core_m5stack_core2:   stage 2 (sync):        1537363 us  (4 candidate(s))
I (22244) mfsk_core_m5stack_core2:   stage 3 (refine+BP):   1379597 us  (2 result(s))
I (22254) mfsk_core_m5stack_core2:   ─── total decode:     4607973 us = 4.608 s
I (22254) mfsk_core_m5stack_core2:     [0]  1291 Hz  SNR= -9.8 dB  e=3  'CQ R7IW LN35'
I (22264) mfsk_core_m5stack_core2:     [1]  2097 Hz  SNR=-14.7 dB  e=12  'CQ DX R6WA LN32'
I (22264) mfsk_core_m5stack_core2: 
WAV: qso3 busy band (210703)
I (23964) mfsk_core_m5stack_core2:   stage 1 (spec):        1688381 us  (184× FFT, 940 freq bins)
I (25474) mfsk_core_m5stack_core2:   stage 2 (sync):        1508218 us  (4 candidate(s))
I (26404) mfsk_core_m5stack_core2:   stage 3 (refine+BP):    925169 us  (0 result(s))
I (26404) mfsk_core_m5stack_core2:   ─── total decode:     4124421 us = 4.124 s
I (26404) mfsk_core_m5stack_core2: 
════════════════════════════════════════════
I (26414) mfsk_core_m5stack_core2: RUN: max_cand=4  dt_grid=3  df_grid=0
I (26424) mfsk_core_m5stack_core2: ════════════════════════════════════════════
I (26444) mfsk_core_m5stack_core2: 
WAV: qso1 (191111_110130)
I (28134) mfsk_core_m5stack_core2:   stage 1 (spec):        1688377 us  (184× FFT, 940 freq bins)
I (29674) mfsk_core_m5stack_core2:   stage 2 (sync):        1538773 us  (4 candidate(s))
I (30604) mfsk_core_m5stack_core2:   stage 3 (refine+BP):    923346 us  (0 result(s))
I (30604) mfsk_core_m5stack_core2:   ─── total decode:     4153157 us = 4.153 s
I (30604) mfsk_core_m5stack_core2: 
WAV: qso2 (191111_110200)
I (32294) mfsk_core_m5stack_core2:   stage 1 (spec):        1688349 us  (184× FFT, 940 freq bins)
I (33834) mfsk_core_m5stack_core2:   stage 2 (sync):        1537394 us  (4 candidate(s))
I (35214) mfsk_core_m5stack_core2:   stage 3 (refine+BP):   1374991 us  (2 result(s))
I (35214) mfsk_core_m5stack_core2:   ─── total decode:     4603403 us = 4.603 s
I (35214) mfsk_core_m5stack_core2:     [0]  1292 Hz  SNR= -9.5 dB  e=5  'CQ R7IW LN35'
I (35224) mfsk_core_m5stack_core2:     [1]  2098 Hz  SNR= -9.6 dB  e=0  'CQ DX R6WA LN32'
I (35234) mfsk_core_m5stack_core2: 
WAV: qso3 busy band (210703)
I (36924) mfsk_core_m5stack_core2:   stage 1 (spec):        1688386 us  (184× FFT, 940 freq bins)
I (38434) mfsk_core_m5stack_core2:   stage 2 (sync):        1508230 us  (4 candidate(s))
I (39364) mfsk_core_m5stack_core2:   stage 3 (refine+BP):    925277 us  (0 result(s))
I (39364) mfsk_core_m5stack_core2:   ─── total decode:     4124546 us = 4.125 s
I (39364) mfsk_core_m5stack_core2: 
════════════════════════════════════════════
I (39384) mfsk_core_m5stack_core2: RUN: max_cand=4  dt_grid=3  df_grid=3
I (39394) mfsk_core_m5stack_core2: ════════════════════════════════════════════
I (39404) mfsk_core_m5stack_core2: 
WAV: qso1 (191111_110130)
I (41094) mfsk_core_m5stack_core2:   stage 1 (spec):        1688365 us  (184× FFT, 940 freq bins)
I (42634) mfsk_core_m5stack_core2:   stage 2 (sync):        1538732 us  (4 candidate(s))
I (45674) mfsk_core_m5stack_core2:   stage 3 (refine+BP):   3038744 us  (0 result(s))
I (45684) mfsk_core_m5stack_core2:   ─── total decode:     6268519 us = 6.269 s
I (45684) mfsk_core_m5stack_core2: 
WAV: qso2 (191111_110200)
I (47374) mfsk_core_m5stack_core2:   stage 1 (spec):        1688365 us  (184× FFT, 940 freq bins)
I (48914) mfsk_core_m5stack_core2:   stage 2 (sync):        1537400 us  (4 candidate(s))
I (52134) mfsk_core_m5stack_core2:   stage 3 (refine+BP):   3218023 us  (2 result(s))
I (52134) mfsk_core_m5stack_core2:   ─── total decode:     6446453 us = 6.446 s
I (52144) mfsk_core_m5stack_core2:     [0]  1291 Hz  SNR=-15.3 dB  e=11  'CQ R7IW LN35'
I (52144) mfsk_core_m5stack_core2:     [1]  2097 Hz  SNR= -9.4 dB  e=0  'CQ DX R6WA LN32'
I (52154) mfsk_core_m5stack_core2: 
WAV: qso3 busy band (210703)
I (53854) mfsk_core_m5stack_core2:   stage 1 (spec):        1688377 us  (184× FFT, 940 freq bins)
I (55364) mfsk_core_m5stack_core2:   stage 2 (sync):        1508245 us  (4 candidate(s))
I (58134) mfsk_core_m5stack_core2:   stage 3 (refine+BP):   2775236 us  (0 result(s))
I (58134) mfsk_core_m5stack_core2:   ─── total decode:     5974506 us = 5.975 s
I (58144) mfsk_core_m5stack_core2: 
════════════════════════════════════════════
I (58154) mfsk_core_m5stack_core2: RUN: max_cand=8  dt_grid=0  df_grid=0
I (58164) mfsk_core_m5stack_core2: ════════════════════════════════════════════
I (58174) mfsk_core_m5stack_core2: 
WAV: qso1 (191111_110130)
I (59874) mfsk_core_m5stack_core2:   stage 1 (spec):        1688377 us  (184× FFT, 940 freq bins)
I (61414) mfsk_core_m5stack_core2:   stage 2 (sync):        1538753 us  (8 candidate(s))
I (62254) mfsk_core_m5stack_core2:   stage 3 (refine+BP):    843597 us  (1 result(s))
I (62254) mfsk_core_m5stack_core2:   ─── total decode:     4073387 us = 4.073 s
I (62264) mfsk_core_m5stack_core2:     [0]  2095 Hz  SNR=-11.5 dB  e=5  'CQ DX R6WA LN32'
I (62274) mfsk_core_m5stack_core2: 
WAV: qso2 (191111_110200)
I (63964) mfsk_core_m5stack_core2:   stage 1 (spec):        1688379 us  (184× FFT, 940 freq bins)
I (65504) mfsk_core_m5stack_core2:   stage 2 (sync):        1537392 us  (8 candidate(s))
I (67054) mfsk_core_m5stack_core2:   stage 3 (refine+BP):   1545830 us  (4 result(s))
I (67054) mfsk_core_m5stack_core2:   ─── total decode:     4774265 us = 4.774 s
I (67054) mfsk_core_m5stack_core2:     [0]  1292 Hz  SNR= -9.5 dB  e=5  'CQ R7IW LN35'
I (67064) mfsk_core_m5stack_core2:     [1]  2098 Hz  SNR=-14.8 dB  e=12  'CQ DX R6WA LN32'
I (67074) mfsk_core_m5stack_core2:     [2]   683 Hz  SNR=-15.7 dB  e=5  'CQ TA6CQ KN70'
I (67074) mfsk_core_m5stack_core2:     [3]  1031 Hz  SNR=-16.9 dB  e=20  'CQ LZ1JZ KN22'
I (67084) mfsk_core_m5stack_core2: 
WAV: qso3 busy band (210703)
I (68784) mfsk_core_m5stack_core2:   stage 1 (spec):        1688397 us  (184× FFT, 940 freq bins)
I (70294) mfsk_core_m5stack_core2:   stage 2 (sync):        1508223 us  (8 candidate(s))
I (71134) mfsk_core_m5stack_core2:   stage 3 (refine+BP):    843154 us  (1 result(s))
I (71134) mfsk_core_m5stack_core2:   ─── total decode:     4042418 us = 4.042 s
I (71144) mfsk_core_m5stack_core2:     [0]  2572 Hz  SNR=-13.0 dB  e=0  'W1FC F5BZB -8'
I (71144) mfsk_core_m5stack_core2: 
════════════════════════════════════════════
I (71164) mfsk_core_m5stack_core2: RUN: max_cand=8  dt_grid=0  df_grid=3
I (71164) mfsk_core_m5stack_core2: ════════════════════════════════════════════
I (71184) mfsk_core_m5stack_core2: 
WAV: qso1 (191111_110130)
I (72874) mfsk_core_m5stack_core2:   stage 1 (spec):        1688384 us  (184× FFT, 940 freq bins)
I (74414) mfsk_core_m5stack_core2:   stage 2 (sync):        1538746 us  (8 candidate(s))
I (76494) mfsk_core_m5stack_core2:   stage 3 (refine+BP):   2074364 us  (1 result(s))
I (76494) mfsk_core_m5stack_core2:   ─── total decode:     5304158 us = 5.304 s
I (76494) mfsk_core_m5stack_core2:     [0]  2095 Hz  SNR=-11.5 dB  e=5  'CQ DX R6WA LN32'
I (76504) mfsk_core_m5stack_core2: 
WAV: qso2 (191111_110200)
I (78204) mfsk_core_m5stack_core2:   stage 1 (spec):        1688368 us  (184× FFT, 940 freq bins)
I (79734) mfsk_core_m5stack_core2:   stage 2 (sync):        1537396 us  (8 candidate(s))
I (82814) mfsk_core_m5stack_core2:   stage 3 (refine+BP):   3070297 us  (3 result(s))
I (82814) mfsk_core_m5stack_core2:   ─── total decode:     6298735 us = 6.299 s
I (82814) mfsk_core_m5stack_core2:     [0]  1291 Hz  SNR= -9.8 dB  e=3  'CQ R7IW LN35'
I (82824) mfsk_core_m5stack_core2:     [1]  2097 Hz  SNR=-14.7 dB  e=12  'CQ DX R6WA LN32'
I (82834) mfsk_core_m5stack_core2:     [2]   683 Hz  SNR=-15.7 dB  e=5  'CQ TA6CQ KN70'
I (82834) mfsk_core_m5stack_core2: 
WAV: qso3 busy band (210703)
I (84534) mfsk_core_m5stack_core2:   stage 1 (spec):        1688389 us  (184× FFT, 940 freq bins)
I (86044) mfsk_core_m5stack_core2:   stage 2 (sync):        1508223 us  (8 candidate(s))
I (88124) mfsk_core_m5stack_core2:   stage 3 (refine+BP):   2076354 us  (1 result(s))
I (88124) mfsk_core_m5stack_core2:   ─── total decode:     5275614 us = 5.276 s
I (88124) mfsk_core_m5stack_core2:     [0]  2572 Hz  SNR=-12.9 dB  e=0  'W1FC F5BZB -8'
I (88134) mfsk_core_m5stack_core2: 
════════════════════════════════════════════
I (88144) mfsk_core_m5stack_core2: RUN: max_cand=8  dt_grid=3  df_grid=0
I (88154) mfsk_core_m5stack_core2: ════════════════════════════════════════════
I (88164) mfsk_core_m5stack_core2: 
WAV: qso1 (191111_110130)
I (89864) mfsk_core_m5stack_core2:   stage 1 (spec):        1688383 us  (184× FFT, 940 freq bins)
I (91404) mfsk_core_m5stack_core2:   stage 2 (sync):        1538770 us  (8 candidate(s))
I (93474) mfsk_core_m5stack_core2:   stage 3 (refine+BP):   2074535 us  (1 result(s))
I (93474) mfsk_core_m5stack_core2:   ─── total decode:     5304357 us = 5.304 s
I (93484) mfsk_core_m5stack_core2:     [0]  2095 Hz  SNR=-11.5 dB  e=5  'CQ DX R6WA LN32'
I (93494) mfsk_core_m5stack_core2: 
WAV: qso2 (191111_110200)
I (95184) mfsk_core_m5stack_core2:   stage 1 (spec):        1688381 us  (184× FFT, 940 freq bins)
I (96724) mfsk_core_m5stack_core2:   stage 2 (sync):        1537382 us  (8 candidate(s))
I (99494) mfsk_core_m5stack_core2:   stage 3 (refine+BP):   2769715 us  (4 result(s))
I (99494) mfsk_core_m5stack_core2:   ─── total decode:     5998147 us = 5.998 s
I (99504) mfsk_core_m5stack_core2:     [0]  1292 Hz  SNR= -9.5 dB  e=5  'CQ R7IW LN35'
I (99504) mfsk_core_m5stack_core2:     [1]  2098 Hz  SNR= -9.6 dB  e=0  'CQ DX R6WA LN32'
I (99514) mfsk_core_m5stack_core2:     [2]   683 Hz  SNR= -9.7 dB  e=0  'CQ TA6CQ KN70'
I (99524) mfsk_core_m5stack_core2:     [3]  1031 Hz  SNR=-16.9 dB  e=20  'CQ LZ1JZ KN22'
I (99534) mfsk_core_m5stack_core2: 
WAV: qso3 busy band (210703)
I (101224) mfsk_core_m5stack_core2:   stage 1 (spec):        1688395 us  (184× FFT, 940 freq bins)
I (102734) mfsk_core_m5stack_core2:   stage 2 (sync):        1508213 us  (8 candidate(s))
I (104814) mfsk_core_m5stack_core2:   stage 3 (refine+BP):   2076477 us  (1 result(s))
I (104814) mfsk_core_m5stack_core2:   ─── total decode:     5275730 us = 5.276 s
I (104814) mfsk_core_m5stack_core2:     [0]  2572 Hz  SNR= -2.0 dB  e=0  'W1FC F5BZB -8'
I (104824) mfsk_core_m5stack_core2: 
════════════════════════════════════════════
I (104844) mfsk_core_m5stack_core2: RUN: max_cand=8  dt_grid=3  df_grid=3
I (104844) mfsk_core_m5stack_core2: ════════════════════════════════════════════
I (104864) mfsk_core_m5stack_core2: 
WAV: qso1 (191111_110130)
I (106554) mfsk_core_m5stack_core2:   stage 1 (spec):        1688374 us  (184× FFT, 940 freq bins)
I (108094) mfsk_core_m5stack_core2:   stage 2 (sync):        1538753 us  (8 candidate(s))
I (114404) mfsk_core_m5stack_core2:   stage 3 (refine+BP):   6305361 us  (1 result(s))
I (114404) mfsk_core_m5stack_core2:   ─── total decode:     9535145 us = 9.535 s
I (114404) mfsk_core_m5stack_core2:     [0]  2095 Hz  SNR=-11.5 dB  e=5  'CQ DX R6WA LN32'
I (114414) mfsk_core_m5stack_core2: 
WAV: qso2 (191111_110200)
I (116114) mfsk_core_m5stack_core2:   stage 1 (spec):        1688382 us  (184× FFT, 940 freq bins)
I (117644) mfsk_core_m5stack_core2:   stage 2 (sync):        1537378 us  (8 candidate(s))
I (124404) mfsk_core_m5stack_core2:   stage 3 (refine+BP):   6756050 us  (3 result(s))
I (124404) mfsk_core_m5stack_core2:   ─── total decode:     9984470 us = 9.984 s
I (124414) mfsk_core_m5stack_core2:     [0]  1291 Hz  SNR=-15.3 dB  e=11  'CQ R7IW LN35'
I (124414) mfsk_core_m5stack_core2:     [1]  2097 Hz  SNR= -9.4 dB  e=0  'CQ DX R6WA LN32'
I (124424) mfsk_core_m5stack_core2:     [2]   682 Hz  SNR=-10.4 dB  e=0  'CQ TA6CQ KN70'
I (124434) mfsk_core_m5stack_core2: 
WAV: qso3 busy band (210703)
I (126124) mfsk_core_m5stack_core2:   stage 1 (spec):        1688382 us  (184× FFT, 940 freq bins)
I (127634) mfsk_core_m5stack_core2:   stage 2 (sync):        1508217 us  (8 candidate(s))
I (133414) mfsk_core_m5stack_core2:   stage 3 (refine+BP):   5775976 us  (1 result(s))
I (133414) mfsk_core_m5stack_core2:   ─── total decode:     8975241 us = 8.975 s
I (133424) mfsk_core_m5stack_core2:     [0]  2572 Hz  SNR=-12.9 dB  e=0  'W1FC F5BZB -8'
I (133424) mfsk_core_m5stack_core2: 
════════════════════════════════════════════
I (133444) mfsk_core_m5stack_core2: RUN: max_cand=12  dt_grid=0  df_grid=0
I (133454) mfsk_core_m5stack_core2: ════════════════════════════════════════════
I (133464) mfsk_core_m5stack_core2: 
WAV: qso1 (191111_110130)
I (135154) mfsk_core_m5stack_core2:   stage 1 (spec):        1688373 us  (184× FFT, 940 freq bins)
I (136694) mfsk_core_m5stack_core2:   stage 2 (sync):        1538732 us  (12 candidate(s))
I (137854) mfsk_core_m5stack_core2:   stage 3 (refine+BP):   1150469 us  (1 result(s))
I (137854) mfsk_core_m5stack_core2:   ─── total decode:     4380246 us = 4.380 s
I (137854) mfsk_core_m5stack_core2:     [0]  2095 Hz  SNR=-11.5 dB  e=5  'CQ DX R6WA LN32'
I (137864) mfsk_core_m5stack_core2: 
WAV: qso2 (191111_110200)
I (139554) mfsk_core_m5stack_core2:   stage 1 (spec):        1688367 us  (184× FFT, 940 freq bins)
I (141094) mfsk_core_m5stack_core2:   stage 2 (sync):        1537383 us  (12 candidate(s))
I (143224) mfsk_core_m5stack_core2:   stage 3 (refine+BP):   2121632 us  (4 result(s))
I (143224) mfsk_core_m5stack_core2:   ─── total decode:     5350035 us = 5.350 s
I (143224) mfsk_core_m5stack_core2:     [0]  1292 Hz  SNR= -9.5 dB  e=5  'CQ R7IW LN35'
I (143234) mfsk_core_m5stack_core2:     [1]  2098 Hz  SNR=-14.8 dB  e=12  'CQ DX R6WA LN32'
I (143244) mfsk_core_m5stack_core2:     [2]   683 Hz  SNR=-15.7 dB  e=5  'CQ TA6CQ KN70'
I (143244) mfsk_core_m5stack_core2:     [3]  1031 Hz  SNR=-16.9 dB  e=20  'CQ LZ1JZ KN22'
I (143254) mfsk_core_m5stack_core2: 
WAV: qso3 busy band (210703)
I (144954) mfsk_core_m5stack_core2:   stage 1 (spec):        1688386 us  (184× FFT, 940 freq bins)
I (146464) mfsk_core_m5stack_core2:   stage 2 (sync):        1508227 us  (12 candidate(s))
I (147844) mfsk_core_m5stack_core2:   stage 3 (refine+BP):   1380153 us  (2 result(s))
I (147844) mfsk_core_m5stack_core2:   ─── total decode:     4579405 us = 4.579 s
I (147844) mfsk_core_m5stack_core2:     [0]  2572 Hz  SNR=-13.0 dB  e=0  'W1FC F5BZB -8'
I (147854) mfsk_core_m5stack_core2:     [1]  2159 Hz  SNR=-15.3 dB  e=5  'WM3PEN EA6VQ -9'
I (147864) mfsk_core_m5stack_core2: 
════════════════════════════════════════════
I (147874) mfsk_core_m5stack_core2: RUN: max_cand=12  dt_grid=0  df_grid=3
I (147884) mfsk_core_m5stack_core2: ════════════════════════════════════════════
I (147894) mfsk_core_m5stack_core2: 
WAV: qso1 (191111_110130)
I (149594) mfsk_core_m5stack_core2:   stage 1 (spec):        1688388 us  (184× FFT, 940 freq bins)
I (151134) mfsk_core_m5stack_core2:   stage 2 (sync):        1538766 us  (12 candidate(s))
I (154134) mfsk_core_m5stack_core2:   stage 3 (refine+BP):   2994823 us  (1 result(s))
I (154134) mfsk_core_m5stack_core2:   ─── total decode:     6224629 us = 6.225 s
I (154134) mfsk_core_m5stack_core2:     [0]  2095 Hz  SNR=-11.5 dB  e=5  'CQ DX R6WA LN32'
I (154144) mfsk_core_m5stack_core2: 
WAV: qso2 (191111_110200)
I (155834) mfsk_core_m5stack_core2:   stage 1 (spec):        1688378 us  (184× FFT, 940 freq bins)
I (157374) mfsk_core_m5stack_core2:   stage 2 (sync):        1537377 us  (12 candidate(s))
I (162174) mfsk_core_m5stack_core2:   stage 3 (refine+BP):   4797339 us  (3 result(s))
I (162174) mfsk_core_m5stack_core2:   ─── total decode:     8025744 us = 8.026 s
I (162184) mfsk_core_m5stack_core2:     [0]  1291 Hz  SNR= -9.8 dB  e=3  'CQ R7IW LN35'
I (162184) mfsk_core_m5stack_core2:     [1]  2097 Hz  SNR=-14.7 dB  e=12  'CQ DX R6WA LN32'
I (162194) mfsk_core_m5stack_core2:     [2]   683 Hz  SNR=-15.7 dB  e=5  'CQ TA6CQ KN70'
I (162204) mfsk_core_m5stack_core2: 
WAV: qso3 busy band (210703)
I (163894) mfsk_core_m5stack_core2:   stage 1 (spec):        1688384 us  (184× FFT, 940 freq bins)
I (165404) mfsk_core_m5stack_core2:   stage 2 (sync):        1508226 us  (12 candidate(s))
I (168634) mfsk_core_m5stack_core2:   stage 3 (refine+BP):   3225173 us  (2 result(s))
I (168634) mfsk_core_m5stack_core2:   ─── total decode:     6424416 us = 6.424 s
I (168634) mfsk_core_m5stack_core2:     [0]  2572 Hz  SNR=-12.9 dB  e=0  'W1FC F5BZB -8'
I (168644) mfsk_core_m5stack_core2:     [1]  2158 Hz  SNR=-14.8 dB  e=0  'WM3PEN EA6VQ -9'
I (168654) mfsk_core_m5stack_core2: 
════════════════════════════════════════════
I (168664) mfsk_core_m5stack_core2: RUN: max_cand=12  dt_grid=3  df_grid=0
I (168674) mfsk_core_m5stack_core2: ════════════════════════════════════════════
I (168694) mfsk_core_m5stack_core2: 
WAV: qso1 (191111_110130)
I (170384) mfsk_core_m5stack_core2:   stage 1 (spec):        1688376 us  (184× FFT, 940 freq bins)
I (171924) mfsk_core_m5stack_core2:   stage 2 (sync):        1538758 us  (12 candidate(s))
I (174924) mfsk_core_m5stack_core2:   stage 3 (refine+BP):   2995068 us  (1 result(s))
I (174924) mfsk_core_m5stack_core2:   ─── total decode:     6224852 us = 6.225 s
I (174924) mfsk_core_m5stack_core2:     [0]  2095 Hz  SNR=-11.5 dB  e=5  'CQ DX R6WA LN32'
I (174934) mfsk_core_m5stack_core2: 
WAV: qso2 (191111_110200)
I (176624) mfsk_core_m5stack_core2:   stage 1 (spec):        1688379 us  (184× FFT, 940 freq bins)
I (178164) mfsk_core_m5stack_core2:   stage 2 (sync):        1537378 us  (12 candidate(s))
I (182124) mfsk_core_m5stack_core2:   stage 3 (refine+BP):   3958585 us  (4 result(s))
I (182124) mfsk_core_m5stack_core2:   ─── total decode:     7186990 us = 7.187 s
I (182134) mfsk_core_m5stack_core2:     [0]  1292 Hz  SNR= -9.5 dB  e=5  'CQ R7IW LN35'
I (182144) mfsk_core_m5stack_core2:     [1]  2098 Hz  SNR= -9.6 dB  e=0  'CQ DX R6WA LN32'
I (182144) mfsk_core_m5stack_core2:     [2]   683 Hz  SNR= -9.7 dB  e=0  'CQ TA6CQ KN70'
I (182154) mfsk_core_m5stack_core2:     [3]  1031 Hz  SNR=-16.9 dB  e=20  'CQ LZ1JZ KN22'
I (182164) mfsk_core_m5stack_core2: 
WAV: qso3 busy band (210703)
I (183854) mfsk_core_m5stack_core2:   stage 1 (spec):        1688384 us  (184× FFT, 940 freq bins)
I (185364) mfsk_core_m5stack_core2:   stage 2 (sync):        1508245 us  (12 candidate(s))
I (188594) mfsk_core_m5stack_core2:   stage 3 (refine+BP):   3225311 us  (2 result(s))
I (188594) mfsk_core_m5stack_core2:   ─── total decode:     6424585 us = 6.425 s
I (188604) mfsk_core_m5stack_core2:     [0]  2572 Hz  SNR= -2.0 dB  e=0  'W1FC F5BZB -8'
I (188604) mfsk_core_m5stack_core2:     [1]  2159 Hz  SNR= -5.5 dB  e=0  'WM3PEN EA6VQ -9'
I (188614) mfsk_core_m5stack_core2: 
════════════════════════════════════════════
I (188634) mfsk_core_m5stack_core2: RUN: max_cand=12  dt_grid=3  df_grid=3
I (188634) mfsk_core_m5stack_core2: ════════════════════════════════════════════
I (188654) mfsk_core_m5stack_core2: 
WAV: qso1 (191111_110130)
I (190344) mfsk_core_m5stack_core2:   stage 1 (spec):        1688384 us  (184× FFT, 940 freq bins)
I (191884) mfsk_core_m5stack_core2:   stage 2 (sync):        1538756 us  (12 candidate(s))
I (200954) mfsk_core_m5stack_core2:   stage 3 (refine+BP):   9066517 us  (1 result(s))
I (200954) mfsk_core_m5stack_core2:   ─── total decode:    12296311 us = 12.296 s
I (200954) mfsk_core_m5stack_core2:     [0]  2095 Hz  SNR=-11.5 dB  e=5  'CQ DX R6WA LN32'
I (200964) mfsk_core_m5stack_core2: 
WAV: qso2 (191111_110200)
I (202664) mfsk_core_m5stack_core2:   stage 1 (spec):        1688372 us  (184× FFT, 940 freq bins)
I (204194) mfsk_core_m5stack_core2:   stage 2 (sync):        1537383 us  (12 candidate(s))
I (214524) mfsk_core_m5stack_core2:   stage 3 (refine+BP):  10322178 us  (3 result(s))
I (214524) mfsk_core_m5stack_core2:   ─── total decode:    13550604 us = 13.551 s
I (214524) mfsk_core_m5stack_core2:     [0]  1291 Hz  SNR=-15.3 dB  e=11  'CQ R7IW LN35'
I (214534) mfsk_core_m5stack_core2:     [1]  2097 Hz  SNR= -9.4 dB  e=0  'CQ DX R6WA LN32'
I (214544) mfsk_core_m5stack_core2:     [2]   682 Hz  SNR=-10.4 dB  e=0  'CQ TA6CQ KN70'
I (214554) mfsk_core_m5stack_core2: 
WAV: qso3 busy band (210703)
I (216244) mfsk_core_m5stack_core2:   stage 1 (spec):        1688382 us  (184× FFT, 940 freq bins)
I (217754) mfsk_core_m5stack_core2:   stage 2 (sync):        1508223 us  (12 candidate(s))
I (226524) mfsk_core_m5stack_core2:   stage 3 (refine+BP):   8769828 us  (2 result(s))
I (226524) mfsk_core_m5stack_core2:   ─── total decode:    11969079 us = 11.969 s
I (226534) mfsk_core_m5stack_core2:     [0]  2572 Hz  SNR=-12.9 dB  e=0  'W1FC F5BZB -8'
I (226544) mfsk_core_m5stack_core2:     [1]  2158 Hz  SNR=-14.8 dB  e=0  'WM3PEN EA6VQ -9'
I (226544) mfsk_core_m5stack_core2: 
════════════════════════════════════════════
I (226564) mfsk_core_m5stack_core2: RUN: max_cand=20  dt_grid=0  df_grid=0
I (226564) mfsk_core_m5stack_core2: ════════════════════════════════════════════
I (226584) mfsk_core_m5stack_core2: 
WAV: qso1 (191111_110130)
I (228274) mfsk_core_m5stack_core2:   stage 1 (spec):        1688379 us  (184× FFT, 940 freq bins)
I (229814) mfsk_core_m5stack_core2:   stage 2 (sync):        1538769 us  (20 candidate(s))
I (231854) mfsk_core_m5stack_core2:   stage 3 (refine+BP):   2033332 us  (1 result(s))
I (231854) mfsk_core_m5stack_core2:   ─── total decode:     5263142 us = 5.263 s
I (231854) mfsk_core_m5stack_core2:     [0]  2095 Hz  SNR=-11.5 dB  e=5  'CQ DX R6WA LN32'
I (231864) mfsk_core_m5stack_core2: 
WAV: qso2 (191111_110200)
I (233564) mfsk_core_m5stack_core2:   stage 1 (spec):        1688367 us  (184× FFT, 940 freq bins)
I (235094) mfsk_core_m5stack_core2:   stage 2 (sync):        1537382 us  (20 candidate(s))
I (238074) mfsk_core_m5stack_core2:   stage 3 (refine+BP):   2970708 us  (5 result(s))
I (238074) mfsk_core_m5stack_core2:   ─── total decode:     6199121 us = 6.199 s
I (238074) mfsk_core_m5stack_core2:     [0]  1292 Hz  SNR= -9.5 dB  e=5  'CQ R7IW LN35'
I (238084) mfsk_core_m5stack_core2:     [1]  2098 Hz  SNR=-14.8 dB  e=12  'CQ DX R6WA LN32'
I (238094) mfsk_core_m5stack_core2:     [2]   683 Hz  SNR=-15.7 dB  e=5  'CQ TA6CQ KN70'
I (238094) mfsk_core_m5stack_core2:     [3]  1031 Hz  SNR=-16.9 dB  e=20  'CQ LZ1JZ KN22'
I (238104) mfsk_core_m5stack_core2:     [4]   990 Hz  SNR=-17.9 dB  e=15  'OH3NIV ZS6S RR73'
I (238114) mfsk_core_m5stack_core2: 
WAV: qso3 busy band (210703)
I (239814) mfsk_core_m5stack_core2:   stage 1 (spec):        1688382 us  (184× FFT, 940 freq bins)
I (241314) mfsk_core_m5stack_core2:   stage 2 (sync):        1508228 us  (20 candidate(s))
I (243574) mfsk_core_m5stack_core2:   stage 3 (refine+BP):   2256587 us  (2 result(s))
I (243574) mfsk_core_m5stack_core2:   ─── total decode:     5455849 us = 5.456 s
I (243584) mfsk_core_m5stack_core2:     [0]  2572 Hz  SNR=-13.0 dB  e=0  'W1FC F5BZB -8'
I (243594) mfsk_core_m5stack_core2:     [1]  2159 Hz  SNR=-15.3 dB  e=5  'WM3PEN EA6VQ -9'
I (243594) mfsk_core_m5stack_core2: 
════════════════════════════════════════════
I (243614) mfsk_core_m5stack_core2: RUN: max_cand=20  dt_grid=0  df_grid=3
I (243614) mfsk_core_m5stack_core2: ════════════════════════════════════════════
I (243634) mfsk_core_m5stack_core2: 
WAV: qso1 (191111_110130)
I (245324) mfsk_core_m5stack_core2:   stage 1 (spec):        1688373 us  (184× FFT, 940 freq bins)
I (246864) mfsk_core_m5stack_core2:   stage 2 (sync):        1538763 us  (20 candidate(s))
I (251934) mfsk_core_m5stack_core2:   stage 3 (refine+BP):   5067697 us  (2 result(s))
I (251934) mfsk_core_m5stack_core2:   ─── total decode:     8297504 us = 8.298 s
I (251944) mfsk_core_m5stack_core2:     [0]  2095 Hz  SNR=-11.5 dB  e=5  'CQ DX R6WA LN32'
I (251954) mfsk_core_m5stack_core2:     [1]   685 Hz  SNR=-15.4 dB  e=18  'CQ TA6CQ KN70'
I (251954) mfsk_core_m5stack_core2: 
WAV: qso2 (191111_110200)
I (253654) mfsk_core_m5stack_core2:   stage 1 (spec):        1688382 us  (184× FFT, 940 freq bins)
I (255194) mfsk_core_m5stack_core2:   stage 2 (sync):        1537375 us  (20 candidate(s))
I (262104) mfsk_core_m5stack_core2:   stage 3 (refine+BP):   6907723 us  (3 result(s))
I (262104) mfsk_core_m5stack_core2:   ─── total decode:    10136138 us = 10.136 s
I (262104) mfsk_core_m5stack_core2:     [0]  1291 Hz  SNR= -9.8 dB  e=3  'CQ R7IW LN35'
I (262114) mfsk_core_m5stack_core2:     [1]  2097 Hz  SNR=-14.7 dB  e=12  'CQ DX R6WA LN32'
I (262124) mfsk_core_m5stack_core2:     [2]   683 Hz  SNR=-15.7 dB  e=5  'CQ TA6CQ KN70'
I (262124) mfsk_core_m5stack_core2: 
WAV: qso3 busy band (210703)
I (263824) mfsk_core_m5stack_core2:   stage 1 (spec):        1688377 us  (184× FFT, 940 freq bins)
I (265334) mfsk_core_m5stack_core2:   stage 2 (sync):        1508202 us  (20 candidate(s))
I (270664) mfsk_core_m5stack_core2:   stage 3 (refine+BP):   5333096 us  (2 result(s))
I (270664) mfsk_core_m5stack_core2:   ─── total decode:     8532317 us = 8.532 s
I (270674) mfsk_core_m5stack_core2:     [0]  2572 Hz  SNR=-12.9 dB  e=0  'W1FC F5BZB -8'
I (270684) mfsk_core_m5stack_core2:     [1]  2158 Hz  SNR=-14.8 dB  e=0  'WM3PEN EA6VQ -9'
I (270684) mfsk_core_m5stack_core2: 
════════════════════════════════════════════
I (270704) mfsk_core_m5stack_core2: RUN: max_cand=20  dt_grid=3  df_grid=0
I (270714) mfsk_core_m5stack_core2: ════════════════════════════════════════════
I (270724) mfsk_core_m5stack_core2: 
WAV: qso1 (191111_110130)
I (272414) mfsk_core_m5stack_core2:   stage 1 (spec):        1688368 us  (184× FFT, 940 freq bins)
I (273954) mfsk_core_m5stack_core2:   stage 2 (sync):        1538746 us  (20 candidate(s))
I (279064) mfsk_core_m5stack_core2:   stage 3 (refine+BP):   5105061 us  (1 result(s))
I (279064) mfsk_core_m5stack_core2:   ─── total decode:     8334843 us = 8.335 s
I (279074) mfsk_core_m5stack_core2:     [0]  2095 Hz  SNR=-11.5 dB  e=5  'CQ DX R6WA LN32'
I (279074) mfsk_core_m5stack_core2: 
WAV: qso2 (191111_110200)
I (280774) mfsk_core_m5stack_core2:   stage 1 (spec):        1688376 us  (184× FFT, 940 freq bins)
I (282314) mfsk_core_m5stack_core2:   stage 2 (sync):        1537390 us  (20 candidate(s))
I (288584) mfsk_core_m5stack_core2:   stage 3 (refine+BP):   6275214 us  (5 result(s))
I (288584) mfsk_core_m5stack_core2:   ─── total decode:     9503638 us = 9.504 s
I (288594) mfsk_core_m5stack_core2:     [0]  1292 Hz  SNR= -9.5 dB  e=5  'CQ R7IW LN35'
I (288604) mfsk_core_m5stack_core2:     [1]  2098 Hz  SNR= -9.6 dB  e=0  'CQ DX R6WA LN32'
I (288604) mfsk_core_m5stack_core2:     [2]   683 Hz  SNR= -9.7 dB  e=0  'CQ TA6CQ KN70'
I (288614) mfsk_core_m5stack_core2:     [3]  1031 Hz  SNR=-16.9 dB  e=20  'CQ LZ1JZ KN22'
I (288624) mfsk_core_m5stack_core2:     [4]   990 Hz  SNR=-17.9 dB  e=15  'OH3NIV ZS6S RR73'
I (288634) mfsk_core_m5stack_core2: 
WAV: qso3 busy band (210703)
I (290324) mfsk_core_m5stack_core2:   stage 1 (spec):        1688390 us  (184× FFT, 940 freq bins)
I (291834) mfsk_core_m5stack_core2:   stage 2 (sync):        1508203 us  (20 candidate(s))
I (297154) mfsk_core_m5stack_core2:   stage 3 (refine+BP):   5313975 us  (2 result(s))
I (297154) mfsk_core_m5stack_core2:   ─── total decode:     8513210 us = 8.513 s
I (297154) mfsk_core_m5stack_core2:     [0]  2572 Hz  SNR= -2.0 dB  e=0  'W1FC F5BZB -8'
I (297164) mfsk_core_m5stack_core2:     [1]  2159 Hz  SNR= -5.5 dB  e=0  'WM3PEN EA6VQ -9'
I (297174) mfsk_core_m5stack_core2: 
════════════════════════════════════════════
I (297184) mfsk_core_m5stack_core2: RUN: max_cand=20  dt_grid=3  df_grid=3
I (297194) mfsk_core_m5stack_core2: ════════════════════════════════════════════
I (297204) mfsk_core_m5stack_core2: 
WAV: qso1 (191111_110130)
I (298904) mfsk_core_m5stack_core2:   stage 1 (spec):        1688380 us  (184× FFT, 940 freq bins)
I (300444) mfsk_core_m5stack_core2:   stage 2 (sync):        1538761 us  (20 candidate(s))
I (315534) mfsk_core_m5stack_core2:   stage 3 (refine+BP):  15091004 us  (2 result(s))
I (315534) mfsk_core_m5stack_core2:   ─── total decode:    18320802 us = 18.321 s
I (315544) mfsk_core_m5stack_core2:     [0]  2095 Hz  SNR=-11.5 dB  e=5  'CQ DX R6WA LN32'
I (315544) mfsk_core_m5stack_core2:     [1]   685 Hz  SNR=-14.7 dB  e=15  'CQ TA6CQ KN70'
I (315554) mfsk_core_m5stack_core2: 
WAV: qso2 (191111_110200)
I (317254) mfsk_core_m5stack_core2:   stage 1 (spec):        1688376 us  (184× FFT, 940 freq bins)
I (318784) mfsk_core_m5stack_core2:   stage 2 (sync):        1537370 us  (20 candidate(s))
I (335144) mfsk_core_m5stack_core2:   stage 3 (refine+BP):  16358798 us  (3 result(s))
I (335154) mfsk_core_m5stack_core2:   ─── total decode:    19587215 us = 19.587 s
I (335154) mfsk_core_m5stack_core2:     [0]  1291 Hz  SNR=-15.3 dB  e=11  'CQ R7IW LN35'
I (335164) mfsk_core_m5stack_core2:     [1]  2097 Hz  SNR= -9.4 dB  e=0  'CQ DX R6WA LN32'
I (335174) mfsk_core_m5stack_core2:     [2]   682 Hz  SNR=-10.4 dB  e=0  'CQ TA6CQ KN70'
I (335174) mfsk_core_m5stack_core2: 
WAV: qso3 busy band (210703)
I (336874) mfsk_core_m5stack_core2:   stage 1 (spec):        1688387 us  (184× FFT, 940 freq bins)
I (338384) mfsk_core_m5stack_core2:   stage 2 (sync):        1508209 us  (20 candidate(s))
I (352964) mfsk_core_m5stack_core2:   stage 3 (refine+BP):  14581251 us  (2 result(s))
I (352964) mfsk_core_m5stack_core2:   ─── total decode:    17780485 us = 17.780 s
I (352974) mfsk_core_m5stack_core2:     [0]  2572 Hz  SNR=-12.9 dB  e=0  'W1FC F5BZB -8'
I (352974) mfsk_core_m5stack_core2:     [1]  2158 Hz  SNR=-14.8 dB  e=0  'WM3PEN EA6VQ -9'
I (352984) mfsk_core_m5stack_core2: 
=== Sweep complete. Idling. ===
