[2026-05-01T13:36:42Z INFO ] 🚀 A new version of espflash is available: v4.4.0
[2026-05-01T13:36:42Z INFO ] Serial port: '/dev/ttyACM0'
[2026-05-01T13:36:42Z INFO ] Connecting...
[2026-05-01T13:36:42Z INFO ] Using flash stub
ets Jul 29 2019 12:21:46

rst:0x1 (POWERON_RESET),boot:0x17 (SPI_FAST_FLASH_BOOT)
configsip: 0, SPIWP:0xee
clk_drv:0x00,q_drv:0x00,d_drv:0x00,cs0_drv:0x00,hd_drv:0x00,wp_drv:0x00
mode:DIO, clock div:2
load:0x3fff0030,len:7104
load:0x40078000,len:15576
load:0x40080400,len:4
ho 8 tail 4 room 4
load:0x40080404,len:3876
entry 0x4008064c
[0;32mI (31) boot: ESP-IDF v5.1-beta1-378-gea5e0ff298-dirt 2nd stage bootloader[0m
[0;32mI (31) boot: compile time Jun  7 2023 07:48:23[0m
[0;32mI (33) boot: Multicore bootloader[0m
[0;32mI (37) boot: chip revision: v3.1[0m
[0;32mI (41) boot.esp32: SPI Speed      : 40MHz[0m
[0;32mI (46) boot.esp32: SPI Mode       : DIO[0m
[0;32mI (50) boot.esp32: SPI Flash Size : 4MB[0m
[0;32mI (55) boot: Enabling RNG early entropy source...[0m
[0;32mI (60) boot: Partition Table:[0m
[0;32mI (64) boot: ## Label            Usage          Type ST Offset   Length[0m
[0;32mI (71) boot:  0 nvs              WiFi data        01 02 00009000 00006000[0m
[0;32mI (79) boot:  1 phy_init         RF data          01 01 0000f000 00001000[0m
[0;32mI (86) boot:  2 factory          factory app      00 00 00010000 003f0000[0m
[0;32mI (94) boot: End of partition table[0m
[0;32mI (98) esp_image: segment 0: paddr=00010020 vaddr=3f400020 size=122b68h (1190760) map[0m
[0;32mI (536) esp_image: segment 1: paddr=00132b90 vaddr=3ffb0000 size=02f98h ( 12184) load[0m
[0;32mI (541) esp_image: segment 2: paddr=00135b30 vaddr=40080000 size=0a4e8h ( 42216) load[0m
[0;32mI (560) esp_image: segment 3: paddr=00140020 vaddr=400d0020 size=645d0h (411088) map[0m
[0;32mI (708) esp_image: segment 4: paddr=001a45f8 vaddr=4008a4e8 size=068f8h ( 26872) load[0m
[0;32mI (720) esp_image: segment 5: paddr=001aaef8 vaddr=50000000 size=00020h (    32) load[0m
[0;32mI (729) boot: Loaded app from partition at offset 0x10000[0m
[0;32mI (729) boot: Disabling RNG early entropy source...[0m
I (743) quad_psram: This chip is ESP32-D0WD
I (745) esp_psram: Found 8MB PSRAM device
I (745) esp_psram: Speed: 40MHz
I (745) esp_psram: PSRAM initialized, cache is in low/high (2-core) mode.
W (750) esp_psram: Virtual address not enough for PSRAM, map as much as we can. 4MB is mapped
I (758) cpu_start: Multicore app
I (1666) esp_psram: SPI SRAM memory test OK
I (1674) cpu_start: GPIO 3 and 1 are used as console UART I/O pins
I (1674) cpu_start: Pro cpu start user code
I (1674) cpu_start: cpu freq: 160000000 Hz
I (1676) app_init: Application information:
I (1680) app_init: Project name:     libespidf
I (1684) app_init: App version:      v0.4.4-dirty
I (1689) app_init: Compile time:     May  1 2026 14:25:52
I (1694) app_init: ELF file SHA256:  000000000...
I (1698) app_init: ESP-IDF:          v5.5.3
I (1702) efuse_init: Min chip rev:     v0.0
I (1706) efuse_init: Max chip rev:     v3.99 
I (1710) efuse_init: Chip rev:         v3.1
I (1714) heap_init: Initializing. RAM available for dynamic allocation:
I (1721) heap_init: At 3FFAE6E0 len 00001920 (6 KiB): DRAM
I (1726) heap_init: At 3FFB3940 len 0002C6C0 (177 KiB): DRAM
I (1731) heap_init: At 3FFE0440 len 00003AE0 (14 KiB): D/IRAM
I (1736) heap_init: At 3FFE4350 len 0001BCB0 (111 KiB): D/IRAM
I (1742) heap_init: At 40090DE0 len 0000F220 (60 KiB): IRAM
I (1748) esp_psram: Adding pool of 4096K of PSRAM memory to heap allocator
I (1755) spi_flash: detected chip: generic
I (1758) spi_flash: flash io: dio
W (1761) spi_flash: Detected size(16384k) larger than the size in the binary image header(4096k). Using the size in the binary image header.
I (1774) main_task: Started on CPU0
I (1784) esp_psram: Reserving pool of 32K of internal memory for DMA/internal allocations
I (1784) main_task: Calling app_main()
I (1784) mfsk_core_m5stack_core2: mfsk-core-m5stack-core2 PoC starting
I (1784) mfsk_core_m5stack_core2: mfsk-core version: 0.4.4
I (1794) mfsk_core_m5stack_core2: free heap: internal = 271 KB (largest contig 144 KB), PSRAM = 4093 KB
I (1804) mfsk_core_m5stack_core2: decode_block: NFFT_SPEC=4096, NMS α=0.75, Bp, parabolic-dt, Costas-first
I (1814) mfsk_core_m5stack_core2: baked WAVs: 3
I (2314) mfsk_core_m5stack_core2: 
════════════════════════════════════════════
I (2314) mfsk_core_m5stack_core2: RUN: max_cand=12  dt_grid=0  df_grid=0  q>3
I (2324) mfsk_core_m5stack_core2: ════════════════════════════════════════════
I (2334) mfsk_core_m5stack_core2: 
WAV: qso1 (191111_110130)
I (4084) mfsk_core_m5stack_core2:   stage 1 (spec):        1742564 us  (184× FFT, 940 freq bins)
I (5604) mfsk_core_m5stack_core2:   stage 2 (sync):        1522839 us  (12 candidate(s))
I (8914) mfsk_core_m5stack_core2:   stage 3 (refine+BP):   3301264 us  (1 result(s))
I (8914) mfsk_core_m5stack_core2:   ─── total decode:     6569358 us = 6.569 s
I (8914) mfsk_core_m5stack_core2:     [0]  1292 Hz  SNR= -6.5 dB  e=0  'CQ R7IW LN35'
I (8924) mfsk_core_m5stack_core2: 
WAV: qso2 (191111_110200)
I (10654) mfsk_core_m5stack_core2:   stage 1 (spec):        1729272 us  (184× FFT, 940 freq bins)
I (12184) mfsk_core_m5stack_core2:   stage 2 (sync):        1522756 us  (12 candidate(s))
I (15104) mfsk_core_m5stack_core2:   stage 3 (refine+BP):   2919084 us  (3 result(s))
I (15104) mfsk_core_m5stack_core2:   ─── total decode:     6173807 us = 6.174 s
I (15104) mfsk_core_m5stack_core2:     [0]  2098 Hz  SNR=-14.9 dB  e=12  'CQ DX R6WA LN32'
I (15114) mfsk_core_m5stack_core2:     [1]  1292 Hz  SNR= -9.7 dB  e=5  'CQ R7IW LN35'
I (15124) mfsk_core_m5stack_core2:     [2]   683 Hz  SNR=-14.8 dB  e=5  'CQ TA6CQ KN70'
I (15134) mfsk_core_m5stack_core2: 
WAV: qso3 busy band (210703)
I (16864) mfsk_core_m5stack_core2:   stage 1 (spec):        1729281 us  (184× FFT, 940 freq bins)
I (18384) mfsk_core_m5stack_core2:   stage 2 (sync):        1512070 us  (12 candidate(s))
I (20024) mfsk_core_m5stack_core2:   stage 3 (refine+BP):   1645277 us  (2 result(s))
I (20024) mfsk_core_m5stack_core2:   ─── total decode:     4889302 us = 4.889 s
I (20034) mfsk_core_m5stack_core2:     [0]  2572 Hz  SNR=-11.8 dB  e=0  'W1FC F5BZB -8'
I (20034) mfsk_core_m5stack_core2:     [1]  2159 Hz  SNR=-12.8 dB  e=0  'WM3PEN EA6VQ -9'
I (20044) mfsk_core_m5stack_core2: 
════════════════════════════════════════════
I (20064) mfsk_core_m5stack_core2: RUN: max_cand=12  dt_grid=0  df_grid=3  q>3
I (20064) mfsk_core_m5stack_core2: ════════════════════════════════════════════
I (20084) mfsk_core_m5stack_core2: 
WAV: qso1 (191111_110130)
I (21814) mfsk_core_m5stack_core2:   stage 1 (spec):        1729271 us  (184× FFT, 940 freq bins)
I (23344) mfsk_core_m5stack_core2:   stage 2 (sync):        1522986 us  (12 candidate(s))
I (28694) mfsk_core_m5stack_core2:   stage 3 (refine+BP):   5346568 us  (2 result(s))
I (28694) mfsk_core_m5stack_core2:   ─── total decode:     8601531 us = 8.602 s
I (28694) mfsk_core_m5stack_core2:     [0]   680 Hz  SNR=-16.5 dB  e=15  'CQ TA6CQ KN70'
I (28704) mfsk_core_m5stack_core2:     [1]  1291 Hz  SNR= -5.2 dB  e=0  'CQ R7IW LN35'
I (28714) mfsk_core_m5stack_core2: 
WAV: qso2 (191111_110200)
I (30444) mfsk_core_m5stack_core2:   stage 1 (spec):        1729289 us  (184× FFT, 940 freq bins)
I (31974) mfsk_core_m5stack_core2:   stage 2 (sync):        1522756 us  (12 candidate(s))
I (36994) mfsk_core_m5stack_core2:   stage 3 (refine+BP):   5022835 us  (3 result(s))
I (36994) mfsk_core_m5stack_core2:   ─── total decode:     8277566 us = 8.278 s
I (37004) mfsk_core_m5stack_core2:     [0]  2097 Hz  SNR=-14.8 dB  e=14  'CQ DX R6WA LN32'
I (37004) mfsk_core_m5stack_core2:     [1]  1292 Hz  SNR= -9.7 dB  e=5  'CQ R7IW LN35'
I (37014) mfsk_core_m5stack_core2:     [2]   682 Hz  SNR=-14.8 dB  e=5  'CQ TA6CQ KN70'
I (37024) mfsk_core_m5stack_core2: 
WAV: qso3 busy band (210703)
I (38754) mfsk_core_m5stack_core2:   stage 1 (spec):        1729294 us  (184× FFT, 940 freq bins)
I (40274) mfsk_core_m5stack_core2:   stage 2 (sync):        1512064 us  (12 candidate(s))
I (44804) mfsk_core_m5stack_core2:   stage 3 (refine+BP):   4527560 us  (2 result(s))
I (44804) mfsk_core_m5stack_core2:   ─── total decode:     7771588 us = 7.772 s
I (44804) mfsk_core_m5stack_core2:     [0]  2572 Hz  SNR=-11.8 dB  e=0  'W1FC F5BZB -8'
I (44814) mfsk_core_m5stack_core2:     [1]  2158 Hz  SNR=-12.8 dB  e=0  'WM3PEN EA6VQ -9'
I (44824) mfsk_core_m5stack_core2: 
════════════════════════════════════════════
I (44834) mfsk_core_m5stack_core2: RUN: max_cand=12  dt_grid=3  df_grid=0  q>3
I (44844) mfsk_core_m5stack_core2: ════════════════════════════════════════════
I (44854) mfsk_core_m5stack_core2: 
WAV: qso1 (191111_110130)
I (46594) mfsk_core_m5stack_core2:   stage 1 (spec):        1729284 us  (184× FFT, 940 freq bins)
I (48114) mfsk_core_m5stack_core2:   stage 2 (sync):        1522992 us  (12 candidate(s))
I (53534) mfsk_core_m5stack_core2:   stage 3 (refine+BP):   5415611 us  (1 result(s))
I (53534) mfsk_core_m5stack_core2:   ─── total decode:     8670585 us = 8.671 s
I (53534) mfsk_core_m5stack_core2:     [0]  1292 Hz  SNR=-13.7 dB  e=5  'CQ R7IW LN35'
I (53544) mfsk_core_m5stack_core2: 
WAV: qso2 (191111_110200)
I (55284) mfsk_core_m5stack_core2:   stage 1 (spec):        1729292 us  (184× FFT, 940 freq bins)
I (56804) mfsk_core_m5stack_core2:   stage 2 (sync):        1522777 us  (12 candidate(s))
I (61834) mfsk_core_m5stack_core2:   stage 3 (refine+BP):   5025901 us  (3 result(s))
I (61834) mfsk_core_m5stack_core2:   ─── total decode:     8280660 us = 8.281 s
I (61834) mfsk_core_m5stack_core2:     [0]  2098 Hz  SNR= -9.3 dB  e=0  'CQ DX R6WA LN32'
I (61844) mfsk_core_m5stack_core2:     [1]  1292 Hz  SNR= -9.7 dB  e=5  'CQ R7IW LN35'
I (61854) mfsk_core_m5stack_core2:     [2]   683 Hz  SNR=-14.8 dB  e=5  'CQ TA6CQ KN70'
I (61864) mfsk_core_m5stack_core2: 
WAV: qso3 busy band (210703)
I (63594) mfsk_core_m5stack_core2:   stage 1 (spec):        1729281 us  (184× FFT, 940 freq bins)
I (65104) mfsk_core_m5stack_core2:   stage 2 (sync):        1512074 us  (12 candidate(s))
I (70074) mfsk_core_m5stack_core2:   stage 3 (refine+BP):   4967950 us  (2 result(s))
I (70074) mfsk_core_m5stack_core2:   ─── total decode:     8211980 us = 8.212 s
I (70084) mfsk_core_m5stack_core2:     [0]  2572 Hz  SNR= -5.6 dB  e=0  'W1FC F5BZB -8'
I (70094) mfsk_core_m5stack_core2:     [1]  2159 Hz  SNR= -5.8 dB  e=0  'WM3PEN EA6VQ -9'
I (70094) mfsk_core_m5stack_core2: 
════════════════════════════════════════════
I (70114) mfsk_core_m5stack_core2: RUN: max_cand=12  dt_grid=3  df_grid=3  q>3
I (70124) mfsk_core_m5stack_core2: ════════════════════════════════════════════
I (70134) mfsk_core_m5stack_core2: 
WAV: qso1 (191111_110130)
I (71874) mfsk_core_m5stack_core2:   stage 1 (spec):        1729277 us  (184× FFT, 940 freq bins)
I (73394) mfsk_core_m5stack_core2:   stage 2 (sync):        1522999 us  (12 candidate(s))
I (84254) mfsk_core_m5stack_core2:   stage 3 (refine+BP):  10862850 us  (2 result(s))
I (84254) mfsk_core_m5stack_core2:   ─── total decode:    14117824 us = 14.118 s
I (84264) mfsk_core_m5stack_core2:     [0]   680 Hz  SNR=-13.1 dB  e=9  'CQ TA6CQ KN70'
I (84274) mfsk_core_m5stack_core2:     [1]  1291 Hz  SNR=-13.3 dB  e=0  'CQ R7IW LN35'
I (84274) mfsk_core_m5stack_core2: 
WAV: qso2 (191111_110200)
I (86014) mfsk_core_m5stack_core2:   stage 1 (spec):        1729279 us  (184× FFT, 940 freq bins)
I (87534) mfsk_core_m5stack_core2:   stage 2 (sync):        1522755 us  (12 candidate(s))
I (98084) mfsk_core_m5stack_core2:   stage 3 (refine+BP):  10546133 us  (3 result(s))
I (98084) mfsk_core_m5stack_core2:   ─── total decode:    13800862 us = 13.801 s
I (98094) mfsk_core_m5stack_core2:     [0]  2097 Hz  SNR= -9.2 dB  e=0  'CQ DX R6WA LN32'
I (98094) mfsk_core_m5stack_core2:     [1]  1292 Hz  SNR= -9.7 dB  e=5  'CQ R7IW LN35'
I (98104) mfsk_core_m5stack_core2:     [2]   682 Hz  SNR=-14.8 dB  e=5  'CQ TA6CQ KN70'
I (98114) mfsk_core_m5stack_core2: 
WAV: qso3 busy band (210703)
I (99844) mfsk_core_m5stack_core2:   stage 1 (spec):        1729281 us  (184× FFT, 940 freq bins)
I (101364) mfsk_core_m5stack_core2:   stage 2 (sync):        1512054 us  (12 candidate(s))
I (112424) mfsk_core_m5stack_core2:   stage 3 (refine+BP):  11056062 us  (2 result(s))
I (112424) mfsk_core_m5stack_core2:   ─── total decode:    14300068 us = 14.300 s
I (112424) mfsk_core_m5stack_core2:     [0]  2572 Hz  SNR=-11.8 dB  e=0  'W1FC F5BZB -8'
I (112434) mfsk_core_m5stack_core2:     [1]  2158 Hz  SNR=-12.8 dB  e=0  'WM3PEN EA6VQ -9'
I (112444) mfsk_core_m5stack_core2: 
════════════════════════════════════════════
I (112454) mfsk_core_m5stack_core2: RUN: max_cand=20  dt_grid=0  df_grid=0  q>3
I (112464) mfsk_core_m5stack_core2: ════════════════════════════════════════════
I (112474) mfsk_core_m5stack_core2: 
WAV: qso1 (191111_110130)
I (114214) mfsk_core_m5stack_core2:   stage 1 (spec):        1729275 us  (184× FFT, 940 freq bins)
I (115734) mfsk_core_m5stack_core2:   stage 2 (sync):        1522988 us  (20 candidate(s))
I (121264) mfsk_core_m5stack_core2:   stage 3 (refine+BP):   5530192 us  (1 result(s))
I (121264) mfsk_core_m5stack_core2:   ─── total decode:     8785141 us = 8.785 s
I (121274) mfsk_core_m5stack_core2:     [0]  1292 Hz  SNR= -6.5 dB  e=0  'CQ R7IW LN35'
I (121284) mfsk_core_m5stack_core2: 
WAV: qso2 (191111_110200)
I (123014) mfsk_core_m5stack_core2:   stage 1 (spec):        1729274 us  (184× FFT, 940 freq bins)
I (124544) mfsk_core_m5stack_core2:   stage 2 (sync):        1522763 us  (20 candidate(s))
I (128884) mfsk_core_m5stack_core2:   stage 3 (refine+BP):   4339559 us  (3 result(s))
I (128884) mfsk_core_m5stack_core2:   ─── total decode:     7594278 us = 7.594 s
I (128884) mfsk_core_m5stack_core2:     [0]  2098 Hz  SNR=-14.9 dB  e=12  'CQ DX R6WA LN32'
I (128894) mfsk_core_m5stack_core2:     [1]  1292 Hz  SNR= -9.7 dB  e=5  'CQ R7IW LN35'
I (128904) mfsk_core_m5stack_core2:     [2]   683 Hz  SNR=-14.8 dB  e=5  'CQ TA6CQ KN70'
I (128914) mfsk_core_m5stack_core2: 
WAV: qso3 busy band (210703)
I (130644) mfsk_core_m5stack_core2:   stage 1 (spec):        1729276 us  (184× FFT, 940 freq bins)
I (132154) mfsk_core_m5stack_core2:   stage 2 (sync):        1512071 us  (20 candidate(s))
I (135764) mfsk_core_m5stack_core2:   stage 3 (refine+BP):   3608290 us  (2 result(s))
I (135764) mfsk_core_m5stack_core2:   ─── total decode:     6852295 us = 6.852 s
I (135774) mfsk_core_m5stack_core2:     [0]  2572 Hz  SNR=-11.8 dB  e=0  'W1FC F5BZB -8'
I (135784) mfsk_core_m5stack_core2:     [1]  2159 Hz  SNR=-12.8 dB  e=0  'WM3PEN EA6VQ -9'
I (135784) mfsk_core_m5stack_core2: 
════════════════════════════════════════════
I (135804) mfsk_core_m5stack_core2: RUN: max_cand=20  dt_grid=0  df_grid=3  q>3
I (135814) mfsk_core_m5stack_core2: ════════════════════════════════════════════
I (135824) mfsk_core_m5stack_core2: 
WAV: qso1 (191111_110130)
I (137564) mfsk_core_m5stack_core2:   stage 1 (spec):        1729278 us  (184× FFT, 940 freq bins)
I (139084) mfsk_core_m5stack_core2:   stage 2 (sync):        1522997 us  (20 candidate(s))
I (147894) mfsk_core_m5stack_core2:   stage 3 (refine+BP):   8803243 us  (2 result(s))
I (147894) mfsk_core_m5stack_core2:   ─── total decode:    12058205 us = 12.058 s
I (147894) mfsk_core_m5stack_core2:     [0]   680 Hz  SNR=-16.5 dB  e=15  'CQ TA6CQ KN70'
I (147904) mfsk_core_m5stack_core2:     [1]  1291 Hz  SNR= -5.2 dB  e=0  'CQ R7IW LN35'
I (147914) mfsk_core_m5stack_core2: 
WAV: qso2 (191111_110200)
I (149644) mfsk_core_m5stack_core2:   stage 1 (spec):        1729271 us  (184× FFT, 940 freq bins)
I (151174) mfsk_core_m5stack_core2:   stage 2 (sync):        1522748 us  (20 candidate(s))
I (158844) mfsk_core_m5stack_core2:   stage 3 (refine+BP):   7668853 us  (3 result(s))
I (158844) mfsk_core_m5stack_core2:   ─── total decode:    10923564 us = 10.924 s
I (158844) mfsk_core_m5stack_core2:     [0]  2097 Hz  SNR=-14.8 dB  e=14  'CQ DX R6WA LN32'
I (158854) mfsk_core_m5stack_core2:     [1]  1292 Hz  SNR= -9.7 dB  e=5  'CQ R7IW LN35'
I (158864) mfsk_core_m5stack_core2:     [2]   682 Hz  SNR=-14.8 dB  e=5  'CQ TA6CQ KN70'
I (158864) mfsk_core_m5stack_core2: 
WAV: qso3 busy band (210703)
I (160604) mfsk_core_m5stack_core2:   stage 1 (spec):        1729288 us  (184× FFT, 940 freq bins)
I (162114) mfsk_core_m5stack_core2:   stage 2 (sync):        1512075 us  (20 candidate(s))
I (170384) mfsk_core_m5stack_core2:   stage 3 (refine+BP):   8262395 us  (2 result(s))
I (170384) mfsk_core_m5stack_core2:   ─── total decode:    11506416 us = 11.506 s
I (170384) mfsk_core_m5stack_core2:     [0]  2572 Hz  SNR=-11.8 dB  e=0  'W1FC F5BZB -8'
I (170394) mfsk_core_m5stack_core2:     [1]  2158 Hz  SNR=-12.8 dB  e=0  'WM3PEN EA6VQ -9'
I (170404) mfsk_core_m5stack_core2: 
════════════════════════════════════════════
I (170414) mfsk_core_m5stack_core2: RUN: max_cand=20  dt_grid=3  df_grid=0  q>3
I (170424) mfsk_core_m5stack_core2: ════════════════════════════════════════════
I (170434) mfsk_core_m5stack_core2: 
WAV: qso1 (191111_110130)
I (172174) mfsk_core_m5stack_core2:   stage 1 (spec):        1729289 us  (184× FFT, 940 freq bins)
I (173694) mfsk_core_m5stack_core2:   stage 2 (sync):        1522983 us  (20 candidate(s))
I (182574) mfsk_core_m5stack_core2:   stage 3 (refine+BP):   8872303 us  (1 result(s))
I (182574) mfsk_core_m5stack_core2:   ─── total decode:    12127265 us = 12.127 s
I (182574) mfsk_core_m5stack_core2:     [0]  1292 Hz  SNR=-13.7 dB  e=5  'CQ R7IW LN35'
I (182584) mfsk_core_m5stack_core2: 
WAV: qso2 (191111_110200)
I (184324) mfsk_core_m5stack_core2:   stage 1 (spec):        1729267 us  (184× FFT, 940 freq bins)
I (185844) mfsk_core_m5stack_core2:   stage 2 (sync):        1522779 us  (20 candidate(s))
I (194594) mfsk_core_m5stack_core2:   stage 3 (refine+BP):   8748855 us  (3 result(s))
I (194594) mfsk_core_m5stack_core2:   ─── total decode:    12003589 us = 12.004 s
I (194604) mfsk_core_m5stack_core2:     [0]  2098 Hz  SNR= -9.3 dB  e=0  'CQ DX R6WA LN32'
I (194604) mfsk_core_m5stack_core2:     [1]  1292 Hz  SNR= -9.7 dB  e=5  'CQ R7IW LN35'
I (194614) mfsk_core_m5stack_core2:     [2]   683 Hz  SNR=-14.8 dB  e=5  'CQ TA6CQ KN70'
I (194624) mfsk_core_m5stack_core2: 
WAV: qso3 busy band (210703)
I (196354) mfsk_core_m5stack_core2:   stage 1 (spec):        1729288 us  (184× FFT, 940 freq bins)
I (197874) mfsk_core_m5stack_core2:   stage 2 (sync):        1512058 us  (20 candidate(s))
I (206574) mfsk_core_m5stack_core2:   stage 3 (refine+BP):   8702951 us  (2 result(s))
I (206574) mfsk_core_m5stack_core2:   ─── total decode:    11946960 us = 11.947 s
I (206584) mfsk_core_m5stack_core2:     [0]  2572 Hz  SNR= -5.6 dB  e=0  'W1FC F5BZB -8'
I (206584) mfsk_core_m5stack_core2:     [1]  2159 Hz  SNR= -5.8 dB  e=0  'WM3PEN EA6VQ -9'
I (206594) mfsk_core_m5stack_core2: 
════════════════════════════════════════════
I (206614) mfsk_core_m5stack_core2: RUN: max_cand=20  dt_grid=3  df_grid=3  q>3
I (206614) mfsk_core_m5stack_core2: ════════════════════════════════════════════
I (206634) mfsk_core_m5stack_core2: 
WAV: qso1 (191111_110130)
I (208364) mfsk_core_m5stack_core2:   stage 1 (spec):        1729276 us  (184× FFT, 940 freq bins)
I (209894) mfsk_core_m5stack_core2:   stage 2 (sync):        1522992 us  (20 candidate(s))
I (228164) mfsk_core_m5stack_core2:   stage 3 (refine+BP):  18268976 us  (2 result(s))
I (228164) mfsk_core_m5stack_core2:   ─── total decode:    21523934 us = 21.524 s
I (228164) mfsk_core_m5stack_core2:     [0]   680 Hz  SNR=-13.1 dB  e=9  'CQ TA6CQ KN70'
I (228174) mfsk_core_m5stack_core2:     [1]  1291 Hz  SNR=-13.3 dB  e=0  'CQ R7IW LN35'
I (228184) mfsk_core_m5stack_core2: 
WAV: qso2 (191111_110200)
I (229914) mfsk_core_m5stack_core2:   stage 1 (spec):        1729276 us  (184× FFT, 940 freq bins)
I (231444) mfsk_core_m5stack_core2:   stage 2 (sync):        1522756 us  (20 candidate(s))
I (249654) mfsk_core_m5stack_core2:   stage 3 (refine+BP):  18215005 us  (3 result(s))
I (249664) mfsk_core_m5stack_core2:   ─── total decode:    21469729 us = 21.470 s
I (249664) mfsk_core_m5stack_core2:     [0]  2097 Hz  SNR= -9.2 dB  e=0  'CQ DX R6WA LN32'
I (249674) mfsk_core_m5stack_core2:     [1]  1292 Hz  SNR= -9.7 dB  e=5  'CQ R7IW LN35'
I (249684) mfsk_core_m5stack_core2:     [2]   682 Hz  SNR=-14.8 dB  e=5  'CQ TA6CQ KN70'
I (249684) mfsk_core_m5stack_core2: 
WAV: qso3 busy band (210703)
I (251424) mfsk_core_m5stack_core2:   stage 1 (spec):        1729274 us  (184× FFT, 940 freq bins)
I (252934) mfsk_core_m5stack_core2:   stage 2 (sync):        1512059 us  (20 candidate(s))
I (271424) mfsk_core_m5stack_core2:   stage 3 (refine+BP):  18491074 us  (2 result(s))
I (271434) mfsk_core_m5stack_core2:   ─── total decode:    21735066 us = 21.735 s
I (271434) mfsk_core_m5stack_core2:     [0]  2572 Hz  SNR=-11.8 dB  e=0  'W1FC F5BZB -8'
I (271444) mfsk_core_m5stack_core2:     [1]  2158 Hz  SNR=-12.8 dB  e=0  'WM3PEN EA6VQ -9'
I (271454) mfsk_core_m5stack_core2: 
════════════════════════════════════════════
I (271464) mfsk_core_m5stack_core2: RUN: max_cand=12  dt_grid=0  df_grid=0  q>6
I (271474) mfsk_core_m5stack_core2: ════════════════════════════════════════════
I (271484) mfsk_core_m5stack_core2: 
WAV: qso1 (191111_110130)
I (273224) mfsk_core_m5stack_core2:   stage 1 (spec):        1729273 us  (184× FFT, 940 freq bins)
I (274744) mfsk_core_m5stack_core2:   stage 2 (sync):        1522985 us  (12 candidate(s))
I (276704) mfsk_core_m5stack_core2:   stage 3 (refine+BP):   1955414 us  (1 result(s))
I (276704) mfsk_core_m5stack_core2:   ─── total decode:     5210363 us = 5.210 s
I (276704) mfsk_core_m5stack_core2:     [0]  1292 Hz  SNR= -6.5 dB  e=0  'CQ R7IW LN35'
I (276714) mfsk_core_m5stack_core2: 
WAV: qso2 (191111_110200)
I (278454) mfsk_core_m5stack_core2:   stage 1 (spec):        1729272 us  (184× FFT, 940 freq bins)
I (279974) mfsk_core_m5stack_core2:   stage 2 (sync):        1522787 us  (12 candidate(s))
I (281814) mfsk_core_m5stack_core2:   stage 3 (refine+BP):   1842237 us  (3 result(s))
I (281814) mfsk_core_m5stack_core2:   ─── total decode:     5096990 us = 5.097 s
I (281824) mfsk_core_m5stack_core2:     [0]  2098 Hz  SNR=-14.9 dB  e=12  'CQ DX R6WA LN32'
I (281834) mfsk_core_m5stack_core2:     [1]  1292 Hz  SNR= -9.7 dB  e=5  'CQ R7IW LN35'
I (281834) mfsk_core_m5stack_core2:     [2]   683 Hz  SNR=-14.8 dB  e=5  'CQ TA6CQ KN70'
I (281844) mfsk_core_m5stack_core2: 
WAV: qso3 busy band (210703)
I (283584) mfsk_core_m5stack_core2:   stage 1 (spec):        1729281 us  (184× FFT, 940 freq bins)
I (285094) mfsk_core_m5stack_core2:   stage 2 (sync):        1512068 us  (12 candidate(s))
I (286474) mfsk_core_m5stack_core2:   stage 3 (refine+BP):   1376010 us  (2 result(s))
I (286474) mfsk_core_m5stack_core2:   ─── total decode:     4620025 us = 4.620 s
I (286474) mfsk_core_m5stack_core2:     [0]  2572 Hz  SNR=-11.8 dB  e=0  'W1FC F5BZB -8'
I (286484) mfsk_core_m5stack_core2:     [1]  2159 Hz  SNR=-12.8 dB  e=0  'WM3PEN EA6VQ -9'
I (286494) mfsk_core_m5stack_core2: 
════════════════════════════════════════════
I (286504) mfsk_core_m5stack_core2: RUN: max_cand=12  dt_grid=0  df_grid=3  q>6
I (286514) mfsk_core_m5stack_core2: ════════════════════════════════════════════
I (286534) mfsk_core_m5stack_core2: 
WAV: qso1 (191111_110130)
I (288264) mfsk_core_m5stack_core2:   stage 1 (spec):        1729270 us  (184× FFT, 940 freq bins)
I (289794) mfsk_core_m5stack_core2:   stage 2 (sync):        1522971 us  (12 candidate(s))
I (293524) mfsk_core_m5stack_core2:   stage 3 (refine+BP):   3731274 us  (2 result(s))
I (293524) mfsk_core_m5stack_core2:   ─── total decode:     6986215 us = 6.986 s
I (293524) mfsk_core_m5stack_core2:     [0]   680 Hz  SNR=-16.5 dB  e=15  'CQ TA6CQ KN70'
I (293534) mfsk_core_m5stack_core2:     [1]  1291 Hz  SNR= -5.2 dB  e=0  'CQ R7IW LN35'
I (293544) mfsk_core_m5stack_core2: 
WAV: qso2 (191111_110200)
I (295274) mfsk_core_m5stack_core2:   stage 1 (spec):        1729278 us  (184× FFT, 940 freq bins)
I (296804) mfsk_core_m5stack_core2:   stage 2 (sync):        1522778 us  (12 candidate(s))
I (300744) mfsk_core_m5stack_core2:   stage 3 (refine+BP):   3945985 us  (3 result(s))
I (300754) mfsk_core_m5stack_core2:   ─── total decode:     7200727 us = 7.201 s
I (300754) mfsk_core_m5stack_core2:     [0]  2097 Hz  SNR=-14.8 dB  e=14  'CQ DX R6WA LN32'
I (300764) mfsk_core_m5stack_core2:     [1]  1292 Hz  SNR= -9.7 dB  e=5  'CQ R7IW LN35'
I (300774) mfsk_core_m5stack_core2:     [2]   682 Hz  SNR=-14.8 dB  e=5  'CQ TA6CQ KN70'
I (300774) mfsk_core_m5stack_core2: 
WAV: qso3 busy band (210703)
I (302514) mfsk_core_m5stack_core2:   stage 1 (spec):        1729272 us  (184× FFT, 940 freq bins)
I (304024) mfsk_core_m5stack_core2:   stage 2 (sync):        1512063 us  (12 candidate(s))
I (307524) mfsk_core_m5stack_core2:   stage 3 (refine+BP):   3491609 us  (2 result(s))
I (307524) mfsk_core_m5stack_core2:   ─── total decode:     6735606 us = 6.736 s
I (307524) mfsk_core_m5stack_core2:     [0]  2572 Hz  SNR=-11.8 dB  e=0  'W1FC F5BZB -8'
I (307534) mfsk_core_m5stack_core2:     [1]  2158 Hz  SNR=-12.8 dB  e=0  'WM3PEN EA6VQ -9'
I (307544) mfsk_core_m5stack_core2: 
════════════════════════════════════════════
I (307554) mfsk_core_m5stack_core2: RUN: max_cand=12  dt_grid=3  df_grid=0  q>6
I (307564) mfsk_core_m5stack_core2: ════════════════════════════════════════════
I (307574) mfsk_core_m5stack_core2: 
WAV: qso1 (191111_110130)
I (309314) mfsk_core_m5stack_core2:   stage 1 (spec):        1729270 us  (184× FFT, 940 freq bins)
I (310834) mfsk_core_m5stack_core2:   stage 2 (sync):        1522999 us  (12 candidate(s))
I (315174) mfsk_core_m5stack_core2:   stage 3 (refine+BP):   4338836 us  (1 result(s))
I (315174) mfsk_core_m5stack_core2:   ─── total decode:     7593796 us = 7.594 s
I (315184) mfsk_core_m5stack_core2:     [0]  1292 Hz  SNR=-13.7 dB  e=5  'CQ R7IW LN35'
I (315194) mfsk_core_m5stack_core2: 
WAV: qso2 (191111_110200)
I (316924) mfsk_core_m5stack_core2:   stage 1 (spec):        1729278 us  (184× FFT, 940 freq bins)
I (318444) mfsk_core_m5stack_core2:   stage 2 (sync):        1522734 us  (12 candidate(s))
I (322134) mfsk_core_m5stack_core2:   stage 3 (refine+BP):   3679818 us  (3 result(s))
I (322134) mfsk_core_m5stack_core2:   ─── total decode:     6934524 us = 6.935 s
I (322134) mfsk_core_m5stack_core2:     [0]  2098 Hz  SNR= -9.3 dB  e=0  'CQ DX R6WA LN32'
I (322144) mfsk_core_m5stack_core2:     [1]  1292 Hz  SNR= -9.7 dB  e=5  'CQ R7IW LN35'
I (322154) mfsk_core_m5stack_core2:     [2]   683 Hz  SNR=-14.8 dB  e=5  'CQ TA6CQ KN70'
I (322154) mfsk_core_m5stack_core2: 
WAV: qso3 busy band (210703)
I (323894) mfsk_core_m5stack_core2:   stage 1 (spec):        1729293 us  (184× FFT, 940 freq bins)
I (325404) mfsk_core_m5stack_core2:   stage 2 (sync):        1512080 us  (12 candidate(s))
I (328634) mfsk_core_m5stack_core2:   stage 3 (refine+BP):   3222723 us  (2 result(s))
I (328634) mfsk_core_m5stack_core2:   ─── total decode:     6466758 us = 6.467 s
I (328634) mfsk_core_m5stack_core2:     [0]  2572 Hz  SNR= -5.6 dB  e=0  'W1FC F5BZB -8'
I (328644) mfsk_core_m5stack_core2:     [1]  2159 Hz  SNR= -5.8 dB  e=0  'WM3PEN EA6VQ -9'
I (328654) mfsk_core_m5stack_core2: 
════════════════════════════════════════════
I (328664) mfsk_core_m5stack_core2: RUN: max_cand=12  dt_grid=3  df_grid=3  q>6
I (328674) mfsk_core_m5stack_core2: ════════════════════════════════════════════
I (328684) mfsk_core_m5stack_core2: 
WAV: qso1 (191111_110130)
I (330424) mfsk_core_m5stack_core2:   stage 1 (spec):        1729271 us  (184× FFT, 940 freq bins)
I (331944) mfsk_core_m5stack_core2:   stage 2 (sync):        1522967 us  (12 candidate(s))
I (341734) mfsk_core_m5stack_core2:   stage 3 (refine+BP):   9785478 us  (2 result(s))
I (341734) mfsk_core_m5stack_core2:   ─── total decode:    13040407 us = 13.040 s
I (341744) mfsk_core_m5stack_core2:     [0]   680 Hz  SNR=-13.1 dB  e=9  'CQ TA6CQ KN70'
I (341744) mfsk_core_m5stack_core2:     [1]  1291 Hz  SNR=-13.3 dB  e=0  'CQ R7IW LN35'
I (341754) mfsk_core_m5stack_core2: 
WAV: qso2 (191111_110200)
I (343494) mfsk_core_m5stack_core2:   stage 1 (spec):        1729291 us  (184× FFT, 940 freq bins)
I (345014) mfsk_core_m5stack_core2:   stage 2 (sync):        1522793 us  (12 candidate(s))
I (354484) mfsk_core_m5stack_core2:   stage 3 (refine+BP):   9469086 us  (3 result(s))
I (354484) mfsk_core_m5stack_core2:   ─── total decode:    12723853 us = 12.724 s
I (354494) mfsk_core_m5stack_core2:     [0]  2097 Hz  SNR= -9.2 dB  e=0  'CQ DX R6WA LN32'
I (354494) mfsk_core_m5stack_core2:     [1]  1292 Hz  SNR= -9.7 dB  e=5  'CQ R7IW LN35'
I (354504) mfsk_core_m5stack_core2:     [2]   682 Hz  SNR=-14.8 dB  e=5  'CQ TA6CQ KN70'
I (354514) mfsk_core_m5stack_core2: 
WAV: qso3 busy band (210703)
I (356244) mfsk_core_m5stack_core2:   stage 1 (spec):        1729267 us  (184× FFT, 940 freq bins)
I (357764) mfsk_core_m5stack_core2:   stage 2 (sync):        1512077 us  (12 candidate(s))
I (366794) mfsk_core_m5stack_core2:   stage 3 (refine+BP):   9031060 us  (2 result(s))
I (366794) mfsk_core_m5stack_core2:   ─── total decode:    12275073 us = 12.275 s
I (366804) mfsk_core_m5stack_core2:     [0]  2572 Hz  SNR=-11.8 dB  e=0  'W1FC F5BZB -8'
I (366804) mfsk_core_m5stack_core2:     [1]  2158 Hz  SNR=-12.8 dB  e=0  'WM3PEN EA6VQ -9'
I (366814) mfsk_core_m5stack_core2: 
════════════════════════════════════════════
I (366834) mfsk_core_m5stack_core2: RUN: max_cand=20  dt_grid=0  df_grid=0  q>6
I (366834) mfsk_core_m5stack_core2: ════════════════════════════════════════════
I (366854) mfsk_core_m5stack_core2: 
WAV: qso1 (191111_110130)
I (368584) mfsk_core_m5stack_core2:   stage 1 (spec):        1729270 us  (184× FFT, 940 freq bins)
I (370114) mfsk_core_m5stack_core2:   stage 2 (sync):        1522978 us  (20 candidate(s))
I (372954) mfsk_core_m5stack_core2:   stage 3 (refine+BP):   2838562 us  (1 result(s))
I (372954) mfsk_core_m5stack_core2:   ─── total decode:     6093496 us = 6.093 s
I (372954) mfsk_core_m5stack_core2:     [0]  1292 Hz  SNR= -6.5 dB  e=0  'CQ R7IW LN35'
I (372964) mfsk_core_m5stack_core2: 
WAV: qso2 (191111_110200)
I (374704) mfsk_core_m5stack_core2:   stage 1 (spec):        1729286 us  (184× FFT, 940 freq bins)
I (376224) mfsk_core_m5stack_core2:   stage 2 (sync):        1522783 us  (20 candidate(s))
I (378954) mfsk_core_m5stack_core2:   stage 3 (refine+BP):   2724341 us  (3 result(s))
I (378954) mfsk_core_m5stack_core2:   ─── total decode:     5979089 us = 5.979 s
I (378954) mfsk_core_m5stack_core2:     [0]  2098 Hz  SNR=-14.9 dB  e=12  'CQ DX R6WA LN32'
I (378964) mfsk_core_m5stack_core2:     [1]  1292 Hz  SNR= -9.7 dB  e=5  'CQ R7IW LN35'
I (378974) mfsk_core_m5stack_core2:     [2]   683 Hz  SNR=-14.8 dB  e=5  'CQ TA6CQ KN70'
I (378974) mfsk_core_m5stack_core2: 
WAV: qso3 busy band (210703)
I (380714) mfsk_core_m5stack_core2:   stage 1 (spec):        1729274 us  (184× FFT, 940 freq bins)
I (382224) mfsk_core_m5stack_core2:   stage 2 (sync):        1512080 us  (20 candidate(s))
I (384224) mfsk_core_m5stack_core2:   stage 3 (refine+BP):   1992837 us  (2 result(s))
I (384224) mfsk_core_m5stack_core2:   ─── total decode:     5236849 us = 5.237 s
I (384224) mfsk_core_m5stack_core2:     [0]  2572 Hz  SNR=-11.8 dB  e=0  'W1FC F5BZB -8'
I (384234) mfsk_core_m5stack_core2:     [1]  2159 Hz  SNR=-12.8 dB  e=0  'WM3PEN EA6VQ -9'
I (384244) mfsk_core_m5stack_core2: 
════════════════════════════════════════════
I (384254) mfsk_core_m5stack_core2: RUN: max_cand=20  dt_grid=0  df_grid=3  q>6
I (384264) mfsk_core_m5stack_core2: ════════════════════════════════════════════
I (384274) mfsk_core_m5stack_core2: 
WAV: qso1 (191111_110130)
I (386014) mfsk_core_m5stack_core2:   stage 1 (spec):        1729275 us  (184× FFT, 940 freq bins)
I (387534) mfsk_core_m5stack_core2:   stage 2 (sync):        1522983 us  (20 candidate(s))
I (393384) mfsk_core_m5stack_core2:   stage 3 (refine+BP):   5842049 us  (2 result(s))
I (393384) mfsk_core_m5stack_core2:   ─── total decode:     9096997 us = 9.097 s
I (393384) mfsk_core_m5stack_core2:     [0]   680 Hz  SNR=-16.5 dB  e=15  'CQ TA6CQ KN70'
I (393394) mfsk_core_m5stack_core2:     [1]  1291 Hz  SNR= -5.2 dB  e=0  'CQ R7IW LN35'
I (393404) mfsk_core_m5stack_core2: 
WAV: qso2 (191111_110200)
I (395134) mfsk_core_m5stack_core2:   stage 1 (spec):        1729273 us  (184× FFT, 940 freq bins)
I (396664) mfsk_core_m5stack_core2:   stage 2 (sync):        1522789 us  (20 candidate(s))
I (402714) mfsk_core_m5stack_core2:   stage 3 (refine+BP):   6053607 us  (3 result(s))
I (402714) mfsk_core_m5stack_core2:   ─── total decode:     9308355 us = 9.308 s
I (402724) mfsk_core_m5stack_core2:     [0]  2097 Hz  SNR=-14.8 dB  e=14  'CQ DX R6WA LN32'
I (402734) mfsk_core_m5stack_core2:     [1]  1292 Hz  SNR= -9.7 dB  e=5  'CQ R7IW LN35'
I (402734) mfsk_core_m5stack_core2:     [2]   682 Hz  SNR=-14.8 dB  e=5  'CQ TA6CQ KN70'
I (402744) mfsk_core_m5stack_core2: 
WAV: qso3 busy band (210703)
I (404484) mfsk_core_m5stack_core2:   stage 1 (spec):        1729275 us  (184× FFT, 940 freq bins)
I (405994) mfsk_core_m5stack_core2:   stage 2 (sync):        1512094 us  (20 candidate(s))
I (411334) mfsk_core_m5stack_core2:   stage 3 (refine+BP):   5341678 us  (2 result(s))
I (411334) mfsk_core_m5stack_core2:   ─── total decode:     8585705 us = 8.586 s
I (411344) mfsk_core_m5stack_core2:     [0]  2572 Hz  SNR=-11.8 dB  e=0  'W1FC F5BZB -8'
I (411354) mfsk_core_m5stack_core2:     [1]  2158 Hz  SNR=-12.8 dB  e=0  'WM3PEN EA6VQ -9'
I (411354) mfsk_core_m5stack_core2: 
════════════════════════════════════════════
I (411374) mfsk_core_m5stack_core2: RUN: max_cand=20  dt_grid=3  df_grid=0  q>6
I (411384) mfsk_core_m5stack_core2: ════════════════════════════════════════════
I (411394) mfsk_core_m5stack_core2: 
WAV: qso1 (191111_110130)
I (413134) mfsk_core_m5stack_core2:   stage 1 (spec):        1729257 us  (184× FFT, 940 freq bins)
I (414654) mfsk_core_m5stack_core2:   stage 2 (sync):        1522984 us  (20 candidate(s))
I (421104) mfsk_core_m5stack_core2:   stage 3 (refine+BP):   6449717 us  (1 result(s))
I (421104) mfsk_core_m5stack_core2:   ─── total decode:     9704653 us = 9.705 s
I (421114) mfsk_core_m5stack_core2:     [0]  1292 Hz  SNR=-13.7 dB  e=5  'CQ R7IW LN35'
I (421114) mfsk_core_m5stack_core2: 
WAV: qso2 (191111_110200)
I (422854) mfsk_core_m5stack_core2:   stage 1 (spec):        1729266 us  (184× FFT, 940 freq bins)
I (424374) mfsk_core_m5stack_core2:   stage 2 (sync):        1522755 us  (20 candidate(s))
I (430164) mfsk_core_m5stack_core2:   stage 3 (refine+BP):   5787697 us  (3 result(s))
I (430164) mfsk_core_m5stack_core2:   ─── total decode:     9042404 us = 9.042 s
I (430174) mfsk_core_m5stack_core2:     [0]  2098 Hz  SNR= -9.3 dB  e=0  'CQ DX R6WA LN32'
I (430174) mfsk_core_m5stack_core2:     [1]  1292 Hz  SNR= -9.7 dB  e=5  'CQ R7IW LN35'
I (430184) mfsk_core_m5stack_core2:     [2]   683 Hz  SNR=-14.8 dB  e=5  'CQ TA6CQ KN70'
I (430194) mfsk_core_m5stack_core2: 
WAV: qso3 busy band (210703)
I (431934) mfsk_core_m5stack_core2:   stage 1 (spec):        1729282 us  (184× FFT, 940 freq bins)
I (433444) mfsk_core_m5stack_core2:   stage 2 (sync):        1512101 us  (20 candidate(s))
I (438514) mfsk_core_m5stack_core2:   stage 3 (refine+BP):   5073058 us  (2 result(s))
I (438514) mfsk_core_m5stack_core2:   ─── total decode:     8317099 us = 8.317 s
I (438524) mfsk_core_m5stack_core2:     [0]  2572 Hz  SNR= -5.6 dB  e=0  'W1FC F5BZB -8'
I (438534) mfsk_core_m5stack_core2:     [1]  2159 Hz  SNR= -5.8 dB  e=0  'WM3PEN EA6VQ -9'
I (438534) mfsk_core_m5stack_core2: 
════════════════════════════════════════════
I (438554) mfsk_core_m5stack_core2: RUN: max_cand=20  dt_grid=3  df_grid=3  q>6
I (438564) mfsk_core_m5stack_core2: ════════════════════════════════════════════
I (438574) mfsk_core_m5stack_core2: 
WAV: qso1 (191111_110130)
I (440314) mfsk_core_m5stack_core2:   stage 1 (spec):        1729269 us  (184× FFT, 940 freq bins)
I (441834) mfsk_core_m5stack_core2:   stage 2 (sync):        1522995 us  (20 candidate(s))
I (457684) mfsk_core_m5stack_core2:   stage 3 (refine+BP):  15848019 us  (2 result(s))
I (457684) mfsk_core_m5stack_core2:   ─── total decode:    19102966 us = 19.103 s
I (457694) mfsk_core_m5stack_core2:     [0]   680 Hz  SNR=-13.1 dB  e=9  'CQ TA6CQ KN70'
I (457694) mfsk_core_m5stack_core2:     [1]  1291 Hz  SNR=-13.3 dB  e=0  'CQ R7IW LN35'
I (457704) mfsk_core_m5stack_core2: 
WAV: qso2 (191111_110200)
I (459444) mfsk_core_m5stack_core2:   stage 1 (spec):        1729260 us  (184× FFT, 940 freq bins)
I (460964) mfsk_core_m5stack_core2:   stage 2 (sync):        1522763 us  (20 candidate(s))
I (476214) mfsk_core_m5stack_core2:   stage 3 (refine+BP):  15253564 us  (3 result(s))
I (476224) mfsk_core_m5stack_core2:   ─── total decode:    18508276 us = 18.508 s
I (476224) mfsk_core_m5stack_core2:     [0]  2097 Hz  SNR= -9.2 dB  e=0  'CQ DX R6WA LN32'
I (476234) mfsk_core_m5stack_core2:     [1]  1292 Hz  SNR= -9.7 dB  e=5  'CQ R7IW LN35'
I (476244) mfsk_core_m5stack_core2:     [2]   682 Hz  SNR=-14.8 dB  e=5  'CQ TA6CQ KN70'
I (476244) mfsk_core_m5stack_core2: 
WAV: qso3 busy band (210703)
I (477984) mfsk_core_m5stack_core2:   stage 1 (spec):        1729279 us  (184× FFT, 940 freq bins)
I (479494) mfsk_core_m5stack_core2:   stage 2 (sync):        1512065 us  (20 candidate(s))
I (494074) mfsk_core_m5stack_core2:   stage 3 (refine+BP):  14581086 us  (2 result(s))
I (494074) mfsk_core_m5stack_core2:   ─── total decode:    17825088 us = 17.825 s
I (494084) mfsk_core_m5stack_core2:     [0]  2572 Hz  SNR=-11.8 dB  e=0  'W1FC F5BZB -8'
I (494094) mfsk_core_m5stack_core2:     [1]  2158 Hz  SNR=-12.8 dB  e=0  'WM3PEN EA6VQ -9'
I (494094) mfsk_core_m5stack_core2: 
=== Sweep complete. Idling. ===
