[0;32mI (13) boot: ESP-IDF v5.1-beta1-378-gea5e0ff298-dirt 2nd stage bootloader[0m
[0;32mI (13) boot: compile time Jun  7 2023 07:48:23[0m
[0;32mI (15) boot: Multicore bootloader[0m
[0;32mI (19) boot: chip revision: v3.1[0m
[0;32mI (23) boot.esp32: SPI Speed      : 40MHz[0m
[0;32mI (27) boot.esp32: SPI Mode       : DIO[0m
[0;32mI (32) boot.esp32: SPI Flash Size : 4MB[0m
[0;32mI (36) boot: Enabling RNG early entropy source...[0m
[0;32mI (42) boot: Partition Table:[0m
[0;32mI (45) boot: ## Label            Usage          Type ST Offset   Length[0m
[0;32mI (53) boot:  0 nvs              WiFi data        01 02 00009000 00006000[0m
[0;32mI (60) boot:  1 phy_init         RF data          01 01 0000f000 00001000[0m
[0;32mI (67) boot:  2 factory          factory app      00 00 00010000 003f0000[0m
[0;32mI (75) boot: End of partition table[0m
[0;32mI (79) esp_image: segment 0: paddr=00010020 vaddr=3f400020 size=12aae4h (1223396) map[0m
[0;32mI (529) esp_image: segment 1: paddr=0013ab0c vaddr=3ffb0000 size=03fb8h ( 16312) load[0m
[0;32mI (536) esp_image: segment 2: paddr=0013eacc vaddr=40080000 size=0154ch (  5452) load[0m
[0;32mI (539) esp_image: segment 3: paddr=00140020 vaddr=400d0020 size=7350ch (472332) map[0m
[0;32mI (714) esp_image: segment 4: paddr=001b3534 vaddr=4008154c size=0f8f8h ( 63736) load[0m
[0;32mI (741) esp_image: segment 5: paddr=001c2e34 vaddr=50000000 size=00020h (    32) load[0m
[0;32mI (750) boot: Loaded app from partition at offset 0x10000[0m
[0;32mI (750) boot: Disabling RNG early entropy source...[0m
I (764) quad_psram: This chip is ESP32-D0WD
I (766) esp_psram: Found 8MB PSRAM device
I (766) esp_psram: Speed: 40MHz
I (766) esp_psram: PSRAM initialized, cache is in low/high (2-core) mode.
W (771) esp_psram: Virtual address not enough for PSRAM, map as much as we can. 4MB is mapped
I (780) cpu_start: Multicore app
I (1687) esp_psram: SPI SRAM memory test OK
I (1695) cpu_start: GPIO 3 and 1 are used as console UART I/O pins
I (1695) cpu_start: Pro cpu start user code
I (1695) cpu_start: cpu freq: 160000000 Hz
I (1697) app_init: Application information:
I (1701) app_init: Project name:     libespidf
I (1705) app_init: App version:      v0.5.2-1-gd8bbcf8-dirty
I (1711) app_init: Compile time:     May  3 2026 08:21:01
I (1716) app_init: ELF file SHA256:  000000000...
I (1720) app_init: ESP-IDF:          v5.5.3
I (1724) efuse_init: Min chip rev:     v0.0
I (1728) efuse_init: Max chip rev:     v3.99 
I (1732) efuse_init: Chip rev:         v3.1
I (1737) heap_init: Initializing. RAM available for dynamic allocation:
I (1743) heap_init: At 3FFAE6E0 len 00001920 (6 KiB): DRAM
I (1748) heap_init: At 3FFD29B0 len 0000D650 (53 KiB): DRAM
I (1753) heap_init: At 3FFE0440 len 00003AE0 (14 KiB): D/IRAM
I (1758) heap_init: At 3FFE4350 len 0001BCB0 (111 KiB): D/IRAM
I (1764) heap_init: At 40090E44 len 0000F1BC (60 KiB): IRAM
I (1770) esp_psram: Adding pool of 4096K of PSRAM memory to heap allocator
I (1777) spi_flash: detected chip: generic
I (1780) spi_flash: flash io: dio
W (1783) spi_flash: Detected size(16384k) larger than the size in the binary image header(4096k). Using the size in the binary image header.
W (1795) i2c: This driver is an old driver, please migrate your application code to adapt `driver/i2c_master.h`
I (1806) main_task: Started on CPU0
I (1816) esp_psram: Reserving pool of 32K of internal memory for DMA/internal allocations
I (1816) main_task: Calling app_main()
I (1816) rx_wavsim: rx-wavsim starting (mfsk-core 0.5.3)
I (1846) rx_wavsim::dual_core: dsp_worker: started on core 1
I (1846) rx_wavsim::dual_core: dsp_worker: spawned on APP_CPU; main is core 0
I (2046) rx_wavsim::stage1_inc: stage1_inc: worker entered
I (2046) rx_wavsim::stage1_inc: stage1_inc: spawned (APP_CPU, prio 3); n_time=184 n_pairs=92 n_freq=1043
I (2106) rx_wavsim::wav_sim: wav_sim: spawned, 3 WAV(s) in playlist
I (2106) rx_wavsim: rx-wavsim: decode loop ready; awaiting wav_sim slot notifications
I (2106) rx_wavsim::wav_sim: wav_sim: starting WAV[0] (360202 bytes)
I (17376) rx_wavsim:   stage 1 (incremental):  147282 us  (184× FFT, 1043 freq bins)
[coarse_sync prof] n_freq=496 n_lag=27  allsum=447 score=227204 dedupe+sort=54060  total=281711 us
[coarse_sync prof] n_freq=496 n_lag=27  allsum=336 score=228097 dedupe+sort=53307  total=281740 us
I (17956) rx_wavsim:   stage 2 (sync):  580060 us  (30 cand)
I (18146) rx_wavsim:   pass 2:          179529 us  → top 15
I (19016) rx_wavsim:   stage 3:         874681 us  (3 result(s))
I (19016) rx_wavsim:   ─── slot total: 1785887 us = 1.786 s
I (19016) rx_wavsim:   Phase-E PoC: stage1_inc 92 / 92 pairs done, 1616146 us total in advance (10% of capture)
I (19026) rx_wavsim:     [0]  1292 Hz  SNR= -7.7 dB  e=0  'CQ R7IW LN35'
I (19036) rx_wavsim:     [1]  2095 Hz  SNR=-10.5 dB  e=6  'CQ DX R6WA LN32'
I (19046) rx_wavsim:     [2]   683 Hz  SNR=-12.6 dB  e=7  'CQ TA6CQ KN70'
I (19046) rx_wavsim::wav_sim: wav_sim: starting WAV[1] (360202 bytes)
I (34316) rx_wavsim:   stage 1 (incremental):  145307 us  (184× FFT, 1043 freq bins)
[coarse_sync prof] n_freq=496 n_lag=27  allsum=569 score=192606 dedupe+sort=51887  total=245062 us
[coarse_sync prof] n_freq=496 n_lag=27  allsum=229 score=190505 dedupe+sort=50076  total=240810 us
I (34826) rx_wavsim:   stage 2 (sync):  501732 us  (30 cand)
I (34986) rx_wavsim:   pass 2:          161729 us  → top 15
I (35496) rx_wavsim:   stage 3:         512822 us  (5 result(s))
I (35506) rx_wavsim:   ─── slot total: 1326557 us = 1.327 s
I (35506) rx_wavsim:   Phase-E PoC: stage1_inc 92 / 92 pairs done, 1327763 us total in advance (8% of capture)
I (35516) rx_wavsim:     [0]   990 Hz  SNR=-17.9 dB  e=14  'OH3NIV ZS6S RR73'
I (35516) rx_wavsim:     [1]  1292 Hz  SNR=-10.4 dB  e=3  'CQ R7IW LN35'
I (35526) rx_wavsim:     [2]  2098 Hz  SNR=-14.0 dB  e=6  'CQ DX R6WA LN32'
I (35536) rx_wavsim:     [3]   683 Hz  SNR=-14.4 dB  e=1  'CQ TA6CQ KN70'
I (35536) rx_wavsim:     [4]  1031 Hz  SNR=-18.0 dB  e=16  'CQ LZ1JZ KN22'
I (35546) rx_wavsim::wav_sim: wav_sim: starting WAV[2] (360246 bytes)
I (50816) rx_wavsim:   stage 1 (incremental):  147283 us  (184× FFT, 1043 freq bins)
[coarse_sync prof] n_freq=496 n_lag=27  allsum=447 score=204952 dedupe+sort=50012  total=255411 us
[coarse_sync prof] n_freq=496 n_lag=27  allsum=333 score=206406 dedupe+sort=57728  total=264467 us
I (51356) rx_wavsim:   stage 2 (sync):  535887 us  (30 cand)
I (51536) rx_wavsim:   pass 2:          178195 us  → top 15
I (52576) rx_wavsim:   stage 3:        1039665 us  (7 result(s))
I (52576) rx_wavsim:   ─── slot total: 1905422 us = 1.905 s
I (52576) rx_wavsim:   Phase-E PoC: stage1_inc 92 / 92 pairs done, 1617753 us total in advance (10% of capture)
I (52586) rx_wavsim:     [0]  2572 Hz  SNR=-11.7 dB  e=0  'W1FC F5BZB -8'
I (52596) rx_wavsim:     [1]  2156 Hz  SNR=-11.5 dB  e=0  'WM3PEN EA6VQ -9'
I (52606) rx_wavsim:     [2]   589 Hz  SNR=-16.6 dB  e=16  'K1JT HA0DU KN07'
I (52606) rx_wavsim:     [3]   724 Hz  SNR=-12.4 dB  e=6  'A92EE F5PSR -14'
I (52616) rx_wavsim:     [4]  1198 Hz  SNR=-11.1 dB  e=3  'CQ F5RXL IN94'
I (52626) rx_wavsim:     [5]  2733 Hz  SNR=-15.5 dB  e=15  'W1DIG SV9CVY -14'
I (52626) rx_wavsim:     [6]   466 Hz  SNR=-18.0 dB  e=18  'N1PJT HB9CQK -10'
I (52636) rx_wavsim::wav_sim: wav_sim: starting WAV[0] (360202 bytes)
I (67906) rx_wavsim:   stage 1 (incremental):  145307 us  (184× FFT, 1043 freq bins)
[coarse_sync prof] n_freq=496 n_lag=27  allsum=570 score=192608 dedupe+sort=51858  total=245036 us
[coarse_sync prof] n_freq=496 n_lag=27  allsum=229 score=191136 dedupe+sort=50351  total=241716 us
I (68416) rx_wavsim:   stage 2 (sync):  502611 us  (30 cand)
I (68576) rx_wavsim:   pass 2:          162893 us  → top 15
I (69456) rx_wavsim:   stage 3:         874219 us  (3 result(s))
I (69456) rx_wavsim:   ─── slot total: 1689995 us = 1.690 s
I (69456) rx_wavsim:   Phase-E PoC: stage1_inc 92 / 92 pairs done, 1326459 us total in advance (8% of capture)
I (69466) rx_wavsim:     [0]  1292 Hz  SNR= -7.7 dB  e=0  'CQ R7IW LN35'
I (69476) rx_wavsim:     [1]  2095 Hz  SNR=-10.5 dB  e=6  'CQ DX R6WA LN32'
I (69476) rx_wavsim:     [2]   683 Hz  SNR=-12.6 dB  e=7  'CQ TA6CQ KN70'
I (69486) rx_wavsim::wav_sim: wav_sim: starting WAV[1] (360202 bytes)
I (84756) rx_wavsim:   stage 1 (incremental):  147283 us  (184× FFT, 1043 freq bins)
[coarse_sync prof] n_freq=496 n_lag=27  allsum=448 score=227230 dedupe+sort=53467  total=281145 us
[coarse_sync prof] n_freq=496 n_lag=27  allsum=332 score=227161 dedupe+sort=53047  total=280540 us
I (85336) rx_wavsim:   stage 2 (sync):  578006 us  (30 cand)
I (85516) rx_wavsim:   pass 2:          175664 us  → top 15
I (86036) rx_wavsim:   stage 3:         518115 us  (5 result(s))
I (86036) rx_wavsim:   ─── slot total: 1423468 us = 1.423 s
I (86036) rx_wavsim:   Phase-E PoC: stage1_inc 92 / 92 pairs done, 1617075 us total in advance (10% of capture)
I (86046) rx_wavsim:     [0]   990 Hz  SNR=-17.9 dB  e=14  'OH3NIV ZS6S RR73'
I (86056) rx_wavsim:     [1]  1292 Hz  SNR=-10.4 dB  e=3  'CQ R7IW LN35'
I (86056) rx_wavsim:     [2]  2098 Hz  SNR=-14.0 dB  e=6  'CQ DX R6WA LN32'
I (86066) rx_wavsim:     [3]   683 Hz  SNR=-14.4 dB  e=1  'CQ TA6CQ KN70'
I (86076) rx_wavsim:     [4]  1031 Hz  SNR=-18.0 dB  e=16  'CQ LZ1JZ KN22'
I (86076) rx_wavsim::wav_sim: wav_sim: starting WAV[2] (360246 bytes)
I (101346) rx_wavsim:   stage 1 (incremental):  145307 us  (184× FFT, 1043 freq bins)
[coarse_sync prof] n_freq=496 n_lag=27  allsum=569 score=174515 dedupe+sort=48597  total=223681 us
[coarse_sync prof] n_freq=496 n_lag=27  allsum=261 score=175920 dedupe+sort=54528  total=230709 us
I (101826) rx_wavsim:   stage 2 (sync):  470098 us  (30 cand)
I (101986) rx_wavsim:   pass 2:          162943 us  → top 15
I (103016) rx_wavsim:   stage 3:        1026719 us  (7 result(s))
I (103016) rx_wavsim:   ─── slot total: 1810021 us = 1.810 s
I (103016) rx_wavsim:   Phase-E PoC: stage1_inc 92 / 92 pairs done, 1338252 us total in advance (8% of capture)
I (103026) rx_wavsim:     [0]  2572 Hz  SNR=-11.7 dB  e=0  'W1FC F5BZB -8'
I (103036) rx_wavsim:     [1]  2156 Hz  SNR=-11.5 dB  e=0  'WM3PEN EA6VQ -9'
I (103036) rx_wavsim:     [2]   589 Hz  SNR=-16.6 dB  e=16  'K1JT HA0DU KN07'
I (103046) rx_wavsim:     [3]   724 Hz  SNR=-12.4 dB  e=6  'A92EE F5PSR -14'
I (103056) rx_wavsim:     [4]  1198 Hz  SNR=-11.1 dB  e=3  'CQ F5RXL IN94'
I (103056) rx_wavsim:     [5]  2733 Hz  SNR=-15.5 dB  e=15  'W1DIG SV9CVY -14'
I (103066) rx_wavsim:     [6]   466 Hz  SNR=-18.0 dB  e=18  'N1PJT HB9CQK -10'
I (103076) rx_wavsim::wav_sim: wav_sim: starting WAV[0] (360202 bytes)
I (118336) rx_wavsim:   stage 1 (incremental):  147282 us  (184× FFT, 1043 freq bins)
[coarse_sync prof] n_freq=496 n_lag=27  allsum=447 score=227216 dedupe+sort=53452  total=281115 us
[coarse_sync prof] n_freq=496 n_lag=27  allsum=336 score=228113 dedupe+sort=53304  total=281753 us
I (118916) rx_wavsim:   stage 2 (sync):  579197 us  (30 cand)
I (119106) rx_wavsim:   pass 2:          179532 us  → top 15
I (119976) rx_wavsim:   stage 3:         874919 us  (3 result(s))
I (119976) rx_wavsim:   ─── slot total: 1785336 us = 1.785 s
I (119976) rx_wavsim:   Phase-E PoC: stage1_inc 92 / 92 pairs done, 1616226 us total in advance (10% of capture)
I (119986) rx_wavsim:     [0]  1292 Hz  SNR= -7.7 dB  e=0  'CQ R7IW LN35'
I (119996) rx_wavsim:     [1]  2095 Hz  SNR=-10.5 dB  e=6  'CQ DX R6WA LN32'
I (120006) rx_wavsim:     [2]   683 Hz  SNR=-12.6 dB  e=7  'CQ TA6CQ KN70'
I (120006) rx_wavsim::wav_sim: wav_sim: starting WAV[1] (360202 bytes)
I (135276) rx_wavsim:   stage 1 (incremental):  145307 us  (184× FFT, 1043 freq bins)
[coarse_sync prof] n_freq=496 n_lag=27  allsum=570 score=192612 dedupe+sort=51886  total=245068 us
[coarse_sync prof] n_freq=496 n_lag=27  allsum=229 score=190496 dedupe+sort=50061  total=240786 us
I (135786) rx_wavsim:   stage 2 (sync):  501714 us  (30 cand)
I (135946) rx_wavsim:   pass 2:          161732 us  → top 15
I (136456) rx_wavsim:   stage 3:         512838 us  (5 result(s))
I (136466) rx_wavsim:   ─── slot total: 1326632 us = 1.327 s
I (136466) rx_wavsim:   Phase-E PoC: stage1_inc 92 / 92 pairs done, 1352792 us total in advance (9% of capture)
I (136476) rx_wavsim:     [0]   990 Hz  SNR=-17.9 dB  e=14  'OH3NIV ZS6S RR73'
I (136476) rx_wavsim:     [1]  1292 Hz  SNR=-10.4 dB  e=3  'CQ R7IW LN35'
I (136486) rx_wavsim:     [2]  2098 Hz  SNR=-14.0 dB  e=6  'CQ DX R6WA LN32'
I (136496) rx_wavsim:     [3]   683 Hz  SNR=-14.4 dB  e=1  'CQ TA6CQ KN70'
I (136496) rx_wavsim:     [4]  1031 Hz  SNR=-18.0 dB  e=16  'CQ LZ1JZ KN22'
I (136506) rx_wavsim::wav_sim: wav_sim: starting WAV[2] (360246 bytes)
