I (18240) rx_wavsim:   stage 1 (spec): 1222966 us  (184× FFT, 1043 freq bins)
[coarse_sync prof] n_freq=496 n_lag=27  allsum=258057 score=360740 dedupe+sort=64627  total=683424 us
[coarse_sync prof] n_freq=496 n_lag=27  allsum=294246 score=425309 dedupe+sort=53770  total=773325 us
I (19030) rx_wavsim:   stage 2 (sync):  789125 us  (30 cand)
I (19200) rx_wavsim::wav_sim: wav_sim: starting WAV[1] (360202 bytes)
I (19250) rx_wavsim:   pass 2:          222284 us  → top 15
I (20200) rx_wavsim:   stage 3:         945706 us  (3 result(s))
I (20200) rx_wavsim:   ─── slot total: 3184914 us = 3.185 s
I (20200) rx_wavsim:     [0]  1292 Hz  SNR= -7.7 dB  e=0  'CQ R7IW LN35'
I (20210) rx_wavsim:     [1]  2095 Hz  SNR=-10.5 dB  e=3  'CQ DX R6WA LN32'
I (20220) rx_wavsim:     [2]   683 Hz  SNR=-12.6 dB  e=7  'CQ TA6CQ KN70'
I (36460) rx_wavsim:   stage 1 (spec): 1222979 us  (184× FFT, 1043 freq bins)
[coarse_sync prof] n_freq=496 n_lag=27  allsum=258797 score=351839 dedupe+sort=65404  total=676040 us
[coarse_sync prof] n_freq=496 n_lag=27  allsum=294755 score=415655 dedupe+sort=53793  total=764203 us
I (37240) rx_wavsim:   stage 2 (sync):  779348 us  (30 cand)
I (37420) rx_wavsim::wav_sim: wav_sim: starting WAV[2] (360246 bytes)
I (37470) rx_wavsim:   pass 2:          230147 us  → top 15
I (38020) rx_wavsim:   stage 3:         543972 us  (5 result(s))
I (38020) rx_wavsim:   ─── slot total: 2781238 us = 2.781 s
I (38020) rx_wavsim:     [0]   990 Hz  SNR=-17.9 dB  e=15  'OH3NIV ZS6S RR73'
I (38030) rx_wavsim:     [1]  1292 Hz  SNR=-10.4 dB  e=5  'CQ R7IW LN35'
I (38030) rx_wavsim:     [2]  2098 Hz  SNR=-14.0 dB  e=6  'CQ DX R6WA LN32'
I (38040) rx_wavsim:     [3]   683 Hz  SNR=-14.4 dB  e=2  'CQ TA6CQ KN70'
I (38050) rx_wavsim:     [4]  1031 Hz  SNR=-18.0 dB  e=17  'CQ LZ1JZ KN22'
I (54290) rx_wavsim:   stage 1 (spec): 1222971 us  (184× FFT, 1043 freq bins)
[coarse_sync prof] n_freq=496 n_lag=27  allsum=258246 score=341383 dedupe+sort=69532  total=669161 us
[coarse_sync prof] n_freq=496 n_lag=27  allsum=288671 score=398118 dedupe+sort=49623  total=736412 us
I (55040) rx_wavsim:   stage 2 (sync):  751432 us  (30 cand)
I (55210) rx_wavsim::wav_sim: wav_sim: starting WAV[0] (360202 bytes)
I (55270) rx_wavsim:   pass 2:          220350 us  → top 15
I (56370) rx_wavsim:   stage 3:        1107102 us  (7 result(s))
I (56370) rx_wavsim:   ─── slot total: 3306876 us = 3.307 s
I (56380) rx_wavsim:     [0]  2572 Hz  SNR=-11.7 dB  e=0  'W1FC F5BZB -8'
I (56380) rx_wavsim:     [1]  2156 Hz  SNR=-11.5 dB  e=0  'WM3PEN EA6VQ -9'
I (56390) rx_wavsim:     [2]   589 Hz  SNR=-16.6 dB  e=17  'K1JT HA0DU KN07'
I (56400) rx_wavsim:     [3]   724 Hz  SNR=-12.4 dB  e=3  'A92EE F5PSR -14'
I (56400) rx_wavsim:     [4]  1198 Hz  SNR=-10.5 dB  e=2  'CQ F5RXL IN94'
I (56410) rx_wavsim:     [5]  2733 Hz  SNR=-15.5 dB  e=15  'W1DIG SV9CVY -14'
I (56420) rx_wavsim:     [6]   466 Hz  SNR=-18.2 dB  e=18  'N1PJT HB9CQK -10'
I (72660) rx_wavsim:   stage 1 (spec): 1222979 us  (184× FFT, 1043 freq bins)
[coarse_sync prof] n_freq=496 n_lag=27  allsum=258661 score=353763 dedupe+sort=66147  total=678571 us
[coarse_sync prof] n_freq=496 n_lag=27  allsum=289022 score=423539 dedupe+sort=53767  total=766328 us
I (73440) rx_wavsim:   stage 2 (sync):  782018 us  (30 cand)
I (73610) rx_wavsim::wav_sim: wav_sim: starting WAV[1] (360202 bytes)
I (73670) rx_wavsim:   pass 2:          222183 us  → top 15
I (74590) rx_wavsim:   stage 3:         923205 us  (3 result(s))
I (74590) rx_wavsim:   ─── slot total: 3155223 us = 3.155 s
I (74590) rx_wavsim:     [0]  1292 Hz  SNR= -7.7 dB  e=0  'CQ R7IW LN35'
I (74600) rx_wavsim:     [1]  2095 Hz  SNR=-10.5 dB  e=3  'CQ DX R6WA LN32'
I (74610) rx_wavsim:     [2]   683 Hz  SNR=-12.6 dB  e=7  'CQ TA6CQ KN70'
I (90850) rx_wavsim:   stage 1 (spec): 1222974 us  (184× FFT, 1043 freq bins)
[coarse_sync prof] n_freq=496 n_lag=27  allsum=258237 score=347015 dedupe+sort=65287  total=670539 us
[coarse_sync prof] n_freq=496 n_lag=27  allsum=288152 score=416858 dedupe+sort=53793  total=758803 us
I (91630) rx_wavsim:   stage 2 (sync):  773960 us  (30 cand)
I (91800) rx_wavsim::wav_sim: wav_sim: starting WAV[2] (360246 bytes)
I (91860) rx_wavsim:   pass 2:          230425 us  → top 15
I (92400) rx_wavsim:   stage 3:         543943 us  (5 result(s))
I (92400) rx_wavsim:   ─── slot total: 2776074 us = 2.776 s
I (92410) rx_wavsim:     [0]   990 Hz  SNR=-17.9 dB  e=15  'OH3NIV ZS6S RR73'
I (92410) rx_wavsim:     [1]  1292 Hz  SNR=-10.4 dB  e=5  'CQ R7IW LN35'
I (92420) rx_wavsim:     [2]  2098 Hz  SNR=-14.0 dB  e=6  'CQ DX R6WA LN32'
I (92420) rx_wavsim:     [3]   683 Hz  SNR=-14.4 dB  e=2  'CQ TA6CQ KN70'
I (92430) rx_wavsim:     [4]  1031 Hz  SNR=-18.0 dB  e=17  'CQ LZ1JZ KN22'
I (108680) rx_wavsim:   stage 1 (spec): 1222979 us  (184× FFT, 1043 freq bins)
[coarse_sync prof] n_freq=496 n_lag=27  allsum=258606 score=338258 dedupe+sort=69511  total=666375 us
[coarse_sync prof] n_freq=496 n_lag=27  allsum=289035 score=395293 dedupe+sort=49620  total=733948 us
I (109430) rx_wavsim:   stage 2 (sync):  748960 us  (30 cand)
I (109600) rx_wavsim::wav_sim: wav_sim: starting WAV[0] (360202 bytes)
I (109650) rx_wavsim:   pass 2:          220359 us  → top 15
I (110760) rx_wavsim:   stage 3:        1106911 us  (7 result(s))
I (110760) rx_wavsim:   ─── slot total: 3304293 us = 3.304 s
I (110760) rx_wavsim:     [0]  2572 Hz  SNR=-11.7 dB  e=0  'W1FC F5BZB -8'
I (110770) rx_wavsim:     [1]  2156 Hz  SNR=-11.5 dB  e=0  'WM3PEN EA6VQ -9'
I (110780) rx_wavsim:     [2]   589 Hz  SNR=-16.6 dB  e=17  'K1JT HA0DU KN07'
I (110780) rx_wavsim:     [3]   724 Hz  SNR=-12.4 dB  e=3  'A92EE F5PSR -14'
I (110790) rx_wavsim:     [4]  1198 Hz  SNR=-10.5 dB  e=2  'CQ F5RXL IN94'
I (110800) rx_wavsim:     [5]  2733 Hz  SNR=-15.5 dB  e=15  'W1DIG SV9CVY -14'
I (110800) rx_wavsim:     [6]   466 Hz  SNR=-18.2 dB  e=18  'N1PJT HB9CQK -10'
I (127050) rx_wavsim:   stage 1 (spec): 1222967 us  (184× FFT, 1043 freq bins)
[coarse_sync prof] n_freq=496 n_lag=27  allsum=259066 score=354865 dedupe+sort=66174  total=680105 us
[coarse_sync prof] n_freq=496 n_lag=27  allsum=289411 score=424521 dedupe+sort=53772  total=767704 us
I (127830) rx_wavsim:   stage 2 (sync):  783455 us  (30 cand)
I (128000) rx_wavsim::wav_sim: wav_sim: starting WAV[1] (360202 bytes)
I (128060) rx_wavsim:   pass 2:          222178 us  → top 15
I (128980) rx_wavsim:   stage 3:         923176 us  (3 result(s))
I (128980) rx_wavsim:   ─── slot total: 3156683 us = 3.157 s
I (128990) rx_wavsim:     [0]  1292 Hz  SNR= -7.7 dB  e=0  'CQ R7IW LN35'
I (128990) rx_wavsim:     [1]  2095 Hz  SNR=-10.5 dB  e=3  'CQ DX R6WA LN32'
I (129000) rx_wavsim:     [2]   683 Hz  SNR=-12.6 dB  e=7  'CQ TA6CQ KN70'
