I (17184) rx_wavsim:   stage 1 (incremental):   49826 us  (184× FFT, 1043 freq bins)
[coarse_sync prof] n_freq=496 n_lag=27  allsum=291169 score=279528 dedupe+sort=62626  total=633323 us
[coarse_sync prof] n_freq=496 n_lag=27  allsum=286840 score=315027 dedupe+sort=57065  total=658932 us
I (17854) rx_wavsim:   stage 2 (sync):  676085 us  (30 cand)
I (18044) rx_wavsim:   pass 2:          180035 us  → top 15
I (18954) rx_wavsim:   stage 3:         915552 us  (3 result(s))
I (18954) rx_wavsim:   ─── slot total: 1826508 us = 1.827 s
I (18964) rx_wavsim:   Phase-E PoC: stage1_inc 92 / 92 pairs done, 1005130 us total in advance (6% of capture)
I (18974) rx_wavsim:     [0]  1292 Hz  SNR= -7.7 dB  e=0  'CQ R7IW LN35'
I (18974) rx_wavsim:     [1]  2095 Hz  SNR=-10.5 dB  e=3  'CQ DX R6WA LN32'
I (18984) rx_wavsim:     [2]   683 Hz  SNR=-12.6 dB  e=7  'CQ TA6CQ KN70'
I (18984) rx_wavsim::wav_sim: wav_sim: starting WAV[1] (360202 bytes)
I (34164) rx_wavsim:   stage 1 (incremental):   49831 us  (184× FFT, 1043 freq bins)
[coarse_sync prof] n_freq=496 n_lag=27  allsum=291493 score=283418 dedupe+sort=61259  total=636170 us
[coarse_sync prof] n_freq=496 n_lag=27  allsum=286482 score=320447 dedupe+sort=56446  total=663375 us
I (34844) rx_wavsim:   stage 2 (sync):  680232 us  (30 cand)
I (35024) rx_wavsim:   pass 2:          175482 us  → top 15
I (35564) rx_wavsim:   stage 3:         543856 us  (5 result(s))
I (35564) rx_wavsim:   ─── slot total: 1454450 us = 1.454 s
I (35564) rx_wavsim:   Phase-E PoC: stage1_inc 92 / 92 pairs done, 998267 us total in advance (6% of capture)
I (35574) rx_wavsim:     [0]   990 Hz  SNR=-17.9 dB  e=15  'OH3NIV ZS6S RR73'
I (35584) rx_wavsim:     [1]  1292 Hz  SNR=-10.4 dB  e=5  'CQ R7IW LN35'
I (35594) rx_wavsim:     [2]  2098 Hz  SNR=-14.0 dB  e=6  'CQ DX R6WA LN32'
I (35594) rx_wavsim:     [3]   683 Hz  SNR=-14.4 dB  e=2  'CQ TA6CQ KN70'
I (35604) rx_wavsim:     [4]  1031 Hz  SNR=-18.0 dB  e=17  'CQ LZ1JZ KN22'
I (35614) rx_wavsim::wav_sim: wav_sim: starting WAV[2] (360246 bytes)
I (50784) rx_wavsim:   stage 1 (incremental):   49827 us  (184× FFT, 1043 freq bins)
[coarse_sync prof] n_freq=496 n_lag=27  allsum=291047 score=263792 dedupe+sort=62809  total=617648 us
[coarse_sync prof] n_freq=496 n_lag=27  allsum=286171 score=291094 dedupe+sort=53863  total=631128 us
I (51434) rx_wavsim:   stage 2 (sync):  647924 us  (30 cand)
I (51614) rx_wavsim:   pass 2:          178432 us  → top 15
I (52714) rx_wavsim:   stage 3:        1101684 us  (7 result(s))
I (52714) rx_wavsim:   ─── slot total: 1982953 us = 1.983 s
I (52714) rx_wavsim:   Phase-E PoC: stage1_inc 92 / 92 pairs done, 1005470 us total in advance (6% of capture)
I (52724) rx_wavsim:     [0]  2572 Hz  SNR=-11.7 dB  e=0  'W1FC F5BZB -8'
I (52734) rx_wavsim:     [1]  2156 Hz  SNR=-11.5 dB  e=0  'WM3PEN EA6VQ -9'
I (52734) rx_wavsim:     [2]   589 Hz  SNR=-16.6 dB  e=17  'K1JT HA0DU KN07'
I (52744) rx_wavsim:     [3]   724 Hz  SNR=-12.4 dB  e=3  'A92EE F5PSR -14'
I (52754) rx_wavsim:     [4]  1198 Hz  SNR=-11.1 dB  e=3  'CQ F5RXL IN94'
I (52754) rx_wavsim:     [5]  2733 Hz  SNR=-15.5 dB  e=15  'W1DIG SV9CVY -14'
I (52764) rx_wavsim:     [6]   466 Hz  SNR=-18.0 dB  e=16  'N1PJT HB9CQK -10'
I (52774) rx_wavsim::wav_sim: wav_sim: starting WAV[0] (360202 bytes)
I (67954) rx_wavsim:   stage 1 (incremental):   49832 us  (184× FFT, 1043 freq bins)
[coarse_sync prof] n_freq=496 n_lag=27  allsum=291262 score=284878 dedupe+sort=62041  total=638181 us
[coarse_sync prof] n_freq=496 n_lag=27  allsum=287026 score=320955 dedupe+sort=56506  total=664487 us
I (68634) rx_wavsim:   stage 2 (sync):  681296 us  (30 cand)
I (68814) rx_wavsim:   pass 2:          180035 us  → top 15
I (69734) rx_wavsim:   stage 3:         915669 us  (3 result(s))
I (69734) rx_wavsim:   ─── slot total: 1831872 us = 1.832 s
I (69734) rx_wavsim:   Phase-E PoC: stage1_inc 92 / 92 pairs done, 1000644 us total in advance (6% of capture)
I (69744) rx_wavsim:     [0]  1292 Hz  SNR= -7.7 dB  e=0  'CQ R7IW LN35'
I (69754) rx_wavsim:     [1]  2095 Hz  SNR=-10.5 dB  e=3  'CQ DX R6WA LN32'
I (69754) rx_wavsim:     [2]   683 Hz  SNR=-12.6 dB  e=7  'CQ TA6CQ KN70'
I (69764) rx_wavsim::wav_sim: wav_sim: starting WAV[1] (360202 bytes)
I (84944) rx_wavsim:   stage 1 (incremental):   49826 us  (184× FFT, 1043 freq bins)
[coarse_sync prof] n_freq=496 n_lag=27  allsum=290956 score=280538 dedupe+sort=61325  total=632819 us
[coarse_sync prof] n_freq=496 n_lag=27  allsum=286219 score=317522 dedupe+sort=56423  total=660164 us
I (85624) rx_wavsim:   stage 2 (sync):  677019 us  (30 cand)
I (85794) rx_wavsim:   pass 2:          175564 us  → top 15
I (86344) rx_wavsim:   stage 3:         544732 us  (5 result(s))
I (86344) rx_wavsim:   ─── slot total: 1452176 us = 1.452 s
I (86344) rx_wavsim:   Phase-E PoC: stage1_inc 92 / 92 pairs done, 1006379 us total in advance (6% of capture)
I (86354) rx_wavsim:     [0]   990 Hz  SNR=-17.9 dB  e=15  'OH3NIV ZS6S RR73'
I (86364) rx_wavsim:     [1]  1292 Hz  SNR=-10.4 dB  e=5  'CQ R7IW LN35'
I (86364) rx_wavsim:     [2]  2098 Hz  SNR=-14.0 dB  e=6  'CQ DX R6WA LN32'
I (86374) rx_wavsim:     [3]   683 Hz  SNR=-14.4 dB  e=2  'CQ TA6CQ KN70'
I (86384) rx_wavsim:     [4]  1031 Hz  SNR=-18.0 dB  e=17  'CQ LZ1JZ KN22'
I (86384) rx_wavsim::wav_sim: wav_sim: starting WAV[2] (360246 bytes)
I (101564) rx_wavsim:   stage 1 (incremental):   49831 us  (184× FFT, 1043 freq bins)
[coarse_sync prof] n_freq=496 n_lag=27  allsum=291630 score=264403 dedupe+sort=62794  total=618827 us
[coarse_sync prof] n_freq=496 n_lag=27  allsum=286322 score=293038 dedupe+sort=53512  total=632872 us
I (102214) rx_wavsim:   stage 2 (sync):  649645 us  (30 cand)
I (102394) rx_wavsim:   pass 2:          178333 us  → top 15
I (103494) rx_wavsim:   stage 3:        1101984 us  (7 result(s))
I (103494) rx_wavsim:   ─── slot total: 1984976 us = 1.985 s
I (103494) rx_wavsim:   Phase-E PoC: stage1_inc 92 / 92 pairs done, 1009521 us total in advance (6% of capture)
I (103504) rx_wavsim:     [0]  2572 Hz  SNR=-11.7 dB  e=0  'W1FC F5BZB -8'
I (103514) rx_wavsim:     [1]  2156 Hz  SNR=-11.5 dB  e=0  'WM3PEN EA6VQ -9'
I (103524) rx_wavsim:     [2]   589 Hz  SNR=-16.6 dB  e=17  'K1JT HA0DU KN07'
I (103524) rx_wavsim:     [3]   724 Hz  SNR=-12.4 dB  e=3  'A92EE F5PSR -14'
I (103534) rx_wavsim:     [4]  1198 Hz  SNR=-11.1 dB  e=3  'CQ F5RXL IN94'
I (103544) rx_wavsim:     [5]  2733 Hz  SNR=-15.5 dB  e=15  'W1DIG SV9CVY -14'
I (103544) rx_wavsim:     [6]   466 Hz  SNR=-18.0 dB  e=16  'N1PJT HB9CQK -10'
I (103554) rx_wavsim::wav_sim: wav_sim: starting WAV[0] (360202 bytes)
I (118734) rx_wavsim:   stage 1 (incremental):   49826 us  (184× FFT, 1043 freq bins)
[coarse_sync prof] n_freq=496 n_lag=27  allsum=290923 score=281192 dedupe+sort=61649  total=633764 us
[coarse_sync prof] n_freq=496 n_lag=27  allsum=286163 score=316059 dedupe+sort=56595  total=658817 us
I (119404) rx_wavsim:   stage 2 (sync):  675621 us  (30 cand)
I (119594) rx_wavsim:   pass 2:          180044 us  → top 15
I (120504) rx_wavsim:   stage 3:         915570 us  (3 result(s))
I (120504) rx_wavsim:   ─── slot total: 1826175 us = 1.826 s
I (120504) rx_wavsim:   Phase-E PoC: stage1_inc 92 / 92 pairs done, 1009077 us total in advance (6% of capture)
I (120524) rx_wavsim:     [0]  1292 Hz  SNR= -7.7 dB  e=0  'CQ R7IW LN35'
I (120524) rx_wavsim:     [1]  2095 Hz  SNR=-10.5 dB  e=3  'CQ DX R6WA LN32'
I (120534) rx_wavsim:     [2]   683 Hz  SNR=-12.6 dB  e=7  'CQ TA6CQ KN70'
I (120534) rx_wavsim::wav_sim: wav_sim: starting WAV[1] (360202 bytes)
I (135714) rx_wavsim:   stage 1 (incremental):   49831 us  (184× FFT, 1043 freq bins)
[coarse_sync prof] n_freq=496 n_lag=27  allsum=291159 score=280624 dedupe+sort=61266  total=633049 us
[coarse_sync prof] n_freq=496 n_lag=27  allsum=285925 score=316453 dedupe+sort=56573  total=658951 us
I (136384) rx_wavsim:   stage 2 (sync):  675735 us  (30 cand)
I (136564) rx_wavsim:   pass 2:          175483 us  → top 15
I (137114) rx_wavsim:   stage 3:         543838 us  (5 result(s))
I (137114) rx_wavsim:   ─── slot total: 1450018 us = 1.450 s
I (137114) rx_wavsim:   Phase-E PoC: stage1_inc 92 / 92 pairs done, 1012059 us total in advance (6% of capture)
I (137124) rx_wavsim:     [0]   990 Hz  SNR=-17.9 dB  e=15  'OH3NIV ZS6S RR73'
I (137134) rx_wavsim:     [1]  1292 Hz  SNR=-10.4 dB  e=5  'CQ R7IW LN35'
I (137134) rx_wavsim:     [2]  2098 Hz  SNR=-14.0 dB  e=6  'CQ DX R6WA LN32'
I (137144) rx_wavsim:     [3]   683 Hz  SNR=-14.4 dB  e=2  'CQ TA6CQ KN70'
I (137154) rx_wavsim:     [4]  1031 Hz  SNR=-18.0 dB  e=17  'CQ LZ1JZ KN22'
I (137154) rx_wavsim::wav_sim: wav_sim: starting WAV[2] (360246 bytes)
