I (17183) rx_wavsim:   stage 1 (incremental):   49808 us  (184× FFT, 1043 freq bins)
[coarse_sync prof] n_freq=496 n_lag=27  allsum=290849 score=278159 dedupe+sort=62348  total=631356 us
[coarse_sync prof] n_freq=496 n_lag=27  allsum=285940 score=314788 dedupe+sort=56800  total=657528 us
I (17853) rx_wavsim:   stage 2 (sync):  674595 us  (30 cand)
I (18043) rx_wavsim:   pass 2:          180201 us  → top 15
I (18943) rx_wavsim:   stage 3:         903706 us  (3 result(s))
I (18943) rx_wavsim:   ─── slot total: 1813321 us = 1.813 s
I (18943) rx_wavsim:   Phase-E PoC: stage1_inc 92 / 92 pairs done, 1004945 us total in advance (6% of capture)
I (18953) rx_wavsim:     [0]  1292 Hz  SNR= -7.7 dB  e=0  'CQ R7IW LN35'
I (18963) rx_wavsim:     [1]  2095 Hz  SNR=-10.5 dB  e=6  'CQ DX R6WA LN32'
I (18963) rx_wavsim:     [2]   683 Hz  SNR=-12.6 dB  e=7  'CQ TA6CQ KN70'
I (18973) rx_wavsim::wav_sim: wav_sim: starting WAV[1] (360202 bytes)
I (34153) rx_wavsim:   stage 1 (incremental):   49815 us  (184× FFT, 1043 freq bins)
[coarse_sync prof] n_freq=496 n_lag=27  allsum=291668 score=276569 dedupe+sort=61129  total=629366 us
[coarse_sync prof] n_freq=496 n_lag=27  allsum=286398 score=312385 dedupe+sort=56361  total=655144 us
I (34823) rx_wavsim:   stage 2 (sync):  671894 us  (30 cand)
I (35003) rx_wavsim:   pass 2:          175640 us  → top 15
I (35553) rx_wavsim:   stage 3:         546820 us  (5 result(s))
I (35553) rx_wavsim:   ─── slot total: 1449231 us = 1.449 s
I (35553) rx_wavsim:   Phase-E PoC: stage1_inc 92 / 92 pairs done, 998204 us total in advance (6% of capture)
I (35563) rx_wavsim:     [0]   990 Hz  SNR=-17.9 dB  e=14  'OH3NIV ZS6S RR73'
I (35563) rx_wavsim:     [1]  1292 Hz  SNR=-10.4 dB  e=3  'CQ R7IW LN35'
I (35573) rx_wavsim:     [2]  2098 Hz  SNR=-14.0 dB  e=6  'CQ DX R6WA LN32'
I (35583) rx_wavsim:     [3]   683 Hz  SNR=-14.4 dB  e=1  'CQ TA6CQ KN70'
I (35583) rx_wavsim:     [4]  1031 Hz  SNR=-18.0 dB  e=16  'CQ LZ1JZ KN22'
I (35593) rx_wavsim::wav_sim: wav_sim: starting WAV[2] (360246 bytes)
I (50773) rx_wavsim:   stage 1 (incremental):   49811 us  (184× FFT, 1043 freq bins)
[coarse_sync prof] n_freq=496 n_lag=27  allsum=294488 score=261588 dedupe+sort=64065  total=620141 us
[coarse_sync prof] n_freq=496 n_lag=27  allsum=289687 score=285408 dedupe+sort=53108  total=628203 us
I (51413) rx_wavsim:   stage 2 (sync):  644823 us  (30 cand)
I (51603) rx_wavsim:   pass 2:          178197 us  → top 15
I (52693) rx_wavsim:   stage 3:        1091555 us  (7 result(s))
I (52693) rx_wavsim:   ─── slot total: 1971714 us = 1.972 s
I (52693) rx_wavsim:   Phase-E PoC: stage1_inc 92 / 92 pairs done, 1005362 us total in advance (6% of capture)
I (52703) rx_wavsim:     [0]  2572 Hz  SNR=-11.7 dB  e=0  'W1FC F5BZB -8'
I (52713) rx_wavsim:     [1]  2156 Hz  SNR=-11.5 dB  e=0  'WM3PEN EA6VQ -9'
I (52713) rx_wavsim:     [2]   589 Hz  SNR=-16.6 dB  e=16  'K1JT HA0DU KN07'
I (52723) rx_wavsim:     [3]   724 Hz  SNR=-12.4 dB  e=6  'A92EE F5PSR -14'
I (52733) rx_wavsim:     [4]  1198 Hz  SNR=-11.1 dB  e=3  'CQ F5RXL IN94'
I (52733) rx_wavsim:     [5]  2733 Hz  SNR=-15.5 dB  e=15  'W1DIG SV9CVY -14'
I (52743) rx_wavsim:     [6]   466 Hz  SNR=-18.0 dB  e=18  'N1PJT HB9CQK -10'
I (52753) rx_wavsim::wav_sim: wav_sim: starting WAV[0] (360202 bytes)
I (67923) rx_wavsim:   stage 1 (incremental):   49815 us  (184× FFT, 1043 freq bins)
[coarse_sync prof] n_freq=496 n_lag=27  allsum=291010 score=278080 dedupe+sort=61758  total=630848 us
[coarse_sync prof] n_freq=496 n_lag=27  allsum=285724 score=313382 dedupe+sort=56513  total=655619 us
I (68593) rx_wavsim:   stage 2 (sync):  672375 us  (30 cand)
I (68773) rx_wavsim:   pass 2:          180128 us  → top 15
I (69683) rx_wavsim:   stage 3:         903559 us  (3 result(s))
I (69683) rx_wavsim:   ─── slot total: 1810933 us = 1.811 s
I (69683) rx_wavsim:   Phase-E PoC: stage1_inc 92 / 92 pairs done, 1000642 us total in advance (6% of capture)
I (69693) rx_wavsim:     [0]  1292 Hz  SNR= -7.7 dB  e=0  'CQ R7IW LN35'
I (69703) rx_wavsim:     [1]  2095 Hz  SNR=-10.5 dB  e=6  'CQ DX R6WA LN32'
I (69703) rx_wavsim:     [2]   683 Hz  SNR=-12.6 dB  e=7  'CQ TA6CQ KN70'
I (69713) rx_wavsim::wav_sim: wav_sim: starting WAV[1] (360202 bytes)
I (84893) rx_wavsim:   stage 1 (incremental):   49811 us  (184× FFT, 1043 freq bins)
[coarse_sync prof] n_freq=496 n_lag=27  allsum=294865 score=282652 dedupe+sort=61525  total=639042 us
[coarse_sync prof] n_freq=496 n_lag=27  allsum=289837 score=321487 dedupe+sort=56150  total=667474 us
I (85573) rx_wavsim:   stage 2 (sync):  684189 us  (30 cand)
I (85753) rx_wavsim:   pass 2:          175651 us  → top 15
I (86303) rx_wavsim:   stage 3:         547206 us  (5 result(s))
I (86303) rx_wavsim:   ─── slot total: 1461902 us = 1.462 s
I (86303) rx_wavsim:   Phase-E PoC: stage1_inc 92 / 92 pairs done, 1006248 us total in advance (6% of capture)
I (86313) rx_wavsim:     [0]   990 Hz  SNR=-17.9 dB  e=14  'OH3NIV ZS6S RR73'
I (86323) rx_wavsim:     [1]  1292 Hz  SNR=-10.4 dB  e=3  'CQ R7IW LN35'
I (86323) rx_wavsim:     [2]  2098 Hz  SNR=-14.0 dB  e=6  'CQ DX R6WA LN32'
I (86333) rx_wavsim:     [3]   683 Hz  SNR=-14.4 dB  e=1  'CQ TA6CQ KN70'
I (86343) rx_wavsim:     [4]  1031 Hz  SNR=-18.0 dB  e=16  'CQ LZ1JZ KN22'
I (86343) rx_wavsim::wav_sim: wav_sim: starting WAV[2] (360246 bytes)
I (101523) rx_wavsim:   stage 1 (incremental):   49815 us  (184× FFT, 1043 freq bins)
[coarse_sync prof] n_freq=496 n_lag=27  allsum=291810 score=257636 dedupe+sort=64126  total=613572 us
[coarse_sync prof] n_freq=496 n_lag=27  allsum=286512 score=282308 dedupe+sort=52897  total=621717 us
I (102163) rx_wavsim:   stage 2 (sync):  638354 us  (30 cand)
I (102343) rx_wavsim:   pass 2:          178053 us  → top 15
I (103433) rx_wavsim:   stage 3:        1091075 us  (7 result(s))
I (103433) rx_wavsim:   ─── slot total: 1964589 us = 1.965 s
I (103433) rx_wavsim:   Phase-E PoC: stage1_inc 92 / 92 pairs done, 1009444 us total in advance (6% of capture)
I (103443) rx_wavsim:     [0]  2572 Hz  SNR=-11.7 dB  e=0  'W1FC F5BZB -8'
I (103453) rx_wavsim:     [1]  2156 Hz  SNR=-11.5 dB  e=0  'WM3PEN EA6VQ -9'
I (103463) rx_wavsim:     [2]   589 Hz  SNR=-16.6 dB  e=16  'K1JT HA0DU KN07'
I (103463) rx_wavsim:     [3]   724 Hz  SNR=-12.4 dB  e=6  'A92EE F5PSR -14'
I (103473) rx_wavsim:     [4]  1198 Hz  SNR=-11.1 dB  e=3  'CQ F5RXL IN94'
I (103483) rx_wavsim:     [5]  2733 Hz  SNR=-15.5 dB  e=15  'W1DIG SV9CVY -14'
I (103483) rx_wavsim:     [6]   466 Hz  SNR=-18.0 dB  e=18  'N1PJT HB9CQK -10'
I (103493) rx_wavsim::wav_sim: wav_sim: starting WAV[0] (360202 bytes)
I (118673) rx_wavsim:   stage 1 (incremental):   49810 us  (184× FFT, 1043 freq bins)
[coarse_sync prof] n_freq=496 n_lag=27  allsum=294426 score=283416 dedupe+sort=61785  total=639627 us
[coarse_sync prof] n_freq=496 n_lag=27  allsum=289478 score=320411 dedupe+sort=56396  total=666285 us
I (119353) rx_wavsim:   stage 2 (sync):  683055 us  (30 cand)
I (119533) rx_wavsim:   pass 2:          180152 us  → top 15
I (120443) rx_wavsim:   stage 3:         903754 us  (3 result(s))
I (120443) rx_wavsim:   ─── slot total: 1821892 us = 1.822 s
I (120443) rx_wavsim:   Phase-E PoC: stage1_inc 92 / 92 pairs done, 1009121 us total in advance (6% of capture)
I (120453) rx_wavsim:     [0]  1292 Hz  SNR= -7.7 dB  e=0  'CQ R7IW LN35'
I (120463) rx_wavsim:     [1]  2095 Hz  SNR=-10.5 dB  e=6  'CQ DX R6WA LN32'
I (120463) rx_wavsim:     [2]   683 Hz  SNR=-12.6 dB  e=7  'CQ TA6CQ KN70'
I (120473) rx_wavsim::wav_sim: wav_sim: starting WAV[1] (360202 bytes)
